<?xml version="1.0" encoding="UTF-8"?>
<testsuite xmlns:xsi="http://www.w3.org/2001/XMLSchema-instance" xsi:noNamespaceSchemaLocation="https://maven.apache.org/surefire/maven-surefire-plugin/xsd/surefire-test-report-3.0.xsd" version="3.0" name="com.example.runner.testNGtestRunner" time="11.674" tests="1" errors="0" skipped="0" failures="0">
  <properties>
    <property name="java.specification.version" value="14"/>
    <property name="webdriver.chrome.driver" value="C:\Users\shann\.cache\selenium\chromedriver\win64\127.0.6533.72\chromedriver.exe"/>
    <property name="sun.cpu.isalist" value="amd64"/>
    <property name="sun.jnu.encoding" value="Cp1252"/>
    <property name="java.class.path" value="C:\Users\shann\IdeaProjects\testMVN\target\test-classes;C:\Users\shann\IdeaProjects\testMVN\target\classes;C:\Users\shann\.m2\repository\org\seleniumhq\selenium\selenium-java\4.22.0\selenium-java-4.22.0.jar;C:\Users\shann\.m2\repository\org\seleniumhq\selenium\selenium-api\4.22.0\selenium-api-4.22.0.jar;C:\Users\shann\.m2\repository\org\seleniumhq\selenium\selenium-chrome-driver\4.22.0\selenium-chrome-driver-4.22.0.jar;C:\Users\shann\.m2\repository\com\google\auto\service\auto-service-annotations\1.1.1\auto-service-annotations-1.1.1.jar;C:\Users\shann\.m2\repository\org\seleniumhq\selenium\selenium-chromium-driver\4.22.0\selenium-chromium-driver-4.22.0.jar;C:\Users\shann\.m2\repository\org\seleniumhq\selenium\selenium-json\4.22.0\selenium-json-4.22.0.jar;C:\Users\shann\.m2\repository\org\seleniumhq\selenium\selenium-manager\4.22.0\selenium-manager-4.22.0.jar;C:\Users\shann\.m2\repository\org\seleniumhq\selenium\selenium-devtools-v124\4.22.0\selenium-devtools-v124-4.22.0.jar;C:\Users\shann\.m2\repository\org\seleniumhq\selenium\selenium-devtools-v125\4.22.0\selenium-devtools-v125-4.22.0.jar;C:\Users\shann\.m2\repository\org\seleniumhq\selenium\selenium-devtools-v126\4.22.0\selenium-devtools-v126-4.22.0.jar;C:\Users\shann\.m2\repository\org\seleniumhq\selenium\selenium-devtools-v85\4.22.0\selenium-devtools-v85-4.22.0.jar;C:\Users\shann\.m2\repository\org\seleniumhq\selenium\selenium-edge-driver\4.22.0\selenium-edge-driver-4.22.0.jar;C:\Users\shann\.m2\repository\org\seleniumhq\selenium\selenium-firefox-driver\4.22.0\selenium-firefox-driver-4.22.0.jar;C:\Users\shann\.m2\repository\org\seleniumhq\selenium\selenium-http\4.22.0\selenium-http-4.22.0.jar;C:\Users\shann\.m2\repository\dev\failsafe\failsafe\3.3.2\failsafe-3.3.2.jar;C:\Users\shann\.m2\repository\org\seleniumhq\selenium\selenium-ie-driver\4.22.0\selenium-ie-driver-4.22.0.jar;C:\Users\shann\.m2\repository\org\seleniumhq\selenium\selenium-remote-driver\4.22.0\selenium-remote-driver-4.22.0.jar;C:\Users\shann\.m2\repository\com\google\guava\guava\33.2.1-jre\guava-33.2.1-jre.jar;C:\Users\shann\.m2\repository\com\google\guava\failureaccess\1.0.2\failureaccess-1.0.2.jar;C:\Users\shann\.m2\repository\com\google\guava\listenablefuture\9999.0-empty-to-avoid-conflict-with-guava\listenablefuture-9999.0-empty-to-avoid-conflict-with-guava.jar;C:\Users\shann\.m2\repository\com\google\code\findbugs\jsr305\3.0.2\jsr305-3.0.2.jar;C:\Users\shann\.m2\repository\org\checkerframework\checker-qual\3.42.0\checker-qual-3.42.0.jar;C:\Users\shann\.m2\repository\com\google\j2objc\j2objc-annotations\3.0.0\j2objc-annotations-3.0.0.jar;C:\Users\shann\.m2\repository\io\opentelemetry\semconv\opentelemetry-semconv\1.25.0-alpha\opentelemetry-semconv-1.25.0-alpha.jar;C:\Users\shann\.m2\repository\io\opentelemetry\opentelemetry-api\1.39.0\opentelemetry-api-1.39.0.jar;C:\Users\shann\.m2\repository\io\opentelemetry\opentelemetry-context\1.39.0\opentelemetry-context-1.39.0.jar;C:\Users\shann\.m2\repository\io\opentelemetry\opentelemetry-exporter-logging\1.39.0\opentelemetry-exporter-logging-1.39.0.jar;C:\Users\shann\.m2\repository\io\opentelemetry\opentelemetry-sdk-common\1.39.0\opentelemetry-sdk-common-1.39.0.jar;C:\Users\shann\.m2\repository\io\opentelemetry\opentelemetry-sdk-extension-autoconfigure-spi\1.39.0\opentelemetry-sdk-extension-autoconfigure-spi-1.39.0.jar;C:\Users\shann\.m2\repository\io\opentelemetry\opentelemetry-sdk-extension-autoconfigure\1.39.0\opentelemetry-sdk-extension-autoconfigure-1.39.0.jar;C:\Users\shann\.m2\repository\io\opentelemetry\opentelemetry-api-incubator\1.39.0-alpha\opentelemetry-api-incubator-1.39.0-alpha.jar;C:\Users\shann\.m2\repository\io\opentelemetry\opentelemetry-sdk-trace\1.39.0\opentelemetry-sdk-trace-1.39.0.jar;C:\Users\shann\.m2\repository\io\opentelemetry\opentelemetry-sdk\1.39.0\opentelemetry-sdk-1.39.0.jar;C:\Users\shann\.m2\repository\io\opentelemetry\opentelemetry-sdk-metrics\1.39.0\opentelemetry-sdk-metrics-1.39.0.jar;C:\Users\shann\.m2\repository\io\opentelemetry\opentelemetry-sdk-logs\1.39.0\opentelemetry-sdk-logs-1.39.0.jar;C:\Users\shann\.m2\repository\net\bytebuddy\byte-buddy\1.14.17\byte-buddy-1.14.17.jar;C:\Users\shann\.m2\repository\org\seleniumhq\selenium\selenium-os\4.22.0\selenium-os-4.22.0.jar;C:\Users\shann\.m2\repository\org\apache\commons\commons-exec\1.4.0\commons-exec-1.4.0.jar;C:\Users\shann\.m2\repository\org\seleniumhq\selenium\selenium-safari-driver\4.22.0\selenium-safari-driver-4.22.0.jar;C:\Users\shann\.m2\repository\org\seleniumhq\selenium\selenium-support\4.22.0\selenium-support-4.22.0.jar;C:\Users\shann\.m2\repository\org\testng\testng\7.10.2\testng-7.10.2.jar;C:\Users\shann\.m2\repository\org\slf4j\slf4j-api\1.7.36\slf4j-api-1.7.36.jar;C:\Users\shann\.m2\repository\com\beust\jcommander\1.82\jcommander-1.82.jar;C:\Users\shann\.m2\repository\org\webjars\jquery\3.7.1\jquery-3.7.1.jar;C:\Users\shann\.m2\repository\io\github\bonigarcia\webdrivermanager\5.9.1\webdrivermanager-5.9.1.jar;C:\Users\shann\.m2\repository\com\google\code\gson\gson\2.11.0\gson-2.11.0.jar;C:\Users\shann\.m2\repository\com\google\errorprone\error_prone_annotations\2.27.0\error_prone_annotations-2.27.0.jar;C:\Users\shann\.m2\repository\com\github\docker-java\docker-java\3.3.6\docker-java-3.3.6.jar;C:\Users\shann\.m2\repository\com\github\docker-java\docker-java-core\3.3.6\docker-java-core-3.3.6.jar;C:\Users\shann\.m2\repository\com\github\docker-java\docker-java-api\3.3.6\docker-java-api-3.3.6.jar;C:\Users\shann\.m2\repository\org\slf4j\jcl-over-slf4j\1.7.30\jcl-over-slf4j-1.7.30.jar;C:\Users\shann\.m2\repository\com\github\docker-java\docker-java-transport-httpclient5\3.3.6\docker-java-transport-httpclient5-3.3.6.jar;C:\Users\shann\.m2\repository\com\github\docker-java\docker-java-transport\3.3.6\docker-java-transport-3.3.6.jar;C:\Users\shann\.m2\repository\net\java\dev\jna\jna\5.13.0\jna-5.13.0.jar;C:\Users\shann\.m2\repository\org\brotli\dec\0.1.2\dec-0.1.2.jar;C:\Users\shann\.m2\repository\org\apache\commons\commons-lang3\3.14.0\commons-lang3-3.14.0.jar;C:\Users\shann\.m2\repository\org\apache\commons\commons-compress\1.26.2\commons-compress-1.26.2.jar;C:\Users\shann\.m2\repository\commons-codec\commons-codec\1.17.0\commons-codec-1.17.0.jar;C:\Users\shann\.m2\repository\commons-io\commons-io\2.16.1\commons-io-2.16.1.jar;C:\Users\shann\.m2\repository\org\apache\httpcomponents\client5\httpclient5\5.2.1\httpclient5-5.2.1.jar;C:\Users\shann\.m2\repository\org\apache\httpcomponents\core5\httpcore5\5.2\httpcore5-5.2.jar;C:\Users\shann\.m2\repository\org\apache\httpcomponents\core5\httpcore5-h2\5.2\httpcore5-h2-5.2.jar;C:\Users\shann\.m2\repository\io\cucumber\cucumber-java\7.18.0\cucumber-java-7.18.0.jar;C:\Users\shann\.m2\repository\io\cucumber\cucumber-core\7.18.0\cucumber-core-7.18.0.jar;C:\Users\shann\.m2\repository\io\cucumber\cucumber-gherkin\7.18.0\cucumber-gherkin-7.18.0.jar;C:\Users\shann\.m2\repository\io\cucumber\cucumber-gherkin-messages\7.18.0\cucumber-gherkin-messages-7.18.0.jar;C:\Users\shann\.m2\repository\io\cucumber\gherkin\28.0.0\gherkin-28.0.0.jar;C:\Users\shann\.m2\repository\io\cucumber\messages\24.1.0\messages-24.1.0.jar;C:\Users\shann\.m2\repository\io\cucumber\testng-xml-formatter\0.1.0\testng-xml-formatter-0.1.0.jar;C:\Users\shann\.m2\repository\io\cucumber\query\12.2.0\query-12.2.0.jar;C:\Users\shann\.m2\repository\io\cucumber\tag-expressions\6.1.0\tag-expressions-6.1.0.jar;C:\Users\shann\.m2\repository\io\cucumber\cucumber-expressions\17.1.0\cucumber-expressions-17.1.0.jar;C:\Users\shann\.m2\repository\io\cucumber\datatable\7.18.0\datatable-7.18.0.jar;C:\Users\shann\.m2\repository\io\cucumber\cucumber-plugin\7.18.0\cucumber-plugin-7.18.0.jar;C:\Users\shann\.m2\repository\io\cucumber\docstring\7.18.0\docstring-7.18.0.jar;C:\Users\shann\.m2\repository\io\cucumber\html-formatter\21.3.1\html-formatter-21.3.1.jar;C:\Users\shann\.m2\repository\io\cucumber\junit-xml-formatter\0.4.0\junit-xml-formatter-0.4.0.jar;C:\Users\shann\.m2\repository\io\cucumber\ci-environment\10.0.1\ci-environment-10.0.1.jar;C:\Users\shann\.m2\repository\org\apiguardian\apiguardian-api\1.1.2\apiguardian-api-1.1.2.jar;C:\Users\shann\.m2\repository\io\cucumber\cucumber-testng\7.18.0\cucumber-testng-7.18.0.jar;C:\Users\shann\.m2\repository\org\apache\logging\log4j\log4j-core\2.17.1\log4j-core-2.17.1.jar;C:\Users\shann\.m2\repository\org\apache\logging\log4j\log4j-api\2.17.1\log4j-api-2.17.1.jar;C:\Users\shann\.m2\repository\org\apache\logging\log4j\log4j-slf4j-impl\2.17.1\log4j-slf4j-impl-2.17.1.jar;C:\Users\shann\.m2\repository\javax\xml\bind\jaxb-api\2.3.1\jaxb-api-2.3.1.jar;C:\Users\shann\.m2\repository\org\glassfish\jaxb\jaxb-runtime\2.3.1\jaxb-runtime-2.3.1.jar;C:\Users\shann\.m2\repository\org\glassfish\jaxb\txw2\2.3.1\txw2-2.3.1.jar;C:\Users\shann\.m2\repository\com\sun\istack\istack-commons-runtime\3.0.7\istack-commons-runtime-3.0.7.jar;C:\Users\shann\.m2\repository\org\jvnet\staxex\stax-ex\1.8\stax-ex-1.8.jar;C:\Users\shann\.m2\repository\com\sun\xml\fastinfoset\FastInfoset\1.2.15\FastInfoset-1.2.15.jar;C:\Users\shann\.m2\repository\javax\activation\javax.activation-api\1.2.0\javax.activation-api-1.2.0.jar;C:\Users\shann\.m2\repository\tech\grasshopper\extentreports-cucumber7-adapter\1.14.0\extentreports-cucumber7-adapter-1.14.0.jar;C:\Users\shann\.m2\repository\tech\grasshopper\extent-pdf-report\2.12.0\extent-pdf-report-2.12.0.jar;C:\Users\shann\.m2\repository\tech\grasshopper\cucumber-pdf-report\2.14.0\cucumber-pdf-report-2.14.0.jar;C:\Users\shann\.m2\repository\org\apache\pdfbox\pdfbox\2.0.26\pdfbox-2.0.26.jar;C:\Users\shann\.m2\repository\org\apache\pdfbox\fontbox\2.0.26\fontbox-2.0.26.jar;C:\Users\shann\.m2\repository\org\knowm\xchart\xchart\3.8.0\xchart-3.8.0.jar;C:\Users\shann\.m2\repository\de\erichseifert\vectorgraphics2d\VectorGraphics2D\0.13\VectorGraphics2D-0.13.jar;C:\Users\shann\.m2\repository\de\rototor\pdfbox\graphics2d\0.30\graphics2d-0.30.jar;C:\Users\shann\.m2\repository\com\madgag\animated-gif-lib\1.4\animated-gif-lib-1.4.jar;C:\Users\shann\.m2\repository\org\yaml\snakeyaml\2.0\snakeyaml-2.0.jar;C:\Users\shann\.m2\repository\tech\grasshopper\table-layout\1.5.1\table-layout-1.5.1.jar;C:\Users\shann\.m2\repository\tech\grasshopper\rest-assured-cucumber-pdf-report\1.5.0\rest-assured-cucumber-pdf-report-1.5.0.jar;C:\Users\shann\.m2\repository\org\jsoup\jsoup\1.15.3\jsoup-1.15.3.jar;C:\Users\shann\.m2\repository\com\aventstack\klov-reporter\5.1.0\klov-reporter-5.1.0.jar;C:\Users\shann\.m2\repository\org\mongodb\mongodb-driver\3.6.4\mongodb-driver-3.6.4.jar;C:\Users\shann\.m2\repository\org\mongodb\mongodb-driver-core\3.6.4\mongodb-driver-core-3.6.4.jar;C:\Users\shann\.m2\repository\org\mongodb\bson\3.6.4\bson-3.6.4.jar;C:\Users\shann\.m2\repository\org\apache\httpcomponents\httpclient\4.5.13\httpclient-4.5.13.jar;C:\Users\shann\.m2\repository\org\apache\httpcomponents\httpcore\4.4.13\httpcore-4.4.13.jar;C:\Users\shann\.m2\repository\commons-logging\commons-logging\1.2\commons-logging-1.2.jar;C:\Users\shann\.m2\repository\org\apache\httpcomponents\httpmime\4.5.13\httpmime-4.5.13.jar;C:\Users\shann\.m2\repository\tech\grasshopper\htmlextentreporter\1.1.0\htmlextentreporter-1.1.0.jar;C:\Users\shann\.m2\repository\tech\grasshopper\extent-excel-report\1.4.0\extent-excel-report-1.4.0.jar;C:\Users\shann\.m2\repository\org\apache\poi\poi\5.2.3\poi-5.2.3.jar;C:\Users\shann\.m2\repository\org\apache\commons\commons-collections4\4.4\commons-collections4-4.4.jar;C:\Users\shann\.m2\repository\org\apache\commons\commons-math3\3.6.1\commons-math3-3.6.1.jar;C:\Users\shann\.m2\repository\com\zaxxer\SparseBitSet\1.2\SparseBitSet-1.2.jar;C:\Users\shann\.m2\repository\org\apache\poi\poi-ooxml\5.2.3\poi-ooxml-5.2.3.jar;C:\Users\shann\.m2\repository\org\apache\poi\poi-ooxml-lite\5.2.3\poi-ooxml-lite-5.2.3.jar;C:\Users\shann\.m2\repository\org\apache\xmlbeans\xmlbeans\5.1.1\xmlbeans-5.1.1.jar;C:\Users\shann\.m2\repository\com\github\virtuald\curvesapi\1.07\curvesapi-1.07.jar;C:\Users\shann\.m2\repository\com\aventstack\extentreports\5.0.9\extentreports-5.0.9.jar;C:\Users\shann\.m2\repository\io\reactivex\rxjava3\rxjava\3.0.4\rxjava-3.0.4.jar;C:\Users\shann\.m2\repository\org\reactivestreams\reactive-streams\1.0.3\reactive-streams-1.0.3.jar;C:\Users\shann\.m2\repository\org\freemarker\freemarker\2.3.30\freemarker-2.3.30.jar;C:\Users\shann\.m2\repository\org\projectlombok\lombok\1.18.12\lombok-1.18.12.jar;C:\Users\shann\.m2\repository\com\mysql\mysql-connector-j\9.0.0\mysql-connector-j-9.0.0.jar;C:\Users\shann\.m2\repository\com\google\protobuf\protobuf-java\4.26.1\protobuf-java-4.26.1.jar;C:\Users\shann\.m2\repository\com\fasterxml\jackson\core\jackson-annotations\2.17.2\jackson-annotations-2.17.2.jar;C:\Users\shann\.m2\repository\com\fasterxml\jackson\core\jackson-core\2.17.2\jackson-core-2.17.2.jar;C:\Users\shann\.m2\repository\com\fasterxml\jackson\core\jackson-databind\2.17.2\jackson-databind-2.17.2.jar;"/>
    <property name="java.vm.vendor" value="Oracle Corporation"/>
    <property name="sun.arch.data.model" value="64"/>
    <property name="user.variant" value=""/>
    <property name="java.vendor.url" value="https://java.oracle.com/"/>
    <property name="user.timezone" value="Asia/Calcutta"/>
    <property name="os.name" value="Windows 10"/>
    <property name="java.vm.specification.version" value="14"/>
    <property name="sun.java.launcher" value="SUN_STANDARD"/>
    <property name="user.country" value="IN"/>
    <property name="sun.boot.library.path" value="C:\Program Files\Java\jdk-14.0.2\bin"/>
    <property name="sun.java.command" value="C:\Users\shann\AppData\Local\Temp\surefire15190237194842124931\surefirebooter18004104670810267741.jar C:\Users\shann\AppData\Local\Temp\surefire15190237194842124931 2024-07-29T11-03-27_898-jvmRun1 surefire10134946161583691144tmp surefire_01269567302438396494tmp"/>
    <property name="jdk.debug" value="release"/>
    <property name="surefire.test.class.path" value="C:\Users\shann\IdeaProjects\testMVN\target\test-classes;C:\Users\shann\IdeaProjects\testMVN\target\classes;C:\Users\shann\.m2\repository\org\seleniumhq\selenium\selenium-java\4.22.0\selenium-java-4.22.0.jar;C:\Users\shann\.m2\repository\org\seleniumhq\selenium\selenium-api\4.22.0\selenium-api-4.22.0.jar;C:\Users\shann\.m2\repository\org\seleniumhq\selenium\selenium-chrome-driver\4.22.0\selenium-chrome-driver-4.22.0.jar;C:\Users\shann\.m2\repository\com\google\auto\service\auto-service-annotations\1.1.1\auto-service-annotations-1.1.1.jar;C:\Users\shann\.m2\repository\org\seleniumhq\selenium\selenium-chromium-driver\4.22.0\selenium-chromium-driver-4.22.0.jar;C:\Users\shann\.m2\repository\org\seleniumhq\selenium\selenium-json\4.22.0\selenium-json-4.22.0.jar;C:\Users\shann\.m2\repository\org\seleniumhq\selenium\selenium-manager\4.22.0\selenium-manager-4.22.0.jar;C:\Users\shann\.m2\repository\org\seleniumhq\selenium\selenium-devtools-v124\4.22.0\selenium-devtools-v124-4.22.0.jar;C:\Users\shann\.m2\repository\org\seleniumhq\selenium\selenium-devtools-v125\4.22.0\selenium-devtools-v125-4.22.0.jar;C:\Users\shann\.m2\repository\org\seleniumhq\selenium\selenium-devtools-v126\4.22.0\selenium-devtools-v126-4.22.0.jar;C:\Users\shann\.m2\repository\org\seleniumhq\selenium\selenium-devtools-v85\4.22.0\selenium-devtools-v85-4.22.0.jar;C:\Users\shann\.m2\repository\org\seleniumhq\selenium\selenium-edge-driver\4.22.0\selenium-edge-driver-4.22.0.jar;C:\Users\shann\.m2\repository\org\seleniumhq\selenium\selenium-firefox-driver\4.22.0\selenium-firefox-driver-4.22.0.jar;C:\Users\shann\.m2\repository\org\seleniumhq\selenium\selenium-http\4.22.0\selenium-http-4.22.0.jar;C:\Users\shann\.m2\repository\dev\failsafe\failsafe\3.3.2\failsafe-3.3.2.jar;C:\Users\shann\.m2\repository\org\seleniumhq\selenium\selenium-ie-driver\4.22.0\selenium-ie-driver-4.22.0.jar;C:\Users\shann\.m2\repository\org\seleniumhq\selenium\selenium-remote-driver\4.22.0\selenium-remote-driver-4.22.0.jar;C:\Users\shann\.m2\repository\com\google\guava\guava\33.2.1-jre\guava-33.2.1-jre.jar;C:\Users\shann\.m2\repository\com\google\guava\failureaccess\1.0.2\failureaccess-1.0.2.jar;C:\Users\shann\.m2\repository\com\google\guava\listenablefuture\9999.0-empty-to-avoid-conflict-with-guava\listenablefuture-9999.0-empty-to-avoid-conflict-with-guava.jar;C:\Users\shann\.m2\repository\com\google\code\findbugs\jsr305\3.0.2\jsr305-3.0.2.jar;C:\Users\shann\.m2\repository\org\checkerframework\checker-qual\3.42.0\checker-qual-3.42.0.jar;C:\Users\shann\.m2\repository\com\google\j2objc\j2objc-annotations\3.0.0\j2objc-annotations-3.0.0.jar;C:\Users\shann\.m2\repository\io\opentelemetry\semconv\opentelemetry-semconv\1.25.0-alpha\opentelemetry-semconv-1.25.0-alpha.jar;C:\Users\shann\.m2\repository\io\opentelemetry\opentelemetry-api\1.39.0\opentelemetry-api-1.39.0.jar;C:\Users\shann\.m2\repository\io\opentelemetry\opentelemetry-context\1.39.0\opentelemetry-context-1.39.0.jar;C:\Users\shann\.m2\repository\io\opentelemetry\opentelemetry-exporter-logging\1.39.0\opentelemetry-exporter-logging-1.39.0.jar;C:\Users\shann\.m2\repository\io\opentelemetry\opentelemetry-sdk-common\1.39.0\opentelemetry-sdk-common-1.39.0.jar;C:\Users\shann\.m2\repository\io\opentelemetry\opentelemetry-sdk-extension-autoconfigure-spi\1.39.0\opentelemetry-sdk-extension-autoconfigure-spi-1.39.0.jar;C:\Users\shann\.m2\repository\io\opentelemetry\opentelemetry-sdk-extension-autoconfigure\1.39.0\opentelemetry-sdk-extension-autoconfigure-1.39.0.jar;C:\Users\shann\.m2\repository\io\opentelemetry\opentelemetry-api-incubator\1.39.0-alpha\opentelemetry-api-incubator-1.39.0-alpha.jar;C:\Users\shann\.m2\repository\io\opentelemetry\opentelemetry-sdk-trace\1.39.0\opentelemetry-sdk-trace-1.39.0.jar;C:\Users\shann\.m2\repository\io\opentelemetry\opentelemetry-sdk\1.39.0\opentelemetry-sdk-1.39.0.jar;C:\Users\shann\.m2\repository\io\opentelemetry\opentelemetry-sdk-metrics\1.39.0\opentelemetry-sdk-metrics-1.39.0.jar;C:\Users\shann\.m2\repository\io\opentelemetry\opentelemetry-sdk-logs\1.39.0\opentelemetry-sdk-logs-1.39.0.jar;C:\Users\shann\.m2\repository\net\bytebuddy\byte-buddy\1.14.17\byte-buddy-1.14.17.jar;C:\Users\shann\.m2\repository\org\seleniumhq\selenium\selenium-os\4.22.0\selenium-os-4.22.0.jar;C:\Users\shann\.m2\repository\org\apache\commons\commons-exec\1.4.0\commons-exec-1.4.0.jar;C:\Users\shann\.m2\repository\org\seleniumhq\selenium\selenium-safari-driver\4.22.0\selenium-safari-driver-4.22.0.jar;C:\Users\shann\.m2\repository\org\seleniumhq\selenium\selenium-support\4.22.0\selenium-support-4.22.0.jar;C:\Users\shann\.m2\repository\org\testng\testng\7.10.2\testng-7.10.2.jar;C:\Users\shann\.m2\repository\org\slf4j\slf4j-api\1.7.36\slf4j-api-1.7.36.jar;C:\Users\shann\.m2\repository\com\beust\jcommander\1.82\jcommander-1.82.jar;C:\Users\shann\.m2\repository\org\webjars\jquery\3.7.1\jquery-3.7.1.jar;C:\Users\shann\.m2\repository\io\github\bonigarcia\webdrivermanager\5.9.1\webdrivermanager-5.9.1.jar;C:\Users\shann\.m2\repository\com\google\code\gson\gson\2.11.0\gson-2.11.0.jar;C:\Users\shann\.m2\repository\com\google\errorprone\error_prone_annotations\2.27.0\error_prone_annotations-2.27.0.jar;C:\Users\shann\.m2\repository\com\github\docker-java\docker-java\3.3.6\docker-java-3.3.6.jar;C:\Users\shann\.m2\repository\com\github\docker-java\docker-java-core\3.3.6\docker-java-core-3.3.6.jar;C:\Users\shann\.m2\repository\com\github\docker-java\docker-java-api\3.3.6\docker-java-api-3.3.6.jar;C:\Users\shann\.m2\repository\org\slf4j\jcl-over-slf4j\1.7.30\jcl-over-slf4j-1.7.30.jar;C:\Users\shann\.m2\repository\com\github\docker-java\docker-java-transport-httpclient5\3.3.6\docker-java-transport-httpclient5-3.3.6.jar;C:\Users\shann\.m2\repository\com\github\docker-java\docker-java-transport\3.3.6\docker-java-transport-3.3.6.jar;C:\Users\shann\.m2\repository\net\java\dev\jna\jna\5.13.0\jna-5.13.0.jar;C:\Users\shann\.m2\repository\org\brotli\dec\0.1.2\dec-0.1.2.jar;C:\Users\shann\.m2\repository\org\apache\commons\commons-lang3\3.14.0\commons-lang3-3.14.0.jar;C:\Users\shann\.m2\repository\org\apache\commons\commons-compress\1.26.2\commons-compress-1.26.2.jar;C:\Users\shann\.m2\repository\commons-codec\commons-codec\1.17.0\commons-codec-1.17.0.jar;C:\Users\shann\.m2\repository\commons-io\commons-io\2.16.1\commons-io-2.16.1.jar;C:\Users\shann\.m2\repository\org\apache\httpcomponents\client5\httpclient5\5.2.1\httpclient5-5.2.1.jar;C:\Users\shann\.m2\repository\org\apache\httpcomponents\core5\httpcore5\5.2\httpcore5-5.2.jar;C:\Users\shann\.m2\repository\org\apache\httpcomponents\core5\httpcore5-h2\5.2\httpcore5-h2-5.2.jar;C:\Users\shann\.m2\repository\io\cucumber\cucumber-java\7.18.0\cucumber-java-7.18.0.jar;C:\Users\shann\.m2\repository\io\cucumber\cucumber-core\7.18.0\cucumber-core-7.18.0.jar;C:\Users\shann\.m2\repository\io\cucumber\cucumber-gherkin\7.18.0\cucumber-gherkin-7.18.0.jar;C:\Users\shann\.m2\repository\io\cucumber\cucumber-gherkin-messages\7.18.0\cucumber-gherkin-messages-7.18.0.jar;C:\Users\shann\.m2\repository\io\cucumber\gherkin\28.0.0\gherkin-28.0.0.jar;C:\Users\shann\.m2\repository\io\cucumber\messages\24.1.0\messages-24.1.0.jar;C:\Users\shann\.m2\repository\io\cucumber\testng-xml-formatter\0.1.0\testng-xml-formatter-0.1.0.jar;C:\Users\shann\.m2\repository\io\cucumber\query\12.2.0\query-12.2.0.jar;C:\Users\shann\.m2\repository\io\cucumber\tag-expressions\6.1.0\tag-expressions-6.1.0.jar;C:\Users\shann\.m2\repository\io\cucumber\cucumber-expressions\17.1.0\cucumber-expressions-17.1.0.jar;C:\Users\shann\.m2\repository\io\cucumber\datatable\7.18.0\datatable-7.18.0.jar;C:\Users\shann\.m2\repository\io\cucumber\cucumber-plugin\7.18.0\cucumber-plugin-7.18.0.jar;C:\Users\shann\.m2\repository\io\cucumber\docstring\7.18.0\docstring-7.18.0.jar;C:\Users\shann\.m2\repository\io\cucumber\html-formatter\21.3.1\html-formatter-21.3.1.jar;C:\Users\shann\.m2\repository\io\cucumber\junit-xml-formatter\0.4.0\junit-xml-formatter-0.4.0.jar;C:\Users\shann\.m2\repository\io\cucumber\ci-environment\10.0.1\ci-environment-10.0.1.jar;C:\Users\shann\.m2\repository\org\apiguardian\apiguardian-api\1.1.2\apiguardian-api-1.1.2.jar;C:\Users\shann\.m2\repository\io\cucumber\cucumber-testng\7.18.0\cucumber-testng-7.18.0.jar;C:\Users\shann\.m2\repository\org\apache\logging\log4j\log4j-core\2.17.1\log4j-core-2.17.1.jar;C:\Users\shann\.m2\repository\org\apache\logging\log4j\log4j-api\2.17.1\log4j-api-2.17.1.jar;C:\Users\shann\.m2\repository\org\apache\logging\log4j\log4j-slf4j-impl\2.17.1\log4j-slf4j-impl-2.17.1.jar;C:\Users\shann\.m2\repository\javax\xml\bind\jaxb-api\2.3.1\jaxb-api-2.3.1.jar;C:\Users\shann\.m2\repository\org\glassfish\jaxb\jaxb-runtime\2.3.1\jaxb-runtime-2.3.1.jar;C:\Users\shann\.m2\repository\org\glassfish\jaxb\txw2\2.3.1\txw2-2.3.1.jar;C:\Users\shann\.m2\repository\com\sun\istack\istack-commons-runtime\3.0.7\istack-commons-runtime-3.0.7.jar;C:\Users\shann\.m2\repository\org\jvnet\staxex\stax-ex\1.8\stax-ex-1.8.jar;C:\Users\shann\.m2\repository\com\sun\xml\fastinfoset\FastInfoset\1.2.15\FastInfoset-1.2.15.jar;C:\Users\shann\.m2\repository\javax\activation\javax.activation-api\1.2.0\javax.activation-api-1.2.0.jar;C:\Users\shann\.m2\repository\tech\grasshopper\extentreports-cucumber7-adapter\1.14.0\extentreports-cucumber7-adapter-1.14.0.jar;C:\Users\shann\.m2\repository\tech\grasshopper\extent-pdf-report\2.12.0\extent-pdf-report-2.12.0.jar;C:\Users\shann\.m2\repository\tech\grasshopper\cucumber-pdf-report\2.14.0\cucumber-pdf-report-2.14.0.jar;C:\Users\shann\.m2\repository\org\apache\pdfbox\pdfbox\2.0.26\pdfbox-2.0.26.jar;C:\Users\shann\.m2\repository\org\apache\pdfbox\fontbox\2.0.26\fontbox-2.0.26.jar;C:\Users\shann\.m2\repository\org\knowm\xchart\xchart\3.8.0\xchart-3.8.0.jar;C:\Users\shann\.m2\repository\de\erichseifert\vectorgraphics2d\VectorGraphics2D\0.13\VectorGraphics2D-0.13.jar;C:\Users\shann\.m2\repository\de\rototor\pdfbox\graphics2d\0.30\graphics2d-0.30.jar;C:\Users\shann\.m2\repository\com\madgag\animated-gif-lib\1.4\animated-gif-lib-1.4.jar;C:\Users\shann\.m2\repository\org\yaml\snakeyaml\2.0\snakeyaml-2.0.jar;C:\Users\shann\.m2\repository\tech\grasshopper\table-layout\1.5.1\table-layout-1.5.1.jar;C:\Users\shann\.m2\repository\tech\grasshopper\rest-assured-cucumber-pdf-report\1.5.0\rest-assured-cucumber-pdf-report-1.5.0.jar;C:\Users\shann\.m2\repository\org\jsoup\jsoup\1.15.3\jsoup-1.15.3.jar;C:\Users\shann\.m2\repository\com\aventstack\klov-reporter\5.1.0\klov-reporter-5.1.0.jar;C:\Users\shann\.m2\repository\org\mongodb\mongodb-driver\3.6.4\mongodb-driver-3.6.4.jar;C:\Users\shann\.m2\repository\org\mongodb\mongodb-driver-core\3.6.4\mongodb-driver-core-3.6.4.jar;C:\Users\shann\.m2\repository\org\mongodb\bson\3.6.4\bson-3.6.4.jar;C:\Users\shann\.m2\repository\org\apache\httpcomponents\httpclient\4.5.13\httpclient-4.5.13.jar;C:\Users\shann\.m2\repository\org\apache\httpcomponents\httpcore\4.4.13\httpcore-4.4.13.jar;C:\Users\shann\.m2\repository\commons-logging\commons-logging\1.2\commons-logging-1.2.jar;C:\Users\shann\.m2\repository\org\apache\httpcomponents\httpmime\4.5.13\httpmime-4.5.13.jar;C:\Users\shann\.m2\repository\tech\grasshopper\htmlextentreporter\1.1.0\htmlextentreporter-1.1.0.jar;C:\Users\shann\.m2\repository\tech\grasshopper\extent-excel-report\1.4.0\extent-excel-report-1.4.0.jar;C:\Users\shann\.m2\repository\org\apache\poi\poi\5.2.3\poi-5.2.3.jar;C:\Users\shann\.m2\repository\org\apache\commons\commons-collections4\4.4\commons-collections4-4.4.jar;C:\Users\shann\.m2\repository\org\apache\commons\commons-math3\3.6.1\commons-math3-3.6.1.jar;C:\Users\shann\.m2\repository\com\zaxxer\SparseBitSet\1.2\SparseBitSet-1.2.jar;C:\Users\shann\.m2\repository\org\apache\poi\poi-ooxml\5.2.3\poi-ooxml-5.2.3.jar;C:\Users\shann\.m2\repository\org\apache\poi\poi-ooxml-lite\5.2.3\poi-ooxml-lite-5.2.3.jar;C:\Users\shann\.m2\repository\org\apache\xmlbeans\xmlbeans\5.1.1\xmlbeans-5.1.1.jar;C:\Users\shann\.m2\repository\com\github\virtuald\curvesapi\1.07\curvesapi-1.07.jar;C:\Users\shann\.m2\repository\com\aventstack\extentreports\5.0.9\extentreports-5.0.9.jar;C:\Users\shann\.m2\repository\io\reactivex\rxjava3\rxjava\3.0.4\rxjava-3.0.4.jar;C:\Users\shann\.m2\repository\org\reactivestreams\reactive-streams\1.0.3\reactive-streams-1.0.3.jar;C:\Users\shann\.m2\repository\org\freemarker\freemarker\2.3.30\freemarker-2.3.30.jar;C:\Users\shann\.m2\repository\org\projectlombok\lombok\1.18.12\lombok-1.18.12.jar;C:\Users\shann\.m2\repository\com\mysql\mysql-connector-j\9.0.0\mysql-connector-j-9.0.0.jar;C:\Users\shann\.m2\repository\com\google\protobuf\protobuf-java\4.26.1\protobuf-java-4.26.1.jar;C:\Users\shann\.m2\repository\com\fasterxml\jackson\core\jackson-annotations\2.17.2\jackson-annotations-2.17.2.jar;C:\Users\shann\.m2\repository\com\fasterxml\jackson\core\jackson-core\2.17.2\jackson-core-2.17.2.jar;C:\Users\shann\.m2\repository\com\fasterxml\jackson\core\jackson-databind\2.17.2\jackson-databind-2.17.2.jar;"/>
    <property name="sun.cpu.endian" value="little"/>
    <property name="user.home" value="C:\Users\shann"/>
    <property name="user.language" value="en"/>
    <property name="java.specification.vendor" value="Oracle Corporation"/>
    <property name="java.version.date" value="2020-07-14"/>
    <property name="java.home" value="C:\Program Files\Java\jdk-14.0.2"/>
    <property name="file.separator" value="\"/>
    <property name="basedir" value="C:\Users\shann\IdeaProjects\testMVN"/>
    <property name="java.vm.compressedOopsMode" value="Zero based"/>
    <property name="line.separator" value="&#10;"/>
    <property name="java.vm.specification.vendor" value="Oracle Corporation"/>
    <property name="java.specification.name" value="Java Platform API Specification"/>
    <property name="surefire.real.class.path" value="C:\Users\shann\AppData\Local\Temp\surefire15190237194842124931\surefirebooter18004104670810267741.jar"/>
    <property name="user.script" value=""/>
    <property name="sun.management.compiler" value="HotSpot 64-Bit Tiered Compilers"/>
    <property name="enviroment" value="SIT"/>
    <property name="java.runtime.version" value="14.0.2+12-46"/>
    <property name="user.name" value="shann"/>
    <property name="path.separator" value=";"/>
    <property name="os.version" value="10.0"/>
    <property name="java.runtime.name" value="Java(TM) SE Runtime Environment"/>
    <property name="file.encoding" value="Cp1252"/>
    <property name="java.vm.name" value="Java HotSpot(TM) 64-Bit Server VM"/>
    <property name="localRepository" value="C:\Users\shann\.m2\repository"/>
    <property name="java.vendor.url.bug" value="https://bugreport.java.com/bugreport/"/>
    <property name="java.io.tmpdir" value="C:\Users\shann\AppData\Local\Temp\"/>
    <property name="java.version" value="14.0.2"/>
    <property name="user.dir" value="C:\Users\shann\IdeaProjects\testMVN"/>
    <property name="os.arch" value="amd64"/>
    <property name="java.vm.specification.name" value="Java Virtual Machine Specification"/>
    <property name="sun.os.patch.level" value=""/>
    <property name="java.library.path" value="C:\Program Files\Java\jdk-14.0.2\bin;C:\WINDOWS\Sun\Java\bin;C:\WINDOWS\system32;C:\WINDOWS;C:\Program Files\Maven\apache-maven-3.8.5\bin;C:\strawberry\c\bin;C:\strawberry\perl\bin;C:\WINDOWS\system32;C:\WINDOWS;C:\WINDOWS\System32\Wbem;C:\WINDOWS\System32\WindowsPowerShell\v1.0\;C:\WINDOWS\System32\OpenSSH\;C:\Program Files\Git\cmd;C:\Program Files\Docker\Docker\resources\bin;C:\Program Files\MySQL\MySQL Shell 8.0\bin\;C:\Users\shann\AppData\Local\Microsoft\WindowsApps;C:\Program Files\Java\jdk-14.0.2\bin;;."/>
    <property name="java.vm.info" value="mixed mode, sharing"/>
    <property name="java.vendor" value="Oracle Corporation"/>
    <property name="java.vm.version" value="14.0.2+12-46"/>
    <property name="sun.io.unicode.encoding" value="UnicodeLittle"/>
    <property name="java.class.version" value="58.0"/>
  </properties>
  <testcase name="runScenario[&quot;Testcase 1&quot;, &quot;To test my DBB framework&quot;](1)" classname="com.example.runner.testNGtestRunner" time="8.338">
    <system-out><![CDATA[
@MvnFirstFeature @TC_1
Scenario Outline: Testcase 1                                        # src/test/featureFileDirectory/webApp.feature:12
2024-07-29 11:03:31 INFO  Reusables:22 - openBrowser method called
2024-07-29 11:03:31 DEBUG WebDriverManager:227 - Using WebDriverManager 5.9.1
2024-07-29 11:03:32 DEBUG ResolutionCache:156 - Removing resolution chrome=127 from cache (expired on 2024-07-27T11:09:26.000+0530)
2024-07-29 11:03:32 DEBUG InternalHttpClient:164 - ex-0000000001 preparing request execution
2024-07-29 11:03:32 DEBUG ProtocolExec:181 - ex-0000000001 target auth state: UNCHALLENGED
2024-07-29 11:03:32 DEBUG ProtocolExec:187 - ex-0000000001 proxy auth state: UNCHALLENGED
2024-07-29 11:03:32 DEBUG ConnectExec:123 - ex-0000000001 acquiring connection with route {s}->https://raw.githubusercontent.com:443
2024-07-29 11:03:32 DEBUG InternalHttpClient:101 - ex-0000000001 acquiring endpoint (3 MINUTES)
2024-07-29 11:03:32 DEBUG PoolingHttpClientConnectionManager:296 - ex-0000000001 endpoint lease request (3 MINUTES) [route: {s}->https://raw.githubusercontent.com:443][total available: 0; route allocated: 0 of 5; total allocated: 0 of 25]
2024-07-29 11:03:32 DEBUG PoolingHttpClientConnectionManager:318 - ex-0000000001 endpoint leased [route: {s}->https://raw.githubusercontent.com:443][total available: 0; route allocated: 1 of 5; total allocated: 1 of 25]
2024-07-29 11:03:32 DEBUG PoolingHttpClientConnectionManager:360 - ex-0000000001 acquired ep-0000000001
2024-07-29 11:03:32 DEBUG InternalHttpClient:116 - ex-0000000001 acquired endpoint ep-0000000001
2024-07-29 11:03:32 DEBUG ConnectExec:130 - ex-0000000001 opening connection {s}->https://raw.githubusercontent.com:443
2024-07-29 11:03:32 DEBUG InternalHttpClient:160 - ep-0000000001 connecting endpoint (null)
2024-07-29 11:03:32 DEBUG PoolingHttpClientConnectionManager:444 - ep-0000000001 connecting endpoint to https://raw.githubusercontent.com:443 (30 SECONDS)
2024-07-29 11:03:32 DEBUG DefaultHttpClientConnectionOperator:138 - raw.githubusercontent.com resolving remote address
2024-07-29 11:03:32 DEBUG DefaultHttpClientConnectionOperator:144 - raw.githubusercontent.com resolved to [raw.githubusercontent.com/185.199.109.133, raw.githubusercontent.com/185.199.108.133, raw.githubusercontent.com/185.199.110.133, raw.githubusercontent.com/185.199.111.133, raw.githubusercontent.com/2606:50c0:8002:0:0:0:0:154, raw.githubusercontent.com/2606:50c0:8001:0:0:0:0:154, raw.githubusercontent.com/2606:50c0:8000:0:0:0:0:154, raw.githubusercontent.com/2606:50c0:8003:0:0:0:0:154]
2024-07-29 11:03:32 DEBUG DefaultHttpClientConnectionOperator:177 - raw.githubusercontent.com:443 connecting null->raw.githubusercontent.com/185.199.109.133:443 (30 SECONDS)
2024-07-29 11:03:32 DEBUG SSLConnectionSocketFactory:226 - Connecting socket to raw.githubusercontent.com/185.199.109.133:443 with timeout 30 SECONDS
2024-07-29 11:03:32 DEBUG SSLConnectionSocketFactory:299 - Enabled protocols: [TLSv1.3, TLSv1.2]
2024-07-29 11:03:32 DEBUG SSLConnectionSocketFactory:300 - Enabled cipher suites: [TLS_AES_256_GCM_SHA384, TLS_AES_128_GCM_SHA256, TLS_CHACHA20_POLY1305_SHA256, TLS_ECDHE_ECDSA_WITH_AES_256_GCM_SHA384, TLS_ECDHE_ECDSA_WITH_AES_128_GCM_SHA256, TLS_ECDHE_ECDSA_WITH_CHACHA20_POLY1305_SHA256, TLS_ECDHE_RSA_WITH_AES_256_GCM_SHA384, TLS_ECDHE_RSA_WITH_CHACHA20_POLY1305_SHA256, TLS_ECDHE_RSA_WITH_AES_128_GCM_SHA256, TLS_DHE_RSA_WITH_AES_256_GCM_SHA384, TLS_DHE_RSA_WITH_CHACHA20_POLY1305_SHA256, TLS_DHE_DSS_WITH_AES_256_GCM_SHA384, TLS_DHE_RSA_WITH_AES_128_GCM_SHA256, TLS_DHE_DSS_WITH_AES_128_GCM_SHA256, TLS_ECDHE_ECDSA_WITH_AES_256_CBC_SHA384, TLS_ECDHE_RSA_WITH_AES_256_CBC_SHA384, TLS_ECDHE_ECDSA_WITH_AES_128_CBC_SHA256, TLS_ECDHE_RSA_WITH_AES_128_CBC_SHA256, TLS_DHE_RSA_WITH_AES_256_CBC_SHA256, TLS_DHE_DSS_WITH_AES_256_CBC_SHA256, TLS_DHE_RSA_WITH_AES_128_CBC_SHA256, TLS_DHE_DSS_WITH_AES_128_CBC_SHA256, TLS_ECDH_ECDSA_WITH_AES_256_GCM_SHA384, TLS_ECDH_RSA_WITH_AES_256_GCM_SHA384, TLS_ECDH_ECDSA_WITH_AES_128_GCM_SHA256, TLS_ECDH_RSA_WITH_AES_128_GCM_SHA256, TLS_ECDH_ECDSA_WITH_AES_256_CBC_SHA384, TLS_ECDH_RSA_WITH_AES_256_CBC_SHA384, TLS_ECDH_ECDSA_WITH_AES_128_CBC_SHA256, TLS_ECDH_RSA_WITH_AES_128_CBC_SHA256, TLS_ECDHE_ECDSA_WITH_AES_256_CBC_SHA, TLS_ECDHE_RSA_WITH_AES_256_CBC_SHA, TLS_ECDHE_ECDSA_WITH_AES_128_CBC_SHA, TLS_ECDHE_RSA_WITH_AES_128_CBC_SHA, TLS_DHE_RSA_WITH_AES_256_CBC_SHA, TLS_DHE_DSS_WITH_AES_256_CBC_SHA, TLS_DHE_RSA_WITH_AES_128_CBC_SHA, TLS_DHE_DSS_WITH_AES_128_CBC_SHA, TLS_ECDH_ECDSA_WITH_AES_256_CBC_SHA, TLS_ECDH_RSA_WITH_AES_256_CBC_SHA, TLS_ECDH_ECDSA_WITH_AES_128_CBC_SHA, TLS_ECDH_RSA_WITH_AES_128_CBC_SHA, TLS_RSA_WITH_AES_256_GCM_SHA384, TLS_RSA_WITH_AES_128_GCM_SHA256, TLS_RSA_WITH_AES_256_CBC_SHA256, TLS_RSA_WITH_AES_128_CBC_SHA256, TLS_RSA_WITH_AES_256_CBC_SHA, TLS_RSA_WITH_AES_128_CBC_SHA, TLS_EMPTY_RENEGOTIATION_INFO_SCSV]
2024-07-29 11:03:32 DEBUG SSLConnectionSocketFactory:301 - Starting handshake (null)
2024-07-29 11:03:32 DEBUG SSLConnectionSocketFactory:59 - Secure session established
2024-07-29 11:03:32 DEBUG SSLConnectionSocketFactory:60 -  negotiated protocol: TLSv1.3
2024-07-29 11:03:32 DEBUG SSLConnectionSocketFactory:61 -  negotiated cipher suite: TLS_AES_128_GCM_SHA256
2024-07-29 11:03:32 DEBUG SSLConnectionSocketFactory:71 -  peer principal: CN=*.github.io, O="GitHub, Inc.", L=San Francisco, ST=California, C=US
2024-07-29 11:03:32 DEBUG SSLConnectionSocketFactory:80 -  peer alternative names: [*.github.io, github.io, githubusercontent.com, www.github.com, *.github.com, *.githubusercontent.com, github.com]
2024-07-29 11:03:32 DEBUG SSLConnectionSocketFactory:84 -  issuer principal: CN=DigiCert Global G2 TLS RSA SHA256 2020 CA1, O=DigiCert Inc, C=US
2024-07-29 11:03:32 DEBUG DefaultManagedHttpClientConnection:165 - http-outgoing-0 set socket timeout to 3 MINUTES
2024-07-29 11:03:32 DEBUG DefaultHttpClientConnectionOperator:185 - raw.githubusercontent.com:443 connected null->raw.githubusercontent.com/185.199.109.133:443 as http-outgoing-0
2024-07-29 11:03:32 DEBUG PoolingHttpClientConnectionManager:456 - ep-0000000001 connected http-outgoing-0
2024-07-29 11:03:32 DEBUG InternalHttpClient:164 - ep-0000000001 endpoint connected
2024-07-29 11:03:32 DEBUG MainClientExec:107 - ex-0000000001 executing GET /bonigarcia/webdrivermanager/master/src/main/resources/commands.properties HTTP/1.1
2024-07-29 11:03:32 DEBUG RequestAddCookies:129 - ex-0000000001 Cookie spec selected: strict
2024-07-29 11:03:32 DEBUG InternalHttpClient:214 - ep-0000000001 start execution ex-0000000001
2024-07-29 11:03:32 DEBUG PoolingHttpClientConnectionManager:710 - ep-0000000001 executing exchange ex-0000000001 over http-outgoing-0
2024-07-29 11:03:32 DEBUG headers:200 - http-outgoing-0 >> GET /bonigarcia/webdrivermanager/master/src/main/resources/commands.properties HTTP/1.1
2024-07-29 11:03:32 DEBUG headers:203 - http-outgoing-0 >> user-agent: Apache-HttpClient/5.0
2024-07-29 11:03:32 DEBUG headers:203 - http-outgoing-0 >> accept-encoding: gzip, deflate, br
2024-07-29 11:03:32 DEBUG headers:203 - http-outgoing-0 >> cache-control: max-age=0
2024-07-29 11:03:32 DEBUG headers:203 - http-outgoing-0 >> connection: keep-alive
2024-07-29 11:03:32 DEBUG headers:203 - http-outgoing-0 >> Host: raw.githubusercontent.com
2024-07-29 11:03:32 DEBUG wire:92 - http-outgoing-0 >> "GET /bonigarcia/webdrivermanager/master/src/main/resources/commands.properties HTTP/1.1[\r][\n]"
2024-07-29 11:03:32 DEBUG wire:92 - http-outgoing-0 >> "user-agent: Apache-HttpClient/5.0[\r][\n]"
2024-07-29 11:03:32 DEBUG wire:92 - http-outgoing-0 >> "accept-encoding: gzip, deflate, br[\r][\n]"
2024-07-29 11:03:32 DEBUG wire:92 - http-outgoing-0 >> "cache-control: max-age=0[\r][\n]"
2024-07-29 11:03:32 DEBUG wire:92 - http-outgoing-0 >> "connection: keep-alive[\r][\n]"
2024-07-29 11:03:32 DEBUG wire:92 - http-outgoing-0 >> "Host: raw.githubusercontent.com[\r][\n]"
2024-07-29 11:03:32 DEBUG wire:92 - http-outgoing-0 >> "[\r][\n]"
2024-07-29 11:03:32 DEBUG wire:92 - http-outgoing-0 << "HTTP/1.1 200 OK[\r][\n]"
2024-07-29 11:03:32 DEBUG wire:92 - http-outgoing-0 << "Connection: keep-alive[\r][\n]"
2024-07-29 11:03:32 DEBUG wire:92 - http-outgoing-0 << "Content-Length: 745[\r][\n]"
2024-07-29 11:03:32 DEBUG wire:92 - http-outgoing-0 << "Cache-Control: max-age=300[\r][\n]"
2024-07-29 11:03:32 DEBUG wire:92 - http-outgoing-0 << "Content-Security-Policy: default-src 'none'; style-src 'unsafe-inline'; sandbox[\r][\n]"
2024-07-29 11:03:32 DEBUG wire:92 - http-outgoing-0 << "Content-Type: text/plain; charset=utf-8[\r][\n]"
2024-07-29 11:03:32 DEBUG wire:92 - http-outgoing-0 << "ETag: W/"dd41edff335272162022217759820159dac501cff56850e2510f504462cd9b5f"[\r][\n]"
2024-07-29 11:03:32 DEBUG wire:92 - http-outgoing-0 << "Strict-Transport-Security: max-age=31536000[\r][\n]"
2024-07-29 11:03:32 DEBUG wire:92 - http-outgoing-0 << "X-Content-Type-Options: nosniff[\r][\n]"
2024-07-29 11:03:32 DEBUG wire:92 - http-outgoing-0 << "X-Frame-Options: deny[\r][\n]"
2024-07-29 11:03:32 DEBUG wire:92 - http-outgoing-0 << "X-XSS-Protection: 1; mode=block[\r][\n]"
2024-07-29 11:03:32 DEBUG wire:92 - http-outgoing-0 << "X-GitHub-Request-Id: 438C:212CDD:290FF:3A640:66A03C7B[\r][\n]"
2024-07-29 11:03:32 DEBUG wire:92 - http-outgoing-0 << "Content-Encoding: gzip[\r][\n]"
2024-07-29 11:03:32 DEBUG wire:92 - http-outgoing-0 << "Accept-Ranges: bytes[\r][\n]"
2024-07-29 11:03:32 DEBUG wire:92 - http-outgoing-0 << "Date: Mon, 29 Jul 2024 05:33:31 GMT[\r][\n]"
2024-07-29 11:03:32 DEBUG wire:92 - http-outgoing-0 << "Via: 1.1 varnish[\r][\n]"
2024-07-29 11:03:32 DEBUG wire:92 - http-outgoing-0 << "X-Served-By: cache-bom4741-BOM[\r][\n]"
2024-07-29 11:03:32 DEBUG wire:92 - http-outgoing-0 << "X-Cache: HIT[\r][\n]"
2024-07-29 11:03:32 DEBUG wire:92 - http-outgoing-0 << "X-Cache-Hits: 5[\r][\n]"
2024-07-29 11:03:32 DEBUG wire:92 - http-outgoing-0 << "X-Timer: S1722231212.886996,VS0,VE0[\r][\n]"
2024-07-29 11:03:32 DEBUG wire:92 - http-outgoing-0 << "Vary: Authorization,Accept-Encoding,Origin[\r][\n]"
2024-07-29 11:03:32 DEBUG wire:92 - http-outgoing-0 << "Access-Control-Allow-Origin: *[\r][\n]"
2024-07-29 11:03:32 DEBUG wire:92 - http-outgoing-0 << "Cross-Origin-Resource-Policy: cross-origin[\r][\n]"
2024-07-29 11:03:32 DEBUG wire:92 - http-outgoing-0 << "X-Fastly-Request-ID: c415e97d07be848be6f02b73e2a9344d4074de7d[\r][\n]"
2024-07-29 11:03:32 DEBUG wire:92 - http-outgoing-0 << "Expires: Mon, 29 Jul 2024 05:38:31 GMT[\r][\n]"
2024-07-29 11:03:32 DEBUG wire:92 - http-outgoing-0 << "Source-Age: 227[\r][\n]"
2024-07-29 11:03:32 DEBUG wire:92 - http-outgoing-0 << "[\r][\n]"
2024-07-29 11:03:32 DEBUG headers:189 - http-outgoing-0 << HTTP/1.1 200 OK
2024-07-29 11:03:32 DEBUG headers:192 - http-outgoing-0 << Connection: keep-alive
2024-07-29 11:03:32 DEBUG headers:192 - http-outgoing-0 << Content-Length: 745
2024-07-29 11:03:32 DEBUG headers:192 - http-outgoing-0 << Cache-Control: max-age=300
2024-07-29 11:03:32 DEBUG headers:192 - http-outgoing-0 << Content-Security-Policy: default-src 'none'; style-src 'unsafe-inline'; sandbox
2024-07-29 11:03:32 DEBUG headers:192 - http-outgoing-0 << Content-Type: text/plain; charset=utf-8
2024-07-29 11:03:32 DEBUG headers:192 - http-outgoing-0 << ETag: W/"dd41edff335272162022217759820159dac501cff56850e2510f504462cd9b5f"
2024-07-29 11:03:32 DEBUG headers:192 - http-outgoing-0 << Strict-Transport-Security: max-age=31536000
2024-07-29 11:03:32 DEBUG headers:192 - http-outgoing-0 << X-Content-Type-Options: nosniff
2024-07-29 11:03:32 DEBUG headers:192 - http-outgoing-0 << X-Frame-Options: deny
2024-07-29 11:03:32 DEBUG headers:192 - http-outgoing-0 << X-XSS-Protection: 1; mode=block
2024-07-29 11:03:32 DEBUG headers:192 - http-outgoing-0 << X-GitHub-Request-Id: 438C:212CDD:290FF:3A640:66A03C7B
2024-07-29 11:03:32 DEBUG headers:192 - http-outgoing-0 << Content-Encoding: gzip
2024-07-29 11:03:32 DEBUG headers:192 - http-outgoing-0 << Accept-Ranges: bytes
2024-07-29 11:03:32 DEBUG headers:192 - http-outgoing-0 << Date: Mon, 29 Jul 2024 05:33:31 GMT
2024-07-29 11:03:32 DEBUG headers:192 - http-outgoing-0 << Via: 1.1 varnish
2024-07-29 11:03:32 DEBUG headers:192 - http-outgoing-0 << X-Served-By: cache-bom4741-BOM
2024-07-29 11:03:32 DEBUG headers:192 - http-outgoing-0 << X-Cache: HIT
2024-07-29 11:03:32 DEBUG headers:192 - http-outgoing-0 << X-Cache-Hits: 5
2024-07-29 11:03:32 DEBUG headers:192 - http-outgoing-0 << X-Timer: S1722231212.886996,VS0,VE0
2024-07-29 11:03:32 DEBUG headers:192 - http-outgoing-0 << Vary: Authorization,Accept-Encoding,Origin
2024-07-29 11:03:32 DEBUG headers:192 - http-outgoing-0 << Access-Control-Allow-Origin: *
2024-07-29 11:03:32 DEBUG headers:192 - http-outgoing-0 << Cross-Origin-Resource-Policy: cross-origin
2024-07-29 11:03:32 DEBUG headers:192 - http-outgoing-0 << X-Fastly-Request-ID: c415e97d07be848be6f02b73e2a9344d4074de7d
2024-07-29 11:03:32 DEBUG headers:192 - http-outgoing-0 << Expires: Mon, 29 Jul 2024 05:38:31 GMT
2024-07-29 11:03:32 DEBUG headers:192 - http-outgoing-0 << Source-Age: 227
2024-07-29 11:03:32 DEBUG MainClientExec:138 - ex-0000000001 connection can be kept alive for 3 MINUTES
2024-07-29 11:03:32 DEBUG wire:92 - http-outgoing-0 << "[0x1f][0xffffff8b][0x8][0x0][0x0][0x0][0x0][0x0][0x0][0x3][0xffffffb5]W]o[0xffffffda]0[0x14]}[0xffffffe7]W\QUj% [0x1b][0xffffffad][0xffffffa6]i[0x12][0xf]4c[0xffffffdd]4*[0x18][0xffffffb4][0xffffffdd]&[0xfffffff9][0xffffffc5]$N[0xffffffb0][0xffffff94][0xffffffd8][0xffffffc8]NJ[0xffffffb7]_?[0xffffffdb][0xfffffff9]X[0xffffff92]:[0xffffffa3]k[0xffffffe8][0x1b][0xffffffb6][0xffffffef]=[0xffffffe7][0xffffffd8][0xfffffff7][0xffffffe4][0xffffffda][0xffffff9c][0xffffff80][0xffffffcb][0xffffffe3][0x18]3_[0xffffff82][0xffffff8f][0x13][0xffffffbc][0xffffffc1][0xffffff92][0xfffffff4]N[0xffffffe0]vK%[0x4]4"[0xffffffe0]q[0xffffff96]`[0xffffffca]$$[=[0xffffffc8]C[0x13][0xe][0x1b][0x2][0xffffffe4][0xffffff91]xiB|[0xffffffa0][0xffffffcc],[0xffffffcb]-[0xffffff89]"=[0xffffffe0][0xffffffc2]'B[0x7][0xfffffff9]$!^b[0x16][0x1f][0xffffff88][0xffffff90][0xffffff94][0xffffffab][0xffffffb5][0x0][0xffffff88][0xfffffffa][0x1d][\n]"
2024-07-29 11:03:32 DEBUG wire:106 - http-outgoing-0 << "B[0x18]l[0x4][0xffffffdf]K[0xffffffb5][0xffffffa0]([0xffffffcf][0xffffffdc][0xffffffad][0xffffffe0]1[0x19][0xffffffc0]'*H[0xffffffc0][0x1f][0x7][0xffffffb0][0xffffffd8][0x11][0xffffff81][0x7]0[0xfffffff3]C5kVi[0x1a][0xffffff9f]k|[0xffffff9f][0x6][0x1][0x11][0xffffff84]%[0xffffffc0]uLBY[0x8][0xfffffff2][0xffffff97]LH,[0xffffffe1][0xffffffec];e[0xffffffbe]B[0x1d][0xffffffc0][0xffffff9c][0xffffffb2]T[0xffffffc1][0xffffffdc]`[0xf][0x16][0xffffffeb][0xfffffff3][0xffffff9e][0xffffffe2][0xffffffc8](z[0xfffffff9]6F[0xffffff9e][0x19][0xffffff8e][0xfffffff6]Y[0xffffffc2][0xffffffe8][0xffffffcd][0xffffffdb][0xffffff89][0x17][0xfffffffb]#[0xffffffb5]+p\[0xffffffd8][0xffffffc7][0xffffffd4]3Gb[0xffffff8e]a[0xffffffbf]U|[0xffffffc0]pL&[0xfffffffd][0xffffffd3][0xffffffe5]jq[0xffffffbd][0xffffff9a][0xffffffde]|[0xfffffffa]2[0xffffff9f][0xffffffad]?[0xffffffa0][0x9]B[0xffffffa7][0x8]]s[0x1e]F[0x4][0xffffffa1][0xffffff8c][0x2][0xffffffa1][0xffffffe9]n[0x17]QOI[0xffffffe3][0xc][0xffffffa1][0xffffff9c]H![0xfffffff7]!$[0x9][0xffffffdc][0xffffffe7]g[0xffffffe1]<[0xffffffe0](m[0xffffffd7]3~[0xffffff81][0xffffff9e][0xffffffb3][0x1f][0xffffffef][0xffffffdf][0xffffff9d][0xffffffbf][0xffffffa6][0xffffffa8][0xffffff8b]g[0xffffff8a][0xffffff9a]/[0xffffffdc][0xffffffe9]|[0xffffffba]\~[0xffffff9c][0xffffffde]N_S[0xffffffcf][0xffffffe5]d5[0xffffffbb][0xffffff86]ow[0xffffffb3][0xffffffd5]O[0xfffffff8][0xfffffffc][0xffffffd5][0xffffffbd]Ck[0x1e]${,H[0xffffffc1][0xffffff96][0xffffff93]][0xffffffcd][0xffffffaf][0x8][0xfffffff6][0xc]^[0xffffffe1][0xffffffc5]^[0x13]4[0xffffffd2][0xffffff8e][0xffffffd1]>pR)[0xffffff9c][\r]eNh0[0xffffff86][0xffffffd9]:[0xc][0xffffff87]E[0xffffffa6]=q<i[0xffffff8b]o&[0xffffffc4][0xffffffd8]3<[0xffffff95][0x13][0xffffff90]N&8w[0xffffffe9][0x8][0xffffffef]v[0xffffff8e][0xffffffab][0xffffffbe]>es[0xffffffe9]([0x13]/[0xffffffd6][0xfffffff5][0xffffff80]*[0xffffffba][0xfffffff2]v[0xfffffffe][0xffffffd9][0xffffff94]DA6>[0xffffff8e][0xffffffbb]o[0xfffffff8]o[0x1a]E[0xffffffb8] A[0xffffffa8]@?T[0xffffffad]'*:{[0xfffffffa]xR.*[0xffffffce][0xffffffe9][0xffffffd7][0xffffffad][0xffffff93][0xffffff93]4[0xffffffc9][0xfffffffa][0xffffffda]<n*t[0xffffffeb][0xffffffb9]oV[0xffffffb6][0xffffffc0]/M[0xffffff94]O[0xffffffc0][0xfffffff0][0xffffffe1]i[0xffffff90][0xffffffb5][0xfffffffe]9[0xffffff8b][0xffffffad][0xfffffff2]U,Ul[0xffffffdd][0x13]KL[0xffffffa2][0x6][0xffffffdd][0xffffffca]\?`[0xffffffea][0x9].[0xffffffd5]I [0xffffffa4]i[0x1a]_i,[\r][0xffffffdd][0xffffffa1][0xffffffc3][0xffffffae]kzI[0xffffffd1]_Q[0xffffffce]Ek[0xffffffcb][0xfffffff8]Kf[0xffffffb8][0xfffffffe][0xffffffd9]3[0xc][0xffffffe6][0xffffffd3][0xffffff8e][0x11][0x17][0x10]C[0x1d]`i[0x19][0xffffffd5][0xffffffbc][0xfffffff1][0xffffffa4]5[0xffffffbc][0x1e]o[0xfffffff5]K[0xffffffa9][0xffffffd6][0xfffffff8][0xffffffc1]f[0xffffff9b]z[0x4][0xffffffd4][0x1a][0xffffff86][0xffffffb9]^K[0x16]s[0xffffff91][0xfffffffe][0xffffffbf][0xffffff8b]l]~)x(p,[0x11]2[0x14][0x8]E8e[0xffffff9e][0xffffffca]:X[0xffffffa6][0xffffff86][0xffffff88].[0xffffffb6]9[0xffffff9a][0xffffff88].[0xfffffff7]]G[0xffffffea][0xffffffcb][0xe][0xfffffffb][0x7f].u[0xffffff83][0xffffffbb][0xfffffff4][0xffffffb3][0x19][0xffffffda][0xffffffec][0xffffff98][0xffffffc5]Y[0xfffffffd]h8m6\4[0xffffffc1][0xffffff8a][0xffffffb7][0xffffff98]z[0xffffffd0][0xffffffd5]oF5q[0x1c][0x13][0x16][0xfffffff0][0x1d][0x1e][0x19]5-[0xffffff9d][0xffffffef][0xffffffad]c[0xb]z[0xffffffae]/m[0xffffffe6]8[0xffffffb6][0xffffff96][0xfffffff6]7X[0xffffffc9]t[0xfffffff8][0xfffffff9][0xffffffa5][0x11]K[0xfffffffb][0x15]3[0xffffffc3][0xfffffffc][0x1f]B[0xffffffdb][0xffffffd3][0xffffffab][0xffffff92]4.[0xffffff93]Z[0xffffffdf]]:[0xffffffda][0xffffffea][0xffffffdc]B[0xffffffa6][0xffffffcd][0xffffffbc][0xffffffae][0x5][0xfffffff5][0x4][0xffffffd6]8[0xffffffc0][0xffffff82][0xffffff96][0xfffffff0][0xffffffd2][0xc][0xffffffed][0xffffffe0]Y[0xffffffa8][\r]:[[0xffffffa9][0x0][0xffffffff][0x1][0xfffffff8][0x15][0xffffffb4][0xffffffee][0xffffff8e][\r][0x0][0x0]"
2024-07-29 11:03:32 DEBUG InternalHttpClient:256 - ep-0000000001 releasing valid endpoint
2024-07-29 11:03:32 DEBUG PoolingHttpClientConnectionManager:389 - ep-0000000001 releasing endpoint
2024-07-29 11:03:32 DEBUG PoolingHttpClientConnectionManager:408 - ep-0000000001 connection http-outgoing-0 can be kept alive for 3 MINUTES
2024-07-29 11:03:32 DEBUG PoolingHttpClientConnectionManager:421 - ep-0000000001 connection released [route: {s}->https://raw.githubusercontent.com:443][total available: 1; route allocated: 1 of 5; total allocated: 1 of 25]
2024-07-29 11:03:32 DEBUG VersionDetector:237 - Detecting chrome version using online commands.properties
2024-07-29 11:03:32 DEBUG Shell:65 - Running command on the shell: [cmd.exe, /C, wmic, datafile, where, name="%PROGRAMFILES:\=\\%\\Google\\Chrome\\Application\\chrome.exe", get, Version, /value]
2024-07-29 11:03:32 DEBUG Shell:69 - Result: Version=127.0.6533.72
2024-07-29 11:03:32 DEBUG ResolutionCache:156 - Removing resolution chrome127=127.0.6533.72 from cache (expired on 2024-07-28T10:09:26.000+0530)
2024-07-29 11:03:32 DEBUG InternalHttpClient:164 - ex-0000000002 preparing request execution
2024-07-29 11:03:32 DEBUG ProtocolExec:181 - ex-0000000002 target auth state: UNCHALLENGED
2024-07-29 11:03:32 DEBUG ProtocolExec:187 - ex-0000000002 proxy auth state: UNCHALLENGED
2024-07-29 11:03:32 DEBUG ConnectExec:123 - ex-0000000002 acquiring connection with route {s}->https://googlechromelabs.github.io:443
2024-07-29 11:03:32 DEBUG InternalHttpClient:101 - ex-0000000002 acquiring endpoint (3 MINUTES)
2024-07-29 11:03:32 DEBUG PoolingHttpClientConnectionManager:296 - ex-0000000002 endpoint lease request (3 MINUTES) [route: {s}->https://googlechromelabs.github.io:443][total available: 1; route allocated: 0 of 5; total allocated: 1 of 25]
2024-07-29 11:03:32 DEBUG PoolingHttpClientConnectionManager:318 - ex-0000000002 endpoint leased [route: {s}->https://googlechromelabs.github.io:443][total available: 1; route allocated: 1 of 5; total allocated: 2 of 25]
2024-07-29 11:03:32 DEBUG PoolingHttpClientConnectionManager:360 - ex-0000000002 acquired ep-0000000002
2024-07-29 11:03:32 DEBUG InternalHttpClient:116 - ex-0000000002 acquired endpoint ep-0000000002
2024-07-29 11:03:32 DEBUG ConnectExec:130 - ex-0000000002 opening connection {s}->https://googlechromelabs.github.io:443
2024-07-29 11:03:32 DEBUG InternalHttpClient:160 - ep-0000000002 connecting endpoint (null)
2024-07-29 11:03:32 DEBUG PoolingHttpClientConnectionManager:444 - ep-0000000002 connecting endpoint to https://googlechromelabs.github.io:443 (30 SECONDS)
2024-07-29 11:03:32 DEBUG DefaultHttpClientConnectionOperator:138 - googlechromelabs.github.io resolving remote address
2024-07-29 11:03:32 DEBUG DefaultHttpClientConnectionOperator:144 - googlechromelabs.github.io resolved to [googlechromelabs.github.io/185.199.110.153, googlechromelabs.github.io/185.199.111.153, googlechromelabs.github.io/185.199.108.153, googlechromelabs.github.io/185.199.109.153, googlechromelabs.github.io/2606:50c0:8001:0:0:0:0:153, googlechromelabs.github.io/2606:50c0:8003:0:0:0:0:153, googlechromelabs.github.io/2606:50c0:8000:0:0:0:0:153, googlechromelabs.github.io/2606:50c0:8002:0:0:0:0:153]
2024-07-29 11:03:32 DEBUG DefaultHttpClientConnectionOperator:177 - googlechromelabs.github.io:443 connecting null->googlechromelabs.github.io/185.199.110.153:443 (30 SECONDS)
2024-07-29 11:03:32 DEBUG SSLConnectionSocketFactory:226 - Connecting socket to googlechromelabs.github.io/185.199.110.153:443 with timeout 30 SECONDS
2024-07-29 11:03:32 DEBUG SSLConnectionSocketFactory:299 - Enabled protocols: [TLSv1.3, TLSv1.2]
2024-07-29 11:03:32 DEBUG SSLConnectionSocketFactory:300 - Enabled cipher suites: [TLS_AES_256_GCM_SHA384, TLS_AES_128_GCM_SHA256, TLS_CHACHA20_POLY1305_SHA256, TLS_ECDHE_ECDSA_WITH_AES_256_GCM_SHA384, TLS_ECDHE_ECDSA_WITH_AES_128_GCM_SHA256, TLS_ECDHE_ECDSA_WITH_CHACHA20_POLY1305_SHA256, TLS_ECDHE_RSA_WITH_AES_256_GCM_SHA384, TLS_ECDHE_RSA_WITH_CHACHA20_POLY1305_SHA256, TLS_ECDHE_RSA_WITH_AES_128_GCM_SHA256, TLS_DHE_RSA_WITH_AES_256_GCM_SHA384, TLS_DHE_RSA_WITH_CHACHA20_POLY1305_SHA256, TLS_DHE_DSS_WITH_AES_256_GCM_SHA384, TLS_DHE_RSA_WITH_AES_128_GCM_SHA256, TLS_DHE_DSS_WITH_AES_128_GCM_SHA256, TLS_ECDHE_ECDSA_WITH_AES_256_CBC_SHA384, TLS_ECDHE_RSA_WITH_AES_256_CBC_SHA384, TLS_ECDHE_ECDSA_WITH_AES_128_CBC_SHA256, TLS_ECDHE_RSA_WITH_AES_128_CBC_SHA256, TLS_DHE_RSA_WITH_AES_256_CBC_SHA256, TLS_DHE_DSS_WITH_AES_256_CBC_SHA256, TLS_DHE_RSA_WITH_AES_128_CBC_SHA256, TLS_DHE_DSS_WITH_AES_128_CBC_SHA256, TLS_ECDH_ECDSA_WITH_AES_256_GCM_SHA384, TLS_ECDH_RSA_WITH_AES_256_GCM_SHA384, TLS_ECDH_ECDSA_WITH_AES_128_GCM_SHA256, TLS_ECDH_RSA_WITH_AES_128_GCM_SHA256, TLS_ECDH_ECDSA_WITH_AES_256_CBC_SHA384, TLS_ECDH_RSA_WITH_AES_256_CBC_SHA384, TLS_ECDH_ECDSA_WITH_AES_128_CBC_SHA256, TLS_ECDH_RSA_WITH_AES_128_CBC_SHA256, TLS_ECDHE_ECDSA_WITH_AES_256_CBC_SHA, TLS_ECDHE_RSA_WITH_AES_256_CBC_SHA, TLS_ECDHE_ECDSA_WITH_AES_128_CBC_SHA, TLS_ECDHE_RSA_WITH_AES_128_CBC_SHA, TLS_DHE_RSA_WITH_AES_256_CBC_SHA, TLS_DHE_DSS_WITH_AES_256_CBC_SHA, TLS_DHE_RSA_WITH_AES_128_CBC_SHA, TLS_DHE_DSS_WITH_AES_128_CBC_SHA, TLS_ECDH_ECDSA_WITH_AES_256_CBC_SHA, TLS_ECDH_RSA_WITH_AES_256_CBC_SHA, TLS_ECDH_ECDSA_WITH_AES_128_CBC_SHA, TLS_ECDH_RSA_WITH_AES_128_CBC_SHA, TLS_RSA_WITH_AES_256_GCM_SHA384, TLS_RSA_WITH_AES_128_GCM_SHA256, TLS_RSA_WITH_AES_256_CBC_SHA256, TLS_RSA_WITH_AES_128_CBC_SHA256, TLS_RSA_WITH_AES_256_CBC_SHA, TLS_RSA_WITH_AES_128_CBC_SHA, TLS_EMPTY_RENEGOTIATION_INFO_SCSV]
2024-07-29 11:03:32 DEBUG SSLConnectionSocketFactory:301 - Starting handshake (null)
2024-07-29 11:03:32 DEBUG SSLConnectionSocketFactory:59 - Secure session established
2024-07-29 11:03:32 DEBUG SSLConnectionSocketFactory:60 -  negotiated protocol: TLSv1.3
2024-07-29 11:03:32 DEBUG SSLConnectionSocketFactory:61 -  negotiated cipher suite: TLS_AES_128_GCM_SHA256
2024-07-29 11:03:32 DEBUG SSLConnectionSocketFactory:71 -  peer principal: CN=*.github.io, O="GitHub, Inc.", L=San Francisco, ST=California, C=US
2024-07-29 11:03:32 DEBUG SSLConnectionSocketFactory:80 -  peer alternative names: [*.github.io, github.io, githubusercontent.com, www.github.com, *.github.com, *.githubusercontent.com, github.com]
2024-07-29 11:03:32 DEBUG SSLConnectionSocketFactory:84 -  issuer principal: CN=DigiCert Global G2 TLS RSA SHA256 2020 CA1, O=DigiCert Inc, C=US
2024-07-29 11:03:32 DEBUG DefaultManagedHttpClientConnection:165 - http-outgoing-1 set socket timeout to 3 MINUTES
2024-07-29 11:03:32 DEBUG DefaultHttpClientConnectionOperator:185 - googlechromelabs.github.io:443 connected null->googlechromelabs.github.io/185.199.110.153:443 as http-outgoing-1
2024-07-29 11:03:32 DEBUG PoolingHttpClientConnectionManager:456 - ep-0000000002 connected http-outgoing-1
2024-07-29 11:03:32 DEBUG InternalHttpClient:164 - ep-0000000002 endpoint connected
2024-07-29 11:03:32 DEBUG MainClientExec:107 - ex-0000000002 executing GET /chrome-for-testing/known-good-versions-with-downloads.json HTTP/1.1
2024-07-29 11:03:32 DEBUG RequestAddCookies:129 - ex-0000000002 Cookie spec selected: strict
2024-07-29 11:03:32 DEBUG InternalHttpClient:214 - ep-0000000002 start execution ex-0000000002
2024-07-29 11:03:32 DEBUG PoolingHttpClientConnectionManager:710 - ep-0000000002 executing exchange ex-0000000002 over http-outgoing-1
2024-07-29 11:03:32 DEBUG headers:200 - http-outgoing-1 >> GET /chrome-for-testing/known-good-versions-with-downloads.json HTTP/1.1
2024-07-29 11:03:32 DEBUG headers:203 - http-outgoing-1 >> user-agent: Apache-HttpClient/5.0
2024-07-29 11:03:32 DEBUG headers:203 - http-outgoing-1 >> accept-encoding: gzip, deflate, br
2024-07-29 11:03:32 DEBUG headers:203 - http-outgoing-1 >> cache-control: max-age=0
2024-07-29 11:03:32 DEBUG headers:203 - http-outgoing-1 >> connection: keep-alive
2024-07-29 11:03:32 DEBUG headers:203 - http-outgoing-1 >> Host: googlechromelabs.github.io
2024-07-29 11:03:32 DEBUG wire:92 - http-outgoing-1 >> "GET /chrome-for-testing/known-good-versions-with-downloads.json HTTP/1.1[\r][\n]"
2024-07-29 11:03:32 DEBUG wire:92 - http-outgoing-1 >> "user-agent: Apache-HttpClient/5.0[\r][\n]"
2024-07-29 11:03:32 DEBUG wire:92 - http-outgoing-1 >> "accept-encoding: gzip, deflate, br[\r][\n]"
2024-07-29 11:03:32 DEBUG wire:92 - http-outgoing-1 >> "cache-control: max-age=0[\r][\n]"
2024-07-29 11:03:32 DEBUG wire:92 - http-outgoing-1 >> "connection: keep-alive[\r][\n]"
2024-07-29 11:03:32 DEBUG wire:92 - http-outgoing-1 >> "Host: googlechromelabs.github.io[\r][\n]"
2024-07-29 11:03:32 DEBUG wire:92 - http-outgoing-1 >> "[\r][\n]"
2024-07-29 11:03:33 DEBUG wire:92 - http-outgoing-1 << "HTTP/1.1 200 OK[\r][\n]"
2024-07-29 11:03:33 DEBUG wire:92 - http-outgoing-1 << "Connection: keep-alive[\r][\n]"
2024-07-29 11:03:33 DEBUG wire:92 - http-outgoing-1 << "Content-Length: 50345[\r][\n]"
2024-07-29 11:03:33 DEBUG wire:92 - http-outgoing-1 << "Server: GitHub.com[\r][\n]"
2024-07-29 11:03:33 DEBUG wire:92 - http-outgoing-1 << "Content-Type: application/json; charset=utf-8[\r][\n]"
2024-07-29 11:03:33 DEBUG wire:92 - http-outgoing-1 << "permissions-policy: interest-cohort=()[\r][\n]"
2024-07-29 11:03:33 DEBUG wire:92 - http-outgoing-1 << "x-origin-cache: HIT[\r][\n]"
2024-07-29 11:03:33 DEBUG wire:92 - http-outgoing-1 << "Last-Modified: Mon, 29 Jul 2024 05:10:15 GMT[\r][\n]"
2024-07-29 11:03:33 DEBUG wire:92 - http-outgoing-1 << "Access-Control-Allow-Origin: *[\r][\n]"
2024-07-29 11:03:33 DEBUG wire:92 - http-outgoing-1 << "Strict-Transport-Security: max-age=31556952[\r][\n]"
2024-07-29 11:03:33 DEBUG wire:92 - http-outgoing-1 << "ETag: W/"66a72437-17cd51"[\r][\n]"
2024-07-29 11:03:33 DEBUG wire:92 - http-outgoing-1 << "expires: Mon, 29 Jul 2024 05:20:17 GMT[\r][\n]"
2024-07-29 11:03:33 DEBUG wire:92 - http-outgoing-1 << "Cache-Control: max-age=600[\r][\n]"
2024-07-29 11:03:33 DEBUG wire:92 - http-outgoing-1 << "Content-Encoding: gzip[\r][\n]"
2024-07-29 11:03:33 DEBUG wire:92 - http-outgoing-1 << "x-proxy-cache: HIT[\r][\n]"
2024-07-29 11:03:33 DEBUG wire:92 - http-outgoing-1 << "X-GitHub-Request-Id: 10C1:1B4273:1E42AC:252E88:66A724F0[\r][\n]"
2024-07-29 11:03:33 DEBUG wire:92 - http-outgoing-1 << "Accept-Ranges: bytes[\r][\n]"
2024-07-29 11:03:33 DEBUG wire:92 - http-outgoing-1 << "Date: Mon, 29 Jul 2024 05:33:32 GMT[\r][\n]"
2024-07-29 11:03:33 DEBUG wire:92 - http-outgoing-1 << "Via: 1.1 varnish[\r][\n]"
2024-07-29 11:03:33 DEBUG wire:92 - http-outgoing-1 << "Age: 573[\r][\n]"
2024-07-29 11:03:33 DEBUG wire:92 - http-outgoing-1 << "X-Served-By: cache-hyd1100025-HYD[\r][\n]"
2024-07-29 11:03:33 DEBUG wire:92 - http-outgoing-1 << "X-Cache: HIT[\r][\n]"
2024-07-29 11:03:33 DEBUG wire:92 - http-outgoing-1 << "X-Cache-Hits: 47[\r][\n]"
2024-07-29 11:03:33 DEBUG wire:92 - http-outgoing-1 << "X-Timer: S1722231212.283403,VS0,VE0[\r][\n]"
2024-07-29 11:03:33 DEBUG wire:92 - http-outgoing-1 << "Vary: Accept-Encoding[\r][\n]"
2024-07-29 11:03:33 DEBUG wire:92 - http-outgoing-1 << "X-Fastly-Request-ID: ef2fef7c9583114a122bca8818a98dfa856636c2[\r][\n]"
2024-07-29 11:03:33 DEBUG wire:92 - http-outgoing-1 << "[\r][\n]"
2024-07-29 11:03:33 DEBUG headers:189 - http-outgoing-1 << HTTP/1.1 200 OK
2024-07-29 11:03:33 DEBUG headers:192 - http-outgoing-1 << Connection: keep-alive
2024-07-29 11:03:33 DEBUG headers:192 - http-outgoing-1 << Content-Length: 50345
2024-07-29 11:03:33 DEBUG headers:192 - http-outgoing-1 << Server: GitHub.com
2024-07-29 11:03:33 DEBUG headers:192 - http-outgoing-1 << Content-Type: application/json; charset=utf-8
2024-07-29 11:03:33 DEBUG headers:192 - http-outgoing-1 << permissions-policy: interest-cohort=()
2024-07-29 11:03:33 DEBUG headers:192 - http-outgoing-1 << x-origin-cache: HIT
2024-07-29 11:03:33 DEBUG headers:192 - http-outgoing-1 << Last-Modified: Mon, 29 Jul 2024 05:10:15 GMT
2024-07-29 11:03:33 DEBUG headers:192 - http-outgoing-1 << Access-Control-Allow-Origin: *
2024-07-29 11:03:33 DEBUG headers:192 - http-outgoing-1 << Strict-Transport-Security: max-age=31556952
2024-07-29 11:03:33 DEBUG headers:192 - http-outgoing-1 << ETag: W/"66a72437-17cd51"
2024-07-29 11:03:33 DEBUG headers:192 - http-outgoing-1 << expires: Mon, 29 Jul 2024 05:20:17 GMT
2024-07-29 11:03:33 DEBUG headers:192 - http-outgoing-1 << Cache-Control: max-age=600
2024-07-29 11:03:33 DEBUG headers:192 - http-outgoing-1 << Content-Encoding: gzip
2024-07-29 11:03:33 DEBUG headers:192 - http-outgoing-1 << x-proxy-cache: HIT
2024-07-29 11:03:33 DEBUG headers:192 - http-outgoing-1 << X-GitHub-Request-Id: 10C1:1B4273:1E42AC:252E88:66A724F0
2024-07-29 11:03:33 DEBUG headers:192 - http-outgoing-1 << Accept-Ranges: bytes
2024-07-29 11:03:33 DEBUG headers:192 - http-outgoing-1 << Date: Mon, 29 Jul 2024 05:33:32 GMT
2024-07-29 11:03:33 DEBUG headers:192 - http-outgoing-1 << Via: 1.1 varnish
2024-07-29 11:03:33 DEBUG headers:192 - http-outgoing-1 << Age: 573
2024-07-29 11:03:33 DEBUG headers:192 - http-outgoing-1 << X-Served-By: cache-hyd1100025-HYD
2024-07-29 11:03:33 DEBUG headers:192 - http-outgoing-1 << X-Cache: HIT
2024-07-29 11:03:33 DEBUG headers:192 - http-outgoing-1 << X-Cache-Hits: 47
2024-07-29 11:03:33 DEBUG headers:192 - http-outgoing-1 << X-Timer: S1722231212.283403,VS0,VE0
2024-07-29 11:03:33 DEBUG headers:192 - http-outgoing-1 << Vary: Accept-Encoding
2024-07-29 11:03:33 DEBUG headers:192 - http-outgoing-1 << X-Fastly-Request-ID: ef2fef7c9583114a122bca8818a98dfa856636c2
2024-07-29 11:03:33 DEBUG MainClientExec:138 - ex-0000000002 connection can be kept alive for 3 MINUTES
2024-07-29 11:03:33 DEBUG wire:92 - http-outgoing-1 << "[0x1f][0xffffff8b][0x8][0x0][0x0][0x0][0x0][0x0][0x0][0x3][0xffffffcc][0xffffffbd][0xffffffdd][0xffffff8e],Iv^[0xfffffff9].}[0xffffffad].[0xffffff86][0xffffffdb][0xffffff9f][0xffffff9b][0xfffffff1]9t5[0xffffff83][0xffffffb9][0xffffffe8]!{[0xffffffc8][0x6][0xffffff9a]l[0xffffffa2][0xffffff9b][0xffffff92][0x6]#[0xffffffe8][0xffffffdd]'22[0xffffffcf][0xffffffc9],[0xffffffdb]_[0x1c]U[0xfffffff8]i[0xffffffec][0xfffffff5]A[0x10][0x4][0xffffff8a][0xffffff9d][0xffffffe5]Fbaa[0xffffff95][0xffffff87][0xffffffed][0xffffffed][0xffffffff][0xfffffff3]w[0xffffffff][0xfffffff9][0xffffffa7][0x7f][0xfffffffb][0xffffffe3][0xffffffdf][0xfffffffe][0xfffffff3][0xf][0xffffffff][0xfffffff6][0x1f][0xffffffbf][0xfffffffb][0xffffffc7][0xffffffdf][0xffffff95][i[0xffffffbf][0xffffffbf][0xffffff9d][0xffffffbf]/[0xfffffff3][0xffffffbf][0xffffff96][0xffffffdb]?[0xffffffde][0xffffffd6]?[0xffffff96][0xfffffff3][0xffffff97][0xffffffe3][0xffffffd6][0xffffffff][0xffffff8f][0xffffffdf][0xfffffffd][0xffffff97][0xffffffdf][0xfffffffd][0xfffffff7]?[0xfffffffe][0xfffffff5]o[0x7f][0xfffffffa][0xffffffcb][0xffffffbf][0xffffffff][0xffffffed]w[0xffffffff][0xfffffff8][0x7f][0xfffffffe][0xffffffcf]o[0xffffffff][0xffffffc5][0xfffffffd]/[0xffffff8e][0xffffffa3][0xfffffffe]r[0xfffffffb][0xffffffa5][0xffffff8f][0xffffffb3][0xfffffffc]r[0xffffffbb][0xffffffff][0xffffffa7][0xfffffffe][0xfffffffa][0xffffffc7][0xffffffff][0xfffffffe][0xffffffa7][0xffffffef][0xffffffff][0xffffff9d]r[0xffffffb4][0xffffffde][0xffffffef][0xffffffff][0xffffff9f][0xffffffff][0xfffffffc][0xffffff97][0xffffffff][0xfffffff1][0xffffffef][0x7f][0xfffffffe][0xffffffcb][0x1f][0xfffffffe][0xfffffff9][0xfffffffe][0xffffffb7][0xffffffff][0xfffffff3]w[0xffffffff][0xfffffff4][0xffffffaf][0x7f][0xfffffffd][0xffffffcb][0xffffffbf][0xfffffffd][0xfffffff1][0xfffffff1]O[0xfffffff9][0xffffff8f]?[0xffffffff][0xffffffe1]?[0xffffffff][0xffffff9f][0xffffffbf][0xfffffffc][0xfffffff5][0xffffffdf][0xffffffee][0xffffffff][0xffffffe1]?[0xffffffff][0xffffffe9][0xffffffdf][0xffffffff][0xffffffdb][0xffffffff];[0xffffffda][0xfffffffd]?[0xfffffffc][0xffffffdf][0xfffffffe][0xfffffffa][0xffffffe7][0xfffffffb][0x7f][0xfffffffd][0xffffffaf][0xffffffff][0xfffffff9][0xffffff9f][0xffffffff][0xfffffff1][0xffffffb7][0x7f][0xfffffffc][0xffffff87][0x7f][0xfffffff8][0xffffffdb][0x7f][0xfffffffe][0xffffffe5][0xffffffaf][0x7f][0xfffffff8][0xffffff97]?[0xfffffffe][0xfffffff2]/[0x7f][0xfffffff9][0xffffffcb][0xffffffbf][0xfffffffc][0xfffffff9][0xffffff8f][0x7f][0xfffffff8][0xffffff8f]?[0xfffffffd][0xffffffed][0xffffff97][0x7f][0xfffffffa][0xffffffcb][0xffffffbf][0xfffffffd][0xffffffc3][0xfffffffb]?[0xffffffe4][0xfffffff7][0xfffffff7]?[0xfffffffe][0xfffffffd][0x7f][0xffffffde][0xf][0xffffffff][0xffffffa7][0x7f][0xffffffff][0xffffff97][0xffffffdf][0xffffffff][0xffffffc7][0x7f][0xfffffffb][0xffffffbf][0xffffffff][0xfffffffc][0xffffffa7][0x7f][0xfffffffa][0xffffff87][0xffffffaf][0xffffffe7][0xfffffff9][0xffffff87][0xffffff8f][0x7f][0xffffffea][0xffffffb7][0xffffffff][0xfffffff8][0xffffffc7][0x7f][0xfffffff9][0xffffffcb][0xffffffff][0xfffffff7][0xffffffa7][0xffffffff][0xfffffff8][0xffffffdd][0xffffffff][0xfffffffa]/[0xffffffbf]z[0xfffffffe][0xffffffbf][0xfffffffd][0xffffffe1][0xffffff9f]~[0xffffffff][0xffffff87][0xffffffbf][0xfffffffe][0xffffffdb][0xffffffdf][0xfffffffd][0x4][0xffffffdf][0xffffffff][0xffffffb9][0xffffffdf][0xfffffffe][0xffffffe0][0xfffffffb][0xffffffff][0xffffffc7][0xffffffb3]S[0xfffffffc][0xfffffffd][0xffffffff][0xffffffb7][0xfffffff0][0xfffffff1]O[0xfffffffd]z[0xffffff82]'[0xffffffff][[0xfffffff8][0x1f][0x7f][0xfffffffa][0xfffffff7]Z[0xfffffffe][0xffffffce]O[0x7f][0xfffffffc]3[0xffffffbf][0xfffffffd][0xffffff87][0x1f][0xffffffff][0xffffffc5][0xffffff93]'[0xffffffff][0xffffffdd][0xffffffff][0xffffffe7]~[0xfffffffc]3[0xffffffbf]<[0xfffffff9][0xffffffdb][0xffffffff][0xffffffcc][0xffffffff][0xffffffd7][0xffffffff]z{[0xffffffb8]D[0xffffffb8]v3[0xffffff86]k[0xffffffc7]![0xffffffbe][0x1f][0xffffff81][0xffffffa7][0xfffffff8][0xffffffe3][0x10][0x14][0xffffffc6][0xfffffff7][0xffffffc7]S[0x1c][0xffffffbf]?[0xfffffffa]U[0xffffff90]G5[0x3]yT[0x1c][0xffffffe4][0xfffffffb][0x11]x[0xffffff90]?[0xe]A[0xffffff81]|[0x7f]<[0x5][0xfffffff2][0xfffffffb][0xffffffa3][0x7f]#[0xffffffc8][0xffffffed][0xfffffff1]Wk[0xffffff88][0xffffffa8][0x18]e[0xffffffac]t[0xffffff8e]?[0xffffffcf]Ca[0xfffffffc][0xffffffe5][0x4][0x18][0xffffffc5][0xffffffdb][0x19][0xffffff92]![0xfffffffe][0xfffffff2][0xfffffff4]d[0xffffff86][0x7f][0xfffffffd][0xffffffe4]W[0x10]>oS <k?[0x18][0xffffff84][0x1f][0xffffffe7]A[0x11]~?[0x1][0xffffff8b][0xfffffff0][0xffffffe7][0x19][0x8][0xffffff84][0xffffffdf][0xffffff9f]N [0xfffffffc][0xfffffffd][0xffffffc9][0xffffffaf]![0xffffffbc][0x14][0xffffffc2][0xffffffbd]5[\n]"
2024-07-29 11:03:33 DEBUG wire:106 - http-outgoing-1 << "[0xffffffe1][0xffffff85]#[0xffffffbc][0xc][0x10]^([0xffffffc2][0xb]Cx]@[0xfffffff8][0xffffffb8])[0xffffff84]g[0xffffff9d][0x10][0xffffffc2]o[0xffffffe7]a[0x11]~[0xffffff9c][0x0]F[0xfffffff8][0xfffffffb][0x19][0x10][0xffffff84][0x1f]OG[0x10][0xfffffffe][0xfffffff6][0xffffffe4][0xffffffd7][0x10]>~[0xffffff89][0xffffffff]N[0xffffffb7][0xffffff8e]q[0xffffffa3][0x10][0xffffffbe][0xffffff9f][0x7]F[0xfffffff8][0xffffffed][0x4]4[0xffffffc2][0xffffffdf][0xffffffce][0xffffffc0] [0xfffffffc][0xfffffff6]t[0x6][0xffffffe1][0xffffff8f]'[0xffffffbf][0xffffff86]p[0x15][0x16]^[0xffffffe7][0xffffffa0]B[0xffffffe2][0xffffffed]<0[0xffffffc2][0xffffffd5][0xffffffc0][0xffffffc2][0x15][0xffffffb5]p[0xffffffc5],\[0xffffffaf]X[0xffffffb8]G[0xffffff84][0xffffffeb][0xffffffad][0xffffffce]J![0xffffffdc]q[0xffffff84][0xffffffbb][0x1][0xffffffc2][0x1d]E[0xffffffb8]c[0x8][0xfffffff7]+[0x8][0xffffff8b]7[0x12][0xfffffff5]([0xffffffc0][0xffffffcb][0xffffffe1][0xffffffcf][0xfffffff3][0xffffffc0][0x8][0x1b][0xffffffbc][0xffffff91]8[0xffffffd0]7[0x12][0x7][0xfffffff6]F[0xffffffe2][0xffffffb8][0xfffffff2]F[0xffffffa2][0xffffffdc]~i[0x11][0xffffffe1]y[0x1b][0x10][0xffffffc2]o[0xffffffe7]a[0x11]~[0xffffff9c][0x0]F[0xfffffff8][0xfffffffb][0x19][0x10][0xffffff84][0x1f]OG[0x10][0xfffffffe][0xfffffff6][0xffffffe4][0xffffffd7][0x10][0x16][0xfffffff7]%ji[0x1c][0xffffffc2][0xffffffe0]}[0xffffff89]/'[0xffffffa0][0x11][0xffffff86][0xffffffee]K|y:[0xffffff83][0xfffffff0]k[0xfffffff7]%>[0xfffffffe][0xffffffa8][0x9][0xffffff84][0xffffffeb][0xffffffed][0xffffffa0][0xffffffde]H[0xffffffbc][0xffffff9d][0x7]F[0xffffffb8][0x19] [0xffffffdc]P[0xffffff84][0x1b][0xffffff86]p[0xffffffbb][0xffffff82][0xffffffb0]j[0xffffffe1]V[0xe][0xffffffea][0xffffffd7][0xffffffb9][0xffffff82][0xffffffb7]p1h[0xffffffe1][0xffffff82][0xffffffb6]p[0xffffffc1]Z[0xffffffb8]\i[0xffffffe1][0xffffffaa]B[0xffffffa2][0xffffffb5]U [0xffffff84]+[0x1e][0x12][0xffffffd5] $*[0x1a][0x12][0x15][0xb][0xffffff89]z%$[0xffffffaa]x/\[0xffffffdb]<[0xffffffa9]7[0x12][0x15][0x7f]/\[\r][0xffffffde][0xb]W[0xfffffff4][0xffffffbd]p[0xffffffc5][0xffffffde][0xb][0xffffffd7]+[0xffffffef][0xffffff85][0xffffffab]j[0xffffffe1]~[0xffffffdc]0[0xffffff84][0xfffffff1][0x16][0xffffffae][0x6]-[0xfffffffc][0xfffffffd][0xc][0xc][0xffffffc2]X[0xb][0x7f]{[0xfffffff2]k[0x8][0xffffffab][0xffffff9f]6z?[0xffffffa9][0x7f][0xffffff9d][0xffffffab][0xfffffff8]O[0x1b][0xffffffd5][0xffffffe0][0xffffffa7][0xffffff8d][0xffffff8a][0xfffffffe][0xffffffb4]Q[0xffffffb1][0xffffff9f]6[0xffffffea][0xffffff95][0xffffff9f]6[0xffffffee][0x7f]T[0xffffffcc][0x10].8[0xffffffc2][0xffffffc5][0x0][0xffffffe1][0xffffff82]"\0[0xffffff84][0xffffffcb][0x15][0xffffff84][0xffffffc3]5[0x1f][0x18]a[0xfffffff8][0xffffff9a][0xffffffcf][0xffffffe3][0x4]<[0xffffffc2][0xffffffe0]5[0xffffff9f][0xffffffc7][0xffffffd3])[0xffffff84]_[0xffffffbf][0xffffffe6]s[0xffffffff][0xffffffa3]a[0xffffff86][0xfffffff0][0xffffffc0][0x11][0x1e][0x6][0x8][0xf][0x14][0xffffffe1][0xffffff81]!<[0xffffffae] |[0xffffffb8]1|[0xfffffff0][0x10][0x1f][0xe][0x14][0x1f],[0xffffffc6][0x7][0xffffffc7][0xfffffff1]q[0x9][0xffffffe4][0xffffffe2][0x6]r[0xffffffe1]A.[0xe] [0x17][0x16][0xffffffe4][0xffffffc2][0xffffff81]\.[0xffffff81][0x1c][0xffffff87][0xfffffff3]a[0xffffff90][0xffffffb9][0xffffffe1][0xfffffffc][0xffffffaf]G[0xffffffe0]Af[0xffffff86][0xfffffff3][0xffffffbf]>[0xffffff9e][0x2][0xfffffff9][0xffffffa5][0xffffffe1][0xfffffffc][0xffffffef][0x7f][0xffffffd5][0xffffffdc]@n<[0xffffffc8][0xffffffcd][0x1][0xffffffe4][0xffffffc6][0xffffff82][0xffffffdc]8[0xffffff90][0xffffffdb]%[0xffffff90][0xffffff97][0xffffffdb][0xb][0xffffffe3][0xffffffc5][0xffffffbf]1[0xffffffbe][0x1f][0xffffff81][0x7][0xfffffff9][0xffffffe3][0x10][0x14][0xffffffc8][0xffffff8b]{i[0xffffffbc].[0xffffffbd]5>[0xffffffaa][0xffffffdb]K[0xffffffb7][0xfffffffb][0xffffff89]p[0xffffff94][0xffffffdf][0xffffffce][0xffffffc0][0xffffffb3][0xfffffffc][0xffffffed][0x14][0x14][0xffffffcc]o[0xffffffcf][0xffffffa7]h[0xfffffffe]x[0xfffffff6]o[0xffffffc4][0xffffffb9][0xffffffbf][0xffffffff][0xffffff99][0x18][0xffffffd7][0xffffffaf][0xffffffe7]m[0xffffffe4]_[0x8][0xfffffffa]<[0xf][0xffffff85][0xfffffff2][0xffffff97][0x13]` ogH[0xffffffc6][0xfffffff8][0xffffffcb][0xffffffd3][0xffffff93]![0xfffffffe][0xfffffff5][0xffffff93]_B[0xffffffb8][0xffffff89]q[0xfffffffd]z[0xffffffd6][0xffffff99][0x7f]-[0xfffffff3][0xfffffff3]<,[0xffffffc2][\r][0x1d][0xffffffd7][0xffffffdf][0xffffffce][0xffffff80] [0xffffffdc][0xffffff80]q[0xfffffffd]_?[0xfffffff9]5[0xffffff84][0xf][0xffffff85]po[0xfffffff9]I[0xfffffff1]y[0x1e][0x18][0xffffffe1][0xffffffc3][0x0][0xffffffe1][0x3]E[0xfffffff8][0xffffffc0][0x10]>[0xffffffae] [0xffffffac]n[0x16][0xffffff9f]}[0xffffff9d][0x14][0xffffffc2][0xffffffe0][0xffffffcd][0xffffffe2]/'[0xffffffa0][0x11][0xffffff86]n[0x16][0x7f]y:[0xffffff83][0xfffffff0]k7[0xffffff8b]?[0xfffffffe]H[0xffffffdd],>G[0xffffffcb]_ [0xfffffff8]y[0x1e][0x18]a[0xfffffff4]f[0xfffffff1]v[0x6][0x6]a[0xffffffe0]f[0xfffffff1][0xffffffaf][0xffffff9f][0xfffffffc][0x1a][0xffffffc2]M"[0xffffffbc][0xfffffff2]7N|[0xffffff9e][0x7]F[0xffffffb8][0x19] [0xffffffdc]P[0xffffff84][0x1b][0xffffff86]p[0xffffffbb][0xffffff82][0xfffffff0])[0x10][0xffffff9e][0xffffffa5]`!q[0xffffffe2][0x8][0xffffff9f][0x6][0x8][0xffffff9f]([0xffffffc2]'[0xffffff86][0xfffffff0]y[0x5]a[0xfffffff5]Rm[0xffffffce][0xffffff8e]Y[0x18][0x7f][0xffffffa9][0xffffffd6][0xc]^[0xffffffaa]5[0xfffffff4][0xffffffa5]Z[0xffffffc3]^[0xffffffaa][0xffffffb5]+/[0xffffffd5][0xffffffba]z[0xffffffa9][0xffffffb6][0xffffffca]A![0xffffffdc][0xfffffff1][0xffffff97]j[0xffffffdd][0xffffffe0][0xffffffa5]ZG_[0xffffffaa]u[0xffffffec][0xffffffa5]Z[0xffffffbf][0xfffffff2]R[0xffffffad][0xffffffab][0xffffff97]j[0xffffffab][0x15][0xffffffea][0xffffffa5]Z[0xffffffc7]_[0xffffffaa]u[0xffffff83][0xffffff97]j[0x1d]}[0xffffffa9][0xffffffd6][0xffffffb1][0xffffff97]j[0xfffffffd][0xffffffca]K[0xffffffb5][0xfffffffb][0x1f][0xffffffc5][0x11]%[0x16]alD[0xffffffe9][0xffffffcb][0x9]x[0xffffff84][0xffffff91][0x11][0xffffffa5]/O[0xffffffa7][0x10]~eD[0xffffffe9][0xffffffe3][0xffffff8f][0xffffff8a]B[0xfffffff8][0xffffffde][0xffffffd5][0x14][0xffffffc2][0x5]G[0xffffffb8][0x18] \P[0xffffff84][0xb][0xffffff86]p[0xffffffb9][0xffffff82]"
2024-07-29 11:03:33 DEBUG wire:92 - http-outgoing-1 << "[0xffffffb0]x/[0xffffffdc]n[0xffffffb7][0xffffff92][0xffffffbf]}[0xffffffed][0xfffffff3]<0[0xffffffc2][0x6][0xffffffef][0xffffff85];[0xfffffffa]^[0xffffffb8]c[0xffffffef][0xffffff85][0xfffffffb][0xffffff95][0xfffffff7][0xffffffc2][0xffffffbd]+[0xffffff84];[0xffffffb0]q[0xffffffe2][0xfffffff3]<0[0xffffffc2][0xffffffdd][0x0][0xffffffe1][0xffffff8e]"[0xffffffdc]1[0xffffff84][0xfffffffb][0x15][0xffffff84][0xffffffc5][0xffffffe7][0xffffffbd][0xffffffee][0x8]c7[0xffffffd5]:[0xfffffff8]y[0xffffffaf]/'[0xffffffa0][0x11][0xffffff86]>[0xffffffef][0xfffffff5][0xffffffe5][0xffffffe9][0xc][0xffffffc2][0xffffffaf]}[0xffffffde][0xffffffeb][0xffffffe3][0xffffff8f][0xffffffc4]O[0x1b][0xffffffed]68[0xb][0xffffffe3]?mt[0xffffff83][0xffffff9f]6:[0xfffffffa][0xffffffd3]F[0xffffffc7]~[0xffffffda][0xffffffe8]W~[0xffffffda][0xffffffe8]b[0x7][0xffffffe6][0x1d]a[0xffffffe0][0xffffffc3]2[0xffffff9f][0xffffffe7][0xffffff81][0x11]Fw`ng`[0x10][0x6]v`[0xfffffffe][0xfffffffa][0xffffffc9][0xffffffaf]!,~[0xffffff9d]k[0xffffffb7][0xfffffff3][0xffffffa4][0xffffffee][0xb]w[0xfffffffc][0xffffffd7][0xffffffb9]n[0xfffffff0][0xffffffeb]\G[0x7f][0xffffff9d][0xffffffeb][0xffffffd8][0xffffffaf]s[0xfffffffd][0xffffffca][0xffffffaf]sC[0xfffffffc][0xffffffb4][0xffffffd1][0xffffff90][0xffffffaf]r|[0xffffff9e][0xffffff87]Ex[0x18][0xfffffffc][0xffffffb4]1[0xffffffd0][0xffffff9f]6[0x6][0xfffffff6][0xffffffd3][0xffffffc6][0xffffffb8][0xfffffff2][0xffffffd3][0xffffffc6][0x10][0xfffffff7][0xffffff85][0xffffffdb]1*[0xfffffff5]Rm[0xffffffe0][0xfffffff7][0xffffff85][0xffffff87][0xffffffc1]}[0xffffffe1][0xffffff81][0xffffffde][0x17][0x1e][0xffffffd8]}[0xffffffe1]q[0xffffffe5][0xffffffbe][0xfffffff0][0xfffffffd][0xffffff8f][0xffffff9a][0x19][0xffffffc2][0xffffffd8][0xffffff87]e[0xffffffbe][0xffffff9c][0xffffff80]G[0x18][0xfffffff9][0xffffffb0][0xffffffcc][0xffffff97][0xffffffa7]S[0x8][0xffffffbf][0xfffffff2]a[0xffffff99][0xffffff8f]?R?m[0x1c]kP-<[0xfffffff0][0xffffff9f]6[0xffffff86][0xffffffc1]O[0x1b][0x3][0xfffffffd]ic`?m[0xffffff8c][0x1f][0xfffffffe][0xffffffb4][0xfffffff1]_> [0xfffffffc][0xffffffe7][0xffffffbf][0xfffffffe][0xffffffe9][0xe]2[0xffffff81][0xffffffe2][0xfffffffb][0xffffff93][0x1d][0xffffff80][0xfffffffc]8[0x9][0xffffff8e][0xffffffe5][0xffffff97]s@p~[0xffffff9c][0x0]C[0xfffffff4][0xfffffff3][0xfffffff9][0xffffffff][[0xffffffd7]v[0xffffffe1][0xffffffda]2[0xffffff80][0xffffffcf][0xffffff8a][0x7f][0xffffff9e][0x7]vm7pm[0xf]Pg[0xffffffe2][0xffffffdc]1[0xffffffd7]v'[0xffffffd7]F[0x14][0x19][0xffffffd7]* [0x19][0xffffffd7]F,[0xfffffff3]][0xffffffbb][0xffffffc3][0xffffff99][0xffffffed][0xffffffda][0x1d][0xffffffd1][0x17]\[0xffffffab]~i[0xffffffab][0xffffffc7][0xffffffc4]\[0xffffff8b][0xffffffff][0xffffffd2]6[0xc]~i[0x1b][0xffffffe8]/m[0x3][0xfffffffb][0xffffffa5]m[0xfffffffc][0xfffffff0][0xffffff97][0xffffffb6]l[0xffffffd7]F[0x14][0x19][0xffffffd7]* [0x19][0xffffffd7]F,[0xfffffff3]][0xffffffbb][0xffffffc3][0xffffff99][0xffffffed][0xffffffda][0x1d][0xffffffd1][0x17]\[0xffffffab]~[0x12][0xffffffae][0xffffffbd]b?F[0xffffffe0]?[0x9][0xf][0xffffff83][0xffffff9f][0xffffff84][0x7][0xfffffffa][0xffffff93][0xfffffff0][0xffffffc0]~[0x12][0x1e]?[0xfffffffc]I8[0xffffffdb][0xffffffb5][0x11]E[0xffffffc6][0xffffffb5][\n]"
2024-07-29 11:03:33 DEBUG wire:106 - http-outgoing-1 << "H[0xffffffc6][0xffffffb5][0x11][0xffffffcb]|[0xffffffd7][0xffffffee]pf[0xffffffbb]vG[0xfffffff4][0x5][0xffffffd7][0xffffffaa][0xffffffbb][0xb]utjE[0xffffffc9][0xffffffc0][0xffffffef].[0xc][0xffffff83][0xffffffbb][0xb][0x3][0xffffffbd][0xffffffbb]0[0xffffffb0][0xffffffbb][0xb][0xffffffe3][0xffffff87]w[0x17][0xffffffb2]][0x1b]Qd\[0xffffffab][0xffffff80]d\[0x1b][0xffffffb1][0xffffffcc]w[0xffffffed][0xe]g[0xffffffb6]kwD[0x7f][0xffffffbb]kO1[0x2][0xffffffdf][0xffffffea]yP[0xffffff93]k'>[0x2][0x7f][0x1a][0xffffff8c][0xffffffc0][0xffffff9f][0xffffffe8][0x8][0xfffffffc][0xffffff89][0xffffff8d][0xffffffc0][0xffffff9f]?[0x1c][0xffffff81]Ov[0xffffffad]@[0x11]q[0xffffffad][0x4][0x12]q[0xffffffad][0xffffffc0]2[0xffffffdd][0xffffffb5][0x1][0xffffffce]d[0xffffffd7][0x6]D_p[0xffffffad][0xffffffba][0xffffffd0]X[0xffffffef][0xffffffa5]L[0xffffffb9][0x16][0xffffffbf][0xffffffd0]x[0x1a]\h<[0xffffffd1][0xb][0xffffff8d]'v[0xffffffa1][0xfffffff1][0xfffffffc][0xffffffe1][0xffffff85][0xffffffc6]l[0xffffffd7]F[0x14][0x19][0xffffffd7]* [0x19][0xffffffd7]F,[0xfffffff3]][0xffffffbb][0xffffffc3][0xffffff99][0xffffffed][0xffffffda][0x1d][0xffffffd1][0x17]\[0xffffffab]n[0xffffffde][0xffffffd6]yP[0xffffffd7][0x16]O[0xfffffffc][0xffffffe6][0xffffffed]ip[0xfffffff3][0xfffffff6]Do[0xffffffde][0xffffff9e][0xffffffd8][0xffffffcd][0xffffffdb][0xfffffff3][0xffffff87]7o[0xffffffb3]][0x1b]Qd\[0xffffffab][0xffffff80]d\[0x1b][0xffffffb1][0xffffffcc]w[0xffffffed][0xe]g[0xffffffb6]kwD_p[0xffffffad][0xffffffba]_[[0x17][0xfffffff0][0xffffffad][0xffffffa0][0xffffffcf][0xfffffff3][0xffffffc0][0xffffffae]5[0xffffffb8]_{[0xffffffc6][0xffffff8b][0xffffff8c][0xffffff99]8c[0xfffffff7]k[0xffffffcf][0xfffffffd][0xfffffff2]"[0xffffffea]Z[0xffffff93][0xfffffffb][0xffffffb5][0x12]H[0xffffffc6][0xffffffb5][0x6][0xfffffff7]k[0x3][0xffffff9c][0xffffffd9][0xffffffae][0xffffffbd]~[0xffffffbf][0xfffffff6][0xfffffffe][0xffffffa7][0xffffffcd][0xffffffcc][0xffffffb5][0xfffffff0]8[0xffffffce][0xffffffe3][0x4][0xffffffbc]k[0xffffffc1]q[0xffffff9c][0xffffffc7][0xffffffd3])[0xffffffd7][0xfffffffe]`[0x1c]'[0xffffffdf][0xffffffb5];[0xffffff8a][0xffffff94]k#[0xffffff90][0xffffff94]kw,[0x9][0xffffffd7]6[0xffffffd8][0xffffffb5][0xffffffed][0xffffffaa]k[0xffffffd5]2[0xffffffa6][0xffffffb6][0xffffffb0][0xfffffff5][0xffffffd0]'[0xffffffbe][0xffffff8c][0xffffffe9]4X[0xffffffc6]t[0xffffffa2][0xffffffcb][0xffffff98]Nl[0x19][0xffffffd3][0xfffffff9][0xffffffc3]eL[0xffffffd9][0xffffffae][0xffffff8d](2[0xffffffae]U@2[0xffffffae][0xffffff8d]X[0xffffffe6][0xffffffbb]v[0xffffff87]3[0xffffffdb][0xffffffb5];[0xffffffa2]/[0xffffffb8]V[0xffffffcd]2[0xfffffff4][0xffffff82]}M[0xffffffe2][0xffffffc4]g[0x19]N[0xffffff83]Y[0xffffff86]3^[0x1a][0xffffffcf][0xffffffc4][0x19][0xffffff9b]e8[0xfffffff7][0xffffff8b][0xffffffe2][0xffffffa8]kMf[0x19]$[0xffffff90][0xffffff8c]k[\r]f[0x19][0x2][0xffffff9c][0xffffffd9][0xffffffae][0xffffffbd]>[0xffffffcb]0[0xffffffd5]=[0xffffff84][0xffffffd1][0xffffffb0]O[0x0]N[0xfffffffc][0x1e][0xffffffc2]4[0xffffffb8][0xffffff87]0[0xffffffe3][0xf][0xffffffbe][0xffffff89]8O[0xffffffec][0x1e][0xffffffc2][0xffffffdc][0x7f][0xffffffe4]%]+PD\+[0xffffff81]D\+[0xffffffb0]Lwm[0xffffff80]3[0xffffffd9][0xffffffb5][0x1][0xffffffd1][0x17]\[0xffffffdb][0xffffff95]kWi[0xffffff94]k;[0xffffffee][0xffffffda]n[0xffffffe0][0xffffffda][0x1e][0xffffffa0][0xffffffce][0xffffffc4][0xffffffb9]c[0xffffffae][0xffffffed]N[0xffffffae][0xffffff8d](2[0xffffffae]U@2[0xffffffae][0xffffff8d]X[0xffffffe6][0xffffffbb]v[0xffffff87]3[0xffffffdb][0xffffffb5];[0xffffffa2]/[0xffffffb8]V[0xffffffcd][0xffffff8d][0xffffff9d][0xfffffff7][0x7f]"[0xffffffe5]Z|nl[0x1a][0xffffffcc][0xffffff8d][0xffffffcd]8[0xffffffa0][0xffffff93][0xffffff89]3676[0xfffffff7][0xffffffa1][0x1c][0xffffffd4][0xffffffb5]&sc[0x12]H[0xffffffc6][0xffffffb5][0x6]sc[0x1][0xffffffce]l[0xffffffd7]^[0xffffff9f][0x1b][[0xffffffb7]_jp[0xffffffed][0xffffffbc][0xffffffff]_[0xffffffc8][0xffffffb5]o[0xffffffe7]a][0xfffffffb]8[0x1][0xffffffec][0xffffffda][0xffffffef]g@\[0xfffffffb]x:[0xffffffe2][0xffffffda]oO[0xffffffb6]p[0xffffffad]@[0x11]q[0xffffffad][0x4][0x12]q[0xffffffad][0xffffffc0]2[0xffffffdd][0xffffffb5][0x1][0xffffffce]d[0xffffffd7][0x6]D_r[0xffffffed][0xffffffe1]&[0xffffffdb][0xffffff83][0xffffffb7][0xffffffed][0xffffffe1][0xffffffa0][0xffffffdb][0xffffff83][0xfffffff5][0xffffffed][0xffffffc1][0x9][0xfffffff7][0xffffffb0]2n[0xffffffe0][0xffffff91]R[0xffffffae][0xffffffa0][0xffffff92]rn`[0xffffff93][0xffffff90][0xffffffee]A[[0xfffffff7][0xfffffff8][0x9][0xffffffed]>^[0xffffffd3]:i[0xffffffb7][0xffffffc0][0xffffff97]m[0xffffffdf][0xffffff8f][0xffffffc0]k[0xffffffb7][0xffffff80][0xffffffd7]m[0xffffffdf][0x1f]Oi[0xffffffb7][0xfffffff8]\[0xffffffb8]U<R[0xffffffda][0x15]TR[0xffffffda][\r]l[0x12][0xffffffda]-[0xffffffe8][0xffffffa5][0xffffffdb][0xffffffc8][0xffffffe9]K[0xffffffda][0xffffffed][0xffffffc3]L[0xffffffbb]}[0xffffffe0][0xffffffda][0xffffffbd][0x1f][0xffffff81][0xffffffd7][0xffffffee][0xffffffc7]!([0xffffffed][0xffffffde][0x1f]Oi[0xfffffff7][0xfffffffd][0xffffffd1].[0xffffffda][\r]<R[0xffffffda][0x15]TR[0xffffffda][\r]l[0x12][0xffffffda][0xffffffdd][0x8][0xffffffcd][0xffffffd7][0xffffffee][0xffffffc6][0xffffffe9]K[0xffffffda]=[0xffffffbb][0xffffff99]v[0xffffffcf][0xffffff8e]k[0xfffffff7]~[0x4]^[0xffffffbb][0x1f][0xffffff87][0xffffffa0][0xffffffb4]{[0x7f]<[0xffffffa5][0xffffffdd][0xfffffff7]G[0xffffffbb]h7[0xfffffff0]HiWPIi7[0xffffffb0]Ihw#4_[0xffffffbb][0x1b][0xffffffa7]/iw[0xffffffc5]K[0xb][0xffffffac]v[0x17]|k[0xffffffe1][0xfffffffd][0x8][0xffffffbc]v?[0xe]AiwA[0x17][0x17][0xffffffbe]?[0xffffffda]E[0xffffffbb][0xffffff81]GJ[0xffffffbb][0xffffff82]JJ[0xffffffbb][0xffffff81]MB[0xffffffbb][0xb][0xffffffbd][0xffffffbd][0x10]9}M[0xffffffbb][0xffffffd3]M[0xffffffbb][0xffffff93][0xffffffd7][0xffffffee]t[0xffffffd0][0xffffffee]d[0xffffffb5];9[0xffffffed]N+[0xffffffed][0xffffffee]<b[0xffffffda][0xffffff8d]Tb[0xffffffda][0xffffffdd][0xffffffd9]D[0xffffffb4];i[0xffffffed][0xffffffce][0xffffffeb][0xffffffda]=n[0xffffffc5][0xffffffcc][0xffffffbb][0xfffffff7][0x13][0xffffffe1][0xffffffe2]};[0x3]o[0xffffffde]o[0xffffffa7][0xffffffa0][0xffffffd4][0xfffffffb][0xfffffff6]|[0xffffffca][0xffffffbd][0x1f][0xffffffcf]v[0xffffff91]o[0xffffff84][0xffffff92][0xffffffb2][0xffffffaf]B[0xffffff93][0xffffffd2]o[0x4][0xffffff94][0xfffffff0][0xffffffef][0xffffff8e]i[0xffffffbe][0xffffff80]wX_3[0xfffffff0][0xffffffe9][0xfffffff6][0xffffffc2][0xffffffe1]~"[0xffffffde][0xffffffc0][0xfffffff7]3[0x18][0x18][0xfffffff8][0xffffffe3][0x14][0xffffff98][0xffffff81]O[0xffffffee][0xffffffa5][0xffffffc3][0xffffffc7][0xffffffb3]m[0xc][0x1c][0xffffffa0][0xffffffc4][0xc],[0xffffffd0][0xffffffc4][0xc][0x1c][0x0]E[0xc]|[0xffffffd2]o[0x1e]vX[0x7f]"
2024-07-29 11:03:33 DEBUG wire:92 - http-outgoing-1 << "[0xffffff8b][0xffffff81][0xffffffc7][0xfffffffb][0x1f][0xffffffab][0xffffffed][0xb][0xfffffff3][0xffffffac][0xfffffff9][0xfffffffe][0xfffffffd]<[0xf]e[0xffffffdf]/'[0xffffffc0][0xffffffdc][0xffffffbb][0xffffff9d]![0xffffffd9][0xffffffbc]_[0xffffff9e][0xffffff9e][0xffffffec][0xffffffdd]_?[0x19][0xffffffb6][0xffffffee]S[0x14][0xffffff93][0xffffff9d][0xfffffffb][0x3] [0xffffff93][0xffffff8d][0xfffffffb][0x14][0xffffffcb]D[0xffffffdf]>[0xffffff81]3[0xffffffcd][0xffffffb6]O[0x10]}[0xffffffc1][0xffffffb5]j3[0xfffffff9][0xffffffaa][0xffffffa3]P[0xffffffae][0x5]7[0xffffff93][0x7f]9[0x1][0xffffffed]Zh3[0xfffffff9][0xffffff97][0xffffffa7]3[0xffffffae][0xfffffff5][0xffffffd8]L[0xfffffffe][0x14]E[0xffffffc6][0xffffffb5][0x6][0xffffff9b][0xffffffc9][0xffffff9f]b[0xffffff99][0xffffffef]Zl3[0xfffffff9][0x13]D_pmS[0xffffffae][0x1d]=[0x7f]3[0xfffffff9][0xffffffe7]y`[0xffffffd7]6[0x3][0xffffffd7][0xffffffb6][0x0]u&[0xffffffce][\r]smsrmD[0xffffff91]q[0xffffffad][0x2][0xffffff92]qm[0xffffffc4]2[0xffffffdf][0xffffffb5];[0xffffff9c][0xffffffd9][0xffffffae][0xffffffdd][0x11]}[0xffffffc1][0xffffffb5]][0xffffffb9]v[0x1d][0xffffff98]k;[0xffffffee][0xffffffda]n[0xffffffe0][0xffffffda][0x1e][0xffffffa0][0xffffffce][0xffffffc4][0xffffffb9]c[0xffffffae][0xffffffed]N[0xffffffae][0xffffff8d](2[0xffffffae]U@2[0xffffffae][0xffffff8d]X[0xffffffe6][0xffffffbb]v[0xffffff87]3[0xffffffdb][0xffffffb5];[0xffffffa2]/[0xffffffb8]vD[0xffffffd7][0xfffffff6][0xffffffdb]m`[0xffffffae][0x1d][0xffffffb8]k[0xffffff87][0xffffff81]kG[0xffffff80]:[0x13][0xffffffe7][0xffffff81][0xffffffb9]v8[0xffffffb9]6[0xffffffa2][0xffffffc8][0xffffffb8]V[0x1][0xffffffc9][0xffffffb8]6b[0xffffff99][0xffffffef][0xffffffda][0x1d][0xffffffce]l[0xffffffd7][0xffffffee][0xffffff88][0xffffffbe][0xffffffe0]Z[0xfffffff1][0x15][0xffffff88][0xffffffbb]k[0x17][0xfffffff6][0xffffffbe][0x16][0xfffffffc][\n]"
2024-07-29 11:03:33 DEBUG wire:92 - http-outgoing-1 << "[0xffffffc4][0xffffff97][0x13][0xffffffd0][0xffffffae][0xffffff85][0xffffffbe][0x2][0xfffffff1][0xffffffe5][0xffffffe9][0xffffff8c]k=[0xffffffbe][0x2][0xfffffff1][0x14]E[0xffffffc6][0xffffffb5][0x6]_[0xffffff81]x[0xffffff8a]e[0xffffffbe]k[0xffffffb1][0xffffffaf]@<A[0xfffffff4][0x5][0xffffffd7]N[0xffffffe5][0xffffffda][0xffffffe3][0xffffffc8][0xffffffff][\n]"
2024-07-29 11:03:33 DEBUG wire:92 - http-outgoing-1 << "[0xffffffc4][0xffffffe7]y`[0xffffffd7]N[0x3][0xffffffd7][0xffffffce][0x0]u&[0xffffffce][0x13]s[0xffffffed]trmD[0xffffff91]q[0xffffffad][0x2][0xffffff92]qm[0xffffffc4]2[0xffffffdf][0xffffffb5];[0xffffff9c][0xffffffd9][0xffffffae][0xffffffdd][0x11]}[0xffffffc1][0xffffffb5]b3[0xfffffff9][0xffffffdd][0xffffffb5][0xffffffc0][0xffffffd7][0xffffffcd]>[0xffffffcf][0x3][0xffffffbb][0x16][0xffffffdd]L[0xffffffbe][0xffffff9d][0xffffff81]q-[0xffffffb0][0xffffff99][0xfffffffc][0xffffffd7]O[0xfffffff6]p-[0xffffffbe][0xffffff99][0xfffffffc][0x7]@2[0xffffffae]E7[0xffffff93]?[0xffffff81]3[0xffffffdb][0xffffffb5]W6[0xffffff93]?[0xfffffffe]t[0xffffffde]n[0xffffffca][0xffffffb5][0xffffffa5]B[0xffffffae]}[0xffffff9c][0x7]u[0xffffffed][0xfffffffb][0x9]X[0xffffffd7]~[0xffffff9e][0xffffff81]p[0xffffffed][0xfffffffb][0xffffffd3][0x9][0xffffffd7]~[0x7f][0xffffffb2][0xffffff83]k[0x15][0xffffff8a][0xffffff84]k5[0xffffff90][0xffffff84]k[0x15][0xffffff96][0xffffffd9][0xffffffae][0xffffff8d]p[0xffffffe6][0xffffffba]6"[0xfffffffa][0xffffff82]k[0xffffffc5],C[0xffffffbf][0xffffffd5][\n]"
2024-07-29 11:03:33 DEBUG wire:92 - http-outgoing-1 << "[0xffffffbd]Cx[0xffffff9c][0x7]v-?[0xffffffcb][0xfffffff0]y[0x6][0xffffffc6][0xffffffb5][0xffffffd4],[0xffffffc3][0xfffffff7]'{[0xffffffb8][0xffffffd6]c[0xffffff96]A[0x3][0xffffffc9][0xffffffb8][0xffffff96][0xffffff9f]e[0xffffff88]pf[0xffffffbb][0xfffffff6][0xfffffff2],[0xffffffc3][0xffffffbc][0x15][0xffffffe5][0xffffffda]6N[0xffffffca][0xffffffb5][0x5]wm1pm[0x9]Pg[0xffffffe2]\0[0xffffffd7][0x16]'[0xffffffd7]F[0x14][0x19][0xffffffd7]* [0x19][0xffffffd7]F,[0xfffffff3]][0xffffffbb][0xffffffc3][0xffffff99][0xffffffed][0xffffffda][0x1d][0xffffffd1][0x17]\[[0x7f][0x9][j[0xfffffffa]m[0x15][0xffffffcc][0xffffffb5][0xfffffff7][0xfffffff3][0xffffffc0][0xffffffae]};[0x1][0xffffffed][0xffffffda]og`\[0xfffffffb][0xfffffff6]t[0xffffffc6][0xffffffb5][0x1f]O[0xfffffff6]pmD[0xffffff91]q[0xffffffad][0x2][0xffffff92]qm[0xffffffc4]2[0xffffffdf][0xffffffb5];[0xffffff9c][0xffffffd9][0xffffffae][0xffffffdd][0x11]}[0xffffffc1][0xffffffb5]bn[0xffffffac][0x1f]G[0xffffffc5]\K[0xffffffcf][0xffffff8d][0xffffffbd][0xffffff9f][0xffffff80]v-97[0xfffffff6][0xfffffffe]t[0xffffffc6][0xffffffb5]Fsc[\n]"
2024-07-29 11:03:33 DEBUG wire:92 - http-outgoing-1 << "E[0xffffffc6][0xffffffb5].sc[\n]"
2024-07-29 11:03:33 DEBUG wire:92 - http-outgoing-1 << "[0xffffffcb]|[0xffffffd7][0xffffffb2]sc[0x11][0xffffffd1][0x17]\+[0xffffffe6][0xffffffc6][0xfffffffa][0xffffffd1][0xfffffffa][0xffffffa4]\K[0xffffffcf][0xffffff8d][0xffffffbd][0xffffff9f][0xffffff80]v-97[0xfffffff6][0xfffffffe]t[0xffffffc6][0xffffffb5]Fsc[\n]"
2024-07-29 11:03:33 DEBUG wire:92 - http-outgoing-1 << "E[0xffffffc6][0xffffffb5].sc[\n]"
2024-07-29 11:03:33 DEBUG wire:92 - http-outgoing-1 << "[0xffffffcb]|[0xffffffd7][0xffffffb2]sc[0x11][0xffffffd1][0x17]\;[0xffffff94]k[0xffffffcf][0xffffff86]u[0xffffffed][0xffffffc0]];[0xc]\;[0x2][0xffffffd4][0xffffff99]8[0xf][0xffffffcc][0xffffffb5][0xffffffc3][0xffffffc9][0xffffffb5][0x11]E[0xffffffc6][0xffffffb5][\n]"
2024-07-29 11:03:33 DEBUG wire:92 - http-outgoing-1 << "H[0xffffffc6][0xffffffb5][0x11][0xffffffcb]|[0xffffffd7][0xffffffee]pf[0xffffffbb]vG[0xfffffff4][0x5][0xffffffd7][0xffffffaa][0xffffffb9][0xffffffb1]r[0xffffff9c][0xffffff98]k[0xffffffe9][0xffffffb9][0xffffffb1][0xfffffff7][0x13][0xffffffd0][0xffffffae]%[0xffffffe7][0xffffffc6][0xffffffde][0xffffff9f][0xffffffce][0xffffffb8][0xffffffd6]hnL[0xffffffa1][0xffffffc8][0xffffffb8][0xffffffd6]enLa[0xffffff99][0xffffffef]Zvn,"[0xfffffffa][0xffffff82]k[0xffffffd5][0xffffffdc]Xi7[0xffffffec][0x1d][0x2]=7[0xfffffff6]~[0x2][0xffffffda][0xffffffb5][0xffffffe4][0xffffffdc][0xffffffd8][0xfffffffb][0xffffffd3][0x19][0xffffffd7][0x1a][0xffffffcd][0xffffff8d])[0x14][0x19][0xffffffd7][0xffffffba][0xffffffcc][0xffffff8d]),[0xfffffff3]][0xffffffcb][0xffffffce][0xffffff8d]ED_rm[0xffffffbc][0xffffff87][0xffffffc0][0xffffffba][0xffffff96][0xffffffbe][0xffffff87]0[\r][0xffffffee]![0xffffffcc][0xfffffff0][0xffffff83]o.[0xffffffce][0xffffffd4]=[0xffffff84][0xffffffe9]t[0xf]![0xffffffa2]H[0xffffffb9][0xffffffd6][0xffffffe5][0x1e]B[0xffffffc4][0xffffff92]p-{[0xf]aG[0xfffffff4][0x5][0xffffffd7][0xffffffaa][0x19][0xffffffdd]r[0xffffff9e][0xffffffd8],[0x3]=[0xffffffa3][0xfffffffb]~[0x2][0xffffffda][0xffffffb5][0xffffffe4][0xffffff8c][0xffffffee][0xfffffffb][0xffffffd3][0x19][0xffffffd7][0x1a][0xffffffcd][0xffffffe8]*[0x14][0x19][0xffffffd7][0xffffffba][0xffffffcc][0xffffffe8]*,[0xfffffff3]][0xffffffcb][0xffffffce][0xffffffe8]FD_r[0xffffffad][0xffffffe8]Z[0xffffffd4][0xffffffb5]t[0xffffffd7].[0xffffff83][0xffffffae]]! rq[0xffffffa6][0xffffffba]v9umD[0xffffff91]r[0xffffffad]K[0xffffffd7]F,[0x9][0xffffffd7][0xffffffb2]][0xffffffbb]#[0xfffffffa][0xffffffdb]]{[0xffffffa8]}[0x8]e[0x1d][0x7][0xffffffe4][0xffffffda][0x3][0xffffffdf][0xffffff87]p[0x18][0xffffffec]C8[0xffffffe2][0xffffffe0]y"[0xffffffce][0x7][0xffffffb6][0xf][0xffffffe1][0xffffffd8][0xffffff87][0xffffffcd]I[0xffffffd7][\n]"
2024-07-29 11:03:33 DEBUG wire:92 - http-outgoing-1 << "[0x14][0x11][0xffffffd7]J [0x11][0xffffffd7][\n]"
2024-07-29 11:03:33 DEBUG wire:92 - http-outgoing-1 << ",[0xffffffd3]][0x1b][0xffffffe0]Lvm@[0xfffffff4][0x5][0xffffffd7][0xffffffaa][0x19][0xffffffdd][0xffffffb2]f[0xffffffa1]\[0xffffff8b][0xffffffcf][0xffffffe8][0x1e][0x6]3[0xffffffba]G[0x1c][0xffffff86][0xffffffcc][0xffffffc4][0x19][0xffffff9b][0xffffffd1]=[0xfffffff6][0x1]H[0xffffffd4][0xffffffb5]&3[0xffffffba][0x12]H[0xffffffc6][0xffffffb5][0x6]3[0xffffffba][0x1][0xffffffce]l[0xffffffd7]^[0xffffff9f][0xffffffd1]=[0xffffffd4],C[0xffffffed][0xffffffb7]N[0xffffffb9][0x16][0xffffff9f]e8[0xc]f[0x19][0xffffff8e]xi<[0x13]gl[0xffffff96][0xffffffe1][0xffffffd8]/[0xffffff8a][0xffffffa3][0xffffffae]5[0xffffff99]e[0xffffff90]@2[0xffffffae]5[0xffffff98]e[0x8]pf[0xffffffbb][0xfffffff6][0xfffffffa],[0xffffffc3][0xffffffdb][0xffffffff][0x13]]{N[0xffffffec][0x1d][0xffffffc2][0xffffffc0]];[0xc]\;[0x2][0xffffffd4][0xffffff99]8[0xf][0xffffffcc][0xffffffb5][0xffffffc3][0xffffffc9][0xffffffb5][0x11]E[0xffffffc6][0xffffffb5][\n]"
2024-07-29 11:03:33 DEBUG wire:92 - http-outgoing-1 << "H[0xffffffc6][0xffffffb5][0x11][0xffffffcb]|[0xffffffd7][0xffffffee]pf[0xffffffbb]vG[0xfffffff4][0x5][0xffffffd7][0xffffffaa]Y[0xffffff86]v4[0xffffffec][0x1d][0x2]>[0xffffffcb]p[0x18][0xffffffcc]2[0x1c][0xfffffff1][0xffffffd2]x&[0xffffffce][0xffffffd8],[0xffffffc3][0xffffffb1]_[0x14]G]k2[0xffffffcb] [0xffffff81]d\k0[0xffffffcb][0x10][0xffffffe0][0xffffffcc]v[0xffffffed][0xfffffff5]Y[0xffffff86]C[0xffffffcd]2[0xffffffb4][0xffffffda][0xffffffb0][0xffffffae][0xffffffc5]g[0x19][0xe][0xffffff83]Y[0xffffff86]#^[0x1a][0xffffffcf][0xffffffc4][0x19][0xffffff9b]e8[0xfffffff6][0xffffff8b][0xffffffe2][0xffffffa8]kMf[0x19]$[0xffffff90][0xffffff8c]k[\r]f[0x19][0x2][0xffffff9c][0xffffffd9][0xffffffae][0xffffffbd]>[0xffffffcb]P[0xffffffd4][0xfffffffb][0xffffffda][0xffffffbe][0x1a][0xfffffff4][0x1d][0xffffffdd][0xffffffc7]yX[0xffffffd7][0x16][0xffffff83][0xfffffff7][0xffffffb5]%[0xffffffbe][0x18]K[0xffffffc4][0xffffffb9]`[0xffffffef]k[0xffffffcb][0xfffffffe]2[0xffffff8c]t[0xffffffad]@[0x11]q[0xffffffad][0x4][0x12]q[0xffffffad][0xffffffc0]2[0xffffffdd][0xffffffb5][0x1][0xffffffce]d[0xffffffd7][0x6]D_p[0xffffffad]z[0xffffff87]0n[0xffffffd4][0xffffffb7][0x1d][0x1f][0xffffffe7][0xffffff81]]k[0xfffffff0][0xe][0xffffffa1][0xffffffc4][0x7f]Y[0xffffffcb][0xffffffc4][0x19]{[0xffffff87]P[0xfffffff6][0x7f]AC]k[0xfffffff2][0xe]A[0x2][0xffffffc9][0xffffffb8][0xffffffd6][0xffffffe0][0x1d]B[0xffffff80]3[0xffffffdb][0xffffffb5][0xffffffd7][0xffffffdf]![0x14][0xfffffff5][0xe]a[0x1c][0xffffffd8][0xfffffff7][0xffffffc6][\n]"
2024-07-29 11:03:33 DEBUG wire:106 - http-outgoing-1 << "[0xfffffffe][0xe][0xffffffa1][0x18][0xffffffbc]C([0xfffffff1]_[0xffffffd6]2q[0xffffffc6][0xffffffde]![0xffffff94][0xfffffffd]_[0xffffffd0]P[0xffffffd7][0xffffff9a][0xffffffbc]C[0xffffff90]@2[0xffffffae]5x[0xffffff87][0x10][0xffffffe0][0xffffffcc]v[0xffffffed]O[0xffffffbc]CP3[0xffffffba][0xffffffa3][0xffffff9d][0xffffff8d]r->[0xffffffa3][[0xc]ftK[0x1c][0xffffff86][0xffffffcc][0xffffffc4][0x19][0xffffff9b][0xffffffd1]-[0xfffffffb][0x0]$[0xffffffea]Z"
2024-07-29 11:03:33 DEBUG wire:92 - http-outgoing-1 << "[0xffffff93][0x19]][0x9]$[0xffffffe3]Z[0xffffff83][0x19][0xffffffdd][0x0]g[0xffffffb6]k[0xffffffaf][0xffffffcf][0xffffffe8]V5[0xffffffcb]p[0xffffffb6]N[0xffffffb9][0xffffffb6][0xffffffe2][0xffffffb3][0xc][0xffffffd5]`[0xffffff96][0xffffffa1][0xffffffc6]K[0xffffffe3][0xffffff89]8Wl[0xffffff96][0xffffffa1][0xffffffee][0x17][0xffffffc5]I[0xffffffd7][\n]"
2024-07-29 11:03:33 DEBUG wire:92 - http-outgoing-1 << "[0x14][0x11][0xffffffd7]J [0x11][0xffffffd7][\n]"
2024-07-29 11:03:33 DEBUG wire:92 - http-outgoing-1 << ",[0xffffffd3]][0x1b][0xffffffe0]Lvm@[0xfffffff4][0x5][0xffffffd7][0xffffffaa][0xffffffdf][0xffffffc6]f;[0xffffffa9]w[0x8][0x15][0xffffffff]m[0xffffffac][0x1a][0xfffffffc]6V[0xffffffe3][0xffffff8f][0x10][0xffffff99]8c[0xffffffbf][0xffffff8d][0xffffffd5][0xfffffffd][0xffffff87][0x7][0xffffffd4][0xffffffb5]&[0xffffffbf][0xffffff8d]I [0x19][0xffffffd7][0x1a][0xfffffffc]6[0x16][0xffffffe0][0xffffffcc]v[0xffffffed][0xfffffff5][0xffffffdf][0xffffffc6][0xffffffaa]z[0xffffff87][0xffffffb0]j[0xffffffa5]v*V[0xfffffffc][0x1d]B5x[0xffffff87]P[0xffffffe3][0xffffffbf][0xffffffac]e[0xffffffe2][0xffffff8c][0xffffffbd]C[0xffffffa8][0xfffffffb][0xffffffbf][0xffffffa0][0xffffffa1][0xffffffae]5y[0xffffff87] [0xffffff81]d\k[0xfffffff0][0xe]![0xffffffc0][0xffffff99][0xffffffed][0xffffffda][0xffffffeb][0xffffffef][0x10][0xffffff9a][0xffffffda]=[0xffffffb3]*67[0xffffffd6][0xfffffff0][0xffffffdd]3[0xffffffcd]`[0xfffffff7]L[0xffffff8b]K>[0x12]qn[0xffffffd8][0xffffffee][0xffffff99][0xffffffb6]/[0xfffffff6] ]+PD\+[0xffffff81]D\+[0xffffffb0]Lwm[0xffffff80]3[0xffffffd9][0xffffffb5][0x1][0xffffffd1][0x17]\{([0xffffffd7][0xffffffb6][0xffffff83][0xfffffffa][0x6][0xffffffce][0xffffffdb]y`[0xffffffd7][0x1e][0x6][0xffffffae]=[0x2][0xffffffd4][0xffffff99]8[0x1f][0xffffff98]k[0xf]'[0xffffffd7]F[0x14][0x19][0xffffffd7]* [0x19][0xffffffd7]F,[0xfffffff3]][0xffffffbb][0xffffffc3][0xffffff99][0xffffffed][0xffffffda][0x1d][0xffffffd1][0x17]\[0xffffffab]~[0x1b][[0xffffffbd]R[0xfffffff7]k[0x1b][0xfffffffe][0xffffffdb]X3[0xfffffff8]m[0xffffffac][0xffffffc5][0x1f]!2q[0xffffffc6]~[0x1b]k[0xfffffffb][0xf][0xf][0xffffffa8]kM~[0x1b][0xffffff93]@2[0xffffffae]5[0xfffffff8]m,[0xffffffc0][0xffffff99][0xffffffed][0xffffffda][0xffffffeb][0xffffffbf][0xffffff8d][0xffffffb5][0xffffffaa]\{b[0xfffffffb][0x10][0xffffffde][0xffffffce][0x3][0xffffffbb][0xffffffb6][0x1a][0xffffffb8][0xffffffb6][0x6][0xffffffa8]3q[0xffffffae][0xffffff98]k[0xffffffab][0xffffff93]k#[0xffffff8a][0xffffff8c]k[0x15][0xffffff90][0xffffff8c]k#[0xffffff96][0xfffffff9][0xffffffae][0xffffffdd][0xffffffe1][0xffffffcc]v[0xffffffed][0xffffff8e][0xffffffe8][0xb][0xffffffae]m[0xffffffca][0xffffffb5][0xffffffab]a][0xffffffdb]p[0xffffffd7]6[0x3][0xffffffd7][0xffffffb6][0x0]u&[0xffffffce][\r]smsrmD[0xffffff91]q[0xffffffad][0x2][0xffffff92]qm[0xffffffc4]2[0xffffffdf][0xffffffb5];[0xffffff9c][0xffffffd9][0xffffffae][0xffffffdd][0x11]}[0xffffffc1][0xffffffb5][0xffffffe2][0xffffffce][0xffffffd7][0xffffffb8][0xffffffd5][0xffffff82][0xfffffffd]6[0xffffff86][0xffffffdf][0xfffffff9]j[0x6]w[0xffffffbe]Z[0xffffffbc]\[0xffffff93][0xffffff89]3v[0xffffffe7][0xffffffab][0xffffffed][0x17]jP[0xffffffd7][0xffffff9a][0xffffffdc][0xfffffff9][0xffffff92]@2[0xffffffae]5[0xffffffb8][0xfffffff3][0x15][0xffffffe0][0xffffffcc]v[0xffffffed][0xfffffff5];_[0xfffffff7]?-f[0xffffffae][0xffffff85][0xffffffbf]7[0xfffffff6]8[0x1][0xffffffef]Z[0xfffffff0]{c[0xffffff8f][0xffffffa7]S[0xffffffae][0xfffffff5][0xfffffff9][0xffffffde][0xffffff98]@[0xffffff91]r[0xffffffad][0xffffffc9][0xfffffff7][0xffffffc6][0x4][0xffffff96][0xffffff84]k[0xffffffd1][0xffffffef][0xffffff8d][0x5]D_rm5sm[0xffffffc5]][[\r]\[Q[0xffffffd7]V[0xffffffcc][0xffffffb5][0xffffffd5][0xffffffc9][0xffffffb5];[0xffffff8a][0xffffff94]k#[0xffffff90][0xffffff94]kw,[0x9][0xffffffd7]V[0xffffffd8][0xffffffb5][0xfffffff5][0xffffffba]k[0xffffff9b][0xffffff99]k[0x1b][0xffffffee][0xffffffda]f[0xffffffe0][0xffffffda][0xffffff86][0xffffffba][0xffffffb6]a[0xffffffae]mN[0xffffffae][0xffffffdd]Q[0xffffffa4]\[0x1b][0xffffff81][0xffffffa4]\[0xffffffbb]cI[0xffffffb8][0xffffffb6][0xffffffc1][0xffffffae]m[0xffffffd7]]{[0xffffffb8][0xffffffc9][0xfffffff6][0xffffffe0]m{8[0xffffffe8][0xfffffff6]`}{p[0xffffffc2]=[0xffffffac][0xffffff8c][0x1b]x[0xffffffa4][0xffffff94]+[0xffffffa8][0xffffffa4][0xffffff9c][0x1b][0xffffffd8]$[0xffffffa4]{[0xffffffd0][0xffffffd6]=~B[0xffffffbb][0xffffffd5][0xffffffed][0xffffffdd]m[0xffffffe5]_[0xffffffde]V[0xffffff87][0xffffffb7][0xffffffb7][0xffffff95]}}[[0xffffffb9][0xfffffff7][0xffffffb7][0xffffffd5][0xffffffea][0x5]n[0xffffffe0][0xffffff91][0xffffffd2][0xffffffae][0xffffffa0][0xffffff92][0xffffffd2]n`[0xffffff93][0xffffffd0]n[0xffffffa5]_[0xffffffe2][0xffffffd6][0xffffff9f]x[0xffffff8b][0xffffffdb][0xffffffdc][0xffffffb4][0xffffffdb]x[0xffffffed]6[0x7][0xffffffed]6V[0xffffffbb][0xffffff8d][0xffffffd3]n[0xffffffb3][0xffffffd2]n[0xffffffe0][0xffffff91][0xffffffd2][0xffffffae][0xffffffa0][0xffffff92][0xffffffd2]n`[0xffffff93][0xffffffd0]n[0xffffffa3][0xffffffb5][0xffffffdb]~F[0xffffffbb][0xffffffcb]M[0xffffffbb][0xffffff8b][0xffffffd7][0xffffffee]r[0xffffffd0][0xffffffee]b[0xffffffb5][0xffffffbb]8[0xffffffed].+[0xffffffed][0xffffffee]<b[0xffffffda][0xffffff8d]Tb[0xffffffda][0xffffffdd][0xffffffd9]D[0xffffffb4][0xffffffbb]h[0xffffffed][0xffffffae][0xffffffeb][0xffffffda][0x1d]n[0xffffffb5];[0xfffffff8][0xffffffda][0x1d][0xe][0xffffffb5];[0xffffffd8][0xffffffda][0x1d]\[0xffffffed][0xe][0xffffffab][0xffffffda][\r]<R[0xffffffda][0x15]TR[0xffffffda][\r]l[0x12][0xffffffda][0x1d]t[0xffffffed][0xffffff8e][0xffffff9f][0xffffffa8][0xffffffdd][0xffffffe9][0xffffffa6][0xffffffdd][0xffffffc9]kw:hw[0xffffffb2][0xffffffda][0xffffff9d][0xffffff9c]v[0xffffffa7][0xffffff95]v[0x3][0xffffff8f][0xffffff94]v[0x5][0xffffff95][0xffffff94]v[0x3][0xffffff9b][0xffffff84]v'[0xffffffad][0xffffffdd][0xfffffff9][0x13][0xffffffda]][0xffffffc3]L[0xffffffbb]k[0xffffffe0][0xffffffda][0xffffffbd][0x1f][0xffffff81][0xffffffd7][0xffffffee][0xffffffc7]!([0xffffffed][0xffffffde][0x1f]Oi[0xfffffff7][0xfffffffd][0xffffffd1].[0xffffffda][\r]<R[0xffffffda][0x15]TR[0xffffffda][\r]l[0x12][0xffffffda][0xffffffdd][0x8][0xffffffcd][0xffffffd7][0xffffffee][0xffffffc6][0xffffffe9]o[0xffffffd1][0xffffffee][0xfffffff9][0xfffffffe][0xffffffb7]C[\r][0xfffffffc][0xffffffae][0xffffffd2][0xffffffd2][0xffffffad][0xfffffffb]y[0x1e]J[0xffffffba]_N[0xffffff80]9w;C[0xffffffb2]r[0xffffffbf]<=[0xffffffd9][0xffffffb8][0xffffffbf]~2,[0xffffffdc][0xffffffa7](&[0xfffffffb][0xfffffff6][0x7]@&[0xffffffeb][0xfffffff6])[0xffffff96][0xffffff89][0xffffffb6]}[0x2]g[0xffffff9a]l[0xffffff9f] [0xfffffffa][0xffffff82]k[0xffffffc5][0x7][0xffffffd0][0xffffffc7]q[0x0][0xb][0x1a]?[0xffffffcf][0x3][0xffffffbb][0x16][0xfffffffd][0x0][0xfffffffa]v[0x6][0xffffffc6][0xffffffb5][0xffffffc0][0x7][0xffffffd0][0x7f][0xfffffffd]d[0xf][0xffffffd7][0xffffffe2][0x1f]@[0xffffffff][0x1][0xffffff90][0xffffff8c]k[0xffffffd1][0xf][0xffffffa0]?[0xffffff81]3[0xffffffdb][0xffffffb5];[0xffffffa2]/[0xffffffb8]v[0xffffff8a][0xffffffe5][\n]"
2024-07-29 11:03:33 DEBUG wire:106 - http-outgoing-1 << "G+[0xfffffff9][0x1f][0xffffffd4][0xfffffff9]<[0xf][0xffffffec][0xffffffda]I.W[0xffffffd8][0xffffffce][0xffffffc0][0xffffffb8]v[0xffffffe6]/W[0xfffffff8][0xfffffff5][0xffffff93]=\[0x1b]Qd\[0xffffffab][0xffffff80]d\[0x1b][0xffffffb1][0xffffffcc]w[0xffffffed][0xe]g[0xffffffb6]kwD_p[0xffffffed]R[0xffffffae][0x1d]g[0xfffffffe]G[0x1e]>[0xffffffcf][0x3][0xffffffbb]v[0x19][0xffffffb8]v[0x5][0xffffffa8]3q^[0xffffff98]k[0xffffff97][0xffffff93]k#[0xffffff8a][0xffffff8c]k[0x15][0xffffff90][0xffffff8c]k#[0xffffff96][0xfffffff9][0xffffffae][0xffffffdd][0xffffffe1][0xffffffcc]v[0xffffffed][0xffffff8e][0xffffffe8]owm[0x17][0x1f][0xffffffd4][0x19][0xffffffe5][0xffffffb6][0xfffffff2][0x7f]%[0xfffffffb]<[0xf][0xffffffeb][0xffffffda][0xffffff8e]~Pg;[0x3][0xffffffe2][0xffffffda][0xe]|P[0xffffffe7][0xffffffd7]O[0xffffffb6]p[0xffffffad]@[0x11]q[0xffffffad][0x4][0x12]q[0xffffffad][0xffffffc0]2[0xffffffdd][0xffffffb5][0x1][0xffffffce]d[0xffffffd7][0x6]D_p[0xffffffad][0xfffffff8][0xffffffc8][0xffffffc3]([0xffffffc7][0xffffffa0][0xffffffde][0xffffffd7]v[0xfffffff0]#[0xf]_N@[0xffffffbb][0x16][0xfffffffa][0xffffffc8][0xffffffc3][0xffffff97][0xffffffa7]3[0xffffffae][0xfffffff5][0xfffffff8][0xffffffc8][0xffffffc3]S[0x14][0x19][0xffffffd7][0x1a]|[0xffffffe4][0xffffffe1])[0xffffff96][0xfffffff9][0xffffffae][0xffffffc5]>[0xfffffff2][0xfffffff0][0x4][0xffffffd1][0x17]\+>[0xfffffff2]0J[0xffffffb9]U[0xffffffca][0xffffffb5][0xffffffe0]G[0x1e][0xffffffbe][0xffffff9c][0xffffff80]v-[0xfffffff4][0xffffff91][0xffffff87]/Og\[0xffffffeb][0xfffffff1][0xffffff91][0xffffff87][0xffffffa7](2[0xffffffae]5[0xfffffff8][0xffffffc8][0xffffffc3]S,[0xfffffff3]][0xffffff8b]}[0xffffffe4][0xffffffe1][0x9][0xffffffa2]/[0xffffffb8]V}[0xffffffe4][0xffffffa1][0xffffffd4][0x1b][0xffffffd6][0xffffffb5][0xffffffe0]G[0x1e][0xffffffbe][0xffffff9c][0xffffff80]v-[0xfffffff4][0xffffff91][0xffffff87]/Og\[0xffffffeb][0xfffffff1][0xffffff91][0xffffff87][0xffffffa7](2[0xffffffae]5[0xfffffff8][0xffffffc8][0xffffffc3]S,[0xfffffff3]][0xffffff8b]}[0xffffffe4][0xffffffe1][0x9][0xffffffa2]/[0xffffffb8][0xfffffff6]T[0xffffffae][0xffffff9d][0xffffffa3]S[0xffffffae]=q[0xffffffd7][0xffffff9e][0x6][0xffffffae]=[0x3][0xffffffd4][0xffffff99]8[0xffffff9f][0xffffff98]kO'[0xffffffd7]F[0x14][0x19][0xffffffd7]* [0x19][0xffffffd7]F,[0xfffffff3]][0xffffffbb][0xffffffc3][0xffffff99][0xffffffed][0xffffffda][0x1d][0xffffffd1][0xffffff97]\[0x1b][0xffffffef]![0xffffffb0][0xffffffae][0xffffff85][0xffffffef]!<N[0xffffffc0][0xffffffbb][0x16][0xffffffbc][0xffffff87][0xfffffff0]x:[0xffffffe5]Z[0xffffff9f]{[0x8][0x2]E[0xffffffca][0xffffffb5]&[0xfffffff7][0x10][0x4][0xffffff96][0xffffff84]k[0xffffffd1]{[0x8][0x1][0xffffffd1][0x17]\;E[0xffffffd7][0xffffffd6]rb[0xffffffef]k'[0xffffffde][0xffffffb5][0xffffffd3][0xffffffa0]kg[0x8][0xffffff88]L[0xffffff9c]'[0xffffffd6][0xffffffb5][0xffffffd3][0xffffffa9]k#[0xffffff8a][0xffffff8c]k[0x15][0xffffff90][0xffffff8c]k#[0xffffff96][0xfffffff9][0xffffffae][0xffffffdd][0xffffffe1][0xffffffcc]v[0xffffffed][0xffffff8e][0xffffffe8][0xb][0xffffffae]][0xffffffca][0xffffffb5][0xffffffed],[0xffffff94]k[0x17][0xffffffee][0xffffffda]e[0xffffffe0][0xffffffda][0x15][0xffffffa0][0xffffffce][0xffffffc4]ya[0xffffffae]"
2024-07-29 11:03:33 DEBUG wire:92 - http-outgoing-1 << "]N[0xffffffae][0xffffff8d](2[0xffffffae]U@2[0xffffffae][0xffffff8d]X[0xffffffe6][0xffffffbb]v[0xffffff87]3[0xffffffdb][0xffffffb5];[0xffffffa2][0xffffffbf][0xffffffdd][0xffffffb5][0xffffffe3]&[0xffffffde]![0xffffffd4][0x13][0xffffff9b][0x1b]{;[0xf][0xffffffeb][0xffffffda][0xffffffc7][0x9]`[0xffffffd7]~?[0x3][0xffffffe2][0xffffffda][0xffffffc7][0xffffffd3][0x11][0xffffffd7]~{[0xffffffb2][0xffffff85]k[0x5][0xffffff8a][0xffffff88]k%[0xffffff90][0xffffff88]k[0x5][0xffffff96][0xffffffe9][0xffffffae][\r]p&[0xffffffbb]6 [0xfffffffa][0xffffff82]k[0xffffffd5][0xfffffffd][0xffffffda][0xffffffd6][0xffffffb1][0xffffffae][0x1d][0xfffffff8][0xfffffffd][0xffffffda]ap[0xffffffbf]v[0xffffffc4][0xffffff8b][0xffffff8c][0xffffff99]8c[0xfffffff7]k[0xffffffc7]~y[0x11]u[0xffffffad][0xffffffc9][0xfffffffd]Z[0x9]$[0xffffffe3]Z[0xffffff83][0xfffffffb][0xffffffb5][0x1][0xffffffce]l[0xffffffd7]^[0xffffffbf]_;[0xffffffd4][0xfffffffd][0xffffffda][0xffffffb6][\n]"
2024-07-29 11:03:33 DEBUG wire:92 - http-outgoing-1 << "[0xffffffe6]Z[0xfffffffc]~[0xffffffed]0[0xffffffb8]_;[0xffffffe2]E[0xffffffc6]L[0xffffff9c][0xffffffb1][0xfffffffb][0xffffffb5]c[0xffffffbf][0xffffffbc][0xffffff88][0xffffffba][0xffffffd6][0xffffffe4]~[0xffffffad][0x4][0xffffff92]q[0xffffffad][0xffffffc1][0xfffffffd][0xffffffda][0x0]g[0xffffffb6]k[0xffffffaf][0xffffffdf][0xffffffaf][0x1d][0xffffffea]~m[0xffffffbf][0xffffffd5]A[0xffffffb9][0x16][0xffffffbf]_;[0xc][0xffffffee][0xffffffd7][0xffffff8e]x[0xffffff91]1[0x13]g[0xffffffec]~[0xffffffed][0xffffffd8]//[0xffffffa2][0xffffffae]5[0xffffffb9]_+[0xffffff81]d\kp[0xffffffbf]6[0xffffffc0][0xffffff99][0xffffffed][0xffffffda][0xffffffeb][0xfffffff7]k[0xffffff87][0xffffffda]_[0xffffffdb]o[0xffffff93][0xffffffda][0xffffff87]0[0xfffffff0][0xfffffffd][0xffffffb5][0xffffffc3]`[0x7f][0xffffffed][0xffffff88][0xffffff8b]B3q[0xffffffc6][0xfffffff6][0xffffffd7][0xffffff8e]}9([0xffffffea]Z[0xffffff93][0xfffffffd][0xffffffb5][0x12]H[0xffffffc6][0xffffffb5][0x6][0xfffffffb]k[0x3][0xffffff9c][0xffffffd9][0xffffffae][0xffffffbd][0xffffffbe][0xffffffbf]v[0xffffff9c][0xffffffca][0xffffffb5][0xffffffc7][0xffffff8d][0xffffffda][0xfffffff3][0xfffffff5]v[0x1e][0xffffffd8][0xffffffb5][0xffffffa7][0xffffff81]k[0xffffffcf][0x0]u&[0xffffffce]'[0xffffffe6][0xffffffda][0xffffffd3][0xffffffc9][0xffffffb5][0x11]E[0xffffffc6][0xffffffb5][\n]"
2024-07-29 11:03:33 DEBUG wire:92 - http-outgoing-1 << "H[0xffffffc6][0xffffffb5][0x11][0xffffffcb]|[0xffffffd7][0xffffffee]pf[0xffffffbb]vG[0xfffffff4][0x5][0xffffffd7][0xffffffaa];_[0xffffffbd]t[0xffffffec][0x1d][0x2]~[0xffffffe7]k[0x18][0xffffffdc][0xfffffff9][0x1a][0xfffffff1]rM&[0xffffffce][0xffffffd8][0xffffff9d][0xffffffaf][0xffffffb1]_[0xffffffa8]A]kr[0xffffffe7]K[0x2][0xffffffc9][0xffffffb8][0xffffffd6][0xffffffe0][0xffffffce]W[0xffffff80]3[0xffffffdb][0xffffffb5][0xffffffd7][0xffffffef]|[0xffffff9d]7[0xffffffe5][0xffffffda][0xffffff86][0xffffffed]Cx;[0xf][0xffffffeb][0xffffffda][0xffffffc7][0x9]`[0xffffffd7]~?[0x3][0xffffffe2][0xffffffda][0xffffffc7][0xffffffd3][0x11][0xffffffd7]~{[0xffffffb2][0xffffff85]k[0x5][0xffffff8a][0xffffff88]k%[0xffffff90][0xffffff88]k[0x5][0xffffff96][0xffffffe9][0xffffffae][\r]p&[0xffffffbb]6 [0xfffffffa][0xffffff82]k[0xffffffd5][0xfffffffe][0xffffffda][0xffffffde]+57v[0xffffffe2][0xfffffffb]kO[0xffffff83][0xfffffffd][0xffffffb5]g\[0x14][0xffffff9a][0xffffff89]3[0xffffffb6][0xffffffbf][0xfffffff6][0xffffffdc][0xffffff97][0xffffff83][0xffffffa2][0xffffffae]5[0xffffffd9]_+[0xffffff81]d\k[0xffffffb0][0xffffffbf]6[0xffffffc0][0xffffff99][0xffffffed][0xffffffda][0xffffffeb][0xfffffffb]k[0xffffffcf][0xffffffa2]\{[0xffffffde][0xffffffa8][0xffffffdf][0xffffffc6][0xffffffde][0xffffffce][0x3][0xffffffbb][0xffffffb6][0x18][0xffffffb8][0xffffffb6][0x4][0xffffffa8]3q.[0xffffff98]k[0xffffff8b][0xffffff93]k#[0xffffff8a][0xffffff8c]k[0x15][0xffffff90][0xffffff8c]k#[0xffffff96][0xfffffff9][0xffffffae][0xffffffdd][0xffffffe1][0xffffffcc]v[0xffffffed][0xffffff8e][0xffffffe8][0xb][0xffffffae]U[0xffffffb3][0xc]}[0xe][0xffffffac]k[0xfffffff1]Y[0xffffff86][0xffffffd3]`[0xffffff96][0xffffffe1][0xffffff8c][0xffffff97][0xffffffc6]3q[0xffffffc6]f[0x19][0xffffffce][0xfffffffd][0xffffffa2]8[0xffffffea]Z[0xffffff93]Y[0x6][0x9]$[0xffffffe3]Z[0xffffff83]Y[0xffffff86][0x0]g[0xffffffb6]k[0xffffffaf][0xffffffcf]2[0xffffff9c]j[0xffffff96]a[0xffffff94]v[0xffffffa3]\[0xffffff8b][0xffffffcf]2[0xffffff9c][0x6][0xffffffb3][0xc]g[0xffffffbc]4[0xffffff9e][0xffffff89]36[0xffffffcb]p[0xffffffee][0x17][0xffffffc5]Q[0xffffffd7][0xffffff9a][0xffffffcc]2H [0x19][0xffffffd7][0x1a][0xffffffcc]2[0x4]8[0xffffffb3]]{}[0xffffff96][0xffffffe1]T[0xffffffb3][0xc][0xffffffa3]Nj[0x1f][0xffffffc2][0xffffff89][0xffffffcf]2[0xffffff9c][0x6][0xffffffb3][0xc]g[0xffffffbc]4[0xffffff9e][0xffffff89]36[0xffffffcb]p[0xffffffee][0x17][0xffffffc5]Q[0xffffffd7][0xffffff9a][0xffffffcc]2H [0x19][0xffffffd7][0x1a][0xffffffcc]2[0x4]8[0xffffffb3]]{}[0xffffff96][0xffffffe1]T[0xffffffb3][0xc][0xffffffe3][0xffffffec][0xffffffd4][0xfffffffd][0xffffffda][0x13][0xffffff9f]e8[\r]f[0x19][0xffffffce]xi<[0x13]gl[0xffffff96][0xffffffe1][0xffffffdc]/[0xffffff8a][0xffffffa3][0xffffffae]5[0xffffff99]e[0xffffff90]@2[0xffffffae]5[0xffffff98]e[0x8]pf[0xffffffbb][0xfffffff6][0xfffffffa],[0xffffffc3]y[\n]"
2024-07-29 11:03:33 DEBUG wire:92 - http-outgoing-1 << "[0xffffffd7][0xffffff9e][0xffffff95]s[0xffffffed][0xffffff89][0xffffffbb][0xfffffff6]4p[0xffffffed][0x19][0xffffffa0][0xffffffce][0xffffffc4][0xfffffff9][0xffffffc4]\{:[0xffffffb9]6[0xffffffa2][0xffffffc8][0xffffffb8]V[0x1][0xffffffc9][0xffffffb8]6b[0xffffff99][0xffffffef][0xffffffda][0x1d][0xffffffce]l[0xffffffd7][0xffffffee][0xffffff88][0xffffffbe][0xffffffe0]Z[0xffffffb5]+[0xfffffffc][0x1c][0xffffff8d][0xffffff9a]e8[0xfffffff1]][0xffffffe1][0xffffffa7][0xffffffc1][0xffffffae][0xfffffff0]3.e[0xffffffce][0xffffffc4][0x19][0xffffffdb][0x15]~[0xffffffee][0xffffff8b][0xffffff98]Q[0xffffffd7][0xffffff9a][0xffffffec][\n]"
2024-07-29 11:03:33 DEBUG wire:106 - http-outgoing-1 << "[0xffffff97]@2[0xffffffae]5[0xffffffd8][0x15][0x1e][0xffffffe0][0xffffffcc]v[0xffffffed][0xfffffff5]][0xffffffe1][0xffffffa7][0xffffff9a][0x1b];[0xffffffcf][0xffffff8e][0xfffffffd]6[0xffffff86][0xffffffcf][0xffffff8d][0xffffff9d][0x6]scg[0x1c][0xffffffd0][0xffffffc9][0xffffffc4][0x19][0xffffff9b][0x1b];[0xfffffff7][0xffffffa1][0x1c][0xffffffd4][0xffffffb5]&sc[0x12]H[0xffffffc6][0xffffffb5][0x6]sc[0x1][0xffffffce]l[0xffffffd7]^[0xffffff9f][0x1b][0xffffff9b][0xffffffb7]_Zt[0xffffffed][0xffffffc4][0xffffffee][0xffffffd7][0xffffffbe][0xffffff9d][0xffffff87]u[0xffffffed][0xffffffe3][0x4][0xffffffb0]k[0xffffffbf][0xffffff9f][0x1]q[0xffffffed][0xffffffe3][0xffffffe9][0xffffff88]k[0xffffffbf]=[0xffffffd9][0xffffffc2][0xffffffb5][0x2]E[0xffffffc4][0xffffffb5][0x12]H[0xffffffc4][0xffffffb5][0x2][0xffffffcb]t[0xffffffd7][0x6]8[0xffffff93]][0x1b][0x10]}[0xffffffc1][0xffffffb5]jn[0xffffffec]\[0x1d]s->76[\r][0xffffffe6][0xffffffc6]f[0x1c][0xffffffd0][0xffffffc9][0xffffffc4][0x19][0xffffff9b][0x1b][0xffffff9b][0xfffffffb]P[0xe][0xffffffea]Z[0xffffff93][0xffffffb9]1[0x9]$[0xffffffe3]Z[0xffffff83][0xffffffb9][0xffffffb1][0x0]g[0xffffffb6]k[0xffffffaf][0xffffffcf][0xffffff8d]M576[0xffffffcb][0xffffffa4][0xffffffbe][0xffffffa3];[0xfffffff1][0xffffffb9][0xffffffb1]i076[0xffffffe3][0xffffff80]N&[0xffffffce][0xffffffd8][0xffffffdc][0xffffffd8][0xffffffdc][0xffffff87]rP[0xffffffd7][0xffffff9a][0xffffffcc][0xffffff8d]I [0x19][0xffffffd7][0x1a][0xffffffcc][0xffffff8d][0x5]8[0xffffffb3]]{}nl[0xffffffaa][0xffffffb9][0xffffffb1][0xffffffd9][0x17][0xffffffb5]{f[0xffffffe2]sc[0xffffffd3]`nl[0xffffffc6][0x1][0xffffff9d]L[0xffffff9c][0xffffffb1][0xffffffb9][0xffffffb1][0xffffffb9][0xf][0xffffffe5][0xffffffa0][0xffffffae]5[0xffffff99][0x1b][0xffffff93]@2[0xffffffae]5[0xffffff98][0x1b][0xb]pf[0xffffffbb][0xfffffff6][0xfffffffa][0xffffffdc][0xffffffd8]Tscs5jFw[0xffffffe2]sc[0xffffffd3]`nl[0xffffffc6][0x1][0xffffff9d]L[0xffffff9c][0xffffffb1][0xffffffb9][0xffffffb1][0xffffffb9][0xf][0xffffffe5][0xffffffa0][0xffffffae]5[0xffffff99][0x1b][0xffffff93]@2[0xffffffae]5[0xffffff98][0x1b][0xb]pf[0xffffffbb][0xfffffff6][0xfffffffa][0xffffffdc][0xffffffd8]Tsc[0xffffffab][0x1c][0xffffffd4][0xffffffdc][0xffffffd8][0xffffffc4][0xffffffe7][0xffffffc6][0xffffffa6][0xffffffc1][0xffffffdc][0xffffffd8][0xffffff8c][0x3]:[0xffffff99]8cscs[0x1f][0xffffffca]A]k27&[0xffffff81]d\k07[0x16][0xffffffe0][0xffffffcc]v[0xffffffed][0xfffffff5][0xffffffb9][0xffffffb1][0xffffffa9][0xffffffe6][0xffffffc6]V[0xffffffc3][0xffffffee]|M|nl[0x1a][0xffffffcc][0xffffff8d][0xffffffcd]8[0xffffffa0][0xffffff93][0xffffff89]3676[0xfffffff7][0xffffffa1][0x1c][0xffffffd4][0xffffffb5]&sc[0x12]H[0xffffffc6][0xffffffb5][0x6]sc[0x1][0xffffffce]l[0xffffffd7]^[0xffffff9f][0x1b][0xffffff9b][0xffffffa7]r[0xffffffed][0xffffffac][0xffffffd4][0xffffffdc][0xffffffd8][0xffffffdb]y`[0xffffffd7][0xffffff9e][0x6][0xffffffae]=[0x3][0xffffffd4][0xffffff99]8[0xffffff9f][0xffffff98]kO'[0xffffffd7]F[0x14][0x19][0xffffffd7]* [0x19][0xffffffd7]F,[0xfffffff3]][0xffffffbb][0xffffffc3][0xffffff99][0xffffffed][0xffffffda][0x1d][0xffffffd1][0x17]\+[0xffffffe6][0xffffffc6][0xffffffce][0xffffffdb]m`w[0xffffffbe][0xfffffff0][0xffffffb9][0xffffffb1]i076[0xffffffe3][0xffffff80]N&[0xffffffce][0xffffffd8][0xffffffdc][0xffffffd8][0xffffffdc][0xffffff87]rP[0xffffffd7][0xffffff9a][0xffffffcc][0xffffff8d]I [0x19][0xffffffd7][0x1a][0xffffffcc][0xffffff8d][0x5]8[0xffffffb3]]{}nl[0xffffff8a][0xffffffb9][0xffffffb1][0xfffffff3]V[0xffffffb9];_[0xfffffff8][0xffffffdc][0xffffffd8]4[0xffffff98][0x1b][0xffffff9b]q@'[0x13]glnl[0xffffffee]C9[0xffffffa8]kM[0xffffffe6][0xffffffc6]$[0xffffff90][0xffffff8c]k[\r][0xffffffe6][0xffffffc6][0x2][0xffffff9c][0xffffffd9][0xffffffae][0xffffffbd]>7[0xffffffb6][0xffffffc4][0xfffffff7][0xffffffc6][0xffffffce][0xffffffdb][0xffffffc0]v[0xffffff85]/[0xfffffffc]{c[0xffffffcb][0xffffffe0]{c+~[0xffffffd8])[0x11][0xffffffe7][0xffffff85]}ol[0xffffffed][0x1f]s"]+PD\+[0xffffff81]D\+[0xffffffb0]Lwm[0xffffff80]3[0xffffffd9][0xffffffb5][0x1][0xffffffd1][0x17]\+f[0x19][0xffffffce][0xffffffdb]*[0xffffff98]k[0xfffffff1]Y[0xffffff86]e0[0xffffffcb][0xffffffb0][0xffffffe2][0xffffffa5][0xfffffff1]L[0xffffff9c][0xffffffb1]Y[0xffffff86][0xffffffb5]_[0x14]G]k2[0xffffffcb] [0xffffff81]d"
2024-07-29 11:03:33 DEBUG wire:92 - http-outgoing-1 << "\k0[0xffffffcb][0x10][0xffffffe0][0xffffffcc]v[0xffffffed][0xfffffff5]Y[0xffffff86]%f[0x19][0xffffffee][0xffffffae][0xffffffc5]v[0xffffff85]/|[0xffffff96]a[0x19][0xffffffcc]2[0xffffffac]xi<[0x13]gl[0xffffff96]a[0xffffffed][0x17][0xffffffc5]Q[0xffffffd7][0xffffff9a][0xffffffcc]2H [0x19][0xffffffd7][0x1a][0xffffffcc]2[0x4]8[0xffffffb3]]{}[0xffffff96]a[0xffffff89]Y[0xffffff86][0xfffffff3]8n[0xffffff8d]r->[0xffffffcb][0xffffffb0][0xc]f[0x19]V[0xffffffbc]4[0xffffff9e][0xffffff89]36[0xffffffcb][0xffffffb0][0xfffffff6][0xffffff8b][0xffffffe2][0xffffffa8]kMf[0x19]$[0xffffff90][0xffffff8c]k[\r]f[0x19][0x2][0xffffff9c][0xffffffd9][0xffffffae][0xffffffbd]>[0xffffffcb][0xffffffb0][0xffffffc4],[0xffffffc3]y[0xffffffd4][0xffffffa3]P[0xffffffae][0xffffffc5]g[0x19][0xffffff96][0xffffffc1],[0xffffffc3][0xffffff8a][0xffffff97][0xffffffc6]3q[0xffffffc6]f[0x19][0xffffffd6]~Q[0x1c]u[0xffffffad][0xffffffc9],[0xffffff83][0x4][0xffffff92]q[0xffffffad][0xffffffc1],C[0xffffff80]3[0xffffffdb][0xffffffb5][0xffffffd7]g[0x19][0xffffff96][0xffffff98]e8[0xffffff8f][0xffffffd1][0xffffffb0][0xffffffae][0xffffffc5]g[0x19][0xffffff96][0xffffffc1],[0xffffffc3][0xffffff8a][0xffffff97][0xffffffc6]3q[0xffffffc6]f[0x19][0xffffffd6]~Q[0x1c]u[0xffffffad][0xffffffc9],[0xffffff83][0x4][0xffffff92]q[0xffffffad][0xffffffc1],C[0xffffff80]3[0xffffffdb][0xffffffb5][0xffffffd7]g[0x19][0xffffffd6][0xffffffa9]\[0xffffffbb]&[0xffffffd6][0xffffffb5]'[0xffffffee][0xffffffda][0xffffffd3][0xffffffc0][0xffffffb5]g[0xffffff80]:[0x13][0xffffffe7][0x13]s[0xffffffed][0xffffffe9][0xffffffe4][0xffffffda][0xffffff88]"[0xffffffe3]Z[0x5]$[0xffffffe3][0xffffffda][0xffffff88]e[0xffffffbe]kw8[0xffffffb3]][0xffffffbb]#[0xfffffffa][0xffffff92]k[0xffffffab][0xffffff99]k+[0xffffffee][0xffffffda]j[0xffffffe0][0xffffffda][0xffffff8a][0xffffffba][0xffffffb6]b[0xffffffae][0xffffffad]N[0xffffffae][0xffffffdd]Q[0xffffffa4]\[0x1b][0xffffff81][0xffffffa4]\[0xffffffbb]cI[0xffffffb8][0xffffffb6][0xffffffc2][0xffffffae][0xffffffad]W][0xffffffab][0xffffffe6][0xffffffc6]J[0xffffffc1][0xfffffff6]!,|nl[0x19][0xffffffcc][0xffffff8d][0xffffffad]8[0xffffffa0][0xffffff93][0xffffff89]367[0xffffffb6][0xfffffff6][0xffffffa1][0x1c][0xffffffd4][0xffffffb5]&sc[0x12]H[0xffffffc6][0xffffffb5][0x6]sc[0x1][0xffffffce]l[0xffffffd7]^[0xffffff9f][0x1b][jn[0xffffffac][0xfffffff4]F[0xffffffcd][0xffffff8d]-|nl[0x19][0xffffffcc][0xffffff8d][0xffffffad]8[0xffffffa0][0xffffff93][0xffffff89]367[0xffffffb6][0xfffffff6][0xffffffa1][0x1c][0xffffffd4][0xffffffb5]&sc[0x12]H[0xffffffc6][0xffffffb5][0x6]sc[0x1][0xffffffce]l[0xffffffd7]^[0xffffff9e][0x1b][757Vf[0xffffff85][0xffffffee][0xffffffd7]>[0xffffffce][0xffffff83][0xffffffba][0xfffffff6][0xfffffffd][0x4][0xffffffac]k?[0xffffffcf]@[0xffffffb8][0xfffffff6][0xfffffffd][0xffffffe9][0xffffff84]k[0xffffffbf]?[0xffffffd9][0xffffffc1][0xffffffb5][\n]"
2024-07-29 11:03:33 DEBUG wire:92 - http-outgoing-1 << "E[0xffffffc2][0xffffffb5][0x1a]H[0xffffffc2][0xffffffb5][\n]"
2024-07-29 11:03:33 DEBUG wire:92 - http-outgoing-1 << "[0xffffffcb]l[0xffffffd7]F8s][0x1b][0x11]}[0xffffffc9][0xffffffb5][0xffffffc5][0xffffffcc][0xffffffb5][0x5]wm1pmA][0[0xffffffd7][0x16]'[0xffffffd7][0xffffffee](R[0xffffffae][0xffffff8d]@R[0xffffffae][0xffffffdd][0xffffffb1]$\[`[0xffffffd7][0xffffff96][0xffffffab][0xffffffae][0x15][0xffffffdf]v<[0xffffffeb]1[0xffffffa1]=_[0xffffff8f][0xfffffff3][0xffffffc0][0xffffffae][0xffffffe5][0xffffffbf][0xffffffed][0xfffffff8]y[0x6][0xffffffc6][0xffffffb5][0xffffffd4][0xffffffb7][0x1d][0xffffffbf]?[0xffffffd9][0xffffffc3][0xffffffb5][0x1e][0xffffffdf]v[0xffffffd4]@2[0xffffffae][0xffffffe5][0xffffffbf][0xffffffed][0x18][0xffffffe1][0xffffffcc]v[0xffffffed][0xffffffe5]o;[0xffffffae][0xffffff9b][0xffffffda][0xffffff87]P[0xffffffeb][0x9][0xffffffed][0xffffffaf]}[0xffffff9c][0x7]v-[0xffffffbf][0xf][0xffffffe1][0xfffffff3][0xc][0xffffff8c]k[0xffffffa9]}[0x8][0xffffffdf][0xffffff9f][0xffffffec][0xffffffe1]Z[0xffffff8f]}[0x8][0x1a]H[0xffffffc6][0xffffffb5][0xfffffffc]>[0xffffff84][0x8]g[0xffffffb6]k/[0xffffffef]Cx[0xfffffffb][0xffffffd3][0xfffffff8][0xe][0xffffff81]u-[0xfffffffd][0xe][0xffffffa1][0x18][0xffffffbc]C([0xffffffe1]_[0xffffffd6]rq[0xffffffa6][0xffffffde]![0x14][0xffffffa7]w[0x8][0x11]E[0xffffffca][0xffffffb5].[0xffffffef][0x10]"[0xffffff96][0xffffff84]k[0xffffffd9]w[0x8];[0xffffffa2]/[0xffffffb8][0xffffffb6]*[0xffffffd7][0xffffff8e][0x5][0xffffffed][0xfffffff9]z[0xffffff9c][0x7]vm5pm[\r]Pg[0xffffffe2]\1[0xffffffd7]V'[0xffffffd7]F[0x14][0x19][0xffffffd7]* [0x19][0xffffffd7]F,[0xfffffff3]][0xffffffbb][0xffffffc3][0xffffff99][0xffffffed][0xffffffda][0x1d][0xffffffd1][0x17]\[0xffffffab]v[0xffffffcf]T[0xfffffff0][0xffffffb7]1z[0xfffffff7][0xffffffcc][0xfffffffb][0x9]h[0xffffffd7][0xffffff92][0xffffffbb]g[0xffffffde][0xffffff9f][0xffffffce][0xffffffb8][0xffffffd6]h[0xfffffff7][0xffffff8c]B[0xffffff91]q[0xffffffad][0xffffffcb][0xffffffee][0x19][0xffffff85]e[0xffffffbe]k[0xffffffd9][0xffffffdd]3[0x11][0xffffffd1][0x17]\[0xffffffab]v[0xffffffcf][0xffffffd4][0xffffffb9][0xffffffb0]w[0x8][0xfffffff4][0xffffffee][0xffffff99][0xfffffff7][0x13][0xffffffd0][0xffffffae]%w[0xffffffcf][0xffffffbc]?[0xffffff9d]q[0xffffffad][0xffffffd1][0xffffffee][0x19][0xffffff85]"[0xffffffe3]Z[0xffffff97][0xffffffdd]3[\n]"
2024-07-29 11:03:33 DEBUG wire:92 - http-outgoing-1 << "[0xffffffcb]|[0xffffffd7][0xffffffb2][0xffffffbb]g"[0xffffffa2]/[0xffffffb8]V[0xffffffed][0xffffff9e][0xffffffa9][0xffffffab]A3[0xffffffba][0xffffff8f][0xfffffff3][0xffffffc0][0xffffffae][0xffffffe5]w[0xffffffcf]|[0xffffff9e][0xffffff81]q-[0xffffffb5]{[0xffffffe6][0xfffffffb][0xffffff93]=\[0xffffffeb][0xffffffb1]{F[0x3][0xffffffc9][0xffffffb8][0xffffff96][0xffffffdf]=[0x13][0xffffffe1][0xffffffcc]v[0xffffffed][0xffffffe5][0xffffffdd]3[0xffffffeb]v[\n]"
2024-07-29 11:03:33 DEBUG wire:92 - http-outgoing-1 << "[0xffffffd7][0xffffffb6][0xffffffdb][\r][0xffffff9a][0xffffffd1]}[0xffffff9c][0x7]v[0xffffffed]i[0xffffffe0][0xffffffda]3@[0xffffff9d][0xffffff89][0xfffffff3][0xffffff89][0xffffffb9][0xfffffff6]trmD[0xffffff91]q[0xffffffad][0x2][0xffffff92]qm[0xffffffc4]2[0xffffffdf][0xffffffb5];[0xffffff9c][0xffffffd9][0xffffffae][0xffffffdd][0x11]}[0xffffffc1][0xffffffb5]j[0x1f]B;J[0xffffffa3]\K[0xffffffef]Cx?[0x1][0xffffffed]Zr[0x1f][0xffffffc2][0xfffffffb][0xffffffd3][0x19][0xffffffd7][0x1a][0xffffffed]CP(2[0xffffffae]u[0xffffffd9][0xffffff87][0xffffffa0][0xffffffb0][0xffffffcc]w-[0xffffffbb][0xf]!"[0xfffffffa][0xffffffdb]]{[0xffffffa8][0x19][0xffffffdd]vR[0xfffffffb]k[0x1f][0xffffffe7]a]{[0x18][0xffffffcc][0xffffffe8][0x1e]q[0x18]2[0x11][0xffffffe7][0x3][0xffffff9b][0xffffffd1]=[0xfffffff6][0x1]H[0xffffffd2][0xffffffb5][0x2]E[0xffffffc4][0xffffffb5][0x12]H[0xffffffc4][0xffffffb5][0x2][0xffffffcb]t[0xffffffd7][0x6]8[0xffffff93]][0x1b][0x10]}[0xffffffc1][0xffffffb5]jn[0xffffffac][0xffffffdf]N[0xffffffea][0x1e][0xffffffc2][0xffffff81][0xffffffcf][0xffffff8d][0x1d][0x6]scG[0x1c][0xffffffd0][0xffffffc9][0xffffffc4][0x19][0xffffff9b][0x1b];[0xfffffff6][0xffffffa1][0x1c][0xffffffd4][0xffffffb5]&sc[0x12]H[0xffffffc6][0xffffffb5][0x6]sc[0x1][0xffffffce]l[0xffffffd7]^[0xffffff9f][0x1b][0xffffffbb][0xffffffff]i[0xffffffbc]_[0xffffffcb][0xffffffba][0x16][0xffffffbe]_[0xfffffffb]8[0x1][0xffffffef]Z[0xfffffff0]~[0xffffffed][0xffffffe3][0xffffffe9][0xffffff94]k}[0xffffffee][0xffffffd7][\n]"
2024-07-29 11:03:33 DEBUG wire:106 - http-outgoing-1 << "[0x14])[0xffffffd7][0xffffff9a][0xffffffdc][0xffffffaf][0x15]X[0x12][0xffffffae]E[0xffffffef][0xffffffd7][0x6]D_p[0xffffffad][0xffffff9a][0xffffffd1][0xffffffed]uP[0xffffffb3][0xc][0x7]>[0xffffffa3]{[0x18][0xffffffcc][0xffffffe8][0x1e]q[0x18]2[0x13]glF[0xfffffff7][0xffffffd8][0x7] Q[0xffffffd7][0xffffff9a][0xffffffcc][0xffffffe8]J [0x19][0xffffffd7][0x1a][0xffffffcc][0xffffffe8][0x6]8[0xffffffb3]]{}F[0xfffffff7]P[0xffffffb3][0xc]}[0xffffff9d][0xffffffd4]=[0xffffff84][0x3][0xffffff9f]e8[0xc]f[0x19][0xffffff8e]xi<[0x13]gl[0xffffff96][0xffffffe1][0xffffffd8]/[0xffffff8a][0xffffffa3][0xffffffae]5[0xffffff99]e[0xffffff90]@2[0xffffffae]5[0xffffff98]e[0x8]pf[0xffffffbb][0xfffffff6][0xfffffffa],[0xffffffc3][0xffffffa1]f[0x19]F[0xffffffa5][0xffffffbe]Y[0xfffffffe]8[0xf][0xffffffec]Z[0xffffff83]Y[0xffffff86]#^[0x1a][0xffffffcf][0xffffffc4][0x19][0xffffff9b]e8[0xfffffff6][0xffffff8b][0xffffffe2][0xffffffa8]kMf[0x19]$[0xffffff90][0xffffff8c]k[\r]f[0x19][0x2][0xffffff9c][0xffffffd9][0xffffffae][0xffffffbd]>[0xffffffcb]p[0xffffffa8]Y[0xffffff86][0xffffffd1][0xffffffcb][0xffffffa0]\[0xffffff8b][0xffffffcf]2[0x1c][0x6][0xffffffb3][0xc]G[0xffffffbc]4[0xffffff9e][0xffffff89]36[0xffffffcb]p[0xffffffec][0x17][0xffffffc5]Q[0xffffffd7][0xffffff9a][0xffffffcc]2H [0x19][0xffffffd7][0x1a][0xffffffcc]2[0x4]8[0xffffffb3]]{}[0xffffff96][0xffffffe1][0xffffffed][0xffffffff][0xffffff89][0xffffffae]=[0x7][0xffffffd6][0xffffffb5]'[0xffffffee][0xffffffda][0xffffffd3][0xffffffc0][0xffffffb5]g[0xffffff80]:[0x13][0xffffffe7][0x13]s[0xffffffed][0xffffffe9][0xffffffe4][0xffffffda][0xffffff88]"[0xffffffe3]Z[0x5]$[0xffffffe3][0xffffffda][0xffffff88]e[0xffffffbe]kw8[0xffffffb3]][0xffffffbb]#[0xfffffffa][0xffffff82]k[0xffffffd5],[0xffffffc3]X[0xffffffd8][0xffffffee][0xffffff99][0x3][0xffffff9f]e8[0xc]f[0x19][0xffffff8e]xi<[0x13]gl[0xffffff96][0xffffffe1][0xffffffd8]/[0xffffff8a][0xffffffa3][0xffffffae]5[0xffffff99]e[0xffffff90]@2[0xffffffae]5[0xffffff98]e[0x8]pf[0xffffffbb][0xfffffff6][0xfffffffa],CQ[0xffffffb3][0xc][0xffffffe7][0xffffffad]P[0xffffffbf][0xffffff8d][0x15]|[0xffffff96][0xffffffa1][0x18][0xffffffcc]2[0xffffff94]xi<[0x11][0xffffffe7][0xffffff82][0xffffffcd]2[0xffffff94][0xfffffffd][0xffffffa2]8[0xffffffe9]Z[0xffffff81]"[0xffffffe2]Z[0x9]$[0xffffffe2]Z[0xffffff81]e[0xffffffba]k[0x3][0xffffff9c][0xffffffc9][0xffffffae][\r][0xffffff88][0xffffffbe][0xffffffe0]Zu[0xffffffe7][0xffffffeb]<:[0xffffffb5]{[0xffffffa6][0xffffffe0]w[0xffffffbe][0xffffff8a][0xffffffc1][0xffffff9d][0xffffffaf][0x12]/[0xffffffd7]d[0xffffffe2][0xffffff8c][0xffffffdd][0xfffffff9]*[0xfffffffb][0xffffff85][0x1a][0xffffffd4][0xffffffb5]&w[0xffffffbe]$[0xffffff90][0xffffff8c]k[\r][0xffffffee]|[0x5]8"
2024-07-29 11:03:33 DEBUG wire:92 - http-outgoing-1 << "[0xffffffb3]]{[0xfffffffd][0xffffffce]WQ[0xffffffdf]e`][0xb][0xffffffcf]2[0x14][0xffffff83][0xffffffef]2[0xffffff94][0xffffffb8][0x0]?[0x17]gh[0xffffff96][0xffffffa1][0xffffffec]K[0xffffffef]a[0xffffffd7]Z[0xffffffcc]2H )[0xffffffd7][0xffffffe2][0xffffffb3][0xc][0x1][0xffffffce]|[0xffffffd7]^[0xffffff9d]e(Uum[0xffffffeb][0xffffffd4],[0xffffffc3][0xffffffdb]y`[0xffffffd7]V[0xffffff83][0xffffffae][0xffffffad]! 2q[0xffffffae]X[0xffffffd7]V[0xffffffa7][0xffffffae][0xffffff8d](2[0xffffffae]U@2[0xffffffae][0xffffff8d]X[0xffffffe6][0xffffffbb]v[0xffffff87]3[0xffffffdb][0xffffffb5];[0xffffffa2]/[0xffffffb8][0xffffffb6][0xffffffa9][0xffffffae][0x1d][0x13][0xffffffeb][0xffffffda][0xffffff86]wm3[0xffffffe8][0xffffffda][0x16][0x2]"[0x13][0xffffffe7][0xffffff86]ums[0xffffffea][0xffffffda][0xffffff88]"[0xffffffe3]Z[0x5]$[0xffffffe3][0xffffffda][0xffffff88]e[0xffffffbe]kw8[0xffffffb3]][0xffffffbb]#[0xfffffffa][0xffffff82]k[0xffffffd5],[0xffffffc3][0xffffffbc][0xffffff8d]N[0xffffffb9][0x16][0xffffff9f]e([0x6][0xffffffb3][0xc]%^[0x1a][0xffffffcf][0xffffffc4][0x19][0xffffff9b]e([0xfffffffb]Eq[0xffffffd4][0xffffffb5]&[0xffffffb3][0xc][0x12]H[0xffffffc6][0xffffffb5][0x6][0xffffffb3][0xc][0x1][0xffffffce]l[0xffffffd7]^[0xffffff9f]e(j[0xffffff96]a[0xffffffd6][0xffffffb6]([0xffffffd7][0xffffffe2][0xffffffb3][0xc][0xffffffc5]`[0xffffff96][0xffffffa1][0xffffffc4]K[0xffffffe3][0xffffff99]8c[0xffffffb3][0xc]e[0xffffffbf]([0xffffff8e][0xffffffba][0xffffffd6]d[0xffffff96]A[0x2][0xffffffc9][0xffffffb8][0xffffffd6]`[0xffffff96]![0xffffffc0][0xffffff99][0xffffffed][0xffffffda][0xffffffeb][0xffffffb3][0xc][0xffffffe5]T[0xffffffae][0x1d][0x5]s[0xffffffed][0xffffff89][0xffffffbb][0xfffffff6]4p[0xffffffed][0x19][0xffffffa0][0xffffffce][0xffffffc4][0xfffffff9][0xffffffc4]\{:[0xffffffb9]6[0xffffffa2][0xffffffc8][0xffffffb8]V[0x1][0xffffffc9][0xffffffb8]6b[0xffffff99][0xffffffef][0xffffffda][0x1d][0xffffffce]l[0xffffffd7][0xffffffee][0xffffff88][0xffffffbe][0xffffffe0]Z5[0xffffffcb]0[0xffffffb9][0xffffffef][0xffffff8d][0x15]|[0xffffff96][0xffffffa1][0x18][0xffffffcc]2[0xffffff94]xi<[0x13]gl[0xffffff96][0xffffffa1][0xffffffec][0x17][0xffffffc5]Q[0xffffffd7][0xffffff9a][0xffffffcc]2H [0x19][0xffffffd7][0x1a][0xffffffcc]2[0x4]8[0xffffffb3]][0xfffffffb][0x13][0xffffffb3][0xc]K[0xffffffb8]v[0xffffff95]N[0xffffffed]Cx;[0xf][0xffffffec][0xffffffda]e[0xffffffe0][0xffffffda][0x15][0xffffffa0][0xffffffce][0xffffffc4]ya[0xffffffae]]N[0xffffffae][0xffffff8d](2[0xffffffae]U@2[0xffffffae][0xffffff8d]X[0xffffffe6][0xffffffbb]v[0xffffff87]3[0xffffffdb][0xffffffb5];[0xffffffa2][0xffffffbf][0xffffffdd][0xffffffb5]U[0xffffffcd][0xffffff8d][0xffffffad]6[0x1b][0xffffffe4][0xffffffda][0xffffff8a][0xffffffcf][0xffffff8d]U[0xffffff83][0xffffffb9][0xffffffb1][0x1a][0x7]t[0x12]q[0xffffffae][0xffffffd8][0xffffffdc]X[0xffffffdd][0xffffff87]rH[0xffffffd7][\n]"
2024-07-29 11:03:33 DEBUG wire:92 - http-outgoing-1 << "[0x14][0x11][0xffffffd7]J [0x11][0xffffffd7][\n]"
2024-07-29 11:03:33 DEBUG wire:92 - http-outgoing-1 << ",[0xffffffd3]][0x1b][0xffffffe0]Lvm@[0xfffffff4][0x5][0xffffffd7][0xffffffaa]o[0xffffffe0][0xffffffac][0x13]{[0xffffff87]P[0xfffffff1]o[0xffffffe0]T[0xffffff83]o[0xffffffe0][0xffffffd4][0xfffffff8][0xffffffb1][0xffffff91]L[0xffffff9c][0xffffffb1]o[0xffffffe0][0xffffffd4][0xfffffffd][0x3]#[0xffffffa8]kM[0xffffffbe][0xffffff81]#[0xffffff81]d\k[0xfffffff0][\r][0xffffff9c][0x0]g[0xffffffb6]k[0xffffffaf][0x7f][0x3][0xffffffa7][0xffffff8a][0x19][0xffffffdd]y[0xffffffbb][0xffffff95][0xffffff83]r->[0xffffffa3][[\r]ftk[0x1c][0xffffff86][0xffffffcc][0xffffffc4][0x19][0xffffff9b][0xffffffd1][0xffffffad][0xfffffffb][0x0]$[0xffffffea]Z[0xffffff93][0x19]][0x9]$[0xffffffe3]Z[0xffffff83][0x19][0xffffffdd][0x0]g[0xffffffb6]k[0xffffffaf][0xffffffcf][0xffffffe8]V17vw-[0xffffffd7][0xffffffb5][0xfffffff8][0xffffffdc]X5[0xffffff98][0x1b][0xffffffab]q@'[0x13]gln[0xffffffac][0xffffffee]C9[0xffffffa8]kM[0xffffffe6][0xffffffc6]$[0xffffff90][0xffffff8c]k[\r][0xffffffe6][0xffffffc6][0x2][0xffffff9c][0xffffffd9][0xffffffae][0xffffffbd]>7V[0xffffffc5]7p[0xffffffee][0xffffffae][0xffffff9d][0xffffffd4][0xffffff9e][0xffffffaf][0xffffff8a][0x7f][0x3][0xffffffa7][0x1a]|[0x3][0xffffffa7][0xffffffc6][0xffffff8f][0xffffff8d]d[0xffffffe2][0xffffff8c]}[0x3][0xffffffa7][0xffffffee][0x1f][0x18]A]k[0xfffffff2][\r][0x1c][0x9]$[0xffffffe3]Z[0xffffff83]o[0xffffffe0][0x4]8[0xffffffb3]]{[0xfffffffd][0x1b]8U[0xffffffcc][0xffffff8d][0xffffffcd][[0xffffffb9]Q[0xfffffff7][0x10]*>7V[\r][0xffffffe6][0xffffffc6]j[0x1c][0xffffffd0][0xffffffc9][0xffffffc4][0x19][0xffffff9b][0x1b][0xffffffab][0xfffffffb]P[0xe][0xffffffea]Z[0xffffff93][0xffffffb9]1[0x9]$[0xffffffe3]Z[0xffffff83][0xffffffb9][0xffffffb1][0x0]g[0xffffffb6]k[0xffffffaf][0xffffffcf][0xffffff8d]U176o[0xffffffbd]b][0xffffff8b][0xffffffcf][0xffffff8d]U[0xffffff83][0xffffffb9][0xffffffb1][0x1a][0x7]t2q[0xffffffc6][0xffffffe6][0xffffffc6][0xffffffea]>[0xffffff94][0xffffff83][0xffffffba][0xffffffd6]dnL[0x2][0xffffffc9][0xffffffb8][0xffffffd6]`n,[0xffffffc0][0xffffff99][0xffffffed][0xffffffda][0xffffffeb]sc[0xfffffff5]T[0xffffffae][0xffffff9d][0x7][0xfffffff6][0xffffffdb][0xffffffd8][0xffffff89][0xffffffbb][0xfffffff6]4p[0xffffffed][0x19][0xffffffa0][0xffffffce][0xffffffc4][0xfffffff9][0xffffffc4]\{:[0xffffffb9]6[0xffffffa2][0xffffffc8][0xffffffb8]V[0x1][0xffffffc9][0xffffffb8]6b[0xffffff99][0xffffffef][0xffffffda][0x1d][0xffffffce]l[0xffffffd7][0xffffffee][0xffffff88][0xffffffbe][0xffffffe0]Z176[0xffffff8f]r[0xffffffa3]v[0xffffffcf]T|n[0xffffffac][0x1a][0xffffffcc][0xffffff8d][0xffffffd5]8[0xffffffa0][0xffffff93][0xffffff89]367V[0xfffffff7][0xffffffa1][0x1c][0xffffffd4][0xffffffb5]&sc[0x12]H[0xffffffc6][0xffffffb5][0x6]sc[0x1][0xffffffce]l[0xffffffd7]^[0xffffff9f][0x1b][0xffffffbb][0xffffffff]i1s-[0xffffffbc]S[0xfffffff1]q[0x2][0xffffffde][0xffffffb5][0xffffffe0]N[0xffffffc5][0xffffffc7][0xffffffd3])[0xffffffd7][0xfffffffa][0xffffffec]T[0x14](R[0xffffffae]5[0xffffffd9][0xffffffa9]([0xffffffb0]$\[0xffffff8b][0xffffffee]T[0xc][0xffffff88][0xffffffbe][0xffffffe4][0xffffffda]f[0xffffffe6][0xffffffda][0xffffff86][0xffffffbb][0xffffffb6][0x19][0xffffffb8][0xffffffb6][0xffffffa1][0xffffffae]m[0xffffff98]k[0xffffff9b][0xffffff93]kw[0x14])[0xffffffd7]F )[0xffffffd7][0xffffffee]X[0x12][0xffffffae]m[0xffffffb0]k[0xffffffdb]u[0xffffffd7]>[0xffffffde][0xffffffcd]:[0xffffffc9][0xfffffff6]8p[0xffffffdb][0xffffffde][0xffffff8f][0xffffffc0][0xffffffeb][0xfffffff6][0xffffffe3][0x10][0xffffff94]o[0xffffffef][0xffffff8f][0xffffffa7][0xffffff84][0xfffffffb][0xfffffffe]h[0x17][0xffffffe3][0x6][0x1e])[0xffffffe5][\n]"
2024-07-29 11:03:33 DEBUG wire:92 - http-outgoing-1 << "*)[0xffffffe7][0x6]6[0x9][0xffffffe9]n[0xffffff84][0xffffffe6][w[0xffffffe3][0xfffffff4]%[0xffffffed][0x16][0xffffffbb][0xfffffff7][0x9][0x6]/[0x14],[0xffffffde]([0xffffffc0][0xffffffaf][0x14][0xffffffc0]w[\n]"
2024-07-29 11:03:33 DEBUG wire:106 - http-outgoing-1 << "^/[0x15]l[0xffffffde]*[0x18][0xffffffbd]V[0xffffffb0]x[0xffffffaf][0xffffff80][0xffffffbf]X[0xfffffff8][0xffffff89]7[0xb][0xffffffb5][0xffffff9b]i[0xffffffb7]v\[0xffffffbb][0xfffffff7]#[0xfffffff0][0xffffffda][0xfffffffd]8[0x4][0xffffffa5][0xffffffdd][0xfffffffb][0xffffffe3])[0xffffffed][0xffffffbe]?[0xffffffda]E[0xffffffbb][0xffffff81]GJ[0xffffffbb][0xffffff82]JJ[0xffffffbb][0xffffff81]MB[0xffffffbb][0x1b][0xffffffa1][0xfffffff9][0xffffffda][0xffffffdd]8}I[0xffffffbb]m[0xffffff9a]i[0xffffffb7]M\[0xffffffbb][0xfffffff7]#[0xfffffff0][0xffffffda][0xfffffffd]8[0x4][0xffffffa5][0xffffffdd][0xfffffffb][0xffffffe3])[0xffffffed][0xffffffbe]?[0xffffffda]E[0xffffffbb][0xffffff81]GJ[0xffffffbb][0xffffff82]JJ[0xffffffbb][0xffffff81]MB[0xffffffbb][0x1b][0xffffffa1][0xfffffff9][0xffffffda][0xffffffdd]8}I[0xffffffbb][0xffffffc3][0xffffffed]%[0xffffffc3][0xffffffe0]_2[0xc][0xffffff87][0xffffff97][0xc][0xffffff83]}[0xffffffc9]0[0xffffffb8][0xffffff97][0xc][0xffffffc3][0xffffffea]%C[0xffffffe0][0xffffff91][0xffffffd2][0xffffffae][0xffffffa0][0xffffff92][0xffffffd2]n`[0xffffff93][0xffffffd0][0xffffffee][0xffffffa0]_2[0xffffff8c][0xffffff9f]x[0xffffffc9]0[0xffffffdd]jw[0xfffffff2][0xffffffb5];[0x1d]jw[0xffffffb2][0xffffffb5];[0xffffffb9][0xffffffda][0xffffff9d]V[0xffffffb5][0x1b]x[0xffffffa4][0xffffffb4]+[0xffffffa8][0xffffffa4][0xffffffb4][0x1b][0xffffffd8]$[0xffffffb4];[0xffffffe9][0xffffffda][0xffffff9d]?Q[0xffffffbb][0xffffffcb][0xffffffad]v[0x17]_[0xffffffbb][0xffffffcb][0xffffffa1]v[0x17][[0xffffffbb][0xffffff8b][0xffffffab][0xffffffdd]eU[0xffffffbb][0xffffff81]GJ[0xffffffbb][0xffffff82]JJ[0xffffffbb][0xffffff81]MB[0xffffffbb][0xffffff8b][0xffffffae][0xffffffdd][0xfffffff5][0x13][0xffffffb5]{<[0xffffffbe][0xffffffc0][0xffffffeb][0xffffffe4][0xffffffdd][0xfffffffb][0xffffff89]p[0xfffffff1][0xffffffbe][0xffffff9d][0xffffff81]7[0xffffffef][0xffffffb7]SP[0xffffffea]}{>[0xffffffe5][0xffffffde][0xffffff8f]g[0xffffffbb][0xffffffc8]7BI[0xffffffd9]W[0xffffffa1]I[0xffffffe9]7[0x2]J[0xfffffff8]w[0xffffffc7]4_[0xffffffc0];[0xffffffac][0xffffffbf][0xffffffc5][0xffffffc0][0xfffffff3][0xfffffffd][0xffffff8f][0xffffffc5]'[0xffffffcd][0xffffffe6]1V[0xfffffffe][0xffffffa7]z?[0xffffffcf]C[0xffffffd9][0xfffffff7][0xffffffcb][0x9]0[0xfffffff7]ngH6[0xffffffef][0xffffff97][0xffffffa7]'{[0xfffffff7][0xffffffd7]O[0xffffff86][0xffffffad][0xfffffffb][0x14][0xffffffc5]d[0xffffffe7][0xfffffffe][0x0][0xffffffc8]d[0xffffffe3]>[0xffffffc5]2[0xffffffd1][0xffffffb7]O[0xffffffe0]L[0xffffffb3][0xffffffed][0x13]D[0x7f][0xffffffbb]k[0xffffff9b][0xfffffff8][0xffffffa4][0xffffffd9]<[0xffffffd6][0xffffffca]_%[0xfffffff6]y[0x1e][0xffffffd6][0xffffffb5][\r][0xfffffffd][0xffffffa4][0xffffffd9]v[0x6][0xffffffc4][0xffffffb5][\r][0xfffffff8][0xffffffa4][0xffffffd9][0xffffffaf][0xffffff9f]l[0xffffffe1]Z[0xffffff81]"[0xffffffe2]Z[0x9]$[0xffffffe2]Z[0xffffff81]e[0xffffffba]k[0x3][0xffffff9c][0xffffffc9][0xffffffae][\r][0xffffff88][0xffffffbe][0xffffffe0]Z[0xfffffff1]I[0xffffffb3]Yj[0xffffffc3]\[0xb]~[0xffffffd2][0xffffffec][0xffffffcb][0x9]h[0xffffffd7]B[0xffffff9f]4[0xfffffffb][0xfffffff2]t[0xffffffc6][0xffffffb5][0x1e][0xffffff9f]4{[0xffffff8a]"[0xffffffe3]Z[0xffffff83]O[0xffffff9a]=[0xffffffc5]2[0xffffffdf][0xffffffb5][0xffffffd8]'[0xffffffcd][0xffffff9e] [0xfffffffa][0xffffff82]k[0xffffffd5]'[0xffffffcd]J[0x7][0xffffffd6]6"
2024-07-29 11:03:33 DEBUG wire:92 - http-outgoing-1 << "~[0xffffff9e][0x7]v-[0xfffffffa]I[0xffffffb3][0xffffffed][0xc][0xffffff8c]k[0xffffff81]O[0xffffff9a][0xfffffffd][0xfffffffa][0xffffffc9][0x1e][0xffffffae][0xffffffc5]?i[0xfffffff6][0x3] [0x19][0xffffffd7][0xffffffa2][0xffffff9f]4{[0x2]g[0xffffffb6]k[0xffffffaf]|[0xffffffd2][0xffffffec][0xffffffe3]O[0xffffffd5]'[0xffffffcd][0xffffffca][0xffffffb9]*[0xffffffe5]Z[0xfffffff0][0xffffff93]f_N@[0xffffffbb][0x16][0xfffffffa][0xffffffa4][0xffffffd9][0xffffff97][0xffffffa7]3[0xffffffae][0xfffffff5][0xfffffff8][0xffffffa4][0xffffffd9]S[0x14][0x19][0xffffffd7][0x1a]|[0xffffffd2][0xffffffec])[0xffffff96][0xfffffff9][0xffffffae][0xffffffc5]>i[0xfffffff6][0x4][0xffffffd1][0xffffffdf][0xffffffee][0xffffffda][0xffffffae][0xffffffde][0xffffffd7][0xffffffd6][0xffffffde][0xfffffff2]?[0xffffffb3][0xfffffff3]y[0x1e][0xffffffd6][0xffffffb5][0xffffffdd][0xffffffe0]}m[0xffffff8f]/[0xffffffc6][0x12]q[0xffffffee][0xffffffd8][0xfffffffb][0xffffffda][0xffffffbe][0xffffffbf][0xc]#]+PD\+[0xffffff81]D\+[0xffffffb0]Lwm[0xffffff80]3[0xffffffd9][0xffffffb5][0x1][0xffffffd1][0x17]\[0xffffffab][0xffffffde][0xffffffd7][0xffffffd6]sP][0xffffffdb][0xfffffff1][0xfffffff7][0xffffffb5][0xffffffdd][0xffffffe0]}m[0xffffff8f]/[0xffffffc6]2q[0xffffffc6][0xffffffde][0xffffffd7][0xfffffff6][0xfffffffd]e[0x18][0xffffffea]Z[0xffffff93][0xfffffff7][0xffffffb5][0x12]H[0xffffffc6][0xffffffb5][0x6][0xffffffef]k[0x3][0xffffff9c][0xffffffd9][0xffffffae][0xffffffbd][0xfffffffe][0xffffffbe][0xffffffb6][0x17][0xffffffb1][0xffffff8e][0xffffffbc][0xffffffdd]f[0xfffffffe][0xffffff9d][0xffffffdb][0xffffffcf][0xfffffff3][0xffffffc0][0xffffffae]-[0xffffffe4]:[0xfffffff2][0xffffffed][0xc][0xffffff8c]kK[0xfffffffe]:[0xfffffff2]_?[0xffffffd9][0xffffffc3][0xffffffb5][0x11]E[0xffffffc6][0xffffffb5][\n]"
2024-07-29 11:03:33 DEBUG wire:92 - http-outgoing-1 << "H[0xffffffc6][0xffffffb5][0x11][0xffffffcb]|[0xffffffd7][0xffffffee]pf[0xffffffbb]vG[0xfffffff4][0x5][0xffffffd7][0xffffffaa][0xfffffff7][0xffffffb5][0xffffffad],[0xffffffec][0x1d][0x2][0xfffffffe][0xffffffbe][0xffffffb6][0x1b][0xffffffbc][0xffffffaf][0xffffffed][0xfffffff1][0xffffffc5]X&[0xffffffce][0xffffffd8][0xfffffffb][0xffffffda][0xffffffbe][0xffffffbf][0xc]C]k[0xfffffff2][0xffffffbe]V[0x2][0xffffffc9][0xffffffb8][0xffffffd6][0xffffffe0]}m[0xffffff80]3[0xffffffdb][0xffffffb5]?[0xfffffff1][0xffffffbe][0xffffffb6])[0xffffffd7][0xffffff8e][0x1b][0xfffffff6][0xe][0xffffffa1][0xffffffe1][0xffffffae]m[0x6][0xffffffae]m[0x1][0xffffffea]L[0xffffff9c][0x1b][0xffffffe6][0xffffffda][0xffffffe6][0xffffffe4][0xffffffda][0xffffff88]"[0xffffffe3]Z[0x5]$[0xffffffe3][0xffffffda][0xffffff88]e[0xffffffbe]kw8[0xffffffb3]][0xffffffbb]#[0xfffffffa][0xffffff82]k[0xffffffbb]r[0xffffffed][0xffffffe4][0xffffffde][0xffffffd7]v[0xffffffdc][0xffffffb5][0xffffffdd][0xffffffc0][0xffffffb5]=@[0xffffff9d][0xffffff89]s[0xffffffc7]\[0xffffffdb][0xffffff9d]\[0x1b]Qd\[0xffffffab][0xffffff80]d\[0x1b][0xffffffb1][0xffffffcc]w[0xffffffed][0xe]g[0xffffffb6]kwD_p[0xffffffed][0x10][0xffffff9f]4[0xffffffeb][0xffffffc7][0xffffff81][0xffffffbd][0xffffffaf][0x1d][0xffffffdc]'[0xffffffcd][0xffffffbe][0xffffff9c][0xffffff80]v[0xffffffed][0x8][0xffffffdf][0xffffff8e][0xffffffca][0xffffffc4]y[0xffffffe4][0x7f][0xffffffd2][0xffffffec][0xffffffd7]O[0xfffffff6]pmD[0xffffff91]q[0xffffffad][0x2][0xffffff92]qm[0xffffffc4]2[0xffffffdf][0xffffffb5];[0xffffff9c][0xffffffd9][0xffffffae][0xffffffdd][0x11]}[0xffffffc1][0xffffffb5][0xffffffa7][0xffffffe8][0xffffffda][0xffffffde]n'[0xffffffe5][0xffffffda][0x13][0xffffffef][0xffffffda][0xffffffd3][0xffffffa0]k[0xffffffcf][0x10][0x10][0xffffff99]8[0xffffff9f]X[0xffffffd7][0xffffff9e]N][0x1b]Qd\[0xffffffab][0xffffff80]d\[0x1b][0xffffffb1][0xffffffcc]w[0xffffffed][0xe]g[0xffffffb6]kwD_p[0xffffffed]T[0xffffffae][0xffffffed][0xffffffa5]Q[0xffffffae][0xffffff9d][0xffffffb8]k[0xffffffa7][0xffffff81]kg[0xffffff80]:[0x13][0xffffffe7][0xffffff89][0xffffffb9]v:[0xffffffb9]6[0xffffffa2][0xffffffc8][0xffffffb8]V[0x1][0xffffffc9][0xffffffb8]6b[0xffffff99][0xffffffef][0xffffffda][0x1d][0xffffffce]l[0xffffffd7][0xffffffee][0xffffff88][0xffffffbe][0xffffffe0]Z[0xffffffb5][0xffffffe7][0xffffffab][0xfffffff7][0xffffffc7]'[0x1e][0x10][0xffffffd7][0xffffffe2]{[0xffffffbe][0xffffffba][0xffffffc1][0xffffff9e][0xffffffaf][0x1e][0x17]*e[0xffffffe2][0xffffff8c][0xffffffed][0xfffffff9][0xffffffea][0xfffffffb][0x12]%[0xffffffd4][0xffffffb5]&{[0xffffffbe]$[0xffffff90][0xffffff8c]k[\r][0xfffffff6]|[0x5]8[0xffffffb3]]{}[0xffffffcf][0xffffffd7]Psc}[0x1c][0x13]r[0xffffffed][0xffffffc0][0xffffffe7][0xffffffc6][0xffffff86][0xffffffc1][0xffffffdc][0xffffffd8][0xffffff88][0x3]:[0xffffff89]8[0xf]lnl[0xffffffec]C9[0xffffffa4]k[0x5][0xffffff8a][0xffffff88]k%[0xffffff90][0xffffff88]k[0x5][0xffffff96][0xffffffe9][0xffffffae][\r]p&[0xffffffbb]6 [0xfffffffa][0xffffff82]k[0xffffffd5][0xffffffdc]X[0x1f][0xffffff9d][0xffffffba][0xffffff87]0[0xfffffff0][0xffffffb9][0xffffffb1]a076[0xffffffe2][0xffffff80]N&[0xffffffce][0xffffffd8][0xffffffdc][0xffffffd8][0xffffffd8][0xffffff87]rP[0xffffffd7][0xffffff9a][0xffffffcc][0xffffff8d]I [0x19][0xffffffd7][0x1a][0xffffffcc][0xffffff8d][0x5]8[0xffffffb3]]{}nl[0xffffffa8]=_[0xfffffffd][0x1c][0xffffffd4][0xffffffae][0xfffffff0][0xffffff81][0xffffffef][0xfffffff9][0x1a][0x6]{[0xffffffbe]F\[0xffffffa8][0xffffff94][0xffffff89]3[0xffffffb6][0xffffffe7]k[0xffffffec]K[0xffffff94]P[0xffffffd7][0xffffff9a][0xffffffec][0xfffffff9][0xffffff92]@2[0xffffffae]5[0xffffffd8][0xfffffff3][0x15][0xffffffe0][0xffffffcc]v[0xffffffed][0xfffffff5]=_C[0xffffffcd]2[0xffffff8c]:[0xffffffa8][0xffffffb9][0xffffffb1][0xffffff81][0xffffffcf]2[0xc][0xffffff83]Y[0xffffff86][0x11]/[0xffffff8d]g[0xffffffe2][0xffffff8c][0xffffffcd]2[0xffffff8c][0xfffffffd][0xffffffa2]8[0xffffffea]Z[0xffffff93]Y[0x6][0x9]$[0xffffffe3]Z[0xffffff83]Y[0xffffff86][0x0]g[0xffffffb6]k[0xffffffaf][0xffffffcf]2[0xffffff8c]!\{[0x1e][0xffffff9d][0xffffffda]_[0xfffffffb]v[0x1e][0xffffffd8][0xffffffb5][0xffffffc3][0xffffffc0][0xffffffb5]#@[0xffffff9d][0xffffff89][0xfffffff3][0xffffffc0]\;[0xffffff9c]\[0x1b]Qd\[0xffffffab][0xffffff80]d\[0x1b][0xffffffb1][0xffffffcc]w[0xffffffed][0xe]g[0xffffffb6]kwD_p[0xffffffed]T[0xffffffae]=[0xffffffb1][0xfffffffb][0xffffffb5]o[0xffffffe7][0xffffff81]];[\r]\;[0x3][0xffffffd4][0xffffff99]8O[0xffffffcc][0xffffffb5][0xffffffd3][0xffffffc9][0xffffffb5][0x11]E[0xffffffc6][0xffffffb5][\n]"
2024-07-29 11:03:33 DEBUG wire:92 - http-outgoing-1 << "H[0xffffffc6][0xffffffb5][0x11][0xffffffcb]|[0xffffffd7][0xffffffee]pf[0xffffffbb]vG[0xfffffff4][0x5][0xffffffd7][0xffffffaa];_[0xfffffff3]6[0xffffffb0]{[0x8][0xfffffff8][0xffffff9d][0xffffffaf]ap[0xffffffe7]k[0xffffffc4][0xffffffcb]5[0xffffff99]8cw[0xffffffbe][0xffffffc6]~[0xffffffa1][0x6]u[0xffffffad][0xffffffc9][0xffffff9d]/[0x9]$[0xffffffe3]Z[0xffffff83];_[0x1][0xffffffce]l[0xffffffd7]^[0xffffffbf][0xfffffff3]u[0xffffffaa];_[0xffffffb3][0xffffffb4][0x6][0xffffffb9][0xfffffff6][0xffffffc4][0xffffffef]|[0xffffff9d][0x6]w[0xffffffbe][0xffffffce]x[0xffffffb9]&[0x11][0xffffffe7][0x13][0xffffffbb][0xfffffff3]u[0xffffffee][0x17]jH[0xffffffd7][\n]"
2024-07-29 11:03:33 DEBUG wire:92 - http-outgoing-1 << "[0x14][0x11][0xffffffd7]J [0x11][0xffffffd7][\n]"
2024-07-29 11:03:33 DEBUG wire:92 - http-outgoing-1 << ",[0xffffffd3]][0x1b][0xffffffe0]Lvm@[0xfffffff4][0x5][0xffffffd7][0xffffffaa];_[0xffffffb3]7j[0x1f][0xffffffc2][0xffffff89][0xffffffdf][0xfffffff9]:[\r][0xffffffee]|[0xffffff9d][0xfffffff1]rM&[0xffffffce][0xffffffd8][0xffffff9d][0xffffffaf]s[0xffffffbf]P[0xffffff83][0xffffffba][0xffffffd6][0xffffffe4][0xffffffce][0xffffff97][0x4][0xffffff92]q[0xffffffad][0xffffffc1][0xffffff9d][0xffffffaf][0x0]g[0xffffffb6]k[0xffffffaf][0xffffffdf][0xfffffff9]:[0xffffffd5][0xffffff9d][0xffffffaf]9N[0xffffffea][0xffffffce][0xffffffd7][0xffffff89][0xffffffdf][0xfffffff9]:[\r][0xffffffee]|[0xffffff9d][0xfffffff1]rM&[0xffffffce][0xffffffd8][0xffffff9d][0xffffffaf]s[0xffffffbf]P[0xffffff83][0xffffffba][0xffffffd6][0xffffffe4][0xffffffce][0xffffff97][0x4][0xffffff92]q[0xffffffad][0xffffffc1][0xffffff9d][0xffffffaf][0x0]g[0xffffffb6]k[0xffffffaf][0xffffffdf][0xfffffff9]:[0xffffffd5][0xffffffae][0xfffffff0]y[0x16]j[0xffffff96][0xffffffe1][0xffffffc4]w[0xffffff85][0xffffff9f][0x6][0xffffffbb][0xffffffc2][0xffffffcf][0xffffffb8][0xffffff94]9[0x13]glW[0xfffffff8][0xffffffb9]/bF]k[0xffffffb2]+\[0x2][0xffffffc9][0xffffffb8][0xffffffd6]`Wx[0xffffff80]3[0xffffffdb][0xffffffb5][0xffffffd7]w[0xffffff85][0xffffff9f][0xffffffea]~[0xffffffed]<[0x1f][0xffffffa7]C\[0xffffff8b][0xffffffdf][0xffffffaf]=[\r][0xffffffee][0xffffffd7][0xffffff9e][0xfffffff1]"c&[0xffffffce][0xffffffd8][0xfffffffd][0xffffffda]s[0xffffffbf][0xffffffbc][0xffffff88][0xffffffba][0xffffffd6][0xffffffe4]~[0xffffffad][0x4][0xffffff92]q[0xffffffad][0xffffffc1][0xfffffffd][0xffffffda][0x0]g[0xffffffb6]k[0xffffffaf][0xffffffdf][0xffffffaf]=[0xffffffd5][0xffffffae][0xfffffff0]y.[0xffffffec][0x1d][0x2][0xffffffbe]+[0xfffffffc]4[0xffffffd8][0x15]~[0xffffffc6][0xffffffa5][0xffffffcc][0xffffff99]8c[0xffffffbb][0xffffffc2][0xffffffcf]}[0x11]3[0xffffffea]Z[0xffffff93]][0xffffffe1][0x12]H[0xffffffc6][0xffffffb5][0x6][0xffffffbb][0xffffffc2][0x3][0xffffff9c][0xffffffd9][0xffffffae][0xffffffbd][0xffffffbe]+[0xfffffffc]T[0xffffffb3][0xc]s[0xffffffdd][0xffffffb0][0xffffffdf][0xffffffc6][0xfffffff0]Y[0xffffff86][0xffffffd3]`[0xffffff96][0xffffffe1][0xffffff8c][0xffffff97][0xffffffc6]3q[0xffffffc6]f[0x19][0xffffffce][0xfffffffd][0xffffffa2]8[0xffffffea]Z[0xffffff93]Y[0x6][0x9]$[0xffffffe3]Z[0xffffff83]Y[0xffffff86][0x0]g[0xffffffb6]k[0xffffffaf][0xffffffcf]2[0xffffff9c]jW[0xfffffff8]*[0x7]5[0xffffffcb]p[0xffffffe2][0xffffffbb][0xffffffc2]O[0xffffff83]][0xffffffe1]g\[0xffffffca][0xffffff9c][0xffffff89]3[0xffffffb6]+[0xfffffffc][0xffffffdc][0x17]1[0xffffffa3][0xffffffae]5[0xffffffd9][0x15].[0xffffff81]d\k[0xffffffb0]+<[0xffffffc0][0xffffff99][0xffffffed][0xffffffda][0xffffffeb][0xffffffbb][0xffffffc2][0xffffffcf][0xffffffa9]\[0xffffffdb][0xffffffb0][0xffffff9d][0xffffff8a]o[0xffffffe7][0xffffff81]];[\r]\;[0x3][0xffffffd4][0xffffff99]8O[0xffffffcc][0xffffffb5][0xffffffd3][0xffffffc9][0xffffffb5][0x11]E[0xffffffc6][0xffffffb5][\n]"
2024-07-29 11:03:33 DEBUG wire:106 - http-outgoing-1 << "H[0xffffffc6][0xffffffb5][0x11][0xffffffcb]|[0xffffffd7][0xffffffee]pf[0xffffffbb]vG[0xfffffff4][0x5][0xffffffd7][0xffffffaa][0xffffffb9][0xffffffb1]uv[0xffffffac]k[0xfffffff1][0xffffffb9][0xffffffb1][0xffffffd3]`n[0xffffffec][0xffffff8c][0x3]:[0xffffff99]8csc[0xffffffe7]>[0xffffff94][0xffffff83][0xffffffba][0xffffffd6]dnL[0x2][0xffffffc9][0xffffffb8][0xffffffd6]`n,[0xffffffc0][0xffffff99][0xffffffed][0xffffffda][0xffffffeb]scS[0xffffffcd][0xffffff8d][0xffffffad][0xffffff85][0xfffffffd]6"
2024-07-29 11:03:33 DEBUG wire:92 - http-outgoing-1 << "6[0xfffffff1][0xffffffb9][0xffffffb1]i076[0xffffffe3][0xffffff80]N"[0xffffffce][0x13][0xffffff9b][0x1b][0xffffff9b][0xfffffffb]P[0xe][0xffffffe9]Z[0xffffff81]"[0xffffffe2]Z[0x9]$[0xffffffe2]Z[0xffffff81]e[0xffffffba]k[0x3][0xffffff9c][0xffffffc9][0xffffffae][\r][0xffffff88][0xffffffbe][0xffffffe0]Z17[0xffffffb6]nu[0x16][0xffffffca][0xffffffb5][0xfffffff8][0xffffffdc][0xffffffd8]4[0xffffff98][0x1b][0xffffff9b]q@'[0x13]glnl[0xffffffee]C9[0xffffffa8]kM[0xffffffe6][0xffffffc6]$[0xffffff90][0xffffff8c]k[\r][0xffffffe6][0xffffffc6][0x2][0xffffff9c][0xffffffd9][0xffffffae][0xffffffbd]>76[0xffffffc5][0xffffffdc][0xffffffd8][0xffffffba][0xffffff8d]F[0xffffffed][0xffffffaf][0xffffff9d][0xfffffff8][0xffffffdc][0xffffffd8]4[0xffffff98][0x1b][0xffffff9b]q@'[0x13]glnl[0xffffffee]C9[0xffffffa8]kM[0xffffffe6][0xffffffc6]$[0xffffff90][0xffffff8c]k[\r][0xffffffe6][0xffffffc6][0x2][0xffffff9c][0xffffffd9][0xffffffae][0xffffffbd]>7[0xffffffb6][0xffffffc4][0xffffffdc][0xffffffd8]*}5[0xffffffc8][0xffffffb5][0xb][0xffffff9f][0x1b][[0x6]sc+[0xe][0xffffffe8]$[0xffffffe2][0xffffffbc][0xffffffb0][0xffffffb9][0xffffffb1][0xffffffb5][0xf][0xffffffe5][0xffffff90][0xffffffae][0x15]("[0xffffffae][0xffffff95]@"[0xffffffae][0x15]X[0xffffffa6][0xffffffbb]6[0xffffffc0][0xffffff99][0xffffffec][0xffffffda][0xffffff80][0xffffffe8]K[0xffffffae][0xffffffad]f[0xffffffae][0xffffffad][0xffffffb8]k[0xffffffab][0xffffff81]k+[0xffffffea][0xffffffda][0xffffff8a][0xffffffb9][0xffffffb6]:[0xffffffb9]vG[0xffffff91]rm[0x4][0xffffff92]r[0xffffffed][0xffffff8e]%[0xffffffe1][0xffffffda][\n]"
2024-07-29 11:03:33 DEBUG wire:92 - http-outgoing-1 << "[0xffffffbb][0xffffffb6]^w[0xffffffed][0xffffffe3]~[0xffffff97][0xffffff93]l[0xffffff8f][0xffffff89][0xffffffdb][0xfffffff6]~[0x4]^[0xffffffb7][0x1f][0xffffff87][0xffffffa0]|{[0x7f]<%[0xffffffdc][0xfffffff7]G[0xffffffbb][0x18]7[0xfffffff0]H)WPI97[0xffffffb0]IHw#4[0xffffffdf][0xffffffba][0x1b][0xffffffa7]/i[0xfffffff7][0xfffffff1][0xffffffbf][0xb]'[0xffffffed][0xffffffde][0xffffffff][0xfffffff7]Hk[0xfffffff7]~[0x4]^[0xffffffbb][0x1f][0xffffff87][0xffffffa0][0xffffffb4]{[0x7f]<[0xffffffa5][0xffffffdd][0xfffffff7]G[0xffffffbb]h7[0xfffffff0]HiWPIi7[0xffffffb0]Ihw#4_[0xffffffbb][0x1b][0xffffffa7]/i[0xffffffb7]73[0xffffffed][0xfffffff6][0xffffff86]k[0xfffffff7]~[0x4]^[0xffffffbb][0x1f][0xffffff87][0xffffffa0][0xffffffb4]{[0x7f]<[0xffffffa5][0xffffffdd][0xfffffff7]G[0xffffffbb]h7[0xfffffff0]HiWPIi7[0xffffffb0]Ihw#4_[0xffffffbb][0x1b][0xffffffa7]/i[0xfffffff7]t[0xfffffffb][0xfffffff5][0xffffffec][0xffffffe4][0x7f]>[0xffffffbb][0x1f][0xffffff81][0xffffffd7][0xffffffee][0xffffffc7]!([0xffffffed][0xffffff9e][0xffffffdc]/h[0xffffffa7][0xffffffd5]Oh[0xffffff81]GJ[0xffffffbb][0xffffff82]JJ[0xffffffbb][0xffffff81]MB[0xffffffbb]'[0xfffffffd]3[0xffffffda][0xfffffff9][0xfffffffa][0xffffffef]h[0xffffffeb][0xfffffffd]o[0xffffffc5][0xffffffee][0xffffff84]U[0xffffff89][0xffffffb9][0xffffff87][0xffffffcf][0xfffffff3]P[0xffffffd2][0xfffffffd]r[0x2][0xffffffcc][0xffffffb9][0xffffffdb][0x19][0xffffff92][0xffffff95][0xfffffffb][0xffffffe5][0xffffffe9][0xffffffc9][0xffffffc6][0xfffffffd][0xfffffff5][0xffffff93]a[0xffffffe1]>E1[0xffffffd9][0xffffffb7]?[0x0]2Y[0xffffffb7]O[0xffffffb1]L[0xffffffb4][0xffffffed][0x13]8[0xffffffd3]d[0xfffffffb][0x4][0xffffffd1][0x17]\+[0xffffffe6]yWk#[0x7f][0xffffffee][0xffffffe1][0xfffffff3]<[0xffffffb0]k[0xffffffd1]y[0xffffffde][0xffffffed][0xc][0xffffff8c]k[0xffffff81]y[0xffffffde]_?[0xffffffd9][0xffffffc3][0xffffffb5][0xfffffff8]<[0xffffffef][0xf][0xffffff80]d\[0xffffff8b][0xffffffce][0xfffffff3]>[0xffffff81]3[0xffffffdb][0xffffffb5];[0xffffffa2][0xffffffbf][0xffffffd5][0xffffffb5][0xffffffe3]v[0x13][0xfffffff3][0xffffffbc][0xffffffab][0xfffffff5][0xffffff92][0xffffffbf];[0xffffffe1][0xfffffff3]<[0xffffffa4]k?N[0xffffff80][0xffffffba][0xfffffff6][0xffffffcb][0x19][0x0][0xffffffd7]~<[0x1d]p[0xffffffed][0xffffffe7][0xffffff93][\r]\+Q[0x4]\[0xfffffffb][0x4]H[0xffffffc0][0xffffffb5][0x12][0xffffffcb]d[0xffffffd7][\n]"
2024-07-29 11:03:33 DEBUG wire:106 - http-outgoing-1 << "8S]+[0x10]}[0xffffffc1][0xffffffb5]j[0xffffff9e][0xffffffb7][0xfffffff5][0xffffffc7][0xffffffeb]\[0xffffffc4][0xffffffb5][0xffffffe0]<[0xffffffef][0xffffff97][0x13][0xffffffd0][0xffffffae][0xffffff85][0xffffffe6]y[0xffffffbf]<[0xffffff9d]q[0xffffffad][0xffffffc7]<[0xffffffef]S[0x14][0x19][0xffffffd7][0x1a][0xffffffcc][0xfffffff3]>[0xffffffc5]2[0xffffffdf][0xffffffb5][0xffffffd8]<[0xffffffef][0x13]D_p[0xffffffad][0xffffff9a][0xffffffe7]m[0xffffff83][0xffffffeb]Zp[0xffffff9e][0xfffffff7][0xffffffcb][0x9]h[0xffffffd7]B[0xfffffff3][0xffffffbc]_[0xffffff9e][0xffffffce][0xffffffb8][0xffffffd6]c[0xffffff9e][0xfffffff7])[0xffffff8a][0xffffff8c]k[\r][0xffffffe6]y[0xffffff9f]b[0xffffff99][0xffffffef]Zl[0xffffff9e][0xfffffff7][0x9][0xffffffa2]/[0xffffffb8]V[0xffffffcd][0xfffffff3][0xffffffb6][0xffffffb3][0xffffffe7][0x7f][0xffffffc3][0xffffffe1][0xfffffff3]<[0xffffffb0]k[0xffffffd1]y[0xffffffde][0xffffffed][0xc][0xffffff8c]k[0xffffff81]y[0xffffffde]_?[0xffffffd9][0xffffffc3][0xffffffb5][0xfffffff8]<[0xffffffef][0xf][0xffffff80]d\[0xffffff8b][0xffffffce][0xfffffff3]>[0xffffff81]3[0xffffffdb][0xffffffb5]W[0xffffffe6]y?[0xfffffffe]T|[0x7]r[0xffffffb5][0xffffffd5][0xffffff99]{[0x8][0xffffffef][0xffffffe7][0xffffff81]][0xffffff8b]~[0x7]r;[0x3][0xffffffe3]Z[0xffffffe0];[0xffffff90][0xffffffbf]~[0xffffffb2][0xffffff87]k[0xfffffff1][0xffffffef]@[0xfffffffe][0x0]H[0xffffffc6][0xffffffb5][0xffffffe8]w [0xffffff9f][0xffffffc0][0xffffff99][0xffffffed][0xffffffda]+[0xffffffdf][0xffffff81][0xfffffffc][0xfffffff8]S[0xfffffff1][0x1d][0xffffffc8][0xffffffd5][0xffffffcb]b[0xffffffee]![0xffffffbc][0xffffff9f][0x7]v-[0xfffffffa][0x1d][0xffffffc8][0xffffffed][0xc][0xffffff8c]k[0xffffff81][0xffffffef]@[0xfffffffe][0xfffffffa][0xffffffc9][0x1e][0xffffffae][0xffffffc5][0xffffffbf][0x3][0xfffffff9][0x3] [0x19][0xffffffd7][0xffffffa2][0xffffffdf][0xffffff81]|[0x2]g[0xffffffb6]k[0xffffffaf]|[0x7][0xfffffff2][0xffffffe3]O[0xffffffd5][0xfffffffd][0xffffffda]>[0xffffffe7]A[0xffffffb9][0x16][0xffffffbe]_[0xfffffffb]q[0x2][0xffffffda][0xffffffb5][0xffffffe0][0xfffffffd][0xffffffda][0xffffff8f][0xffffffa7]3[0xffffffae][0xfffffff5][0xffffffb9]_+Qd\kr[0xffffffbf]Vb[0xffffff99][0xffffffef]Z[0xfffffff4]~[0xffffffad]@[0xfffffff4][0x5][0xffffffd7]N[0xffffffe1][0xffffffda]q[0xffffff8c]J[0xffffffb9]v[0xffffffe2][0xffffffae][0xffffff9d][0x6][0xffffffae][0xffffff9d][0x1][0xffffffea]L[0xffffff9c]'[0xffffffe6][0xffffffda][0xffffffe9][0xffffffe4][0xffffffda][0xffffff88]"[0xffffffe3]Z[0x5]$[0xffffffe3][0xffffffda][0xffffff88]e[0xffffffbe]kw8[0xffffffb3]][0xffffffbb]#[0xfffffffa][0xffffffdb]]{([0xffffffd7][0xffffffce]2[0x1b][0xffffffe4][0xffffffda][0x3]w[0xffffffed]a[0xffffffe0][0xffffffda]#B[0xffffff9d][0xffffff88][0xfffffff3][0xffffff81][0xffffffb9][0xfffffff6][0xffffffd8]A&]+PD\+[0xffffff81]D\+[0xffffffb0]Lwm[0xffffff80]3[0xffffffd9][0xffffffb5][0x1][0xffffffd1][0xffffff97]\[0xffffffdb][0xffffffcc]\[0xffffff8b][0xffffffed][0xffffffa3][0xfffffff9]r[0x2][0xffffffde][0xffffffb5][0xffffffc8]6[0xffffff9a]/O[0xffffffa7]\[0xffffffeb][0xffffffb0][0xffffff8b][0xffffffe6])[0xffffff8a][0xffffff94]k[0xfffffff1]M4O[0xffffffb1]$\[0xb][0xffffffed][0xffffffa1]y[0xffffff82][0xffffffe8]owm[0xffffffb9][0xfffffffd]R[0xffffffa2]kW[0xffffffa1][0xffffffee]![0xffffffbc][0xffffff9d][0xffffff87]u[0xffffffed][0xffffffe3][0x4][0xffffffb0]k[0xffffffbf][0xffffff9f][0x1]q[0xffffffed][0xffffffe3][0xffffffe9][0xffffff88]k[0xffffffbf]=[0xffffffd9][0xffffffc2][0xffffffb5][0x2]E[0xffffffc4][0xffffffb5][0x12]H[0xffffffc4][0xffffffb5][0x2][0xffffffcb]t[0xffffffd7][0x6]8[0xffffff93]][0x1b][0x10]}[0xffffffc1][0xffffffb5]j[0xffffff96]a[0xffffffb5][0xffffff93][0xffffff9a]e([0xfffffff8],C1[0xffffff98]e([0xfffffff1][0xffffffd2]x&[0xffffffce][0xffffffd8],C[0xffffffd9]/[0xffffff8a][0xffffffa3][0xffffffae]5[0xffffff99]e[0xffffff90]@2[0xffffffae]5[0xffffff98]e[0x8]pf[0xffffffbb][0xfffffff6][0xfffffffa],CQ[0xffffffb3][0xc]k[0x16]j[0xffffff96][0xffffffa1][0xffffffe0][0xffffffb3][0xc][0xffffffc5]`[0xffffff96][0xffffffa1][0xffffffc4]K[0xffffffe3][0xffffff99]8c[0xffffffb3][0xc]e[0xffffffbf]([0xffffff8e][0xffffffba][0xffffffd6]d[0xffffff96]A[0x2][0xffffffc9][0xffffffb8][0xffffffd6]`[0xffffff96]![0xffffffc0][0xffffff99][0xffffffed][0xffffffda][0xffffffeb][0xffffffb3][0xc]%[0xffffffce]2[0xffffff94][0xffffffdb][0xffffffed][0xffffffb6][0xffffffa8]}[0x8][0x5][0xffffff9f]e([0x6][0xffffffb3][0xc]%^[0x1a][0xffffffcf][0xffffffc4][0x19][0xffffff9b]e([0xfffffffb]Eq[0xffffffd4][0xffffffb5]&[0xffffffb3][0xc][0x12]H[0xffffffc6][0xffffffb5][0x6][0xffffffb3][0xc][0x1][0xffffffce]l[0xffffffd7]^[0xffffff9f]e(C[0xffffffb9]v[0xffffffd4]I[0xffffffb9]v[0xffffffe0][0xffffffae][0x1d][0x6][0xffffffae][0x1d][0x1][0xffffffea]L[0xffffff9c][0x7][0xffffffe6][0xffffffda][0xffffffe1][0xffffffe4][0xffffffda][0xffffff88]"[0xffffffe3]Z[0x5]$[0xffffffe3][0xffffffda][0xffffff88]e[0xffffffbe]kw8[0xffffffb3]][0xffffffbb]#[0xfffffffa][0xffffff82]k[0xffffffe3],[0xffffffc3][0xffffff9b]k'57V[0xfffffff0]Y[0xffffff86]b0[0xffffffcb]P[0xffffffe2][0xffffffa5][0xfffffff1]L[0xffffff9c][0xffffffb1]Y[0xffffff86][0xffffffb2]_[0x14]G]k2[0xffffffcb] [0xffffff81]d\k0[0xffffffcb][0x10][0xffffffe0][0xffffffcc]v[0xffffffed][0xfffffff5]Y[0xffffff86][0x12][0xffffffef][0xffffffd7][0xffffffde]]{r[0xffffffef]k[0xfffffff1][0xfffffffb][0xffffffb5][0xffffffc5][0xffffffe0]~m[0xffffff89][0x17][0x19]3q[0xffffffc6][0xffffffee][0xffffffd7][0xffffff96][0xfffffffd][0xfffffff2]"[0xffffffea]Z[0xffffff93][0xfffffffb][0xffffffb5][0x12]H[0xffffffc6][0xffffffb5][0x6][0xfffffff7]k[0x3][0xffffff9c][0xffffffd9][0xffffffae][0xffffffbd]~[0xffffffbf][0xffffffb6],[0xffffffe9]ZlF[0xfffffff7][0xffffffed]<[0xffffffb0]k[0xffffff97][0xffffff81]kW[0xffffff80]:[0x13][0xffffffe7][0xffffff85][0xffffffb9]v9[0xffffffb9]6[0xffffffa2][0xffffffc8][0xffffffb8]V[0x1][0xffffffc9][0xffffffb8]6b[0xffffff99][0xffffffef][0xffffffda][0x1d][0xffffffce]l[0xffffffd7][0xffffffee][0xffffff88][0xfffffffe]v[0xffffffd7][0xffffffd6][0xfffffff6]K[\r][0xffffffae]=[0xffffffd6][0xffffffd9] [0xffffffd7][0xffffffbe][0xffffff9d][0xffffff87]"
2024-07-29 11:03:33 DEBUG wire:92 - http-outgoing-1 << "u[0xffffffed][0xffffffe3][0x4][0xffffffb0]k[0xffffffbf][0xffffff9f][0x1]q[0xffffffed][0xffffffe3][0xffffffe9][0xffffff88]k[0xffffffbf]=[0xffffffd9][0xffffffc2][0xffffffb5][0x2]E[0xffffffc4][0xffffffb5][0x12]H[0xffffffc4][0xffffffb5][0x2][0xffffffcb]t[0xffffffd7][0x6]8[0xffffff93]][0x1b][0x10]}[0xffffffc1][0xffffffb5][0xffffffea][0xffffffb7][0xffffffb1][0xffffffd2][0xffffffcf]A[0xffffffb9][0x16][0xffffffff]m[0xffffffac][0x1a][0xfffffffc]6V[0xffffffe3][0xffffff8f][0x10][0xffffff99]8c[0xffffffbf][0xffffff8d][0xffffffd5][0xfffffffd][0xffffff87][0x7][0xffffffd4][0xffffffb5]&[0xffffffbf][0xffffff8d]I [0x19][0xffffffd7][0x1a][0xfffffffc]6[0x16][0xffffffe0][0xffffffcc]v[0xffffffed][0xfffffff5][0xffffffdf][0xffffffc6][0xffffffea][0x12][0xffffffae][0xffffffad][0xfffffffd]F[0xffffffed][0xffffff9e]y;[0xf][0xffffffec][0xffffffda]%[0xffffffd0][0xffffffce][0xffffff86]z[0x5][0xffffffa8]3q^[0xffffff98]k[0xffffff97][0xffffff93]k#[0xffffff8a][0xffffff8c]k[0x15][0xffffff90][0xffffff8c]k#[0xffffff96][0xfffffff9][0xffffffae][0xffffffdd][0xffffffe1][0xffffffcc]v[0xffffffed][0xffffff8e][0xffffffe8]owm[0xffffff8b][0xffffffdf]v[0xffffffbc][0xffffffbb]v[0xc][0xffffffea]}m[0xffffffc3][0xffffffbf][0xffffffed][0xffffffd8][0xc][0xffffffbe][0xffffffed][0xffffffd8][0xffffffe2]G[0xfffffff4][0x12]qn[0xffffffd8][0xffffffb7][0x1d][0xffffffdb][0xfffffffe][0xffffffe1]<[0xffffffd2][0xffffffb5][0x2]E[0xffffffc4][0xffffffb5][0x12]H[0xffffffc4][0xffffffb5][0x2][0xffffffcb]t[0xffffffd7][0x6]8[0xffffff93]][0x1b][0x10]}[0xffffffc1][0xffffffb5][0xfffffff1][0xffffffdb][0xffffff8e]w[0xffffffd7][0xffffff9e][0x7]5[0xffffffa3][0xffffffdb][0xfffffff0]o;6[0xffffff83]o;[0xffffffb6][0xfffffff8][0x11][0xffffffbd]L[0xffffff9c][0xffffffb1]o;[0xffffffb6][0xfffffffd][0xffffffc3]y[0xffffffa8]kM[0xffffffbe][0xffffffed]([0xffffff81]d\k[0xfffffff0]m[0xffffffc7][0x0]g[0xffffffb6]k[0xffffffaf][0x7f][0xffffffdb][0xffffffb1][0xffffffc5]}[0x8]o[0xffffffae][0xffffffed][0xffffffd4],C[0xffffffc3][0xfffffff7]!4[0xffffff83]}[0x8]-[0xe][0xffffff9e]g[0xffffffe2][0xffffff8c][0xffffffed]Ch[0xfffffffb][0xffffffb0]9[0xffffffea]Z[0xffffff93]}[0x8][0x12]H[0xffffffc6][0xffffffb5][0x6][0xfffffffb][0x10][0x2][0xffffff9c][0xffffffd9][0xffffffae][0xffffffbd][0xffffffbe][0xf][0xffffffa1][0xffffffa9][0x19][0xffffffdd]:[0x7][0xffffffb5][0xffffffe7][0xffffffab][0xffffffe1]3[0xffffffba][0xffffffcd]`F[0xffffffb7][0xffffffc5]a[0xffffffc8]L[0xffffff9c][0xffffffb1][0x19][0xffffffdd][0xffffffb6][0xf]@[0xffffffa2][0xffffffae]5[0xffffff99][0xffffffd1][0xffffff95]@2[0xffffffae]5[0xffffff98][0xffffffd1][\r]pf[0xffffffbb][0xfffffff6][0xfffffffa][0xffffff8c]n[0xffffff8b][0xffffffdf][0x1b]+wwWjn[0xffffffac][0xffffffe1][0xffffffdf][0x1b]k[0x6][0xffffffdf][0x1b]k[0xfffffff1][0xffffffc3]N[0xffffff99]8c[0xffffffdf][0x1b]k[0xfffffffb][0xffffffc7][0xffffff9c]P[0xffffffd7][0xffffff9a]|oL[0x2][0xffffffc9][0xffffffb8][0xffffffd6][0xffffffe0]{c[0x1][0xffffffce]l[0xffffffd7]^[0xffffffff][0xffffffde][0xffffffd8][0xfffffffd]O[0xffffff87][0xffffff99]k[0x7][0xffffffee][0xffffffda]a[0xffffffe0][0xffffffda][0xffffff81][0xffffffba]v`[0xffffffae][0x1d]N[0xffffffae][0xffffffdd]Q[0xffffffa4]\[0x1b][0xffffff81][0xffffffa4]\[0xffffffbb]cI[0xffffffb8]v[0xffffffc0][0xffffffae][0x1d][0xffffffd7]][0xffffffbb][0xffffffcc]\[0xffffffbb]p[0xffffffd7].[0x3][0xffffffd7].[0xffffffd4][0xffffffb5][0xb]s[0xffffffed]rr[0xffffffed][0xffffff8e]"[0xffffffe5][0xffffffda][0x8]$[0xffffffe5][0xffffffda][0x1d]K[0xffffffc2][0xffffffb5][0xb]v[0xffffffed][0xffffffba][0xffffffee][0xffffffda]r[0xffffff98][0xffffffc9][0xffffffb6][0x1c][0xffffffb8]m[0xffffffef]G[0xffffffe0]u[0xfffffffb]q[0x8][0xffffffca][0xffffffb7][0xfffffff7][0xffffffc7]S[0xffffffc2]}[0x7f][0xffffffb4][0xffffff8b]q[0x3][0xffffff8f][0xffffff94]r[0x5][0xffffff95][0xffffff94]s[0x3][0xffffff9b][0xffffff84]t7B[0xfffffff3][0xffffffad][0xffffffbb]q[0xfffffffa][0xffffff92]v[0xffffffbb][[0xffffffe3]v>r[0xffffffbb]C[0xffffffe5]v6s;[0xffffffd7][0xffffffb9][0xffffffdd]*t[0x3][0xffffff8f][0xffffff94]v[0x5][0xffffff95][0xffffff94]v[0x3][0xffffff9b][0xffffff84]v;[0x1d][0xffffffbb][0xfffffffd]'j[0xfffffff7][0xffffffb8]u3[0xffffffef][0xffffffde]O[0xffffff84][0xffffff8b][0xfffffff7][0xffffffed][0xc][0xffffffbc]y[0xffffffbf][0xffffff9d][0xffffff82]R[0xffffffef][0xffffffdb][0xfffffff3])[0xfffffff7]~<[0xffffffdb]E[0xffffffbe][0x11]J[0xffffffca][0xffffffbe][\n]"
2024-07-29 11:03:33 DEBUG wire:106 - http-outgoing-1 << "MJ[0xffffffbf][0x11]P[0xffffffc2][0xffffffbf];[0xffffffa6][0xfffffff9][0x2][0xffffffde]a[0xfffffffd][\r][0x6].[0xffffffb7][0xfffffff7]?V[0xffffffbb][0x13][0xffffffda]:[0xffffffd2]w'|9[0xf]d[0xffffffdf][0xffffffaf]'[0xffffffa0][0xffffffdc][0xffffffbb][0xffffff9f]![0xffffffd7][0xffffffbc]_[0xffffff9f][0xffffff9e][0xffffffeb][0xffffffdd][0xffffffed][0xffffffc9][0xffffffac]u[0xffffff9f][0xffffffa3][0xffffff98][0xffffffeb][0xffffffdc][0x1f][0x1][0xffffff99]k[0xffffffdc][0xffffffe7]X[0xffffffe6][0xfffffff9][0xfffffff6][0x19][0xffffff9c]Y[0xffffffb6]}[0xffffff86][0xffffffe8][0xb][0xffffffae]U[0xffffffbb]n{_[0xffffffe9][0xffffffbb][0x13][0xffffffbe][0xffffff9c][0x7]v-[0xffffffb9][0xffffffeb]v?[0x3][0xffffffe3][0xffffffda][0xfffffffc]][0xffffffb7][0xffffffdb][0xffffff93]=\K[0xffffffef][0xffffffba][0xfffffffd][0x11][0xffffff90][0xffffff8c]k[0xffffffc9]][0xffffffb7][0xffffffcf][0xffffffe0][0xffffffcc]v[0xffffffed][0xffffff85]][0xffffffb7][0xffffffdf][0xfffffffe]t)[0xffffffd7][0xffffffce][[0xfffffffa][0xffffffdc][0xffffffc3][0xffffff97][0xfffffff3][0xffffffc0][0xffffffae]][0x6][0xffffffae]][0x1][0xffffffea]L[0xffffff9c][0x17][0xffffffe6][0xffffffda][0xffffffe5][0xffffffe4][0xffffffda][0xffffff88]"[0xffffffe3]Z[0x5]$[0xffffffe3][0xffffffda][0xffffff88]e[0xffffffbe]kw8[0xffffffb3]][0xffffffbb]#[0xfffffffa][0xffffffdb]][0xffffffdb]o[0xffffffc2][0xffffffb5][0xffffffe3][0x18][0xffffffe9][0xffffffbb][0x13][0xffffffbe][0xffffff9c][0xffffff87]u[0xffffffed][0xffffffe3][0x4][0xffffffb0]k[0xffffffbf][0xffffff9f][0x1]q[0xffffffed][0xffffffe3][0xffffffe9][0xffffff88]k[0xffffffbf]=[0xffffffd9][0xffffffc2][0xffffffb5][0x2]E[0xffffffc4][0xffffffb5][0x12]H[0xffffffc4][0xffffffb5][0x2][0xffffffcb]t[0xffffffd7][0x6]8[0xffffff93]][0x1b][0x10]}[0xffffffc1][0xffffffb5]jO[0xffffffcd][0xffffffa8]-}'[0xffffffd8][0xffffff97][0xfffffff3][0xffffffc0][0xffffffae]%[0xfffffff7][0xffffffd4][0xffffffec]g`\[0xffffff9b][0xffffffbf][0xffffffa7]f{[0xffffffb2][0xffffff87]k[0xffffffe9]=5?[0x2][0xffffff92]q-[0xffffffb9][0xffffffa7][0xffffffe6][0x19][0xffffff9c][0xffffffd9][0xffffffae][0xffffffbd][0xffffffb0][0xffffffa7][0xffffffe6][0xfffffff3]O[0xffffff8b][0xffffff99]k[0xb][0xffffffee][0xffffffda]b[0xffffffe0][0xffffffda][0xffffff82][0xffffffba][0xffffffb6]`[0xffffffae]-N[0xffffffae][0xffffffdd]Q[0xffffffa4]\[0x1b][0xffffff81][0xffffffa4]\[0xffffffbb]cI[0xffffffb8][0xffffffb6][0xffffffc0][0xffffffae]-W][0xffffffab]v'[0xffffff8c]9[0xffffffd3]w[0xffffff82]}9[0xf][0xffffffec]Zrw[0xffffffc2]~[0x6][0xffffffc6][0xffffffb5][0xfffffff9][0xffffffbb][0x13][0xffffffb6]'{[0xffffffb8][0xffffff96][0xffffffde][0xffffff9d][0xfffffff0]# [0x19][0xffffffd7][0xffffff92][0xffffffbb][0x13][0xffffff9e][0xffffffc1][0xffffff99][0xffffffed][0xffffffda][0xb][0xffffffbb][0x13][0xffffffbe][0xfffffffd][0xffffffa9][0xfffffffa][0xffffffbe][0xfffffff9]y[0xffffffeb][0xffffff8d]r-[0xfffffff7]}[0xfffffff3][0xffffffaf]'[0xffffffa0]][0xffffffcb]|[0xffffffdf][0xfffffffc][0xffffffeb][0xffffffd3][0x19][0xffffffd7]Z|[0xffffffdf][0xfffffffc]9[0xffffff8a][0xffffff8c]k[0xfffffff9][0xffffffef][0xffffff9b]?[0xffffffc7]2[0xffffffdf][0xffffffb5][0xffffffd4][0xfffffff7][0xffffffcd][0xffffff9f]![0xfffffffa][0xffffffdb]];[0xffffffd4][0xfffffffb][0xffffffda]y,[0xffffffca][0xffffffb5][0x3][0x7f]_;[0xc][0xffffffde][0xffffffd7][0xffffff8e][0xfffffff8]b,[0x11][0xffffffe7][0xffffff81][0xffffffbd][0xffffffaf][0x1d][0xfffffffb][0xffffffcb]0[0xffffffd2][0xffffffb5][0x2]E[0xffffffc4][0xffffffb5][0x12]H[0xffffffc4][0xffffffb5][0x2][0xffffffcb]t[0xffffffd7][0x6]8[0xffffff93]][0x1b][0x10]}[0xffffffc1][0xffffffb5]E[0xffffffbc][0xffffffaf][0xffffff9d]}P[0xffffffef][0x10][0xffffffde][0xffffffce][0x3][0xffffffbb][0xffffffb6][0xfffffff0][0xffffffef]k[0xffffffbf][0xffffff9f][0xffffff81]qm[0xffffffa1][0xffffffde][0xffffffd7]~{[0xffffffb2][0xffffff87]k#[0xffffff8a][0xffffff8c]k[0x15][0xffffff90][0xffffff8c]k#[0xffffff96][0xfffffff9][0xffffffae][0xffffffdd][0xffffffe1][0xffffffcc]v[0xffffffed][0xffffff8e][0xffffffe8][0xb][0xffffffae]U[0xffffffef]kW[0xffffffbb]Q[0xffffffbf][0xffffff8d][\r][0xfffffffc]}[0xffffffed]0x_;[0xffffffe2][0xffffff8b][0xffffffb1]L[0xffffff9c][0xffffffb1][0xfffffff7][0xffffffb5]c[0x7f][0x19][0xffffff86][0xffffffba][0xffffffd6][0xffffffe4]}[0xffffffad][0x4][0xffffff92]q[0xffffffad][0xffffffc1][0xfffffffb][0xffffffda][0x0]g[0xffffffb6]k[0xffffffaf][0xffffffbf][0xffffffaf][0x1d]jFw[0xffffff9d][0xfffffff9];[0x12][0xffffffbe][0xffffff9c][0x7]v[0xffffffad][0xffffffc1][0xffffff8c][0xffffffee][0xffffff88][0xffffffc3][0xffffff90][0xffffff99]8c3[0xffffffba]c[0x1f][0xffffff80]D]k2[0xffffffa3]+[0xffffff81]d\k0[0xffffffa3][0x1b][0xffffffe0][0xffffffcc]v[0xffffffed][0xfffffff5][0x19][0xffffffdd][0xffffffa1]~[0x1b][[0xfffffff3][0xffffffb8]Q[0xffffffae][0xffffffc5][0x7f][0x1b][0x1b][0x6][0xffffffbf][0xffffff8d][0xffffff8d][0xfffffff8]#D&[0xffffffce][0xffffffd8]occ[0xffffffff][0xffffffe1][0x1]u[0xffffffad][0xffffffc9]oc[0x12]H[0xffffffc6][0xffffffb5][0x6][0xffffffbf][0xffffff8d][0x5]8[0xffffffb3]][0xfffffffb][0x13][0xffffffbf][0xffffff8d][0xffffffa9]}[0x8]k>N[0xffffff87][0xffffffb8][0x16][0xffffffdf][0xffffff87]0[0xc][0xfffffff6]![0xffffff8c]8x[0xffffff9e][0xffffff89]3[0xffffffb6][0xf]a[0xffffffec][0xffffffc3][0xffffffe6][0xffffffa8]kM[0xfffffff6]!H [0x19][0xffffffd7][0x1a][0xffffffec]C[0x8]pf[0xffffffbb][0xfffffff6][0xfffffffa]>[0xffffff84][0xffffffa1][0xfffffff6]![0xffffffac]u`[0xffffffef][0x10][0xfffffff0]}[0x8][0xffffffc3]`[0x1f][0xffffffc2][0xffffff88][0xffffff83][0xffffffe7][0xffffff99]8c[0xfffffffb][0x10][0xffffffc6]>l[0xffffff8e][0xffffffba][0xffffffd6]d[0x1f][0xffffff82][0x4][0xffffff92]q[0xffffffad][0xffffffc1]>[0xffffff84][0x0]g[0xffffffb6]k[0xffffffaf][0xffffffef]C8o[0xffffffd2][0xffffffb5]'[0xffffffb5][0xffffffe7][0xffffffeb][0xffffffed]<[0xffffffac]k[0x1f]'[0xffffff80]][0xfffffffb][0xfffffffd][0xc][0xffffff88]k[0x1f]OG\[0xfffffffb][0xffffffed][0xffffffc9][0x16][0xffffffae][0x15]("[0xffffffae][0xffffff95]@"[0xffffffae][0x15]X[0xffffffa6][0xffffffbb]6[0xffffffc0][0xffffff99][0xffffffec][0xffffffda][0xffffff80][0xffffffe8][0xb][0xffffffae][0x15][0xfffffff7]k[0xffffff8f][0xffffffdb][0xffffffd1][0xffffffa9]=_'~[0xffffffbf][0xfffffff6]"
2024-07-29 11:03:33 DEBUG wire:92 - http-outgoing-1 << "4[0xffffffb8]_{[0xffffffc6][0xffffff8b][0xffffff8c][0xffffff99]8c[0xfffffff7]k[0xffffffcf][0xfffffffd][0xfffffff2]"[0xffffffea]Z[0xffffff93][0xfffffffb][0xffffffb5][0x12]H[0xffffffc6][0xffffffb5][0x6][0xfffffff7]k[0x3][0xffffff9c][0xffffffd9][0xffffffae][0xffffffbd]~[0xffffffbf][0xfffffff6],[0xffffffca][0xffffffb5]}R[0xffffffbb][0xffffffc2][0xffffffdf][0xffffffce][0x3][0xffffffbb][0xffffffb6][0x18][0xffffffb8][0xffffffb6][0x4][0xffffffa8]3q.[0xffffff98]k[0xffffff8b][0xffffff93]k#[0xffffff8a][0xffffff8c]k[0x15][0xffffff90][0xffffff8c]k#[0xffffff96][0xfffffff9][0xffffffae][0xffffffdd][0xffffffe1][0xffffffcc]v[0xffffffed][0xffffff8e][0xffffffe8][0xb][0xffffffae][0xffffffad][0xffffffca][0xffffffb5]'[0xffffffb6]+[0xfffffffc][0xffffffed]<[0xffffffb0]k[0xffffffab][0xffffff81]kk[0xffffff80]:[0x13][0xffffffe7][0xffffff8a][0xffffffb9][0xffffffb6]:[0xffffffb9]6[0xffffffa2][0xffffffc8][0xffffffb8]V[0x1][0xffffffc9][0xffffffb8]6b[0xffffff99][0xffffffef][0xffffffda][0x1d][0xffffffce]l[0xffffffd7][0xffffffee][0xffffff88][0xffffffbe][0xffffffe0]Z1[0xffffffcb]p[0x1c][0xffffff8d]{_[0xffffff8b][0xffffffcf]2[0xffffff9c][0x6][0xffffffb3][0xc]g[0xffffffbc]4[0xffffff9e][0xffffff89]36[0xffffffcb]p[0xffffffee][0x17][0xffffffc5]Q[0xffffffd7][0xffffff9a][0xffffffcc]2H [0x19][0xffffffd7][0x1a][0xffffffcc]2[0x4]8[0xffffffb3]]{}[0xffffff96][0xffffffe1][0x14][0xfffffff7]k[0xffffffef][0xffffffff][0xffffffbd][0xffffff83][0xffffff9a][0xffffffd1]=[0xfffffff1][0xfffffffb][0xffffffb5][0xffffffa7][0xffffffc1][0xfffffffd][0xffffffda]3^d[0xffffffcc][0xffffffc4][0x19][0xffffffbb]_{[0xffffffee][0xffffff97][0x17]Q[0xffffffd7][0xffffff9a][0xffffffdc][0xffffffaf][0xffffff95]@2[0xffffffae]5[0xffffffb8]_[0x1b][0xffffffe0][0xffffffcc]v[0xffffffed][0xfffffff5][0xfffffffb][0xffffffb5][0xffffffa7][0xffffffb8]_{[0xffffff94]~4[0xffffffca][0xffffffb5][0xfffffff8][0xfffffffd][0xffffffda][0xffffffd3][0xffffffe0]~[0xffffffed][0x19]/2f[0xffffffe2][0xffffff8c][0xffffffdd][0xffffffaf]=[0xfffffff7][0xffffffcb][0xffffff8b][0xffffffa8]kM[0xffffffee][0xffffffd7]J [0x19][0xffffffd7][0x1a][0xffffffdc][0xffffffaf][\r]pf[0xffffffbb][0xfffffff6][0xfffffffa][0xfffffffd][0xffffffda]S[0xffffffdc][0xffffffaf]=[0xffffffca]yt[0xffffffca][0xffffffb5][0xfffffff8][0xfffffffd][0xffffffda][0xffffffd3][0xffffffe0]~[0xffffffed][0x19]/2f[0xffffffe2][0xffffff8c][0xffffffdd][0xffffffaf]=[0xfffffff7][0xffffffcb][0xffffff8b][0xffffffa8]kM[0xffffffee][0xffffffd7]J [0x19][0xffffffd7][0x1a][0xffffffdc][0xffffffaf][\r]pf[0xffffffbb][0xfffffff6][0xfffffffa][0xfffffffd][0xffffffda]y[0x13][0xffffffae][0xffffffad][0xffffffb7]N}o[0xffffffec][0xffffffed]<[0xffffffac]k[0x1f]'[0xffffff80]][0xfffffffb][0xfffffffd][0xc][0xffffff88]k[0x1f]OG\[0xfffffffb][0xffffffed][0xffffffc9][0x16][0xffffffae][0x15]("[0xffffffae][0xffffff95]@"[0xffffffae][0x15]X[0xffffffa6][0xffffffbb]6[0xffffffc0][0xffffff99][0xffffffec][0xffffffda][0xffffff80][0xffffffe8][0xb][0xffffffae]U[0xfffffff7]k[0xffffffeb]mQ[0xfffffff7]k'~[0xffffffbf]v[0x1a][0xffffffdc][0xffffffaf][0xffffff9d][0xfffffff1]"c&[0xffffffce][0xffffffd8][0xfffffffd][0xffffffda][0xffffffb9]_^D]kr[0xffffffbf]V[0x2][0xffffffc9][0xffffffb8][0xffffffd6][0xffffffe0]~m[0xffffff80]3[0xffffffdb][0xffffffb5][0xffffffd7][0xffffffef][0xffffffd7]Nu[0xffffffbf][0xffffffb6][0x1e][0x3]s-~[0xffffffbf]v[0x1a][0xffffffdc][0xffffffaf][0xffffff9d][0xfffffff1]"c&[0xffffffce][0xffffffd8][0xfffffffd][0xffffffda][0xffffffb9]_^D]kr[0xffffffbf]V[0x2][0xffffffc9][0xffffffb8][0xffffffd6][0xffffffe0]~m[0xffffff80]3[0xffffffdb][0xffffffb5][0xffffffd7][0xffffffef][0xffffffd7][0xffffffce][0xffffffa6]\[[0x6][0xffffffb5][0xf][0xffffffe1][0xffffffed]<[0xffffffb0]k[0xffffff9b][0xffffff81]k[[0xffffff80]:[0x13][0xffffffe7][0xffffff86][0xffffffb9][0xffffffb6]9[0xffffffb9]6[0xffffffa2][0xffffffc8][0xffffffb8]V[0x1][0xffffffc9][0xffffffb8]6b[0xffffff99][0xffffffef][0xffffffda][0x1d][0xffffffce]l[0xffffffd7][0xffffffee][0xffffff88][0xffffffbe][0xffffffe0]Z[0xffffffb1][0xffffffbf][0xfffffff6][0xffffffa8]sb[0xffffffae][0xffffffc5][0xfffffff7][0xffffffd7]N[0xffffff83][0xfffffffd][0xffffffb5]3.[\n]"
2024-07-29 11:03:33 DEBUG wire:92 - http-outgoing-1 << "[0xffffffcd][0xffffffc4][0x19][0xffffffdb]_;[0xfffffff7][0xffffffe5][0xffffffa0][0xffffffa8]kM[0xfffffff6][0xffffffd7]J [0x19][0xffffffd7][0x1a][0xffffffec][0xffffffaf][\r]pf[0xffffffbb][0xfffffff6][0xfffffffa][0xfffffffe][0xffffffda][0xffffffa9][0xffffffee][0xffffffd7][0xffffffb6][0x3][0xffffffbb]_;[0xfffffff1][0xfffffffb][0xffffffb5][0xffffffd3][0xffffffe0]~[0xffffffed][0xffffff8c][0x17][0x19]3q[0xffffffc6][0xffffffee][0xffffffd7][0xffffffce][0xfffffffd][0xfffffff2]"[0xffffffea]Z[0xffffff93][0xfffffffb][0xffffffb5][0x12]H[0xffffffc6][0xffffffb5][0x6][0xfffffff7]k[0x3][0xffffff9c][0xffffffd9][0xffffffae][0xffffffbd]~[0xffffffbf]v[0xffffffce][0xfffffff8][0xffffffbd][0xffffffb1][0xffffffa3][0xfffffff5][0xffffffc7][0xffffffe9][0x10][0xffffffd7]N[0xfffffffa]{c[0xffffff8f][0x13][0xffffffd0][0xffffffae][0xffffff9d][0xffffffe1][0xffffffc3]N[0xffffff99]8O[0xffffffea]{c[0xffffffdf][0xffffff9e][0xffffffec][0xffffffe1][0xffffffda][0xffffff88]"[0xffffffe3]Z[0x5]$[0xffffffe3][0xffffffda][0xffffff88]e[0xffffffbe]kw8[0xffffffb3]][0xffffffbb]#[0xfffffffa][0xffffff82]k[0xffffffd5][0xfffffffd][0xffffffda]vr[0xffffffbf][0xffffff8d][0xffffffe1][0xfffffff7]k[0xffffffa7][0xffffffc1][0xfffffffd][0xffffffda][0x19]/2f[0xffffffe2][0xffffff8c][0xffffffdd][0xffffffaf][0xffffff9d][0xfffffffb][0xffffffe5]E[0xffffffd4][0xffffffb5]&[0xfffffff7]k%[0xffffff90][0xffffff8c]k[\r][0xffffffee][0xffffffd7][0x6]8[0xffffffb3]][0xfffffffb][0x13][0xfffffff7]k[0xffffffd7]/[0xffffffd5][0xffffffcc][0xffffffb5][0x15]wm5pmE][1[0xffffffd7]V'[0xffffffd7][0xffffffee](R[0xffffffae][0xffffff8d]@R[0xffffffae][0xffffffdd][0xffffffb1]$\[a[0xffffffd7][0xffffffd6][0xffffff8b][0xffffffae]][0xffffffea]~m[0xffffffaf][0xffffffd8][0xfffffffb][0xffffffda][0xffffff85][0xffffffdf][0xffffffaf]][0x6][0xfffffff7]kW[0xffffffbc][0xffffffc8][0xffffff98][0xffffff88][0xfffffff3][0xffffffc2][0xffffffee][0xffffffd7][0xffffffae][0xfffffffd][0xfffffff2]"[0xffffffe9]Z[0xffffff81]"[0xffffffe2]Z[0x9]$[0xffffffe2]Z[0xffffff81]e[0xffffffba]k[0x3][0xffffff9c][0xffffffc9][0xffffffae][\r][0xffffff88][0xffffffbe][0xffffffe0]Zu[0xffffffbf]v[0x1c][0xffffffd8]=[0xffffff84][0xffffff85][0xffffffdf][0xffffffaf]][0x6][0xfffffff7]kW[0xffffffbc][0xffffffc8][0xffffff98][0xffffff89]3v[0xffffffbf]v[0xffffffed][0xffffff97][0x17]Q[0xffffffd7][0xffffff9a][0xffffffdc][0xffffffaf][0xffffff95]@2[0xffffffae]5[0xffffffb8]_[0x1b][0xffffffe0][0xffffffcc]v[0xffffffed][0xfffffff5][0xfffffffb][0xffffffb5]K[0xffffffed][0xffffffaf][0x1d][0xfffffffd][0xffffffa0]v*.|[0x7f][0xffffffed]2[0xffffffd8]_[0xffffffbb][0xffffffe2][0xffffffa2][0xffffffd0]L[0xffffff9c][0xffffffb1][0xfffffffd][0xffffffb5]k_[0xe][0xffffff8a][0xffffffba][0xffffffd6]d[0x7f][0xffffffad][0x4][0xffffff92]q[0xffffffad][0xffffffc1][0xfffffffe][0xffffffda][0x0]g[0xffffffb6]k[0xffffffaf][0xffffffef][0xffffffaf]]j[0xffffff96]a[0xfffffff4][0xfffffff3][0xffffffa0]\[0xffffff8b][0xffffffcf]2,[0xffffff83]Y[0xffffff86][0x15]/[0xffffff8d]g[0xffffffe2][0xffffff8c][0xffffffcd]2[0xffffffac][0xfffffffd][0xffffffa2]8[0xffffffea]Z[0xffffff93]Y[0x6][0x9]$[0xffffffe3]Z[0xffffff83]Y[0xffffff86][0x0]g[0xffffffb6]k[0xffffffaf][0xffffffcf]2,[0xffffffb5]+|[0xc]l[0xffffffcf][0xffffffd7][0xffffffc2]w[0xffffff85]/[0xffffff83]][0xffffffe1]+.e[0xffffffce][0xffffffc4][0x19][0xffffffdb][0x15][0xffffffbe][0xfffffff6]E[0xffffffcc][0xffffffa8]kMv[0xffffff85]K [0x19][0xffffffd7][0x1a][0xffffffec][\n]"
2024-07-29 11:03:33 DEBUG wire:92 - http-outgoing-1 << "[0xf]pf[0xffffffbb][0xfffffff6][0xfffffffa][0xffffffae][0xfffffff0][0xffffffa5][0xffffffe6][0xffffffc6][0xffffffc6][0x18][0xffffffd8]oc[0xfffffff8][0xffffffdc][0xffffffd8]2[0xffffff98][0x1b][q@'[0x13]glnl[0xffffffed]C9[0xffffffa8]kM[0xffffffe6][0xffffffc6]$[0xffffff90][0xffffff8c]k[\r][0xffffffe6][0xffffffc6][0x2][0xffffff9c][0xffffffd9][0xffffffae][0xffffffbd]>7[0xffffffb6][0xffffffd4][0xffffffdc][0xffffffd8]8[0x1b][0xfffffff5]m[0xffffffc7][0xffffff85][0xffffffcf][0xffffff8d]-[0xffffff83][0xffffffb9][0xffffffb1][0x15][0x7]t2q[0xffffffc6][0xffffffe6][0xffffffc6][0xffffffd6]>[0xffffff94][0xffffff83][0xffffffba][0xffffffd6]dnL[0x2][0xffffffc9][0xffffffb8][0xffffffd6]`n,[0xffffffc0][0xffffff99][0xffffffed][0xffffffda][0xffffffeb]scK}[0xffffff97]a[0xffffffac][0x1b][0xffffffb5][0xffffffbf]v[0xffffffe1][0xffffffdf]eX[0x6][0xffffffdf]eXq[0x1]~&[0xffffffce][0xffffffd8]w[0x19][0xffffffd6][0xffffffbe][0xfffffff4][0x1e]u[0xffffffad][0xffffffc9]w[0x19]$[0xffffff90][0xffffff8c]k[\r][0xffffffbe][0xffffffcb][0x10][0xffffffe0][0xffffffcc]v[0xffffffed]o[0xfffffff8].[0xffffffc3]7P[0x7f][0xffffffff][0xffffffaf][0x7f][0xfffffffc][0xffffffc3]?[0xffffffff][0xfffffff9][0xffffff8f][0x7f][0xfffffffb][0xffffffdb][0xffffffef][0xffffffff][0xfffffff6][0xffffffaf][0x7f][0xfffffffc][0xfffffff3][0xffffff9f][0x9]b[0xffffffb7]#8[0xffffffa0][0xffffffbb][0x1f][0x9]gX[0x1d][0x8][0xffffff82]y?[\n]"
2024-07-29 11:03:33 DEBUG wire:106 - http-outgoing-1 << "F[0xffffffb5]8[0xffffffc8][0xffffffff]6%[0xffffffd4]X[0xffffffe4]Y[0xffffffb1]5v[0xb][0x1f][0xffffff8b]\[0x6]c[0xffffff91]+[0xffffffce][0xffffff9f]e[0x2][0xffffff8e][0xffffff8d]E[0xffffffae]}[0xffffffe6][0xc]M[0x9][0xffffff93][0xffffffb1]H[0x9]$[0xffffff93][0x12][0x6]c[0xffffff91][0x1][0xffffffce][0xffffffec][0xffffff94][0xfffffff8][\r]c[0xffffff91]XJ[0x8]y[0xffffffb2])!][0xffffffca][0xffffffa6][0xffffff84]P+[0xffffff97][0x12][0xffffffc1][0xffffffb4]TJ[0x4][0xfffffff1]^J[0xffffff89][0xffffffb8][0xffffffcd][0xffffff86]M[0x9]x[0xffffff9b][0xffffffcd][0xffffffe3][0x4]|J[0xffffff80][0xffffffdb]l[0x1e]O[0xffffffa7]R[0xffffffc2]g[0xffffff9b][0xffffff8d]@[0xffffff91]J[0x9][0xffffff93]m6[0x2]K"%[0xffffffd0]m6[0x1]Q[0xffffffaf][0xffffff94][0x8][0xfffffff2][0xffffffa4]SB[0xffffffb8][0xffffff94]N[0xffffff89][0xffffffa0]V2%[0xffffff8a]KJ[0xffffff94][0xffffffbf]CJt[0xffffffb3][0xffffff94][0xffffffe8]xJt[0xffffff83][0xffffff94][0xffffffe8]hJt,%[0xffffffba]SJ[0xffffffec](R)[0x11][0xffffff81][0xffffffa4]Rb[0xffffffc7][0xffffff92]H[0xffffff89][0xe][0xffffffa7]D7N[0xffffff89] O:%[0xffffff84]K[0xffffffe9][0xffffff94][0x8]j%S[0xffffffa2][0xffffffbb][0xffffffa4]D[0xffffffff];[0xffffffa4][0xffffffc4]c[0x17][0xffffff8e]SK[0x1c][0x13][0xffffff8f][0xffffff89][0xfffffffb][0x11][0xfffffff8][0xffffff9a][0xfffffff8]8[0x4][0xffffff95][0x13][0xfffffff7][0xffffffc7]S=[0xfffffff1]"
2024-07-29 11:03:33 DEBUG wire:92 - http-outgoing-1 << "[0xfffffffe]h[0xffffff97][0xffffffa0][0x8]<RE![0xffffffa8][0xffffffa4][0xffffff92]"[0xffffffb0]I4[0xffffffc5]Fh~Tl[0xffffff9c]zUE[0xffffffd4]([0xffffff9d][0x15][0xffffffca][0xffffffaa]tWD[0xffffffc9][0xffffff92]a[0xffffffb1];[0xffffff97]+[0xffffff8b]][0xffffffc1][0xffffff97][0xffffffd2][0xffffffa2][0xffffffb8][0xffffffa5]E[0xffffffe1][0xffffffd3][0xffffffa2]8[0xffffffa4]Ea[0xffffffd3][0xffffffa2]piQ[0xffffffac][0xffffffd2]"[0xfffffff0]H[0xffffffa5][0xffffff85][0xffffffa0][0xffffff92]J[0xffffff8b][0xffffffc0]&[0xffffff91][0x16][0xffffff85]N[0xffffff8b][0xffffffe2][0xffffff9c][0x16]Q[0xffffffa3]tZ([0xffffffab][0xffffffd2]i[0x11]%K[0xffffffa6][0xffffffc5][0xffffffee]\.-v[0x5]_J[0xffffff8b][0xffffffea][0xfffffff6][0xb]H[0xffffffe5][0x7f][0x2][0xffffffa9][0xe][0xffffffbf][0xffffff81]T[0xfffffff6]G[0xffffff90][0xffffffca][0xfffffffd][\n]"
2024-07-29 11:03:33 DEBUG wire:92 - http-outgoing-1 << "R[0xffffffad]~[0x6][0x9]<Ri![0xffffffa8][0xffffffa4][0xffffffd2]"[0xffffffb0]I[0xffffffa4]E[0xffffffa5][0x7f][\n]"
2024-07-29 11:03:33 DEBUG wire:92 - http-outgoing-1 << "[0xffffffa9][0xffffffce][0xffffffbf][0xffffff85]D[0xffffff8d][0xffffffd2]i[0xffffffa1][0xffffffac]J[0xffffffa7]E[0xffffff94],[0xffffff99][0x16][0xffffffbb]s[0xffffffb9][0xffffffb4][0xffffffd8][0x15]|)-[0xfffffffa]0K[0xffffff8b]>[0xfffffff0][0xffffffb4][0xffffffb8][0x1f][0xffffff81]O[0xffffff8b][0xffffff8f]CPiq[0x7f]<[0xffffff95][0x16][0xffffffef][0xffffff8f]vI[0xffffff8b][0xffffffc0]#[0xffffff95][0x16][0xffffff82]J*-[0x2][0xffffff9b]DZl[0xffffff84][0xffffffe6][0xffffffa7][0xffffffc5][0xffffffc6][0xffffffa9]WZD[0xffffff8d][0xffffffd2]i[0xffffffa1][0xffffffac]J[0xffffffa7]E[0xffffff94],[0xffffff99][0x16][0xffffffbb]s[0xffffffb9][0xffffffb4][0xffffffd8][0x15]|)-[0xffffff86][0xffffffdb][0x8][0xffffffc8][0xffffffe0]g@[0xffffff86][0xffffffc3][0x10][0xffffffc8]`[0xffffffa7]@[0x6]7[0x6]2[0xffffffac][0xffffffe6]@[0x2][0xffffff8f]TZ[0x8]*[0xffffffa9][0xffffffb4][0x8]l[0x12]i1[0xffffffe8]Y[0xffffff90][0xffffffe1]<[0xc][0x12]5J[0xffffffa7][0xffffff85][0xffffffb2]*[0xffffff9d][0x16]Q[0xffffffb2]dZ[0xffffffec][0xffffffce][0xffffffe5][0xffffffd2]bW[0xfffffff0][0xffffffa5][0xffffffb4]x|[0xffffff8e][0xffffffc0])-[0xffffffce][0x3]O[0xffffff8b][0xfffffffb][0x11][0xfffffff8][0xffffffb4][0xfffffff8]8[0x4][0xffffff95][0x16][0xfffffff7][0xffffffc7]Si[0xfffffff1][0xfffffffe]h[0xffffff97][0xffffffb4][0x8]<Ri![0xffffffa8][0xffffffa4][0xffffffd2]"[0xffffffb0]I[0xffffffa4][0xffffffc5]Fh~Zl[0xffffff9c]z[0xffffffa5]E[0xffffffd4]([0xffffff9d][0x16][0xffffffca][0xffffffaa]tZD[0xffffffc9][0xffffff92]i[0xffffffb1];[0xffffff97]K[0xffffff8b]][0xffffffc1][0xffffff97][0xffffffd2][0xffffffe2][0xffffffb8]-[0xffffffb3][0xffffffb6][0xffffffb8][0xffffff9f][0x8][0xffffff8f][0xffffff8b][0xffffffb7]3[0xfffffff0]u[0xfffffff1][0xffffffed][0x14]T^[0xffffffbc]=[0xffffff9f][0xffffffea][0xffffff8b][0xffffff8f]g[0xffffffbb][0x4]F[0xffffff84][0xffffff92]*[0xc][0xffffff85]&[0xffffff95][0x18][0x11]P[0xffffffa2]1vL[0xfffffff3]#c[0xffffff87][0xffffffd5][0xffffffab]2[0xffffff84]P[0xffffffe9][0xffffffcc][0xffffff90]~[0xffffffa5];C[0xffffffe8][0xffffff96][0xc][0xffffff8d]`_[0xffffffae]4[0xffffff82][0xffffff8c]_I[0xffffff8d][0xffffffe3][0xffffffed][0xffffff9f]r[0xffffffdc]nj[0xffffffdb][0xffffffe6][0xffffff9a]+=4>[0xffffffcf]Ce[0xffffffc6][0xffffff97][0x13]`[0xffffff91][0xffffffb1][0xffffff9d]!91[0xffffffbe]<=90~[0xfffffffd]d8/[0xffffff9e][0xffffffa2][0xffffff98][0x1c][0x17]?[0x0]29-[0xffffff9e]b[0xffffff99][0x18][0x16]O[0xffffffe0]L[0xffffffcb][0xffffff8a]'[0xffffff88]ZD[0xffffffc5]syBI[0xfffffff1]#[0xffffff97]BA[0xfffffff1]\[0xffffffad]@N<3mzL<[0x13][0xffffffef][0xffffff85][0xffffff94]8DJ[0xffffffcc][0xffffffe3][0xffffffcc][0xffffffff][0xffffffb6][0xffffffdd][0xffffffe7]y[0xffffffe0][0xffffff94]8[0xc]R[0xffffffe2][0xffffff88][0xffffffbc]'[0x2]~`)q8[0xffffffa5]DD[0xffffff91]I[0x9][0x5]$[0xffffff93][0x12][0x11][0xffffffcb][0xfffffffc][0xffffff94][0xffffffd8][0xffffffe1][0xffffffcc]N[0xffffff89][0x1d]Q[0xffffffa7][0xffffff94][0x10][0xfffffff2]dSB[0xffffffba][0xffffff94]M[0x9][0xffffffa1]V.%[0xffffff82]i[0xffffffa9][0xffffff94][0x8][0xffffffe2][0xffffffbd][0xffffff90][0x12]E[0xffffffa5]D_[0xfffffff9][0xffffff9f]n[0xfffffffc]<[0xf][0xffffff9c][0x12][0xffffffc5] %J[0xffffffe4]=[0x11][0xfffffff0][0xffffff82][0xffffffa5]DqJ[0xffffff89][0xffffff88]"[0xffffff93][0x12][\n]"
2024-07-29 11:03:33 DEBUG wire:92 - http-outgoing-1 << "H&%"[0xffffff96][0xfffffff9])[0xffffffb1][0xffffffc3][0xffffff99][0xffffff9d][0x12];[0xffffffa2]N)![0xffffffe4][0xffffffc9][0xffffffa6][0xffffff84]t)[0xffffff9b][0x12]B[0xffffffad]\J[0x4][0xffffffd3]R)[0x11][0xffffffc4]{!%[0xffffffaa]J[0xffffff89]s[0xffffffe6][0xffffffdf][0xffffffa4][0xfffffff8]<[0xf][0xffffff9c][0x12][0xffffffd5] %j[0xffffffe4]=[0x11][0xfffffff0][0xffffff8a][0xffffffa5]DuJ[0xffffff89][0xffffff88]"[0xffffff93][0x12][\n]"
2024-07-29 11:03:33 DEBUG wire:92 - http-outgoing-1 << "H&%"[0xffffff96][0xfffffff9])[0xffffffb1][0xffffffc3][0xffffff99][0xffffff9d][0x12];[0xffffffa2]N)![0xffffffe4][0xffffffc9][0xffffffa6][0xffffff84]t)[0xffffff9b][0x12]B[0xffffffad]\J[0x4][0xffffffd3]R)[0x11][0xffffffc4]{)%[0xffffffaa]YJT<%[0xffffffaa]AJT4%*[0xffffff96][0x12][0xffffffd5])%v[0x14][0xffffffa9][0xffffff94][0xffffff88]@R)[0xffffffb1]cI[0xffffffa4]D[0xffffff85]S[0xffffffa2][0x1a][0xffffffa7]D[0xffffff90]'[0xffffff9d][0x12][0xffffffc2][0xffffffa5]tJ[0x4][0xffffffb5][0xffffff92])Q]R[0xffffffa2][0xfffffffe]tJ4[0xfffffff1]Vb[0xffffff95]^[0xffffffa9][0xffffff94]h[0xfffffff8][[0xffffff89]f[0xfffffff0]V[0xffffffa2][0xffffffc5]tN[0x4][0xffffffbc]ao%[0xffffff9a][0xffffffd3][[0xffffff89][0xffffff88]"[0xffffff93][0x12][\n]"
2024-07-29 11:03:33 DEBUG wire:92 - http-outgoing-1 << "H&%"[0xffffff96][0xfffffff9])[0xffffffb1][0xffffffc3][0xffffff99][0xffffff9d][0x12];[0xffffffa2]N)![0xffffffe4][0xffffffc9][0xffffffa6][0xffffff84]t)[0xffffff9b][0x12]B[0xffffffad]\J[0x4][0xffffffd3]R)[0x11][0xffffffc4]{!%[0xffffffba]J[0xffffff89][0xffffffd6][0xe]*%:[0xffffff9e][0x12][0xffffffdd] %z[0xffffffe4]=[0x11][0xfffffff0][0xffffff8e][0xffffffa5]DwJ[0xffffff89][0xffffff88]"[0xffffff93][0x12][\n]"
2024-07-29 11:03:33 DEBUG wire:92 - http-outgoing-1 << "H&%"[0xffffff96][0xfffffff9])[0xffffffb1][0xffffffc3][0xffffff99][0xffffff9d][0x12];[0xffffffa2]N)![0xffffffe4][0xffffffc9][0xffffffa6][0xffffff84]t)[0xffffff9b][0x12]B[0xffffffad]\J[0x4][0xffffffd3]R)[0x11][0xffffffc4]{)%[0xffffff8a]YJ`[0xffffffbb]2[0xffffffbf][0xffffff9c][0xffffff80]O[0x9]dS[0xffffffe6][0xffffff97][0xffffffa7]S)[0xffffffe1][0xffffffb0]'[0xfffffff3])[0xffffff8a]TJ[0xffffffe0][2[0xffffff9f]bI[0xffffffa4][0x4][0xffffffb4]#[0xfffffff3][0x9][0xffffffa2]^)[0xffffffe1][0xffffffb2]![0xfffffff3]G.[0xffffffa5]S[0xffffffc2]a?[0xffffffe6]3[0xffffffd3]r)[0xfffffff1][0x13][0xffffffdb]1?[0xfffffffe][0x19]C[0xffffffbd][0xffffff95][0xffffff98][0xffffffed][0xffffffa4]Rb[0xffffffe0]o%[0xffffff86][0xffffffc1][[0xffffff89][0x11][0xffffffd3]9[0x11][0xfffffff0][0xffffff81][0xffffffbd][0xffffff95][0x18]No%"[0xffffff8a]LJ( [0xffffff99][0xffffff94][0xffffff88]X[0xffffffe6][0xffffffa7][0xffffffc4][0xe]gvJ[0xffffffec][0xffffff88]:[0xffffffa5][0xffffff84][0xffffff90]'[0xffffff9b][0x12][0xffffffd2][0xffffffa5]lJ[0x8][0xffffffb5]r)[0x11]LK[0xffffffa5]D[0x10][0xffffffef][0xffffff85][0xffffff94]8UJ[0xffffffac][0x3]{+q[0xffffffe2])q[0x1a][0xffffffa4][0xffffffc4][0x19]yO[0x4][0xfffffffc][0xffffffc4]R[0xffffffe2]tJ[0xffffff89][0xffffff88]"[0xffffff93][0x12][\n]"
2024-07-29 11:03:33 DEBUG wire:106 - http-outgoing-1 << "H&%"[0xffffff96][0xfffffff9])[0xffffffb1][0xffffffc3][0xffffff99][0xffffff9d][0x12];[0xffffffa2]N)![0xffffffe4][0xffffffc9][0xffffffa6][0xffffff84]t)[0xffffff9b][0x12]B[0xffffffad]\J[0x4][0xffffffd3]R)[0x11][0xffffffc4]{!%[0xffffffa6]L[0xffffff89][0xffffff81]m[0xffffffbb][0xffffff9c]xJL[0xffffff83][0xffffff94][0xffffff98][0xffffff91][0xfffffff7]D[0xffffffc0]'[0xffffff96][0x12][0xffffffd3])%"[0xffffff8a]LJ( [0xffffff99][0xffffff94][0xffffff88]X[0xffffffe6][0xffffffa7][0xffffffc4][0xe]gvJ[0xffffffec][0xffffff88]:[0xffffffa5][0xffffff84][0xffffff90]'[0xffffff9b][0x12][0xffffffd2][0xffffffa5]lJ[0x8][0xffffffb5]r)[0x11]LK[0xffffffa5]D[0x10][0xffffffef][0xffffff85][0xffffff94]X1%[0xffffffca][0xffffffed][0xffffffc6][0xffffffbd][0xffffff95]XxJ,[0xffffff83][0xffffff94]X[0xffffff91][0xfffffff7]D[0xffffffc0][0x17][0xffffff96][0x12][0xffffffcb])%"[0xffffff8a]LJ( [0xffffff99][0xffffff94][0xffffff88]X[0xffffffe6][0xffffffa7][0xffffffc4][0xe]gvJ[0xffffffec][0xffffff88]:[0xffffffa5][0xffffff84][0xffffff90]'[0xffffff9b][0x12][0xffffffd2][0xffffffa5]lJ[0x8][0xffffffb5]r)[0x11]LK[0xffffffa5]D[0x10][0xffffffef][0xffffffeb])q[0x1c]*%J[0xffffffa5][0xfffffff6]J[0xffffffbc][0xffffff9d][0xffffff87]M[0xffffff89][0xffffffc7][0x9][0xffffffe0][0xffffff94][0xfffffff8]~[0x6]$%[0x1e]OGR[0xffffffe2][0xffffffdb][0xffffff93]-RB[0xffffffa0][0xffffff88][0xffffffa4][0xffffff84][0x4][0x12]I[0x9][0xffffff81]ezJ[0x4]8[0xffffff93]S" j[0xffffff94][0x12]J[0xffffff9e]hJh[0xffffff97][0xffffffa2])[0xffffffa1][0xffffffd4][0xffffff8a][0xffffffa5]D4-[0xffffff94][0x12]Q[0xffffffbc][0x17]RB[0xffffffec][0xffffff95]([0xffffffb7]ukTJ[0xffffffe0]{%[0xe][0xffffff83][0xffffffbd][0x12][0xffffff87][0x18]~N[0x4][0x1c][0xffffffdb]+q[0xffffff84][0xfffffff1]f2%L[0xfffffff6]JH "
2024-07-29 11:03:33 DEBUG wire:92 - http-outgoing-1 << "[0xffffff99][0xffffff94]0[0xffffffd8]+[0x11][0xffffffe0][0xffffffcc]N[0x9][0xffffffe3][0xffffffbd][0x12]J[0xffffff9e]lJ[0xfffffff8][0xffffffed][0xffffff95]Pj[0xffffffe5]R[0xffffffc2]e[0xffffffaf]D[0x14][0xffffffef][0xffffff85][0xffffff94][0x10][0xffffffc3][0xffffffa0][0xffffffe5]([0xffffffab]S)[0xffffff81][0xf][0xffffff83][0x1e][0x6][0xffffffc3][0xffffffa0][0xffffff87][0xffffff98]XJ[0x4][0x1c][0x1b][0x6]=[0xffffffc2]L[0x12][0xffffff99][0x12]&[0xffffffc3][0xffffffa0][0x12]H&%[0xc][0xffffff86]A[0x3][0xffffff9c][0xffffffd9])a<[0xc][0xffffffaa][0xffffffe4][0xffffffc9][0xffffffa6][0xffffff84][0xffffffdf]0[0xffffffa8]R+[0xffffff97][0x12].[0xffffffc3][0xffffffa0]Q[0xffffffbc][0x17]RB[0xffffffdd][0xffffff95](cR_[0x6]=[0xfffffff0][0xffffffbb][0x12][0xffffff87][0xffffffc1]][0xffffff89]C[0xfffffffc][0xffffffa0][0xffffff97][0x8]8vW[0xffffffe2][0x8]?[0xffffffd9][0xffffff91])arWB[0x2][0xffffffc9][0xffffffa4][0xffffff84][0xffffffc1]][0xffffff89][0x0]gvJ[0x18][0xffffffdf][0xffffff95]P[0xfffffff2]dS[0xffffffc2][0xffffffef][0xffffffae][0xffffff84]R+[0xffffff97][0x12].w%[0xffffffa2]x_O[0xffffff89]rS)[0xffffffb1]n[0xffffffd4]][0xffffff89][0xffffffb7][0xfffffff3][0xffffffb0])Qn[\n]"
2024-07-29 11:03:33 DEBUG wire:106 - http-outgoing-1 << "[0xffffffff]\[0xffffffde][0xffffffbf][0xffffff9f][0x1]I[0xffffff89]r[0xffffffa3]R[0xffffffe2][0xffffffdb][0xffffff93]-RB[0xffffffa0][0xffffff88][0xffffffa4][0xffffff84][0x4][0x12]I[0x9][0xffffff81]ezJ[0x4]8[0xffffff93]S" j[0xffffff94][0x12]J[0xffffff9e]hJh[0xffffff97][0xffffffa2])[0xffffffa1][0xffffffd4][0xffffff8a][0xffffffa5]D4-[0xffffff94][0x12]Q[0xffffffbc][0x17]RB|d[0xffffffbc][0xffffffd4]ZnTJ[0xffffffe0][0x1f][0x19]/[0x6][0x1f][0x19]/[0xffffffe2]K[0xffffffb8][0xffffff89][0xffffff80]c[0x1f][0x19]/[0xffffffe1][[0xffffffb7]dJ[0xffffff98]|d\[0x2][0xffffffc9][0xffffffa4][0xffffff84][0xffffffc1]G[0xffffffc6][0x3][0xffffff9c][0xffffffd9])a[0xfffffffc][0xffffff91]q%O6%[0xfffffffc]>2[0xffffffae][0xffffffd4][0xffffffca][0xffffffa5][0xffffff84][0xffffffcb]G[0xffffffc6][0xffffffa3]x/[0xffffffa4][0xffffff84][0xfffffff8][0xffffffc8][0xfffffff8]=%[0xffffffb0][0xffffffcf]y[0x15][0xfffffffc]#[0xffffffe3][0xffffffc5][0xffffffe0]#[0xffffffe3]E|[0x9]7[0x11]p[0xffffffec]#[0xffffffe3]%|[0xffffffeb][0xffffff96]L[0x9][0xffffff93][0xffffff8f][0xffffff8c]K [0xffffff99][0xffffff94]0[0xfffffff8][0xffffffc8]x[0xffffff80]3;%[0xffffff8c]?2[0xffffffae][0xffffffe4][0xffffffc9][0xffffffa6][0xffffff84][0xffffffdf]G[0xffffffc6][0xffffff95]Z[0xffffffb9][0xffffff94]p[0xfffffff9][0xffffffc8]x[0x14][0xffffffef][0xffffff85][0xffffff94]P[0x13][0x1c][0xffffffb5]N[0xffffffec][0xffffffad][0x4]>[0xffffffc1]Q[0xc]&8[0xffffff8a][0xffffffb8]f[0xffffff9c][0x8]86[0xffffffc1]Q[0xffffffc2]Eb2%L&8$[0xffffff90]LJ[0x18]Lp[0x4]8[0xffffffb3]S[0xffffffc2]x[0xffffff82]C[0xffffffc9][0xffffff93]M[0x9][0xffffffbf][0x9][0xe][0xffffffa5]V.%\&8[0xffffffa2]x/[0xffffffa4][0xffffff84][0xfffffff8]2h[0xffffffa9][0xffffffad]R[0xffffffdf][0xffffffe0]([0xfffffff8][0xffffff97]A[0xffffff8b][0xffffffc1][0xffffff97]A[0xffffff8b][0xfffffff8]|]"[0xffffffe0][0xffffffd8][0xffffff97]AK[0xfffffff8]@[0x1d][0xffffff99][0x12]&_[0x6][0xffffff95]@2)a[0xfffffff0]e[0xffffffd0][0x0]gvJ[0x18][0x7f][0x19]T[0xffffffc9][0xffffff93]M[0x9][0xffffffbf]/[0xffffff83]*[0xffffffb5]r)[0xffffffe1][0xfffffff2]e[0xffffffd0]([0xffffffde][0xb])!>[0xffffffe7]Uj_[0xffffffd4][0x4]G[0xffffffc1]?[0xffffffe7]U[0xc]>[0xffffffe7]U[0xffffffc4]7g[0x12][0x1][0xffffffc7]>[0xffffffe7]U[0xffffffc2]We[0xffffffc8][0xffffff94]0[0xfffffff9][0xffffff9c][0xffffff97][0x4][0xffffff92]I[0x9][0xffffff83][0xffffffcf]y[0x5]8[0xffffffb3]S[0xffffffc2][0xfffffff8]s^J[0xffffff9e]lJ[0xfffffff8]}[0xffffffce]K[0xffffffa9][0xffffff95]K[0x9][0xffffff97][0xffffffcf]yE[0xfffffff1]^H[0x9][0xfffffff1]9[0xffffffaf][0xffffffd2]n[0xffffff9d][0xffffffda]+Q[0xfffffff0][0xffffffcf]y[0x15][0xffffff83][0xffffffcf]y[0x15][0xfffffff1][0xffffffcd][0xffffff99]D[0xffffffc0][0xffffffb1][0xffffffcf]y[0xffffff95][0xfffffff0]U[0x19]2%L>[0xffffffe7]%[0xffffff81]dR[0xffffffc2][0xffffffe0]s^[0x1][0xffffffce][0xffffffec][0xffffff94]0[0xfffffffe][0xffffff9c][0xffffff97][0xffffff92]'[0xffffff9b][0x12]~[0xffffff9f][0xfffffff3]Rj[0xffffffe5]R[0xffffffc2][0xffffffe5]s^Q[0xffffffbc][0x17]RB|[0xffffffce][0xffffffab][0xffffffb4]r6*%[0xfffffff0][0xffffffcf]y[0x15][0xffffff83][0xffffffcf]y[0x15][0xfffffff1][0xffffffcd][0xffffff99]D[0xffffffc0][0xffffffb1][0xffffffcf]y[0xffffff95][0xfffffff0]U[0x19]2%L>[0xffffffe7]%[0xffffff81]dR[0xffffffc2][0xffffffe0]s^[0x1][0xffffffce][0xffffffec][0xffffff94]0[0xfffffffe][0xffffff9c][0xffffff97][0xffffff92]'[0xffffff9b][0x12]~[0xffffff9f][0xfffffff3]Rj[0xffffffe5]R[0xffffffc2][0xffffffe5]s^Q[0xffffffbc][0xffffff97]R"n[0xffffffbb]dS[0x2][0xffffffde]v[0xfffffff9]8[0x1][0xffffff9f][0x12][0xffffffe0][0xffffffb6][0xffffffcb][0xffffffc7][0xffffffd3][0xffffffa9][0xffffff94][0xfffffff0][0xffffffd9]v)P[0xffffffa4]R[0xffffffc2]d[0xffffffdb][0xffffffa5][0xffffffc0][0xffffff92]H[0x9]t[0xffffffdb]e@[0xffffffd4]+%[0xffffffbc][0xffffffb6]]j[0xffffff97][0xffffffd2])[0xffffffe1][0xffffffb3][0xffffffed]2[0xffffff9a][0xffffff96]K[0xffffff89][0xffffff9f][0xffffffde]vY[0xffffffd4][0xffffffb6][0xffffffcb]v[0xffffffde][0xffffffa8]/[0xffffff83][0x16]|[0xffffffdb]e1[0xffffffd8]vY[0xffffffc4]J[0xffffffb6]D[0xffffffc0][0xffffffb1]m[0xffffff97]%,]#S[0xffffffc2]d[0xffffffdb][0xffffffa5][0x4][0xffffff92]I[0x9][0xffffff83]m[0xffffff97][0x1][0xffffffce][0xffffffec][0xffffff94]0[0xffffffde]v[0xffffffa9][0xffffffe4][0xffffffc9][0xffffffa6][0xffffff84][0xffffffdf][0xffffffb6]K[0xffffffa5]V.%\[0xffffffb6]]F[0xfffffff1][0xffffffbe][0xffffff9e][0x12]Um[0xffffffbb]l[0xffffffdc][0xffffffb6][0xffffffcb][0xffffff8a]o[0xffffffbb][0xffffffac][0x6][0xffffffdb].[0xffffffab]X[0xffffffc9][0xffffff96][0x7]x[0xffffffc5][0xffffffb6]][0xffffffd6][0xffffffb0]t[\r]L[0x9][0xffffff81]"[0xffffff92][0x12][0x12]H$%[0x4][0xffffff96][0xffffffe9])[0x11][0xffffffe0]LN[0xffffff89][0xffffff80][0xffffffa8]QJ(y[0xffffffa2])[0xffffffa1]][0xffffff8a][0xffffffa6][0xffffff84]R+[0xffffff96][0x12][0xffffffd1][0xffffffb4]PJD[0xfffffff1]^H[0x9][0xffffffb5][0xffffffa2][0xffffffaa][0xffffffcf]A[\r][0xffffff83]V|EU5XQU[0xffffffc5][0x1e][0xffffff95]D[0xffffffc0][0xffffffb1][0x15]U5lJ!S[0xffffffc2]dE[0xffffff95][0x4][0xffffff92]I[0x9][0xffffff83][0x15]U[0x1][0xffffffce][0xffffffec][0xffffff94]0^Q[0xffffffa5][0xffffffe4][0xffffffc9][0xffffffa6][0xffffff84][0xffffffdf][0xffffff8a]*[0xffffffa5]V.%\VTE[0xfffffff1]^H[0x9][0xffffffb5][0xffffffa2]j[0xffffffdc]N[0xffffffec][0xffffffad][0x4][0xffffffbe][0xffffffa2][0xffffffaa][0x1a][0xffffffac][0xffffffa8][0xffffffaa]b[0xffffff8f]J"[0xffffffe0][0xffffffd8][0xffffff8a][0xffffffaa][0x1a]6[0xffffffa5][0xffffff90])a[0xffffffb2][0xffffffa2]J[0x2][0xffffffc9][0xffffffa4][0xffffff84][0xffffffc1][0xffffff8a][0xffffffaa][0x0]gvJ[0x18][0xffffffaf][0xffffffa8]R[0xfffffff2]dS[0xffffffc2]oE[0xffffff95]R+[0xffffff97][0x12].+[0xffffffaa][0xffffffa2]x/[0xffffffa4][0xffffff84][0xffffffda]+1:[0xffffffb6][0xffffffa2][0xffffffaa][0xffffffe2]{%[0xffffffaa][0xffffffc1]^[0xffffff89]*[0xffffff86][0xffffff9f][0x13][0x1][0xffffffc7][0xfffffff6]J[0xffffffd4]0[0xffffffde]L[0xffffffa6][0xffffff84][0xffffffc9]^[0x9][0x9]$[0xffffff93][0x12][0x6]{%[0x2][0xffffff9c][0xffffffd9])a[0xffffffbc]WB[0xffffffc9][0xffffff93]M[0x9][0xffffffbf][0xffffffbd][0x12]J[0xffffffad]\J[0xffffffb8][0xffffffec][0xffffff95][0xffffff88][0xffffffe2][0xffffffbd][0xffffff90][0x12]j[0xffffffaf][0xffffffc4][0x18][0xffffffad]Q)[0xffffff81][0xffffffef][0xffffff95][0xffffffa8][0x6]{%[0xffffffaa][0x18]~N[0x4][0x1c][0xffffffdb]+Q[0xffffffc3]x3[0xffffff99][0x12]&{%$[0xffffff90]LJ[0x18][0xffffffec][0xffffff95][0x8]pf[0xffffffa7][0xffffff84][0xfffffff1]^[0x9]%O6%[0xfffffffc][0xfffffff6]J([0xffffffb5]r)[0xffffffe1][0xffffffb2]W"[0xffffff8a][0xfffffff7]BJ[0xffffffa8][0x9][0xffffff8e][0xfffffff3][0xffffff98][0xffffffd4][0xffffffe7][0xffffffbc]*>[0xffffffc1]Q[\r]&8[0xffffffaa][0xffffffb8]f[0xffffff9c][0x8]86[0xffffffc1]Q[0xffffffc3]Eb2%L&8$[0xffffff90]LJ[0x18]Lp[0x4]8[0xffffffb3]S[0xffffffc2]x[0xffffff82]C[0xffffffc9][0xffffff93]M[0x9][0xffffffbf][0x9][0xe][0xffffffa5]V.%\&8[0xffffffa2]x_O[0xffffff89][0xffffffa6]&8[0xffffffce][0xffffffda][0x7][0xffffff94][0x12][\r][0xffffff9f][0xffffffe0]h[0x6][0x13][0x1c]M\3[0xffffffce][0x3][0xffffffbc]a[0x13][0x1c]-\$[0x6]SB[0xffffffa0][0xffffff88][0xffffffa4][0xffffff84][0x4][0x12]I[0x9][0xffffff81]ezJ[0x4]8[0xffffff93]S" j[0xffffff94][0x12]J[0xffffff9e]hJh[0xffffff97][0xffffffa2])[0xffffffa1][0xffffffd4][0xffffff8a][0xffffffa5]D4-[0xffffff94][0x12]Q[0xffffffbc][0x17]R[0xffffffe2]P)qv[0xffffffea][0x1b][0x1c]o[0xffffffe7][0xffffff81]S[0xffffffe2]0H[0xffffff89]#[0xfffffff2][0xffffff9e][0x8][0xfffffff8][0xffffff81][0xffffffa5][0xffffffc4][0xffffffe1][0xffffff94][0x12][0x11]E&%[0x14][0xffffff90]LJD,[0xfffffff3]Sb[0xffffff87]3;%vD[0xffffff9d]RB[0xffffffc8][0xffffff93]M[0x9][0xffffffe9]R6%[0xffffff84]"
2024-07-29 11:03:33 DEBUG wire:92 - http-outgoing-1 << "Z[0xffffffb9][0xffffff94][0x8][0xffffffa6][0xffffffa5]R"[0xffffff88][0xfffffff7]BJ[0x14][0xffffff95][0x12][0xffffffab]/*%[\n]"
2024-07-29 11:03:33 DEBUG wire:92 - http-outgoing-1 << "[0xffffff9e][0x12][0xffffffc5] %J[0xffffffe4]=[0x11][0xfffffff0][0xffffff82][0xffffffa5]DqJ[0xffffff89][0xffffff88]"[0xffffff93][0x12][\n]"
2024-07-29 11:03:33 DEBUG wire:92 - http-outgoing-1 << "H&%"[0xffffff96][0xfffffff9])[0xffffffb1][0xffffffc3][0xffffff99][0xffffff9d][0x12];[0xffffffa2]N)![0xffffffe4][0xffffffc9][0xffffffa6][0xffffff84]t)[0xffffff9b][0x12]B[0xffffffad]\J[0x4][0xffffffd3]R)[0x11][0xffffffc4]{!%[0xffffffd4]^[0xffffff89]Y:5[0xc][0xffffffda][0xfffffff0][0xffffffbd][0x12][0xffffffcd]`[0xffffffaf]D[0x13][0xffffffc3][0xffffffcf][0xffffff89][0xffffff80]c{%Z[0x18]o&S[0xffffffc2]d[0xffffffaf][0xffffff84][0x4][0xffffff92]I[0x9][0xffffff83][0xffffffbd][0x12][0x1][0xffffffce][0xffffffec][0xffffff94]0[0xffffffde]+[0xffffffa1][0xffffffe4][0xffffffc9][0xffffffa6][0xffffff84][0xffffffdf]^[0x9][0xffffffa5]V.%\[0xfffffff6]JD[0xfffffff1]^H[0x9][0xffffffb5]Wb[0xffffffb6]F-[0xffffffce]n[0xfffffff8]^[0xffffff89]f[0xffffffb0]W[0xffffffa2][0xffffff89][0xffffffe1][0xffffffe7]D[0xffffffc0][0xffffffb1][0xffffffbd][0x12]-[0xffffff8c]7[0xffffff93])a[0xffffffb2]WB[0x2][0xffffffc9][0xffffffa4][0xffffff84][0xffffffc1]^[0xffffff89][0x0]gvJ[0x18][0xffffffef][0xffffff95]P[0xfffffff2]dS[0xffffffc2]o[0xffffffaf][0xffffff84]R+[0xffffff97][0x12].{%[0xffffffa2]x/[0xffffffa4]DW)1*[0xfffffff6]V[0xffffffa2][0xffffffe3])[0xffffffd1][\r]R[0xffffffa2]G[0xffffffde][0x13][0x1][0xffffffef]XJt[0xffffffa7][0xffffff94][0xffffff88](2)[0xffffffa1][0xffffff80]dR"b[0xffffff99][0xffffff9f][0x12];[0xffffff9c][0xffffffd9])[0xffffffb1]#[0xffffffea][0xffffff94][0x12]B[0xffffff9e]lJH[0xffffff97][0xffffffb2])![0xffffffd4][0xffffffca][0xffffffa5]D0-[0xffffff95][0x12]A[0xffffffbc][0x17]RB[0xffffffad][0xffffffa8][0xffffff9a][0xffffffe7][0xffffffd9][0xffffffa9][0xffffff94][0xffffffc0]WT5[0xffffff83][0x15]UM[0xffffffec]QI[0x4][0x1c][Q[0xffffffd5][0xffffffc2][0xffffffa6][0x14]2%LVTI [0xffffff99][0xffffff94]0XQ[0x15][0xffffffe0][0xffffffcc]N[0x9][0xffffffe3][0x15]UJ[0xffffff9e]lJ[0xfffffff8][0xffffffad][0xffffffa8]Rj[0xffffffe5]R[0xffffffc2]eEU[0x14][0xffffffef][0xffffff85][0xffffff94]P+[0xffffffaa][0xffffffe6]:[0xffffffb0][0xffffffb7][0x12][0xfffffff8][0xffffff8a][0xffffffaa]f[0xffffffb0][0xffffffa2][0xffffffaa][0xffffff89]=*[0xffffff89][0xffffff80]c+[0xffffffaa]Z[0xffffffd8][0xffffff94]B[0xffffffa6][0xffffff84][0xffffffc9][0xffffff8a]*[0x9]$[0xffffff93][0x12][0x6]+[0xffffffaa][0x2][0xffffff9c][0xffffffd9])a[0xffffffbc][0xffffffa2]J[0xffffffc9][0xffffff93]M[0x9][0xffffffbf][0x15]UJ[0xffffffad]\J[0xffffffb8][0xffffffac][0xffffffa8][0xffffff8a][0xffffffe2][0xffffffbd][0xffffff90][0x12]S[0xffffffa6][0xffffffc4][0xffffffe3][0xffffff98]HJL<%[0xffffffa6]AJ[0xffffffcc][0xffffffc8]{"[0xffffffe0][0x13]K[0xffffff89][0xffffffe9][0xffffff94][0x12][0x11]E&%[0x14][0xffffff90]LJD,[0xfffffff3]Sb[0xffffff87]3;%vD[0xffffff9d]RB[0xffffffc8][0xffffff93]M[0x9][0xffffffe9]R6%[0xffffff84]Z[0xffffffb9][0xffffff94][0x8][0xffffffa6][0xffffffa5]R"[0xffffff88][0xfffffff7][0xfffffff5][0xffffff94][0xffffffe8]jE[0xffffffd5][0xffffffba][0xffffff9d]7(%:[0xffffffbe][0xffffffa2][0xffffffaa][0x1b][0xffffffac][0xffffffa8][0xffffffea]b[0xffffff8f]J[0x1e][0xffffffe0][0x1d][Q[0xffffffd5][0xffffffc3][0xffffffa6][0x14]0%[0x4][0xffffff8a]HJH [0xffffff91][0xffffff94][0x10]X[0xffffffa6][0xffffffa7]D[0xffffff80]39%[0x2][0xffffffa2]F)[0xffffffa1][0xffffffe4][0xffffff89][0xffffffa6][0xffffff84]v)[0xffffff9a][0x12]J[0xffffffad]XJD[0xffffffd3]B)[0x11][0xffffffc5]{!%[0xffffffd4]^[0xffffff89]Uo[0xffffffd4][0xffffffe7][0xffffffbc]:[0xffffffbe]W[0xffffffa2][0x1b][0xffffffec][0xffffff95][0xffffffe8]b[0xfffffff8]9[0x11]pl[0xffffffaf]D[0xf][0xffffffe3][0xffffffcd]dJ[0xffffff98][0xffffffec][0xffffff95][0xffffff90]@2)a[0xffffffb0]W"[0xffffffc0][0xffffff99][0xffffff9d][0x12][0xffffffc6]{%[0xffffff94]<[0xffffffd9][0xffffff94][0xfffffff0][0xffffffdb]+[0xffffffa1][0xffffffd4][0xffffffca][0xffffffa5][0xffffff84][0xffffffcb]^[0xffffff89]([0xffffffde][0xb])[0xffffffa1][0xffffff86]A[0xffffffd7]<[0xffffffa9]a[0xffffffd0][0xffffff8e][0xf][0xffffff83]v[0xffffff83]a[0xffffffd0].&[0xffffff96][0x12][0x1][0xffffffc7][0xffffff86]A{[0xffffff98]I"S[0xffffffc2]d[0x18]T[0x2][0xffffffc9][0xffffffa4][0xffffff84][0xffffffc1]0h[0xffffff80]3;%[0xffffff8c][0xffffff87]A[0xffffff95]<[0xffffffd9][0xffffff94][0xfffffff0][0x1b][0x6]Uj[0xffffffe5]R[0xffffffc2]e[0x18]4[0xffffff8a][0xfffffff7]BJ[0xffffff88][0x9][0xffffff8e]z[0xffffffeb]7,%[0xfffffff0][0x9][0xffffff8e]n0[0xffffffc1][0xffffffd1][0xffffffc5]5[0xffffffe3]D[0xffffffc0][0xffffffb1][0x9][0xffffff8e][0x1e].[0x12][0xffffff93])a2[0xffffffc1]![0xffffff81]dR[0xffffffc2]`[0xffffff82]#[0xffffffc0][0xffffff99][0xffffff9d][0x12][0xffffffc6][0x13][0x1c]J[0xffffff9e]lJ[0xfffffff8]Mp([0xffffffb5]r)[0xffffffe1]2[0xffffffc1][0x11][0xffffffc5]{)%[0xffffff8a]YJ[0x14]<%[0xffffff8a]AJ[0x14]4%[\n]"
2024-07-29 11:03:33 DEBUG wire:106 - http-outgoing-1 << "[0xffffff96][0x12][0xffffffc5])%v[0x14][0xffffffa9][0xffffff94][0xffffff88]@R)[0xffffffb1]cI[0xffffffa4]D[0xffffff81]S[0xffffffa2][0x18][0xffffffa7]D[0xffffff90]'[0xffffff9d][0x12][0xffffffc2][0xffffffa5]tJ[0x4][0xffffffb5][0xffffff92])Q\R[0xffffffa2][0xfffffffc]lJ[0xc][0xfffffff5]V[0xffffffa2][0xffffff8c]E[0xffffffed][0xffffff95][0x18][0xfffffff8][[0xffffff89]a[0xfffffff0]Vb[0xffffff88]t[0xffffffce][0x3]|`o%F[0xffffff88]c0%[0x4][0xffffff8a]HJH [0xffffff91][0xffffff94][0x10]X[0xffffffa6][0xffffffa7]D[0xffffff80]39%[0x2][0xffffffa2]F)[0xffffffa1][0xffffffe4][0xffffff89][0xffffffa6][0xffffff84]v)[0xffffff9a][0x12]J[0xffffffad]XJD[0xffffffd3]B)[0x11][0xffffffc5]{!%[0xffffffc4]^[0xffffff89]Z[0xf][0xffffffec][0xffffffda][0xffffffe5][0xffffffc0][0xfffffff7]J[0xc][0xffffff83][0xffffffbd][0x12]C[0xc]?'[0x2][0xffffff8e][0xffffffed][0xffffff95][0x18]a[0xffffffbc][0xffffff99]L[0x9][0xffffff93][0xffffffbd][0x12][0x12]H&%[0xc][0xfffffff6]J[0x4]8[0xffffffb3]S[0xffffffc2]x[0xffffffaf][0xffffff84][0xffffff92]'[0xffffff9b][0x12]~{%[0xffffff94]Z[0xffffffb9][0xffffff94]p[0xffffffd9]+[0x11][0xffffffc5]{)%[0xffffffe2][0xf][0x1c]lJ[0xffffffc0]?p<N[0xffffffc0][0xffffffa7][0x4][0xfffffff8][0x3][0xffffffc7][0xffffffe3][0xffffffe9]TJ[0xfffffff8][0xfffffffc][0xffffffc0]!P[0xffffffa4]R[0xffffffc2][0xffffffe4][0x7][0xe][0xffffff81]%[0xffffff91][0x12][0xffffffe8][0xf][0x1c][0x1]Q[0xffffffaf][0xffffff94][0xfffffff0][0xfffffffa][0xffffff81]C[0xffffffbb][0xffffff94]N[0x9][0xffffff9f][0x1f]8[0xffffffa2]i[0xffffffb9][0xffffff94][0xfffffff8][0xfffffff9][0x1f]8[0xffffffce]_[0xffffffa6]YJL<%[0xffffffa6]AJL4%&[0xffffff96][0x12][0xffffffd3])%v[0x14][0xffffffa9][0xffffff94][0xffffff88]@R)[0xffffffb1]cI[0xffffffa4][0xffffffc4][0xffffff84]Sb[0x1a][0xffffffa7]D[0xffffff90]'[0xffffff9d][0x12][0xffffffc2][0xffffffa5]tJ[0x4][0xffffffb5][0xffffff92])1]Rb[0xfffffffe][0x1d]R[0xffffffe2][0x18]f-q[0xc]<&[0xffffffee]G[0xffffffe0]k[0xffffffe2][0xffffffe3][0x10]TN[0xffffffdc][0x1f]O[0xfffffff5][0xffffffc4][0xfffffffb][0xffffffa3]][0xffffff82]"[0xfffffff0]H[0x15][0xffffff85][0xffffffa0][0xffffff92]J[0xffffff8a][0xffffffc0]&[0xffffffd1][0x14][0x1b][0xffffffa1][0xfffffff9]Q[0xffffffb1]q[0xffffffea]U[0x15]Q[0xffffffa3]tV([0xffffffab][0xffffffd2]][0x11]%K[0xffffff86][0xffffffc5][0xffffffee]\[0xffffffae],v[0x5]_J[0xffffff8b]v[0xffffff9a][0xffffffa5]E;[0xfffffff1][0xffffffb4][0xffffffb8][0x1f][0xffffff81]O[0xffffff8b][0xffffff8f]CPiq[0x7f]<[0xffffff95][0x16][0xffffffef][0xffffff8f]vI[0xffffff8b][0xffffffc0]#[0xffffff95][0x16][0xffffff82]J*-[0x2][0xffffff9b]DZl[0xffffff84][0xffffffe6][0xffffffa7][0xffffffc5][0xffffffc6][0xffffffa9]WZD[0xffffff8d][0xffffffd2]i[0xffffffa1][0xffffffac]J[0xffffffa7]E[0xffffff94],[0xffffff99][0x16][0xffffffbb]s[0xffffffb9][0xffffffb4][0xffffffd8][0x15]|)-[0xffffffba][Zt>-[0xffffffba]CZt6-:[0xffffff97][0x16][0xffffffdd]*-[0x2][0xffffff8f]TZ[0x8]*[0xffffffa9][0xffffffb4][0x8]l[0x12]i[0xffffffd1][0xffffffe9][0xffffffb4][0xffffffe8][0xffffffce]i[0x11]5J[0xffffffa7][0xffffff85][0xffffffb2]*[0xffffff9d][0x16]Q[0xffffffb2]dZ[0xffffffec][0xffffffce][0xffffffe5][0xffffffd2]bW[0xfffffff0][0xffffffa5][0xffffffb4][0xffffff98][0xffffffdd],-f[0xffffffc7][0xffffffd3][0xffffffe2]~[0x4]>->[0xe]A[0xffffffa5][0xffffffc5][0xfffffffd][0xfffffff1]TZ[0xffffffbc]?[0xffffffda]%-[0x2][0xffffff8f]TZ[0x8]*[0xffffffa9][0xffffffb4][0x8]l[0x12]i[0xffffffb1][0x11][0xffffff9a][0xffffff9f][0x16][0x1b][0xffffffa7]^i[0x11]5J[0xffffffa7][0xffffff85][0xffffffb2]*[0xffffff9d][0x16]Q[0xffffffb2]dZ[0xffffffec][0xffffffce][0xffffffe5][0xffffffd2]bW[0xfffffff0][0xffffffa5][0xffffffb4]8f3k[0xffffff8b][0xfffffffb][0xffffff89][0xfffffff0][0xffffffb8]x;[0x3]_[0x17][0xffffffdf]NA[0xffffffe5][0xffffffc5][0xffffffdb][0xfffffff3][0xffffffa9][0xffffffbe][0xfffffff8]x[0xffffffb6]K`D([0xffffffa9][0xffffffc2]PhR[0xffffff89][0x11][0x1]%[0x1a]c[0xffffffc7]4?2vX[0xffffffbd]*C[0x8][0xffffff95][0xffffffce]"
2024-07-29 11:03:33 DEBUG wire:92 - http-outgoing-1 << "[0xc][0xffffffe9]W[0xffffffba]3[0xffffff84]n[0xffffffc9][0xffffffd0][0x8][0xfffffff6][0xffffffe5]J#[0xffffffc8][0xfffffff8][0xffffff95][0xffffffd4]([0xffffffef][0xffffffff][0x14][0xfffffff1][0x11][0xfffffff3]Z[0xffffffcf]Z[0xffffffd3]C[0xffffffe3][0xfffffff3]<Tf|9[0x1][0x16][0x19][0xffffffdb][0x19][0xffffff92][0x13][0xffffffe3][0xffffffcb][0xffffffd3][0xffffff93][0x3][0xffffffe3][0xffffffd7]O[0xffffff86][0xfffffff3][0xffffffe2])[0xffffff8a][0xffffffc9]q[0xfffffff1][0x3] [0xffffff93][0xffffffd3][0xffffffe2])[0xffffff96][0xffffff89]a[0xfffffff1][0x4][0xffffffce][0xffffffb4][0xffffffac]x[0xffffff82][0xffffffa8]ET<[0xffffff97]'[0xffffff94][0x14]?r)[0x14][0x14][0xffffffcf][0xffffffd5][\n]"
2024-07-29 11:03:33 DEBUG wire:92 - http-outgoing-1 << "[0xffffffe4][0xffffffc4]3[0xffffffd3][0xffffffa6][0xffffffc7][0xffffffc4]3[0xfffffff1]^H[0xffffff89][0xffffffa5]Rb[0x1d][0xfffffff9][0xffffff8b][0xffffffb9]?[0xffffffcf][0x3][0xffffffa7][0xffffffc4]2H[0xffffff89][0x15]yO[0x4]|a)[0xffffffb1][0xffffff9c]R"[0xffffffa2][0xffffffc8][0xffffffa4][0xffffff84][0x2][0xffffff92]I[0xffffff89][0xffffff88]e~J[0xffffffec]pf[0xffffffa7][0xffffffc4][0xffffff8e][0xffffffa8]SJ[0x8]y[0xffffffb2])!][0xffffffca][0xffffffa6][0xffffff84]P+[0xffffff97][0x12][0xffffffc1][0xffffffb4]TJ[0x4][0xfffffff1][0xffffffbe][0xffffff9e][0x12][0xffffffe7]M[0xffffffa4]D;[0xffffffea][\r]J[0xffffff89][0xffffffb7][0xfffffff3][0xffffffb0])[0xfffffff1]8[0x1][0xffffff9c][0x12][0xffffffdf][0xffffffcf][0xffffff80][0xffffffa4][0xffffffc4][0xffffffe3][0xffffffe9]HJ|{[0xffffffb2]EJ[0x8][0x14][0xffffff91][0xffffff94][0xffffff90]@")![0xffffffb0]LO[0xffffff89][0x0]grJ[0x4]D[0xffffff8d]RB[0xffffffc9][0x13]M[0x9][0xffffffed]R4%[0xffffff94]Z[0xffffffb1][0xffffff94][0xffffff88][0xffffffa6][0xffffff85]R"[0xffffff8a][0xfffffff7]RJT[0xffffffb3][0xffffff94][0xffffffa8]xJT[0xffffff83][0xffffff94][0xffffffa8]hJT,%[0xffffffaa]SJ[0xffffffec](R)[0x11][0xffffff81][0xffffffa4]Rb[0xffffffc7][0xffffff92]H[0xffffff89][\n]"
2024-07-29 11:03:33 DEBUG wire:92 - http-outgoing-1 << "[0xffffffa7]D5N[0xffffff89] O:%[0xffffff84]K[0xffffffe9][0xffffff94][0x8]j%S[0xffffffa2][0xffffffba][0xffffffa4]D[0xfffffffd];[0xffffffa4]D[0x1c][0xfffffff8]`S[0x2][0xffffff9b][0xfffffff7][0xfffffff8]r[0x2]>%[0xffffff90]i[0xffffff8f]/O[0xffffffa7]R[0xffffffc2]a[0xffffffd6][0xffffffe3])[0xffffff8a]TJ[0xffffffe0][0xffffff93][0x1e]O[0xffffffb1]$R[0x2][0xffffff9a][0xfffffff3]x[0xffffff82][0xffffffa8]WJ[0xffffffb8]Ly[0xfffffffc][0xffffffc8][0xffffffa5]tJ8[0xffffffcc]x<3-[0xffffff97][0x12]?1[0xffffffe1][0xfffffff1][0xfffffff1][0xffffffcf]8[0xffffffd4][0xf][0x1c][0xffffffed][0xffffffcc][0xffffff9f][0xffffffef][0xfffffff8]<[0xf][0xffffff9c][0x12][0xffffff87][0xffffffc1][0xf][0x1c]G|[0xb][0xffffff97][0x8][0xfffffff8][0xffffff81][0xfffffffd][0xffffffc0]q8[0xfffffffd][0xffffffc0][0x11]QdRB[0x1][0xffffffc9][0xffffffa4]D[0xffffffc4]2?%v8[0xffffffb3]SbG[0xffffffd4])%[0xffffff84]<[0xffffffd9][0xffffff94][0xffffff90].eSB[0xffffffa8][0xffffff95]K[0xffffff89]`Z*%[0xffffff82]x/[0xffffffa4]DQ)1[0xb][0xfffffff6]V[0xffffffa2][0xffffffe0])Q[0xc]R[0xffffffa2]D[0xffffffde][0x13][0x1]/XJ[0x14][0xffffffa7][0xffffff94][0xffffff88](2)[0xffffffa1][0xffffff80]dR"b[0xffffff99][0xffffff9f][0x12];[0xffffff9c][0xffffffd9])[0xffffffb1]#[0xffffffea][0xffffff94][0x12]B[0xffffff9e]lJH[0xffffff97][0xffffffb2])![0xffffffd4][0xffffffca][0xffffffa5]D0-[0xffffff95][0x12]A[0xffffffbc][0x17]R[0xffffffa2][0xffffffca][0xffffff94]8'[0xffffff95][0x12][0x15]O[0xffffff89]j[0xffffff90][0x12]5[0xfffffff2][0xffffff9e][0x8]x[0xffffffc5]R[0xffffffa2]:[0xffffffa5]DD[0xffffff91]I[0x9][0x5]$[0xffffff93][0x12][0x11][0xffffffcb][0xfffffffc][0xffffff94][0xffffffd8][0xffffffe1][0xffffffcc]N[0xffffff89][0x1d]Q[0xffffffa7][0xffffff94][0x10][0xfffffff2]dSB[0xffffffba][0xffffff94]M[0x9][0xffffffa1]V.%[0xffffff82]i[0xffffffa9][0xffffff94][0x8][0xffffffe2][0xffffffbd][0xffffff90][0x12]M[0xffffffa4]D[0xffffffaf]cQ)[0xffffffd1][0xfffffff0][0xffffff94]h[0x6])[0xffffffd1]"[0xffffffef][0xffffff89][0xffffff80]7,%[0xffffff9a]SJD[0x14][0xffffff99][0xffffff94]P@2)[0x11][0xffffffb1][0xffffffcc]O[0xffffff89][0x1d][0xffffffce][0xffffffec][0xffffff94][0xffffffd8][0x11]uJ[0x9]!O6%[0xffffffa4]K[0xffffffd9][0xffffff94][0x10]j[0xffffffe5]R"[0xffffff98][0xffffff96]J[0xffffff89] [0xffffffde][0xb])[0xffffffd1]UJ[0xffffffb4][0xffffff83]ZQ[0xfffffff5]v[0x1e]8%[0xffffffba]AJ[0xfffffff4][0xffffffc8]{"[0xffffffe0][0x1d]K[0xffffff89][0xffffffee][0xffffff94][0x12][0x11]E&%[0x14][0xffffff90]LJD,[0xfffffff3]Sb[0xffffff87]3;%vD[0xffffff9d]RB[0xffffffc8][0xffffff93]M[0x9][0xffffffe9]R6%[0xffffff84]Z[0xffffffb9][0xffffff94][0x8][0xffffffa6][0xffffffa5]R"[0xffffff88][0xfffffff7]BJ[0xc][0xffffff99][0x12]}P)1[0xfffffff0][0xffffff94][0x18][0x6])1"[0xffffffef][0xffffff89][0xffffff80][0xf],%[0xffffff86]SJD[0x14][0xffffff99][0xffffff94]P@2)[0x11][0xffffffb1][0xffffffcc]O[0xffffff89][0x1d][0xffffffce][0xffffffec][0xffffff94][0xffffffd8][0x11]uJ[0x9]!O6%[0xffffffa4]K[0xffffffd9][0xffffff94][0x10]j[0xffffffe5]R"[0xffffff98][0xffffff96]J[0xffffff89] [0xffffffde][0xb])q[0xffffffca][0xffffff94]X[0xffffffd8]][0xffffff89][0x13]O[0xffffff89][0xffffffd3] %[0xffffffce][0xffffffc8]{"[0xffffffe0]'[0xffffff96][0x12][0xffffffa7]SJD[0x14][0xffffff99][0xffffff94]P@2)[0x11][0xffffffb1][0xffffffcc]O[0xffffff89][0x1d][0xffffffce][0xffffffec][0xffffff94][0xffffffd8][0x11]uJ[0x9]!O6%[0xffffffa4]K[0xffffffd9][0xffffff94][0x10]j[0xffffffe5]R"[0xffffff98][0xffffff96]J[0xffffff89] [0xffffffde][0xb])[0xffffffa1][0xffffffbe][0xffffffc1][0xffffffd1]{[0xffffffc7][0xffffffee]J[0xffffffe0][0xffffffdf][0xffffffe0]8[\r][0xffffffbe][0xffffffc1]q[0xffffff8a]E[0xfffffff1][0xffffff89][0xffffff80]c[0xffffffdf][0xffffffe0]8[0xffffffc3]*x2%L[0xffffffbe][0xffffffc1]![0xffffff81]dR[0xffffffc2][0xffffffe0][0x1b][0x1c][0x1][0xffffffce][0xffffffec][0xffffff94]0[0xfffffffe][0x6][0xffffff87][0xffffff92]'[0xffffff9b][0x12]~[0xffffffdf][0xffffffe0]Pj[0xffffffe5]R[0xffffffc2][0xffffffe5][0x1b][0x1c]Q[0xffffffbc][0x17]RB}[0xffffff83][0xffffffa3][0xffffff9f]7[0xffffffec][0xffffffad][0x4][0xfffffffe][\r][0xffffff8e][0xffffffd3][0xffffffe0][0x1b][0x1c][0xffffffa7]X[0x14][0xffffff9f][0x8]8[0xfffffff6][\r][0xffffff8e]3[0xffffffac][0xffffff82]'S[0xffffffc2][0xffffffe4][0x1b][0x1c][0x12]H&%[0xc][0xffffffbe][0xffffffc1][0x11][0xffffffe0][0xffffffcc]N[0x9][0xffffffe3]op(y[0xffffffb2])[0xffffffe1][0xfffffff7][\r][0xe][0xffffffa5]V.%\[0xffffffbe][0xffffffc1][0x11][0xffffffc5]{)%[0xffffff8a]YJ[0x14]<%[0xffffff8a]AJ[0x14]4%[\n]"
2024-07-29 11:03:33 DEBUG wire:106 - http-outgoing-1 << "[0xffffff96][0x12][0xffffffc5])%v[0x14][0xffffffa9][0xffffff94][0xffffff88]@R)[0xffffffb1]cI[0xffffffa4]D[0xffffff81]S[0xffffffa2][0x18][0xffffffa7]D[0xffffff90]'[0xffffff9d][0x12][0xffffffc2][0xffffffa5]tJ[0x4][0xffffffb5][0xffffff92])Q\R[0xffffffa2][0xfffffffc]lJL[0xfffffff5]9[0xffffffaf]q[0xffffffdc][0xffffffa8][0x1f]8&[0xfffffffe]9[0xffffffaf]i[0xfffffff0]9[0xffffffaf])[0xffffffbe]9[0xffffff93][0x7][0xfffffff8][0xffffffc4]>[0xffffffe7]5[0xffffffc3]We[0xffffffc0][0xffffff94][0x10](")![0xffffff81]DRB`[0xffffff99][0xffffff9e][0x12][0x1][0xffffffce][0xffffffe4][0xffffff94][0x8][0xffffff88][0x1a][0xffffffa5][0xffffff84][0xffffff92]'[0xffffff9a][0x12][0xffffffda][0xffffffa5]hJ([0xffffffb5]b)[0x11]M[0xb][0xffffffa5]D[0x14][0xffffffef][0xffffff85][0xffffff94]P[0xffffff8b][0xffffffb3]G[0xffffff99][0xffffffd4][[0xffffff89][0xffffff89]/[0xffffffce][0xffffff9e][0x6][0xffffff8b][0xffffffb3][0xffffffa7][0xffffffd8][0xffffffee][0xffffff9a][0x8]8[0xffffffb6]8{[0xffffff86][0xfffffffd][0xffffffad]dJ[0xffffff98],[0xffffffce][0xffffff96]@2)a[0xffffffb0]8;[0xffffffc0][0xffffff99][0xffffff9d][0x12][0xffffffc6][0xffffff8b][0xffffffb3][0xffffff95]<[0xffffffd9][0xffffff94][0xfffffff0][[0xffffff9c][0xffffffad][0xffffffd4][0xffffffca][0xffffffa5][0xffffff84][0xffffffcb][0xffffffe2][0xffffffec]([0xffffffde][0xb])QTJ[0xffffff9c][\r]K[0xffffff89][0xffffff82][0xffffffa7]D1H[0xffffff89][0x12]yO[0x4][0xffffffbc]`)Q[0xffffff9c]R"[0xffffffa2][0xffffffc8][0xffffffa4][0xffffff84][0x2][0xffffff92]I[0xffffff89][0xffffff88]e~J[0xffffffec]pf[0xffffffa7][0xffffffc4][0xffffff8e][0xffffffa8]SJ[0x8]y[0xffffffb2])!][0xffffffca][0xffffffa6][0xffffff84]P+[0xffffff97][0x12][0xffffffc1][0xffffffb4]TJ[0x4][0xfffffff1]^H[0x9][0xffffffb5]8{[0xffffffac][0x3]K[0x9]|q[0xfffffff6]4X[0xffffff9c]=[0xffffffc5]v[0xffffffd7]D[0xffffffc0][0xffffffb1][0xffffffc5][0xffffffd9]3[0xffffffec]o%S[0xffffffc2]dq[0xffffffb6][0x4][0xffffff92]I[0x9][0xffffff83][0xffffffc5][0xffffffd9][0x1][0xffffffce][0xffffffec][0xffffff94]0^[0xffffff9c][0xffffffad][0xffffffe4][0xffffffc9][0xffffffa6][0xffffff84][0xffffffdf][0xffffffe2]l[0xffffffa5]V.%\[0x16]gG[0xfffffff1]^H[0x9][0xffffffb5]8[0xfffffffb][0xffffffac][0xffffffb7]N[0xffffffa5][0x4][0xffffffbe]8{[0x1a],[0xffffffce][0xffffff9e]b[0xffffffbb]k"[0xffffffe0][0xffffffd8][0xffffffe2][0xffffffec][0x19][0xfffffff6][0xffffffb7][0xffffff92])a[0xffffffb2]8[[0x2][0xffffffc9][0xffffffa4][0xffffff84][0xffffffc1][0xffffffe2][0xffffffec][0x0]gvJ[0x18]/[0xffffffce]V[0xfffffff2]dS[0xffffffc2]oq[0xffffffb6]R+[0xffffff97][0x12].[0xffffff8b][0xffffffb3][0xffffffa3]x/[0xffffffa4][0xffffff84]Z"
2024-07-29 11:03:33 DEBUG wire:92 - http-outgoing-1 << "[0xffffff9c]}[0xffffffb6][0xffffff85]][0xffffffbb][0xffffffc4][0x17]gO[0xffffff83][0xffffffc5][0xffffffd9]SlwM[0x4][0x1c][[0xffffff9c]=[0xffffffc3][0xfffffffe]V2%L[0x16]gK [0xffffff99][0xffffff94]0X[0xffffff9c][0x1d][0xffffffe0][0xffffffcc]N[0x9][0xffffffe3][0xffffffc5][0xffffffd9]J[0xffffff9e]lJ[0xfffffff8]-[0xffffffce]Vj[0xffffffe5]R[0xffffffc2]eqv[0x14][0xffffffef][0xffffff85][0xffffff94]P[0xffffff8b][0xffffffb3][0xffffffcf][0xffffffb9][0xffffffa8][0xffffff8f][0xffffff8c]O|q[0xfffffff6]4X[0xffffff9c]=[0xffffffc5]v[0xffffffd7]D[0xffffffc0][0xffffffb1][0xffffffc5][0xffffffd9]3[0xffffffec]o%S[0xffffffc2]dq[0xffffffb6][0x4][0xffffff92]I[0x9][0xffffff83][0xffffffc5][0xffffffd9][0x1][0xffffffce][0xffffffec][0xffffff94]0^[0xffffff9c][0xffffffad][0xffffffe4][0xffffffc9][0xffffffa6][0xffffff84][0xffffffdf][0xffffffe2]l[0xffffffa5]V.%\[0x16]gG[0xfffffff1]^H[0x9][0xffffffb5]8{[0xffffffde][0xffffffb0]opL|q[0xfffffff6]4X[0xffffff9c]=[0xffffffc5]v[0xffffffd7]D[0xffffffc0][0xffffffb1][0xffffffc5][0xffffffd9]3[0xffffffec]o%S[0xffffffc2]dq[0xffffffb6][0x4][0xffffff92]I[0x9][0xffffff83][0xffffffc5][0xffffffd9][0x1][0xffffffce][0xffffffec][0xffffff94]0^[0xffffff9c][0xffffffad][0xffffffe4][0xffffffc9][0xffffffa6][0xffffff84][0xffffffdf][0xffffffe2]l[0xffffffa5]V.%\[0x16]gG[0xfffffff1]^H[0x9][0xffffffb5]8{Vlq[0xfffffff6][0xffffffc4][0x17]gO[0xffffff83][0xffffffc5][0xffffffd9]SlwM[0x4][0x1c][[0xffffff9c]=[0xffffffc3][0xfffffffe]V2%L[0x16]gK [0xffffff99][0xffffff94]0X[0xffffff9c][0x1d][0xffffffe0][0xffffffcc]N[0x9][0xffffffe3][0xffffffc5][0xffffffd9]J[0xffffff9e]lJ[0xfffffff8]-[0xffffffce]Vj[0xffffffe5]R[0xffffffc2]eqv[0x14][0xffffffef][0xffffff85][0xffffff94]P[0xffffff8b][0xffffffb3]'[0xfffffff7][0xffffff91][0xfffffff1][0xffffff89]/[0xffffffce][0xffffff9e][0x6][0xffffff8b][0xffffffb3][0xffffffa7][0xffffffd8][0xffffffee][0xffffff9a][0x8]8[0xffffffb6]8{[0xffffff86][0xfffffffd][0xffffffad]dJ[0xffffff98],[0xffffffce][0xffffff96]@2)a[0xffffffb0]8;[0xffffffc0][0xffffff99][0xffffff9d][0x12][0xffffffc6][0xffffff8b][0xffffffb3][0xffffff95]<[0xffffffd9][0xffffff94][0xfffffff0][[0xffffff9c][0xffffffad][0xffffffd4][0xffffffca][0xffffffa5][0xffffff84][0xffffffcb][0xffffffe2][0xffffffec]([0xffffffde][0xffffffd7]Sb[0xffffffa9]m[0xffffff97][0xffffffb3]U[0xffffffea][0xffffffad][0xffffffc4][0xffffffc2][0xffffffb7]].[0xffffff83]m[0xffffff97]K[0xffffffac]d[0xffffffcb][0x3]|a[0xffffffdb].WX[0xffffffba][0x6][0xffffffa6][0xffffff84]@[0x11]I[0x9][0x9]$[0xffffff92][0x12][0x2][0xffffffcb][0xfffffff4][0xffffff94][0x8]p&[0xffffffa7]D@[0xffffffd4](%[0xffffff94]<[0xffffffd1][0xffffff94][0xffffffd0].ESB[0xffffffa9][0x15]K[0xffffff89]hZ(%[0xffffffa2]x/[0xffffffa4]D[0xffffff91])[0xffffffb1][0xe]*%[\n]"
2024-07-29 11:03:33 DEBUG wire:92 - http-outgoing-1 << "[0xffffff9e][0x12][0xffffffc5] %J[0xffffffe4]=[0x11][0xfffffff0][0xffffff82][0xffffffa5]DqJ[0xffffff89][0xffffff88]"[0xffffff93][0x12][\n]"
2024-07-29 11:03:33 DEBUG wire:92 - http-outgoing-1 << "H&%"[0xffffff96][0xfffffff9])[0xffffffb1][0xffffffc3][0xffffff99][0xffffff9d][0x12];[0xffffffa2]N)![0xffffffe4][0xffffffc9][0xffffffa6][0xffffff84]t)[0xffffff9b][0x12]B[0xffffffad]\J[0x4][0xffffffd3]R)[0x11][0xffffffc4]{!%[0xffffffd4][0xffffff8a][0xffffffaa][0xffffffd9]'[0xfffffff5][0x3][0xffffffc7][0xffffffc2]WT-[0xffffff83][0x15]UK[0xffffffec]QI[0x4][0x1c][Q[0xffffffb5][0xffffffc2][0xffffffa6][0x14]2%LVTI [0xffffff99][0xffffff94]0XQ[0x15][0xffffffe0][0xffffffcc]N[0x9][0xffffffe3][0x15]UJ[0xffffff9e]lJ[0xfffffff8][0xffffffad][0xffffffa8]Rj[0xffffffe5]R[0xffffffc2]eEU[0x14][0xffffffef][0xffffff85][0xffffff94]P+[0xffffffaa][0xffffffe6]:[0xffffffa8][0x9][0xffffff8e][0xffffff85][0xffffffaf][0xffffffa8]Z[0x6]+[0xffffffaa][0xffffff96][0xffffffd8][0xffffffa3][0xffffff92][0x8]8[0xffffffb6][0xffffffa2]j[0xffffff85]M)dJ[0xffffff98][0xffffffac][0xffffffa8][0xffffff92]@2)a[0xffffffb0][0xffffffa2]*[0xffffffc0][0xffffff99][0xffffff9d][0x12][0xffffffc6]+[0xffffffaa][0xffffff94]<[0xffffffd9][0xffffff94][0xfffffff0][Q[0xffffffa5][0xffffffd4][0xffffffca][0xffffffa5][0xffffff84][0xffffffcb][0xffffff8a][0xffffffaa]([0xffffffde][0xb])[0xffffffa1]VT[0xffffffad][0x3][[0xffffff9c][0xffffffbd][0xfffffff0][0x15]U[0xffffffcb]`E[0xffffffd5][0x12]{T[0x12][0x1][0xffffffc7]VT[0xffffffad][0xffffffb0])[0xffffff85]L[0x9][0xffffff93][0x15]U[0x12]H&%[0xc]VT[0x5]8[0xffffffb3]S[0xffffffc2]xE[0xffffff95][0xffffff92]'[0xffffff9b][0x12]~+[0xffffffaa][0xffffff94]Z[0xffffffb9][0xffffff94]pYQ[0x15][0xffffffc5]{)%[0xffffff8a]YJ[0x14]<%[0xffffff8a]AJ[0x14]4%[\n]"
2024-07-29 11:03:33 DEBUG wire:92 - http-outgoing-1 << "[0xffffff96][0x12][0xffffffc5])%v[0x14][0xffffffa9][0xffffff94][0xffffff88]@R)[0xffffffb1]cI[0xffffffa4]D[0xffffff81]S[0xffffffa2][0x18][0xffffffa7]D[0xffffff90]'[0xffffff9d][0x12][0xffffffc2][0xffffffa5]tJ[0x4][0xffffffb5][0xffffff92])Q\R[0xffffffa2][0xfffffffc]tJ[0xffffffa8]m[0xffffff97][0xffffffab][0x1f]'[0xffffff95][0x12][0xfffffff8][0xffffffb6][0xffffffcb]e[0xffffffb0][0xffffffed]r[0xffffff89][0xffffff95]l[0xffffff89][0xffffff80]c[0xffffffdb].WX[0xffffffba]F[0xffffffa6][0xffffff84][0xffffffc9][0xffffffb6]K[0x9]$[0xffffff93][0x12][0x6][0xffffffdb].[0x3][0xffffff9c][0xffffffd9])a[0xffffffbc][0xffffffed]R[0xffffffc9][0xffffff93]M[0x9][0xffffffbf]m[0xffffff97]J[0xffffffad]\J[0xffffffb8]l[0xffffffbb][0xffffff8c][0xffffffe2][0xffffffbd][0xffffff90][0x12]j[0xffffffdb][0xffffffe5][0x1a][\r][0xffffff9b][0xffffffe0][0xffffffc0][0xffffffb7]].[0xffffff83]m[0xffffff97]K[0xffffffac]dK[0x4][0x1c][0xffffffdb]v[0xffffffb9][0xffffffc2][0xffffffd2]52%L[0xffffffb6]]J [0xffffff99][0xffffff94]0[0xffffffd8]v[0x19][0xffffffe0][0xffffffcc]N[0x9][0xffffffe3]m[0xffffff97]J[0xffffff9e]lJ[0xfffffff8]m[0xffffffbb]Tj[0xffffffe5]R[0xffffffc2]e[0xffffffdb]e[0x14][0xffffffef][0xffffff85][0xffffff94][0x10]+[0xffffffaa][0xffffffda][0xffffffed][0xffffffb8]5*%[0xfffffff0][0x15]U[0xffffffcb]`E[0xffffffd5][0x12]{T[0x12][0x1][0xffffffc7]VT[0xffffffad][0xffffffb0])[0xffffff85]L[0x9][0xffffff93][0x15]U[0x12]H&%[0xc]VT[0x5]8[0xffffffb3]S[0xffffffc2]xE[0xffffff95][0xffffff92]'[0xffffff9b][0x12]~+[0xffffffaa][0xffffff94]Z[0xffffffb9][0xffffff94]pYQ[0x15][0xffffffc5][0xfffffffb]rJ[0xffffff94][0xffffff9b]XQ[0xffffffd5]n[0xffffffad]@?p<[0xffffffce][0xffffff83][0xffffffa6][0xffffffc4][0xfffffffb][0x9][0xffffffd8][0xffffff94][0xfffffff8]<[0x3][0xffffff91][0x12][0xffffffef]O'R[0xffffffe2][0xfffffffb][0xffffff93][0x1d]RB[0xffffffa1]H[0xffffffa4][0xffffff84][0x6][0xffffff92]H[0x9][0xffffff85]evJD8sS""[0xffffffea][0xffffff93][0x12]R[0xffffff9e]dJ<q)[0xffffff99][0x12]R[0xffffffad]TJ[0x8][0xffffffd3]2)![0xffffffc4]{!%[0xe][0xffffff95][0x12]}@?p<[0xffffffce][0x3][0xffffffa7][0xffffffc4]a[0xffffff90][0x12]G[0xffffffe4]=[0x11][0xfffffff0][0x3]K[0xffffff89][0xffffffc3])%"[0xffffff8a]LJ( [0xffffff99][0xffffff94][0xffffff88]X[0xffffffe6][0xffffffa7][0xffffffc4][0xe]gvJ[0xffffffec][0xffffff88]:[0xffffffa5][0xffffff84][0xffffff90]'[0xffffff9b][0x12][0xffffffd2][0xffffffa5]lJ[0x8][0xffffffb5]r)[0x11]LK[0xffffffa5]D[0x10][0xffffffef][0xffffff85][0xffffff94](*%F[0xffffff87]VT=[0xffffffce][0x3][0xffffffa7]D1H[0xffffff89][0x12]yO[0x4][0xffffffbc]`)Q[0xffffff9c]R"[0xffffffa2][0xffffffc8][0xffffffa4][0xffffff84][0x2][0xffffff92]I[0xffffff89][0xffffff88]e~J[0xffffffec]pf[0xffffffa7][0xffffffc4][0xffffff8e][0xffffffa8]SJ[0x8]y[0xffffffb2])!][0xffffffca][0xffffffa6][0xffffff84]P+[0xffffff97][0x12][0xffffffc1][0xffffffb4]TJ[0x4][0xfffffff1]^H[0x9][0xffffffb1][0xffffffed][0xffffffb2][0xffffffdd][0xffffffce][0xffffffdb][0xffffff8d]J[0x9]z[0xffffffdb][0xffffffe5][0xfffffffb][0x9][0xffffffe8][0xffffff94] [0xffffffb7]][0xffffffbe]?[0xffffff9d]I[0x9][0xffffffa3]m[0xffffff97][\n]"
2024-07-29 11:03:33 DEBUG wire:106 - http-outgoing-1 << "E&%\[0xffffffb6]]*,[0xfffffff3]S[0xffffff82][0xffffffdd]v[0x19][0x11]uJ[0x9][0xffffffb3]m[0xffffff97]O\[0xffffffca][0xffffffa6][0xffffff84][0xffffffd1][0xffffffb6]KaZ*%~~[0xffffffdb]e[0xffffffb9][0xffffff89]m[0xffffff97][0xfffffff7][0xffffff94][0xffffffa0]&8[0x1e][0xffffffe7][0xffffff81]S[0xffffff82][0xffffffdf]v[0xfffffff9]y[0x6]&%[0xffffffa8]m[0xffffff97][0xffffffdf][0xffffff9f][0xffffffec][0xffffff91][0x12][0x1e][0xffffffdb].5[0xffffff90]LJ[0xfffffff0][0xffffffdb].#[0xffffff9c][0xffffffd9])[0xffffffe1][0xffffffbb][0xffffffed]R[0xffffffca][0xffffff93]M[0x9][0xffffffbb]m[0xffffff97]R[0xffffffad]\J[0xffffff98]l[0xffffffbb][0x14][0xffffffe2][0xffffffbd][0xffffff90][0x12]b[0xffffffaf]D[0xffffffbb][0xffffffcd][0xffffff8a][0xfffffffd][0xffffffc0]A[0xffffffef][0xffffff95]x?[0x1][0xffffff9d][0x12][0xffffffe4]^[0xffffff89][0xfffffff7][0xffffffa7]3)a[0xffffffb4]WB[0xffffffa1][0xffffffc8][0xffffffa4][0xffffff84][0xffffffcb]^[0x9][0xffffff85]e~J[0xffffffb0]{%"[0xffffffa2]N)a[0xffffffb6]W[0xffffffe2][0xffffff89]K[0xffffffd9][0xffffff94]0[0xffffffda]+!LK[0xffffffa5][0xffffffc4][0xffffffcf][0xffffffef][0xffffff95](7[0xffffffb1]W[0xffffffe2][0xffffff9e][0x12][0x13][0xfffffffa][0xffffffc8][0xfffffff8][0xffffffe3]<pJ[0xfffffff0]{%>[0xffffffcf][0xffffffc0][0xffffffa4][0x4][0xffffffb5]W[0xffffffe2][0xfffffffb][0xffffff93]=R[0xffffffc2]c[0xffffffaf][0xffffff84][0x6][0xffffff92]I[0x9]~[0xffffffaf]D[0xffffff84]3;%|[0xfffffff7]JH"
2024-07-29 11:03:33 DEBUG wire:92 - http-outgoing-1 << "y[0xffffffb2])a[0xffffffb7]WB[0xffffffaa][0xffffff95]K[0x9][0xffffff93][0xffffffbd][0x12]B[0xffffffbc][0x17]Rb[0xffffffaa][0xffffff94]X[\r][0xffffffbb]+1[0xfffffff1][0xffffff94][0xffffff98][0x6])1#[0xffffffef][0xffffff89][0xffffff80]O,%[0xffffffa6]SJD[0x14][0xffffff99][0xffffff94]P@2)[0x11][0xffffffb1][0xffffffcc]O[0xffffff89][0x1d][0xffffffce][0xffffffec][0xffffff94][0xffffffd8][0x11]uJ[0x9]!O6%[0xffffffa4]K[0xffffffd9][0xffffff94][0x10]j[0xffffffe5]R"[0xffffff98][0xffffff96]J[0xffffff89] [0xffffffde][0xb])!WT[0xffffffad][0xffffffd5][0xffffffa8][0xffffff94][0xffffffa0]WT[0xffffffbd][0xffffff9f][0xffffff80]N[0x9]rE[0xffffffd5][0xfffffffb][0xffffffd3][0xffffff99][0xffffff94]0ZQ[0xffffffa5]PdR[0xffffffc2]eE[0xffffff95][0xffffffc2]2?%[0xffffffd8][0x15]U[0x11]Q[0xffffffa7][0xffffff94]0[Q[0xfffffff5][0xffffffc4][0xffffffa5]lJ[0x18][0xffffffad][0xffffffa8][0x12][0xffffffa6][0xffffffa5]R[0xffffffe2][0xffffffef][0xffffffb0][0xffffffa2][0xffffffea]P+[0xffffffaa][0xffffff8e][0x1b][0xfffffff6][0x3][0xffffffc7][0xffffff81][0xffffffaf][0xffffffa8]:[0xc]VT[0x1d]b[0xffffff8f]J[0x1e][0xffffffe0][0x7][0xffffffb6][0xffffffa2][0xffffffea][0x8][0xffffff9b]R[0xffffffc0][0xffffff94][0x10](")![0xffffff81]DRB`[0xffffff99][0xffffff9e][0x12][0x1][0xffffffce][0xffffffe4][0xffffff94][0x8][0xffffff88][0x1a][0xffffffa5][0xffffff84][0xffffff92]'[0xffffff9a][0x12][0xffffffda][0xffffffa5]hJ([0xffffffb5]b)[0x11]M[0xb][0xffffffa5]D[0x14][0xffffffef][0xffffff85][0xffffff94]P+[0xffffffaa][0xffffff8e][0x3][0xffffffdb]+q[0xffffffe0]+[0xffffffaa][0xe][0xffffff83][0x15]U[0xffffff87][0xffffffd8][0xffffffa3][0xffffff92][0x8]8[0xffffffb6][0xffffffa2][0xffffffea][0x8][0xffffff9b]R[0xffffffc8][0xffffff94]0YQ%[0xffffff81]dR[0xffffffc2]`EU[0xffffff80]3;%[0xffffff8c]WT)y[0xffffffb2])[0xffffffe1][0xffffffb7][0xffffffa2]J[0xffffffa9][0xffffff95]K[0x9][0xffffff97][0x15]UQ[0xffffffbc][0x17]R[0xffffffa2][0xffffffa8][0xffffff94]([0xffffff8b][0xffffffba]+[0xfffffff1]v[0x1e]8%[0xffffff8a]AJ[0xffffff94][0xffffffc8]{"[0xffffffe0][0x5]K[0xffffff89][0xffffffe2][0xffffff94][0x12][0x11]E&%[0x14][0xffffff90]LJD,[0xfffffff3]Sb[0xffffff87]3;%vD[0xffffff9d]RB[0xffffffc8][0xffffff93]M[0x9][0xffffffe9]R6%[0xffffff84]Z[0xffffffb9][0xffffff94][0x8][0xffffffa6][0xffffffa5]R"[0xffffff88][0xfffffff7]BJ[0xffffffa8][0xffffffbd][0x12]G[0xffffffab][0xffffffd4]78[0xe]|[0xffffffaf][0xffffffc4]a[0xffffffb0]W[0xffffffe2][0x10][0xffffffc3][0xffffffcf][0xffffff89][0xffffff80]c{%[0xffffff8e]0[0xffffffde]L[0xffffffa6][0xffffff84][0xffffffc9]^[0x9][0x9]$[0xffffff93][0x12][0x6]{%[0x2][0xffffff9c][0xffffffd9])a[0xffffffbc]WB[0xffffffc9][0xffffff93]M[0x9][0xffffffbf][0xffffffbd][0x12]J[0xffffffad]\J[0xffffffb8][0xffffffec][0xffffff95][0xffffff88][0xffffffe2][0xffffffbd][0xffffff90][0x12]][0xffffffa5]D[0xffffffbf]aw%:[0xffffff9e][0x12][0xffffffdd] %z[0xffffffe4]=[0x11][0xfffffff0][0xffffff8e][0xffffffa5]DwJ[0xffffff89][0xffffff88]"[0xffffff93][0x12][\n]"
2024-07-29 11:03:33 DEBUG wire:92 - http-outgoing-1 << "H&%"[0xffffff96][0xfffffff9])[0xffffffb1][0xffffffc3][0xffffff99][0xffffff9d][0x12];[0xffffffa2]N)![0xffffffe4][0xffffffc9][0xffffffa6][0xffffff84]t)[0xffffff9b][0x12]B[0xffffffad]\J[0x4][0xffffffd3]R)[0x11][0xffffffc4]{!%[0xffffffd4][0xffffff8a][0xffffffaa][0xffffffa3][0xffffff8f]A[0xffffffa5][0x4][0xffffffbe][0xffffffa2][0xffffffea]0XQu[0xffffff88]=*[0xffffff89][0xffffff80]c+[0xffffffaa][0xffffff8e][0xffffffb0])[0xffffff85]L[0x9][0xffffff93][0x15]U[0x12]H&%[0xc]VT[0x5]8[0xffffffb3]S[0xffffffc2]xE[0xffffff95][0xffffff92]'[0xffffff9b][0x12]~+[0xffffffaa][0xffffff94]Z[0xffffffb9][0xffffff94]pYQ[0x15][0xffffffc5]{!%[0xffffffd4][0xffffff8a][0xffffffaa][0xffffffa3][0xffffffaf]B[0xffffffa5][0x4][0xffffffbe][0xffffffa2][0xffffffea]0XQu[0xffffff88]=*[0xffffff89][0xffffff80]c+[0xffffffaa][0xffffff8e][0xffffffb0])[0xffffff85]L[0x9][0xffffff93][0x15]U[0x12]H&%[0xc]VT[0x5]8[0xffffffb3]S[0xffffffc2]xE[0xffffff95][0xffffff92]'[0xffffff9b][0x12]~+[0xffffffaa][0xffffff94]Z[0xffffffb9][0xffffff94]pYQ[0x15][0xffffffc5]{!%[0xffffffd4][0xffffff8a][0xffffffaa]c[0xffffffd4]I[0xffffffa5][0x4][0xffffffbe][0xffffffa2][0xffffffea]0XQu[0xffffff88]=*[0xffffff89][0xffffff80]c+[0xffffffaa][0xffffff8e][0xffffffb0])[0xffffff85]L[0x9][0xffffff93][0x15]U[0x12]H&%[0xc]VT[0x5]8[0xffffffb3]S[0xffffffc2]xE[0xffffff95][0xffffff92]'[0xffffff9b][0x12]~+[0xffffffaa][0xffffff94]Z[0xffffffb9][0xffffff94]pYQ[0x15][0xffffffc5][0xfffffffb]zJ[0x14][0xfffffff5]e[0xffffffd0]cN*%[\n]"
2024-07-29 11:03:33 DEBUG wire:92 - http-outgoing-1 << "[0xfffffffe]e[0xffffffd0]b[0xfffffff0]e[0xffffffd0]">_[0xffffff97][0x7]x[0xffffffc1][0xffffffbe][0xc]Z[0xffffffc2][0x7][0xffffffea][0xffffffc0][0xffffff94][0x10](")![0xffffff81]DRB`[0xffffff99][0xffffff9e][0x12][0x1][0xffffffce][0xffffffe4][0xffffff94][0x8][0xffffff88][0x1a][0xffffffa5][0xffffff84][0xffffff92]'[0xffffff9a][0x12][0xffffffda][0xffffffa5]hJ([0xffffffb5]b)[0x11]M[0xb][0xffffffa5]D[0x14][0xffffffef][0xffffff85][0xffffff94]P[0x13][0x1c][0xfffffff7][0x7f]2u[0xffffffed][0xffffffb2][0xffffffe0][0x13][0x1c][0xffffffc5]`[0xffffff82][0xffffffa3][0xffffff88]k[0xffffffc6][0xffffff89][0xffffff80]c[0x13][0x1c]%\$&S[0xffffffc2]d[0xffffff82]C[0x2][0xffffffc9][0xffffffa4][0xffffff84][0xffffffc1][0x4]G[0xffffff80]3;%[0xffffff8c]'8[0xffffff94]<[0xffffffd9][0xffffff94][0xfffffff0][0xffffff9b][0xffffffe0]Pj[0xffffffe5]R[0xffffffc2]e[0xffffff82]#[0xffffff8a][0xfffffff7]BJ[0xffffffa8][0x9][0xffffff8e][0xffffffb7][0xffffff9f]8[0xffffffa8][0xffffff94][0xffffffc0]'8[0xffffff8a][0xffffffc1][0x4]G[0x11][0xffffffd7][0xffffff8c][0x13][0x1][0xffffffc7]&8J[0xffffffb8]HL[0xffffffa6][0xffffff84][0xffffffc9][0x4][0xffffff87][0x4][0xffffff92]I[0x9][0xffffff83][0x9][0xffffff8e][0x0]gvJ[0x18]Op(y[0xffffffb2])[0xffffffe1]7[0xffffffc1][0xffffffa1][0xffffffd4][0xffffffca][0xffffffa5][0xffffff84][0xffffffcb][0x4]G[0x14][0xffffffef][0xffffff85][0xffffff94]P[0x13][0x1c][0xffffffe5][0x1c][0x7][0xffffff95][0x12][0xfffffff8][0x4]G1[0xffffff98][0xffffffe0]([0xffffffe2][0xffffff9a]q"[0xffffffe0][0xffffffd8][0x4]G[0x9][0x17][0xffffff89][0xffffffc9][0xffffff94]0[0xffffff99][0xffffffe0][0xffffff90]@2)a0[0xffffffc1][0x11][0xffffffe0][0xffffffcc]N[0x9][0xffffffe3][0x9][0xe]%O6%[0xfffffffc]&8[0xffffff94]Z[0xffffffb9][0xffffff94]p[0xffffff99][0xffffffe0][0xffffff88][0xffffffe2][0xffffffbd][0xffffff94][0x12][0xffffffc5],%[\n]"
2024-07-29 11:03:33 DEBUG wire:92 - http-outgoing-1 << "[0xffffff9e][0x12][0xffffffc5] %[\n]"
2024-07-29 11:03:33 DEBUG wire:92 - http-outgoing-1 << "[0xffffff9a][0x12][0x5]K[0xffffff89][0xffffffe2][0xffffff94][0x12];[0xffffff8a]TJD [0xffffffa9][0xffffff94][0xffffffd8][0xffffffb1]$R[0xffffffa2][0xffffffc0])Q[0xffffff8c]S"[0xffffffc8][0xffffff93]N[0x9][0xffffffe1]R:%[0xffffff82]Z[0xffffffc9][0xffffff94](.)Q~:%[0xffffffce]_jL[0xffffff89][0xffffff89]-[0xffffffce]~;[0xf][0xffffff9c][0x12]o'[0xffffffa0]S[0xffffffe2][0xffffffdb][0x19][0xffffff98][0xffffff94]x{:[0xffffff93][0x12][0x1f]O[0xfffffff6]H[0xffffff89][0xffffff88]"[0xffffff93][0x12][\n]"
2024-07-29 11:03:33 DEBUG wire:106 - http-outgoing-1 << "H&%"[0xffffff96][0xfffffff9])[0xffffffb1][0xffffffc3][0xffffff99][0xffffff9d][0x12];[0xffffffa2]N)![0xffffffe4][0xffffffc9][0xffffffa6][0xffffff84]t)[0xffffff9b][0x12]B[0xffffffad]\J[0x4][0xffffffd3]R)[0x11][0xffffffc4]{!%[0xffffffd4]0h-[0x1d]K[0x9]|[0x18][0xffffffb4][0x18][0xc][0xffffff83][0x16]1[0xffffffb1][0xffffff94][0x8]86[0xc]Z[0xffffffc2]L[0x12][0xffffff99][0x12]&[0xffffffc3][0xffffffa0][0x12]H&%[0xc][0xffffff86]A[0x3][0xffffff9c][0xffffffd9])a<[0xc][0xffffffaa][0xffffffe4][0xffffffc9][0xffffffa6][0xffffff84][0xffffffdf]0[0xffffffa8]R+[0xffffff97][0x12].[0xffffffc3][0xffffffa0]Q[0xffffffbc][0x17]Rb[0xffffffa9][0xffffff94]h[0xffffff85]ZQ[0xfffffff5]v[0x1e]8%[0xffffff96][0xffffffc2]?[0xffffff99][0xfffffff7][0x15]yO[0x4]|a)[0xffffffb1][0xffffff9c]R"[0xffffffa2][0xffffffc8][0xffffffa4][0xffffff84][0x2][0xffffff92]I[0xffffff89][0xffffff88]e~J[0xffffffec]pf[0xffffffa7][0xffffffc4][0xffffff8e][0xffffffa8]SJ[0x8]y[0xffffffb2])!][0xffffffca][0xffffffa6][0xffffff84]P+[0xffffff97][0x12][0xffffffc1][0xffffffb4]TJ[0x4][0xfffffff1][0xffffffbe][0xffffff9e][0x12]U}d[0xffffffbc][0xffffff9e][0xffffff9d]J[0xffffff89][0xffffff8a][0x7f]d[0xffffffbc][0x1a]|d[0xffffffbc][0xffffff8a]/[0xffffffe1][0xffffffe6][0x1]^[0xffffffb1][0xffffff8f][0xffffff8c][0xffffffd7][0xfffffff0][0xffffffad][0%[0x4][0xffffff8a]HJH [0xffffff91][0xffffff94][0x10]X[0xffffffa6][0xffffffa7]D[0xffffff80]39%[0x2][0xffffffa2]F)[0xffffffa1][0xffffffe4][0xffffff89][0xffffffa6][0xffffff84]v)[0xffffff9a][0x12]J[0xffffffad]XJD[0xffffffd3]B)[0x11][0xffffffc5]{!%[0xffffffd4][0xffffff8a][0xffffffaa]:k[0xffffffa5]R[0x2]_QU[\r]VTU[0xffffffb1]G%[0x11]plEU[\r][0xffffff9b]R[0xffffffc8][0xffffff94]0YQ%[0xffffff81]dR[0xffffffc2]`EU[0xffffff80]3;%[0xffffff8c]WT)y[0xffffffb2])[0xffffffe1][0xffffffb7][0xffffffa2]J[0xffffffa9][0xffffff95]K[0x9][0xffffff97][0x15]UQ[0xffffffbc][0x17]RB[0xffffffad][0xffffffa8][0xffffffaa][0xfffffff3][0xffffffc4]R[0x2]_QU[\r]VTU"
2024-07-29 11:03:33 DEBUG wire:92 - http-outgoing-1 << "[0xffffffb1]G%[0x11]plEU[\r][0xffffff9b]R[0xffffffc8][0xffffff94]0YQ%[0xffffff81]dR[0xffffffc2]`EU[0xffffff80]3;%[0xffffff8c]WT)y[0xffffffb2])[0xffffffe1][0xffffffb7][0xffffffa2]J[0xffffffa9][0xffffff95]K[0x9][0xffffff97][0x15]UQ[0xffffffbc][0x17]RB[0xffffffad][0xffffffa8]j[0xffffffb7][0xffffffd2][0xffffffa8][0xffffff94][0xffffffc0]WTU[0xffffff83][0x15]UU[0xffffffec]QI[0x4][0x1c][QU[0xffffffc3][0xffffffa6][0x14]2%LVTI [0xffffff99][0xffffff94]0XQ[0x15][0xffffffe0][0xffffffcc]N[0x9][0xffffffe3][0x15]UJ[0xffffff9e]lJ[0xfffffff8][0xffffffad][0xffffffa8]Rj[0xffffffe5]R[0xffffffc2]eEU[0x14][0xffffffef][0xffffffa5][0xffffff94][0xffffff88][0xffffffc3][0xffffffa0]lJ[0xffffffc0][0xffffffc3][0xffffffa0][0xffffff8f][0x13][0xfffffff0])[0x1][0xe][0xffffff83]>[0xffffff9e]N[0xffffffa5][0xffffff84][0xffffffcf]0[0xffffffa8]@[0xffffff91]J[0x9][0xffffff93]aP[0xffffff81]%[0xffffff91][0x12][0xffffffe8]0h@[0xffffffd4]+%[0xffffffbc][0xffffff86]A[0xffffffb5]K[0xffffffe9][0xffffff94][0xfffffff0][0x19][0x6][0xffffff8d][0xffffffa6][0xffffffe5]R[0xffffffe2][0xffffffa7][0xffffff87]A[0xffffffab]ZQ[0xffffffd5][\n]"
2024-07-29 11:03:33 DEBUG wire:92 - http-outgoing-1 << "[0xfffffff7][0x3][0x7][0xffffffbe][0xffffffa2][0xffffffaa][0x1a][0xffffffac][0xffffffa8][0xffffffaa]b[0xffffff8f]J"[0xffffffe0][0xffffffd8][0xffffff8a][0xffffffaa][0x1a]6[0xffffffa5][0xffffff90])a[0xffffffb2][0xffffffa2]J[0x2][0xffffffc9][0xffffffa4][0xffffff84][0xffffffc1][0xffffff8a][0xffffffaa][0x0]gvJ[0x18][0xffffffaf][0xffffffa8]R[0xfffffff2]dS[0xffffffc2]oE[0xffffff95]R+[0xffffff97][0x12].+[0xffffffaa][0xffffffa2]x/[0xffffffa4][0xffffffc4][0xffffffa9]~[0xffffffe0][0xffffffe8][0xffffffd8]G[0xffffffc6][0xffffffdf][0xffffffce][0x3][0xffffffa7][0xffffffc4][0xffffffa9]^[0xffffffca]%[0xfffffff3]~[0xffffffc6][0xffffffb7]p[0xffffff89][0xffffff80][0xffffff9f][0xffffffd8][0xf][0x1c][0xffffffa7][0xffffffd3][0xf][0x1c][0x11]E&%[0x14][0xffffff90]LJD,[0xfffffff3]Sb[0xffffff87]3;%vD[0xffffff9d]RB[0xffffffc8][0xffffff93]M[0x9][0xffffffe9]R6%[0xffffff84]Z[0xffffffb9][0xffffff94][0x8][0xffffffa6][0xffffffa5]R"[0xffffff88][0xfffffff7]BJL[0xfffffff5]Vb[0xffffffae]N[0xffffffa5][0xffffffc4][0xffffffc4][0xffffffdf]JL[0xffffff83][0xffffffb7][0x12]3[0xffffffa6]s"[0xffffffe0][0x13]{+1[0xffffff9d][0xffffffde]JD[0x14][0xffffff99][0xffffff94]P@2)[0x11][0xffffffb1][0xffffffcc]O[0xffffff89][0x1d][0xffffffce][0xffffffec][0xffffff94][0xffffffd8][0x11]uJ[0x9]!O6%[0xffffffa4]K[0xffffffd9][0xffffff94][0x10]j[0xffffffe5]R"[0xffffff98][0xffffff96]J[0xffffff89] [0xffffffde][0xb])[0xffffffa1]VT[0xfffffff5]r[0xffffffa3][0xffffffbe][0xc]Z[0xfffffff1][0x15]U[0xffffffd5]`EU[0x15]{T[0x12][0x1][0xffffffc7]VT[0xffffffd5][0xffffffb0])[0xffffff85]L[0x9][0xffffff93][0x15]U[0x12]H&%[0xc]VT[0x5]8[0xffffffb3]S[0xffffffc2]xE[0xffffff95][0xffffff92]'[0xffffff9b][0x12]~+[0xffffffaa][0xffffff94]Z[0xffffffb9][0xffffff94]pYQ[0x15][0xffffffc5]{)%[0xffffffe2][[0x9]6%[0xffffffe8][0xffffffb7][0x12][0xffffffcb][0xffffffe0][0xffffffad][0xffffffc4][0xffffff8a][0xffffffe9][0xffffff9c][\n]"
2024-07-29 11:03:33 DEBUG wire:106 - http-outgoing-1 << "8[0xfffffff5]Vb9[0xffffffbd][0xffffff95][0xffffff88](R)[0xffffffe1][0xfffffff2]V"bI[0xffffffa4][0x4][0xfffffffb]VbG[0xffffffd4]+%[0xffffffcc][0xffffffde]JH[0xffffff97][0xffffffd2])a[0xfffffff4]V"[0xffffff98][0xffffff96]K[0xffffff89][0xffffff9f]~+[0xffffffd1]n[0xffffffea][0xffffffad]D_[\r]J[0xffffff89][0xffffffb7][0xfffffff3][0xffffffb0])[0xfffffff1]8[0x1][0xffffff9c][0x12][0xffffffdf][0xffffffcf][0xffffff80][0xffffffa4][0xffffffc4][0xffffffe3][0xffffffe9]HJ|{[0xffffffb2]EJ[0x8][0x14][0xffffff91][0xffffff94][0xffffff90]@")![0xffffffb0]LO[0xffffff89][0x0]grJ[0x4]D[0xffffff8d]RB[0xffffffc9][0x13]M[0x9][0xffffffed]R4%[0xffffff94]Z[0xffffffb1][0xffffff94][0xffffff88][0xffffffa6][0xffffff85]R"[0xffffff8a][0xfffffff7]BJ[0xffffffa8][0xffffffc5][0xffffffd9][0xffffff9d][0xffffffdb]v[0xffffffd9][0xfffffff0][0xffffffc5][0xffffffd9][0xffffffcd]`qv[0x13][0xffffffdb]][0x13][0x1][0xffffffc7][0x16]g[0xffffffb7][0xffffffb0][0xffffffbf][0xffffff95]L[0x9][0xffffff93][0xffffffc5][0xffffffd9][0x12]H&%[0xc][0x16]g[0x7]8[0xffffffb3]S[0xffffffc2]xq[0xffffffb6][0xffffff92]'[0xffffff9b][0x12]~[0xffffff8b][0xffffffb3][0xffffff95]Z[0xffffffb9][0xffffff94]pY[0xffffff9c][0x1d][0xffffffc5]{)%[0xffffffe2]^[0x9]6%[0xffffffe0][0xffffffbd][0x12][0xffffff8f][0x13][0xfffffff0])[0x1][0xffffffee][0xffffff95]x<[0xffffff9d]J[0x9][0xffffff9f][0xffffffbd][0x12][0x2]E*%L[0xfffffff6]J[0x8],[0xffffff89][0xffffff94]@[0xfffffff7]J[0x4]D[0xffffffbd]R[0xffffffc2]k[0xffffffaf][0xffffff84]v)[0xffffff9d][0x12]>{%[0xffffffa2]i[0xffffffb9][0xffffff94][0xfffffff8][0xffffffe9][0xffffffbd][0x12][0xfffffff7][0x7f]F3K[0xffffff89][0xffffff86][0xffffffa7]D3H[0xffffff89][0xffffff86][0xffffffa6]D[0xffffffc3]R[0xffffffa2]9[0xffffffa5][0xffffffc4][0xffffff8e]"[0xffffff95][0x12][0x11]H*%v,[0xffffff89][0xffffff94]hpJ4[0xffffffe3][0xffffff94][0x8][0xfffffff2][0xffffffa4]SB[0xffffffb8][0xffffff94]N[0xffffff89][0xffffffa0]V2%[0xffffff9a]KJ[0xffffffb4][0xffffffbf]CJt[0xffffffb3][0xffffff94][0xffffffe8]xJt[0xffffff83][0xffffff94][0xffffffe8]hJt,%[0xffffffba]SJ[0xffffffec](R)[0x11][0xffffff81][0xffffffa4]Rb[0xffffffc7][0xffffff92]H[0xffffff89][0xe][0xffffffa7]D7N[0xffffff89] O:%[0xffffff84]K[0xffffffe9][0xffffff94][0x8]j%S[0xffffffa2][0xffffffbb][0xffffffa4]D[0xffffffff][0xffffffe9][0xffffff94]P[0xffffff9f][0xfffffff3][0x1a][0xffffffa3]P[0x13][0x1c][\r][0xffffffff][0xffffff9c]W3[0xfffffff8][0xffffff9c]W[0x13][0xffffffdf][0xffffff9c]I[0x4][0x1c][0xfffffffb][0xffffff9c]W[0xb]_[0xffffff95]!S[0xffffffc2][0xffffffe4]s^[0x12]H&%[0xc]>[0xffffffe7][0x15][0xffffffe0][0xffffffcc]N[0x9][0xffffffe3][0xffffffcf]y)y[0xffffffb2])[0xffffffe1][0xfffffff7]9/[0xffffffa5]V.%\>[0xffffffe7][0x15][0xffffffc5]{!%[0xffffffd4][0xffffffe7][0xffffffbc][0xffffffc6][0xffffffb9][0xffffffa8]m[0xffffff97][\r][0xffffffff][0xffffff9c]W3[0xfffffff8][0xffffff9c]W[0x13][0xffffffdf][0xffffff9c]I[0x4][0x1c][0xfffffffb][0xffffff9c]W[0xb]_[0xffffff95]!S[0xffffffc2][0xffffffe4]s^[0x12]H&%[0xc]>[0xffffffe7][0x15][0xffffffe0][0xffffffcc]N[0x9][0xffffffe3][0xffffffcf]y)y[0xffffffb2])[0xffffffe1][0xfffffff7]9/[0xffffffa5]V.%\>[0xffffffe7][0x15][0xffffffc5]{!%[0xffffff86]J[0xffffff89]9[0xffffffb0][0xffffffb7][0x12][0x3]O[0xffffff89]a[0xffffff90][0x12]#[0xfffffff2][0xffffff9e][0x8][0xfffffff8][0xffffffc0]Rb8[0xffffffa5]DD[0xffffff91]I[0x9][0x5]$[0xffffff93][0x12][0x11][0xffffffcb][0xfffffffc][0xffffff94][0xffffffd8][0xffffffe1][0xffffffcc]N[0xffffff89][0x1d]Q[0xffffffa7][0xffffff94][0x10][0xfffffff2]dSB[0xffffffba][0xffffff94]M[0x9][0xffffffa1]V.%[0xffffff82]i[0xffffffa9][0xffffff94][0x8][0xffffffe2][0xffffffbd][0xffffff90][0x12]S[0xffffffa5][0xffffffc4][0xffffffaa]XJL<%[0xffffffa6]AJ[0xffffffcc][0xffffffc8]{"[0xffffffe0][0x13]K[0xffffff89][0xffffffe9][0xffffff94][0x12][0x11]E&%[0x14][0xffffff90]LJD,[0xfffffff3]Sb[0xffffff87]3;%vD[0xffffff9d]RB[0xffffffc8][0xffffff93]M[0x9][0xffffffe9]R6%[0xffffff84]Z[0xffffffb9][0xffffff94][0x8][0xffffffa6][0xffffffa5]R"[0xffffff88][0xfffffff7]BJ[0xffffffa8][0xffffffc5][0xffffffd9]c[0xffffffad][0xffffff93]J[0x9]|qv3X[0xffffff9c][0xffffffdd][0xffffffc4]v[0xffffffd7]D[0xffffffc0][0xffffffb1][0xffffffc5][0xffffffd9]-[0xffffffec]o%S[0xffffffc2]dq[0xffffffb6][0x4][0xffffff92]I[0x9][0xffffff83][0xffffffc5][0xffffffd9][0x1][0xffffffce][0xffffffec][0xffffff94]0^[0xffffff9c][0xffffffad][0xffffffe4][0xffffffc9][0xffffffa6][0xffffff84][0xffffffdf][0xffffffe2]l[0xffffffa5]V.%\[0x16]gG[0xfffffff1][0xffffffbe][0xffffff9e][0x12]][0xffffffad][0xffffffa8]:k[0xffffffa3]>[0xffffffe7][0xffffffd5][0xfffffff1][0x15]U[0xffffffdd]`EU[0x17]{T[0xfffffff2][0x0][0xffffffef][0xffffffd8][0xffffff8a][0xffffffaa][0x1e]6[0xffffffa5][0xffffff80])!PDRB[0x2][0xffffff89][0xffffffa4][0xffffff84][0xffffffc0]2=%[0x2][0xffffff9c][0xffffffc9])[0x11][0x10]5J[0x9]%O4%[0xffffffb4]K[0xffffffd1][0xffffff94]Pj[0xffffffc5]R"[0xffffff9a][0x16]J[0xffffff89]([0xffffffde][0xb])Q[0xffffffc4]^[0xffffff89][0xffffffb3][0xffffffb5]B[0xffffffa5]D[0xffffffa1][0xfffffff7]J<N@[0xffffffa7]D[0xffffff89][0xffffffc3][0xffffffcf][0xffffff89][0xffffff80][0x17]j[0xffffffaf][0xffffffc4][0xffffffb7]'{[0xffffffa4]DD[0xffffff91]I[0x9][0x5]$[0xffffff93][0x12][0x11][0xffffffcb][0xfffffffc][0xffffff94][0xffffffd8][0xffffffe1][0xffffffcc]N[0xffffff89][0x1d]Q[0xffffffa7][0xffffff94][0x10][0xfffffff2]dSB[0xffffffba][0xffffff94]M[0x9][0xffffffa1]V.%[0xffffff82]i[0xffffffa9][0xffffff94][0x8][0xffffffe2][0xffffffbd][0xffffff90][0x12]U[0xffffffbd][0xffffff95][0xffffff98][0xffffff8b][0xffffffda]+[0xfffffff1]v[0x1e]8%[0xffffffaa][0xffffffc1][[0xffffff89][0x1a][0xffffffd3]9[0x11][0xfffffff0][0xffffff8a][0xffffffbd][0xffffff95][0xffffffa8]No%"[0xffffff8a]LJ( [0xffffff99][0xffffff94][0xffffff88]X[0xffffffe6][0xffffffa7][0xffffffc4][0xe]gvJ[0xffffffec][0xffffff88]:[0xffffffa5][0xffffff84][0xffffff90]'[0xffffff9b][0x12][0xffffffd2][0xffffffa5]lJ[0x8][0xffffffb5]r)[0x11]LK[0xffffffa5]D"
2024-07-29 11:03:33 DEBUG wire:92 - http-outgoing-1 << "[0x10][0xffffffef][0xffffffa5][0xffffff94][0xffffff88][0xffffff8b][0xffffffb3][0xffffffd9][0xffffff94][0xffffff80][0x17]g?N[0xffffffc0][0xffffffa7][0x4][0xffffffb8]8[0xfffffffb][0xfffffff1]t*%|[0x16]g[0xb][0x14][0xffffffa9][0xffffff94]0Y[0xffffff9c]-[0xffffffb0]$R[0x2]][0xffffff9c][0x1d][0x10][0xfffffff5]J[0x9][0xffffffaf][0xffffffc5][0xffffffd9][0xffffffda][0xffffffa5]tJ[0xfffffff8],[0xffffffce][0xffffff8e][0xffffffa6][0xffffffe5]R[0xffffffe2][0xffffffa7][0x17]gw[0xffffffb5][0xffffffa2]j[0x1e]7[0xffffffea][0xffffffda]e[0xffffffc7]WTu[0xffffff83][0x15]U][0xffffffec]QI[0x4][0x1c][Q[0xffffffd5][0xffffffc3][0xffffffa6][0x14]2%LVTI [0xffffff99][0xffffff94]0XQ[0x15][0xffffffe0][0xffffffcc]N[0x9][0xffffffe3][0x15]UJ[0xffffff9e]lJ[0xfffffff8][0xffffffad][0xffffffa8]Rj[0xffffffe5]R[0xffffffc2]eEU[0x14][0xffffffef][0xffffff85][0xffffff94]P+[0xffffffaa]fo[0xffffffd8][[0x9]|EU7XQ[0xffffffd5][0xffffffc5][0x1e][0xffffff95]D[0xffffffc0][0xffffffb1][0x15]U=lJ!S[0xffffffc2]dE[0xffffff95][0x4][0xffffff92]I[0x9][0xffffff83][0x15]U[0x1][0xffffffce][0xffffffec][0xffffff94]0^Q[0xffffffa5][0xffffffe4][0xffffffc9][0xffffffa6][0xffffff84][0xffffffdf][0xffffff8a]*[0xffffffa5]V.%\VTE[0xfffffff1]^H[0xffffff89][0xfffffff1]K[0xffffff89])q[0xffffffd6][0xffffff83]J[0xffffff89][0xfffffffb]y[0xffffffe0][0xffffff94]x;[0x1][0xffffff9d][0x12][0xffffffdf][0xffffffce][0xffffffc0][0xffffffa4][0xffffffc4][0xffffffdb][0xffffffd3][0xffffff99][0xffffff94][0xfffffff8]x[0xffffffb2]GJD[0x14][0xffffff99][0xffffff94]P@2)[0x11][0xffffffb1][0xffffffcc]O[0xffffff89][0x1d][0xffffffce][0xffffffec][0xffffff94][0xffffffd8][0x11]uJ[0x9]!O6%[0xffffffa4]K[0xffffffd9][0xffffff94][0x10]j[0xffffffe5]R"[0xffffff98][0xffffff96]J[0xffffff89] [0xffffffde][0xb])q[0xffffff8a][0xffffffb7][0x12][0xffffffeb][0xffffffc0][0x16]g[0xffffffbf][0xffffff9d][0x7]N[0xffffff89][0xffffffd3][0xffffffe0][0xffffffad][0xffffffc4][0x19][0xffffffd3]9[0x11][0xfffffff0][0x13]{+q:[0xffffffbd][0xffffff95][0xffffff88](2)[0xffffffa1][0xffffff80]dR"b[0xffffff99][0xffffff9f][0x12];[0xffffff9c][0xffffffd9])[0xffffffb1]#[0xffffffea][0xffffff94][0x12]B[0xffffff9e]lJH[0xffffff97][0xffffffb2])![0xffffffd4][0xffffffca][0xffffffa5]D0-[0xffffff95][0x12]A[0xffffffbc][0x17]RBm[0xffffffbb]\[0xffffff95][0x1b][0x6][0xffffffc5][0xffffffb7]]v[0xffffff83]m[0xffffff97]][0xffffffac]dK[0x4][0x1c][0xffffffdb]v[0xffffffd9][0xffffffc3][0xffffffd2]52%L[0xffffffb6]]J [0xffffff99][0xffffff94]0[0xffffffd8]v[0x19][0xffffffe0][0xffffffcc]N[0x9][0xffffffe3]m[0xffffff97]J[0xffffff9e]lJ[0xfffffff8]m[0xffffffbb]Tj[0xffffffe5]R[0xffffffc2]e[0xffffffdb]e[0x14][0xffffffef][0xffffff85][0xffffff94]P[0xffffffdb].W[0xffffffef][0xffffffd8][0xffffffb5]K|[0xffffffdb]e7[0xffffffd8]v[0xffffffd9][0xffffffc5]J[0xffffffb6]D[0xffffffc0][0xffffffb1]m[0xffffff97]=,]#S[0xffffffc2]d[0xffffffdb][0xffffffa5][0x4][0xffffff92]I[0x9][0xffffff83]m[0xffffff97][0x1][0xffffffce][0xffffffec][0xffffff94]0[0xffffffde]v[0xffffffa9][0xffffffe4][0xffffffc9][0xffffffa6][0xffffff84][0xffffffdf][0xffffffb6]K[0xffffffa5]V.%\[0xffffffb6]]F[0xfffffff1][0xffffffbe][0xffffff9e][0x12][0xffffffe3][0x16]S[0xffffffa2][0xffffffdf]n[0xffffff95][0xffffffda]v[0xfffffff9]v[0x1e]6%[0x1e]'[0xffffff80]S[0xffffffe2][0xfffffffb][0x19][0xffffff90][0xffffff94]x<[0x1d]I[0xffffff89]oO[0xffffffb6]H[0x9][0xffffff81]"[0xffffff92][0x12][0x12]H$%[0x4][0xffffff96][0xffffffe9])[0x11][0xffffffe0]LN[0xffffff89][0xffffff80][0xffffffa8]QJ(y[0xffffffa2])[0xffffffa1]][0xffffff8a][0xffffffa6][0xffffff84]R+[0xffffff96][0x12][0xffffffd1][0xffffffb4]PJD[0xfffffff1]^H[0x9][0xffffffb1]8[0xffffffbb][0xffffffdf][0xfffffffa][0xffffffbc]Q)[0xffffff81]/[0xffffffce][0x1e][0x6][0xffffff8b][0xffffffb3][0xffffff87][0xffffffd8][0xffffffee][0xffffff9a][0x8]8[0xffffffb6]8{[0xffffff84][0xfffffffd][0xffffffad]dJ[0xffffff98],[0xffffffce][0xffffff96]@2)a[0xffffffb0]8;[0xffffffc0][0xffffff99][0xffffff9d][0x12][0xffffffc6][0xffffff8b][0xffffffb3][0xffffff95]<[0xffffffd9][0xffffff94][0xfffffff0][[0xffffff9c][0xffffffad][0xffffffd4][0xffffffca][0xffffffa5][0xffffff84][0xffffffcb][0xffffffe2][0xffffffec]([0xffffffde]K)[0x11]VT[0xffffffc1])[0x1][0xffffffaf][0xffffffa8]z[0xffffff9c][0xffffff80]O[0x9]pE[0xffffffd5][0xffffffe3][0xffffffe9]TJ[0xfffffff8][0xffffffac][0xffffffa8][0x12](R)a[0xffffffb2][0xffffffa2]J`I[0xffffffa4][0x4][0xffffffba][0xffffffa2]* [0xffffffea][0xffffff95][0x12]^+[0xffffffaa][0xffffffb4]K[0xffffffe9][0xffffff94][0xfffffff0]YQ[0x15]M[0xffffffcb][0xffffffa5][0xffffffc4]O[0xffffffaf][0xffffffa8][0xffffffba][0xffffffff]3[0xffffff86]YJ[0xc]<%[0xffffff86]AJ[0xc]4%[0x6][0xffffff96][0x12][0xffffffc3])%v[0x14][0xffffffa9][0xffffff94][0xffffff88]@R)[0xffffffb1]cI[0xffffffa4][0xffffffc4][0xffffff80]Sb[0x18][0xffffffa7]D[0xffffff90]'[0xffffff9d][0x12][0xffffffc2][0xffffffa5]tJ[0x4][0xffffffb5][0xffffff92])1\Rb[0xfffffffc][0x1d]R[0xffffffe2][0xffffff98]f-qL<&[0xffffffee]G[0xffffffe0]k[0xffffffe2][0xffffffe3][0x10]TN[0xffffffdc][0x1f]O[0xfffffff5][0xffffffc4][0xfffffffb][0xffffffa3]][0xffffff82]"[0xfffffff0]H[0x15][0xffffff85][0xffffffa0][0xffffff92]J[0xffffff8a][0xffffffc0]&[0xffffffd1][0x14][0x1b][0xffffffa1][0xfffffff9]Q[0xffffffb1]q[0xffffffea]U[0x15]Q[0xffffffa3]tV([0xffffffab][0xffffffd2]][0x11]%K[0xffffff86][0xffffffc5][0xffffffee]\[0xffffffae],v[0x5]_J[0xffffff8b][0xffffffb2][0xffffffcc][0xffffffd2][0xffffffa2],<-[0xffffffee]G[0xffffffe0][0xffffffd3][0xffffffe2][0xffffffe3][0x10]TZ[0xffffffdc][0x1f]O[0xffffffa5][0xffffffc5][0xfffffffb][0xffffffa3]][0xffffffd2]"[0xfffffff0]H[0xffffffa5][0xffffff85][0xffffffa0][0xffffff92]J[0xffffff8b][0xffffffc0]&[0xffffff91][0x16][0x1b][0xffffffa1][0xfffffff9]i[0xffffffb1]q[0xffffffea][0xffffff95][0x16]Q[0xffffffa3]tZ([0xffffffab][0xffffffd2]i[0x11]%K[0xffffffa6][0xffffffc5][0xffffffee]\.-v[0x5]_J[0xffffff8b][0xffffffea][0xffffff96][0x16][0xffffff95]O[0xffffff8b][0xffffffea][0xffffff90][0x16][0xffffff95]M[0xffffff8b][0xffffffca][0xffffffa5]E[0xffffffb5]J[0xffffff8b][0xffffffc0]#[0xffffff95][0x16][0xffffff82]J*-[0x2][0xffffff9b]DZT:-[0xffffffaa]sZD[0xffffff8d][0xffffffd2]i[0xffffffa1][0xffffffac]J[0xffffffa7]E[0xffffff94],[0xffffff99][0x16][0xffffffbb]s[0xffffffb9][0xffffffb4][0xffffffd8][0x15]|)-[0x1e];'[0xffffff9c][0xffffffd2][0xffffffa2][0xffffff9f]xZ[0xffffffdc][0xffffff8f][0xffffffc0][0xffffffa7][0xffffffc5][0xffffffc7]![0xffffffa8][0xffffffb4][0xffffffb8]?[0xffffff9e]J[0xffffff8b][0xfffffff7]G[0xffffffbb][0xffffffa4]E[0xffffffe0][0xffffff91]J[0xb]A%[0xffffff95][0x16][0xffffff81]M"-6B[0xfffffff3][0xffffffd3]b[0xffffffe3][0xffffffd4]+-[0xffffffa2]F[0xffffffe9][0xffffffb4]PV[0xffffffa5][0xffffffd3]"J[0xffffff96]L[0xffffff8b][0xffffffdd][0xffffffb9]\Z[0xffffffec][\n]"
2024-07-29 11:03:33 DEBUG wire:106 - http-outgoing-1 << "[0xffffffbe][0xffffff94][0x16][0xffffffc3][0xffffffed][0xffffffad][0xffffffc5][0xffffffe0][0xffffffdf]Z[0xc][0xffffff87][0xffffffb7][0x16][0xffffff83]}k1[0xffffffb8][0xffffffb7][0x16][0xffffffc3][0xffffffea][0xffffffad]E[0xffffffe0][0xffffff91]J[0xb]A%[0xffffff95][0x16][0xffffff81]M"-[0x6][0xfffffffd][0xffffffd6]b8[0xffffffbf][0xffffffb5][0xffffff88][0x1a][0xffffffa5][0xffffffd3]BY[0xffffff95]N[0xffffff8b](Y2-v[0xffffffe7]ri[0xffffffb1]+[0xfffffff8]RZ[0xffffffac]f[0xffffff96][0x16][0xffffffab][0xffffffe1]iq?[0x2][0xffffff9f][0x16][0x1f][0xffffff87][0xffffffa0][0xffffffd2][0xffffffe2][0xfffffffe]x*-[0xffffffde][0x1f][0xffffffed][0xffffff92][0x16][0xffffff81]G*-[0x4][0xffffff95]TZ[0x4]6[0xffffff89][0xffffffb4][0xffffffd8][0x8][0xffffffcd]O[0xffffff8b][0xffffff8d]S[0xffffffaf][0xffffffb4][0xffffff88][0x1a][0xffffffa5][0xffffffd3]BY[0xffffff95]N[0xffffff8b](Y2-v[0xffffffe7]ri[0xffffffb1]+[0xfffffff8]RZ[0x1c][0xffffffc7]a[0xffffffd6][0x16][0xfffffff7][0x13][0xffffffe1]q[0xfffffff1]v[0x6][0xffffffbe].[0xffffffbe][0xffffff9d][0xffffff82][0xffffffca][0xffffff8b][0xffffffb7][0xffffffe7]S}[0xfffffff1][0xfffffff1]l[0xffffff97][0xffffffc0][0xffffff88]PR[0xffffff85][0xffffffa1][0xffffffd0][0xffffffa4][0x12]#[0x2]J4[0xffffffc6][0xffffff8e]i~d[0xffffffec][0xffffffb0]zU[0xffffff86][0x10]*[0xffffff9d][0x19][0xffffffd2][0xffffffaf]tg[0x8][0xffffffdd][0xffffff92][0xffffffa1][0x11][0xffffffec][0xffffffcb][0xffffff95]F[0xffffff90][0xfffffff1][0xffffffb5][0xffffffd4](v[0xffffffd3][0xffffffa8][0xffffffc5]`[0x1c][0xffffffb5]X[0xffffffcc][0xffffffa3][0x16]x [0xffffffb5][0xffffff80][0x13][0xffffffa9][0xffffffc5]k$5@[0xffffff89][0xffffffa5][0xffffff86]@[0x13]K[0xffffff8d][0x0]([0xffffff92][0x1a][0x5][0x1f]K-[0xffffffd6]s[0xffffffa9]Q[0xffffffa8]xj([0xffffffbf][0xffffffe2][0xffffffa9][0x11]u[0xffffff8b][0xffffffa6][0xffffffc6]n_05v[0x19][0xffffffbf][0xffffff92][0x1a][0xfffffff5][0xfffffffd][0xffffff9f]R[0xffffffc4]b[0xffffffef][0xffffffe3]X5=4>[0xffffffcf]Ce[0xffffffc6][0xffffff97][0x13]`[0xffffff91][0xffffffb1][0xffffff9d]!91[0xffffffbe]<=90~[0xfffffffd]d8/[0xffffff9e][0xffffffa2][0xffffff98][0x1c][0x17]?[0x0]29-[0xffffff9e]b[0xffffff99][0x18][0x16]O[0xffffffe0]L[0xffffffcb][0xffffff8a]'[0xffffff88]ZD[0xffffffc5]syBI[0xfffffff1]#[0xffffff97]BA[0xfffffff1]\[0xffffffad]@N<3mzL<[0x13][0xffffffef][0xffffffa5][0xffffff94][0xffffffe8]f)[0xffffffd1][0xfffffff1][0xffffff94][0xffffffe8][0x6])[0xffffffd1][0xffffffd1][0xffffff94][0xffffffe8]XJt[0xffffffa7][0xffffff94][0xffffffd8]Q[0xffffffa4]R""
2024-07-29 11:03:33 DEBUG wire:92 - http-outgoing-1 << "[0x2]I[0xffffffa5][0xffffffc4][0xffffff8e]%[0xffffff91][0x12][0x1d]N[0xffffff89]n[0xffffff9c][0x12]A[0xffffff9e]tJ[0x8][0xffffff97][0xffffffd2])[0x11][0xffffffd4]J[0xffffffa6]DwI[0xffffff89][0xfffffffe][0xffffffd3])Q[0xffffffd5][[0xffffff89]:[0xb][0xffffff95][0x12][0x15][0x7f]+Q[\r][0xffffffde]J[0xffffffd4][0xffffff98][0xffffffce][0xffffff89][0xffffff80]W[0xffffffec][0xffffffad]Duz+[0x11]QdRB[0x1][0xffffffc9][0xffffffa4]D[0xffffffc4]2?%v8[0xffffffb3]SbG[0xffffffd4])%[0xffffff84]<[0xffffffd9][0xffffff94][0xffffff90].eSB[0xffffffa8][0xffffff95]K[0xffffff89]`Z*%[0xffffff82]x/[0xffffffa4]D[0x17])QneP)[0xffffffd1][0xfffffff1][0xffffff94][0xffffffe8][0x6])[0xffffffd1]#[0xffffffef][0xffffff89][0xffffff80]w,%[0xffffffba]SJD[0x14][0xffffff99][0xffffff94]P@2)[0x11][0xffffffb1][0xffffffcc]O[0xffffff89][0x1d][0xffffffce][0xffffffec][0xffffff94][0xffffffd8][0x11]uJ[0x9]!O6%[0xffffffa4]K[0xffffffd9][0xffffff94][0x10]j[0xffffffe5]R"[0xffffff98][0xffffff96]J[0xffffff89] [0xffffffde][0xb])1UJ[0xffffffac]qP)1[0xfffffff1][0xffffff94][0xffffff98][0x6])1#[0xffffffef][0xffffff89][0xffffff80]O,%[0xffffffa6]SJD[0x14][0xffffff99][0xffffff94]P@2)[0x11][0xffffffb1][0xffffffcc]O[0xffffff89][0x1d][0xffffffce][0xffffffec][0xffffff94][0xffffffd8][0x11]uJ[0x9]!O6%[0xffffffa4]K[0xffffffd9][0xffffff94][0x10]j[0xffffffe5]R"[0xffffff98][0xffffff96]J[0xffffff89] [0xffffffde][0xb])[0xffffffb1]DJ[0xffffffd4][0xffffffd2][0x17][0xffffff95][0x12][0xb]O[0xffffff89]e[0xffffff90][0x12]+[0xfffffff2][0xffffff9e][0x8][0xfffffff8][0xffffffc2]Rb9[0xffffffa5]DD[0xffffff91]I[0x9][0x5]$[0xffffff93][0x12][0x11][0xffffffcb][0xfffffffc][0xffffff94][0xffffffd8][0xffffffe1][0xffffffcc]N[0xffffff89][0x1d]Q[0xffffffa7][0xffffff94][0x10][0xfffffff2]dSB[0xffffffba][0xffffff94]M[0x9][0xffffffa1]V.%[0xffffff82]i[0xffffffa9][0xffffff94][0x8][0xffffffe2][0xffffffbd][0xffffff94][0x12][0xffffffc5],%[\n]"
2024-07-29 11:03:33 DEBUG wire:92 - http-outgoing-1 << "[0xffffff9e][0x12][0xffffffc5] %[\n]"
2024-07-29 11:03:33 DEBUG wire:92 - http-outgoing-1 << "[0xffffff9a][0x12][0x5]K[0xffffff89][0xffffffe2][0xffffff94][0x12];[0xffffff8a]TJD [0xffffffa9][0xffffff94][0xffffffd8][0xffffffb1]$R[0xffffffa2][0xffffffc0])Q[0xffffff8c]S"[0xffffffc8][0xffffff93]N[0x9][0xffffffe1]R:%[0xffffff82]Z[0xffffffc9][0xffffff94](.)Q~6%[0xffffffce][0xffffff9b]z+1[0xffffffb0]k[0xffffff97]o[0xffffffe7]aS[0xffffffe2]q[0x2]8%[0xffffffbe][0xffffff9f][0x1]I[0xffffff89][0xffffffc7][0xffffffd3][0xffffff91][0xffffff94][0xfffffff8][0xfffffff6]d[0xffffff8b][0xffffff94][0x10](")![0xffffff81]DRB`[0xffffff99][0xffffff9e][0x12][0x1][0xffffffce][0xffffffe4][0xffffff94][0x8][0xffffff88][0x1a][0xffffffa5][0xffffff84][0xffffff92]'[0xffffff9a][0x12][0xffffffda][0xffffffa5]hJ([0xffffffb5]b)[0x11]M[0xb][0xffffffa5]D[0x14][0xffffffef][0xffffff85][0xffffff94]8TJ[0xffffffcc][0xffffffb3]Q)q[0xffffffe0])q[0x18][0xffffffa4][0xffffffc4][0x11]yO[0x4][0xfffffffc][0xffffffc0]R[0xffffffe2]pJ[0xffffff89][0xffffff88]"[0xffffff93][0x12][\n]"
2024-07-29 11:03:33 DEBUG wire:92 - http-outgoing-1 << "H&%"[0xffffff96][0xfffffff9])[0xffffffb1][0xffffffc3][0xffffff99][0xffffff9d][0x12];[0xffffffa2]N)![0xffffffe4][0xffffffc9][0xffffffa6][0xffffff84]t)[0xffffff9b][0x12]B[0xffffffad]\J[0x4][0xffffffd3]R)[0x11][0xffffffc4]{!%[0xffffffd4][0xffffff8a][0xffffffaa]Vo[0xffffffd4][0xf][0x1c]'[0xffffffbe][0xffffffa2][0xffffffea]4XQu[0xffffff8a]=*[0xffffff89][0xffffff80]c+[0xffffffaa][0xffffffce][0xffffffb0])[0xffffff85]L[0x9][0xffffff93][0x15]U[0x12]H&%[0xc]VT[0x5]8[0xffffffb3]S[0xffffffc2]xE[0xffffff95][0xffffff92]'[0xffffff9b][0x12]~+[0xffffffaa][0xffffff94]Z[0xffffffb9][0xffffff94]pYQ[0x15][0xffffffc5]{)%[0xffffffe2]][0x9]6%[0xffffffe0][0xffffffbb][0x12][0xffffff8f][0x13][0xfffffff0])[0x1][0xffffffde][0xffffff95]x<[0xffffff9d]J[0x9][0xffffff9f][0xffffffbb][0x12][0x2]E*%L[0xffffffee]J[0x8],[0xffffff89][0xffffff94]@[0xffffffef]J[0x4]D[0xffffffbd]R[0xffffffc2][0xffffffeb][0xffffffae][0xffffff84]v)[0xffffff9d][0x12]>w%[0xffffffa2]i[0xffffffb9][0xffffff94][0xfffffff8][0xfffffff9][0xffffffbb][0x12]U[0xffffffbd][0xffffff95]hg[0xffffffa7]R[0xffffffa2][0xffffffe2]o%[0xffffffaa][0xffffffc1][[0xffffff89][0x1a][0xffffffd3]9[0x11][0xfffffff0][0xffffff8a][0xffffffbd][0xffffff95][0xffffffa8]No%"[0xffffff8a]LJ( [0xffffff99][0xffffff94][0xffffff88]X[0xffffffe6][0xffffffa7][0xffffffc4][0xe]gvJ[0xffffffec][0xffffff88]:[0xffffffa5][0xffffff84][0xffffff90]'[0xffffff9b][0x12][0xffffffd2][0xffffffa5]lJ[0x8][0xffffffb5]r)[0x11]LK[0xffffffa5]D[0x10][0xffffffef][0xffffff85][0xffffff94]h*%[0xffffffe6]lTJ4<%[0xffffff9a]AJ[0xffffffb4][0xffffffc8]{"[0xffffffe0][\r]K[0xffffff89][0xffffffe6][0xffffff94][0x12][0x11]E&%[0x14][0xffffff90]LJD,[0xfffffff3]Sb[0xffffff87]3;%vD[0xffffff9d]RB[0xffffffc8][0xffffff93]M[0x9][0xffffffe9]R6%[0xffffff84]Z[0xffffffb9][0xffffff94][0x8][0xffffffa6][0xffffffa5]R"[0xffffff88][0xfffffff7]BJ[0xffffffa8]m[0xffffff97][0xfffffffd]V[0xfffffff2][0xffffffbf][0x1b][0xfffffffa]y[0x1e]8%[0xc][0xffffffb6]][0xffffff9e]b%["[0xffffffe0][0xffffffd8][0xffffffb6][0xffffffcb]3,]#S[0xffffffc2]d[0xffffffdb][0xffffffa5][0x4][0xffffff92]I[0x9][0xffffff83]m[0xffffff97][0x1][0xffffffce][0xffffffec][0xffffff94]0[0xffffffde]v[0xffffffa9][0xffffffe4][0xffffffc9][0xffffffa6][0xffffff84][0xffffffdf][0xffffffb6]K[0xffffffa5]V.%\[0xffffffb6]]F[0xfffffff1]^H[0xffffff89][0xffffffa1]R[0xffffffa2][0x1d][0xffffffd4][0xffffffe2][0xffffffec][0xffffffb7][0xfffffff3][0xffffffc0])1[0xc]RbD[0xffffffde][0x13][0x1][0x1f]XJ[0xc][0xffffffa7][0xffffff94][0xffffff88](2)[0xffffffa1][0xffffff80]dR"b[0xffffff99][0xffffff9f][0x12];[0xffffff9c][0xffffffd9])[0xffffffb1]#[0xffffffea][0xffffff94][0x12]B[0xffffff9e]lJH[0xffffff97][0xffffffb2])![0xffffffd4][0xffffffca][0xffffffa5]D0-[0xffffff95][0x12]A[0xffffffbc][0x17]R[0xffffffe2]T)[0xffffffd1][0xffffffb1][0x15]Uo[0xffffffe7][0xffffff81]S[0xffffffe2]4H[0xffffff89]3[0xfffffff2][0xffffff9e][0x8][0xfffffff8][0xffffff89][0xffffffa5][0xffffffc4][0xffffffe9][0xffffff94][0x12][0x11]E&%[0x14][0xffffff90]LJD,[0xfffffff3]Sb[0xffffff87]3;%vD[0xffffff9d]RB[0xffffffc8][0xffffff93]M[0x9][0xffffffe9]R6%[0xffffff84]Z[0xffffffb9][0xffffff94][0x8][0xffffffa6][0xffffffa5]R"[0xffffff88][0xfffffff7]BJ[0xffffffa8]op[0xfffffff4]9[0xffffffa9]op[0xffffff9c][0xfffffff8]78N[0xffffff83]op[0xffffff9c]bQ|"[0xffffffe0][0xffffffd8]78[0xffffffce][0xffffffb0][\n]"
2024-07-29 11:03:33 DEBUG wire:92 - http-outgoing-1 << "[0xffffff9e]L[0x9][0xffffff93]opH [0xffffff99][0xffffff94]0[0xfffffff8][0x6]G[0xffffff80]3;%[0xffffff8c][0xffffffbf][0xffffffc1][0xffffffa1][0xffffffe4][0xffffffc9][0xffffffa6][0xffffff84][0xffffffdf]78[0xffffff94]Z[0xffffffb9][0xffffff94]p[0xfffffff9][0x6]G[0x14][0xffffffef][0xffffff85][0xffffff94]P[0xffffffdf][0xffffffe0][0xffffffe8][0xffffffab]b[0xffffffdb].[0xfffffff1]op[0xffffff9c][0x6][0xffffffdf][0xffffffe0]8[0xffffffc5][0xffffffa2][0xfffffff8]D[0xffffffc0][0xffffffb1]op[0xffffff9c]a[0x15]<[0xffffff99][0x12]&[0xffffffdf][0xffffffe0][0xffffff90]@2)a[0xfffffff0][\r][0xffffff8e][0x0]gvJ[0x18][0x7f][0xffffff83]C[0xffffffc9][0xffffff93]M[0x9][0xffffffbf]op([0xffffffb5]r)[0xffffffe1][0xfffffff2][\r][0xffffff8e]([0xffffffde][0xffffffd7]Sb[0xffffffaa][0xffffffc5][0xffffffd9]}[\r][0xffffffea][0xffffffae][0xffffffc4][0xffffffc4][0x17]gO[0xffffff83][0xffffffc5][0xffffffd9]Slw[0xffffffcd][0x3]|b[0xffffff8b][0xffffffb3]g[0xffffffd8][0xffffffdf][\n]"
2024-07-29 11:03:33 DEBUG wire:106 - http-outgoing-1 << "[0xffffffa6][0xffffff84]@[0x11]I[0x9][0x9]$[0xffffff92][0x12][0x2][0xffffffcb][0xfffffff4][0xffffff94][0x8]p&[0xffffffa7]D@[0xffffffd4](%[0xffffff94]<[0xffffffd1][0xffffff94][0xffffffd0].ESB[0xffffffa9][0x15]K[0xffffff89]hZ(%[0xffffffa2]x/[0xffffffa4][0xffffff84]Z[0xffffff9c][0xffffffdd][0xffffffd7][0xffffffa2][0xfffffff6]JL|q[0xfffffff6]4X[0xffffff9c]=[0xffffffc5]v[0xffffffd7]D[0xffffffc0][0xffffffb1][0xffffffc5][0xffffffd9]3[0xffffffec]o%S[0xffffffc2]dq[0xffffffb6][0x4][0xffffff92]I[0x9][0xffffff83][0xffffffc5][0xffffffd9][0x1][0xffffffce][0xffffffec][0xffffff94]0^[0xffffff9c][0xffffffad][0xffffffe4][0xffffffc9][0xffffffa6][0xffffff84][0xffffffdf][0xffffffe2]l[0xffffffa5]V.%\[0x16]gG[0xfffffff1]^H[0xffffff89]*Rb[0x1c][0xffffffab]R)Q[0xfffffff1][0xffffff94][0xffffffa8][0x6])Q#[0xffffffef][0xffffff89][0xffffff80]W,%[0xffffffaa]SJD[0x14][0xffffff99][0xffffff94]P@2)[0x11][0xffffffb1][0xffffffcc]O[0xffffff89][0x1d][0xffffffce][0xffffffec][0xffffff94][0xffffffd8][0x11]uJ[0x9]!O6%[0xffffffa4]K[0xffffffd9][0xffffff94][0x10]j[0xffffffe5]R"[0xffffff98][0xffffff96]J[0xffffff89] [0xffffffde][0xb])[0xffffffa1]VT[0xffffff8d]>&[0xffffff95][0x12][0xfffffff8][0xffffff8a][0xffffffaa]i[0xffffffb0][0xffffffa2]j[0xffffff8a]=*[0xffffff89][0xffffff80]c+[0xffffffaa]f[0xffffffd8][0xffffff94]B[0xffffffa6][0xffffff84][0xffffffc9][0xffffff8a]*[0x9]$[0xffffff93][0x12][0x6]+[0xffffffaa][0x2][0xffffff9c][0xffffffd9])a[0xffffffbc][0xffffffa2]J[0xffffffc9][0xffffff93]M[0x9][0xffffffbf][0x15]UJ[0xffffffad]\J[0xffffffb8][0xffffffac][0xffffffa8]"
2024-07-29 11:03:33 DEBUG wire:92 - http-outgoing-1 << "[0xffffff8a][0xffffffe2][0xffffffbd][0xffffff90][0x12]jE[0xffffffd5]8[0xb][0xffffff96][0x12][0xfffffff8][0xffffff8a][0xffffffaa]i[0xffffffb0][0xffffffa2]j[0xffffff8a]=*[0xffffff89][0xffffff80]c+[0xffffffaa]f[0xffffffd8][0xffffff94]B[0xffffffa6][0xffffff84][0xffffffc9][0xffffff8a]*[0x9]$[0xffffff93][0x12][0x6]+[0xffffffaa][0x2][0xffffff9c][0xffffffd9])a[0xffffffbc][0xffffffa2]J[0xffffffc9][0xffffff93]M[0x9][0xffffffbf][0x15]UJ[0xffffffad]\J[0xffffffb8][0xffffffac][0xffffffa8][0xffffff8a][0xffffffe2][0xffffffbd][0xffffff90][0x12]jE[0xffffffd5]y4[0xffffffec][0x7][0xe]|E[0xffffffd5]4XQ5[0xffffffc5][0x1e][0xffffff95]D[0xffffffc0][0xffffffb1][0x15]U3lJ!S[0xffffffc2]dE[0xffffff95][0x4][0xffffff92]I[0x9][0xffffff83][0x15]U[0x1][0xffffffce][0xffffffec][0xffffff94]0^Q[0xffffffa5][0xffffffe4][0xffffffc9][0xffffffa6][0xffffff84][0xffffffdf][0xffffff8a]*[0xffffffa5]V.%\VTE[0xfffffff1]^H[0x9][0xffffffb5][0xffffffa2][0xffffffea][0xffffffac][0x7][0xffffff96][0x12][0xfffffff8][0xffffff8a][0xffffffaa]i[0xffffffb0][0xffffffa2]j[0xffffff8a]=*[0xffffff89][0xffffff80]c+[0xffffffaa]f[0xffffffd8][0xffffff94]B[0xffffffa6][0xffffff84][0xffffffc9][0xffffff8a]*[0x9]$[0xffffff93][0x12][0x6]+[0xffffffaa][0x2][0xffffff9c][0xffffffd9])a[0xffffffbc][0xffffffa2]J[0xffffffc9][0xffffff93]M[0x9][0xffffffbf][0x15]UJ[0xffffffad]\J[0xffffffb8][0xffffffac][0xffffffa8][0xffffff8a][0xffffffe2][0xffffffbd][0xffffff90][0x12]jE[0xffffffd5]yb[0xffffff8b][0xffffffb3]'[0xffffffbe][0xffffffa2]j[0x1a][0xffffffac][0xffffffa8][0xffffff9a]b[0xffffff8f]J"[0xffffffe0][0xffffffd8][0xffffff8a][0xffffffaa][0x19]6[0xffffffa5][0xffffff90])a[0xffffffb2][0xffffffa2]J[0x2][0xffffffc9][0xffffffa4][0xffffff84][0xffffffc1][0xffffff8a][0xffffffaa][0x0]gvJ[0x18][0xffffffaf][0xffffffa8]R[0xfffffff2]dS[0xffffffc2]oE[0xffffff95]R+[0xffffff97][0x12].+[0xffffffaa][0xffffffa2]x/[0xffffffa4][0xffffff84]ZQu[0xffffffae][0x1b][0xffffff96][0x12][0xfffffff8][0xffffff8a][0xffffffaa]i[0xffffffb0][0xffffffa2]j[0xffffff8a]=*[0xffffff89][0xffffff80]c+[0xffffffaa]f[0xffffffd8][0xffffff94]B[0xffffffa6][0xffffff84][0xffffffc9][0xffffff8a]*[0x9]$[0xffffff93][0x12][0x6]+[0xffffffaa][0x2][0xffffff9c][0xffffffd9])a[0xffffffbc][0xffffffa2]J[0xffffffc9][0xffffff93]M[0x9][0xffffffbf][0x15]UJ[0xffffffad]\J[0xffffffb8][0xffffffac][0xffffffa8][0xffffff8a][0xffffffe2]}=%[0xffffff96]ZQ5[0xffffffeb][0xffffffd1][0xffffffa0][0xffffff94]X[0xfffffff8][0xffffff8a][0xffffffaa]e[0xffffffb0][0xffffffa2]j[0xffffff89]=*y[0xffffff80]/lE[0xffffffd5][\n]"
2024-07-29 11:03:33 DEBUG wire:92 - http-outgoing-1 << "[0xffffff9b]R[0xffffffc0][0xffffff94][0x10](")![0xffffff81]DRB`[0xffffff99][0xffffff9e][0x12][0x1][0xffffffce][0xffffffe4][0xffffff94][0x8][0xffffff88][0x1a][0xffffffa5][0xffffff84][0xffffff92]'[0xffffff9a][0x12][0xffffffda][0xffffffa5]hJ([0xffffffb5]b)[0x11]M[0xb][0xffffffa5]D[0x14][0xffffffef][0xffffff85][0xffffff94]P+[0xffffffaa]f+[0xffffffd4]][0xffffff89][0xffffff85][0xffffffaf][0xffffffa8]Z[0x6]+[0xffffffaa][0xffffff96][0xffffffd8][0xffffffa3][0xffffff92][0x8]8[0xffffffb6][0xffffffa2]j[0xffffff85]M)dJ[0xffffff98][0xffffffac][0xffffffa8][0xffffff92]@2)a[0xffffffb0][0xffffffa2]*[0xffffffc0][0xffffff99][0xffffff9d][0x12][0xffffffc6]+[0xffffffaa][0xffffff94]<[0xffffffd9][0xffffff94][0xfffffff0][Q[0xffffffa5][0xffffffd4][0xffffffca][0xffffffa5][0xffffff84][0xffffffcb][0xffffff8a][0xffffffaa]([0xffffffde][0xb])QTJ[0xffffffcc]F[0xfffffffd][0xffffffc0][0xfffffff1]v[0x1e]8%[0xffffff8a]AJ[0xffffff94][0xffffffc8]{"[0xffffffe0][0x5]K[0xffffff89][0xffffffe2][0xffffff94][0x12][0x11]E&%[0x14][0xffffff90]LJD,[0xfffffff3]Sb[0xffffff87]3;%vD[0xffffff9d]RB[0xffffffc8][0xffffff93]M[0x9][0xffffffe9]R6%[0xffffff84]Z[0xffffffb9][0xffffff94][0x8][0xffffffa6][0xffffffa5]R"[0xffffff88][0xfffffff7]BJT[0xffffff99][0x12][0x13]K[0xffffff89][0xffffff8a][0xffffffa7]D5H[0xffffff89][0x1a]yO[0x4][0xffffffbc]b)Q[0xffffff9d]R"[0xffffffa2][0xffffffc8][0xffffffa4][0xffffff84][0x2][0xffffff92]I[0xffffff89][0xffffff88]e~J[0xffffffec]pf[0xffffffa7][0xffffffc4][0xffffff8e][0xffffffa8]SJ[0x8]y[0xffffffb2])!][0xffffffca][0xffffffa6][0xffffff84]P+[0xffffff97][0x12][0xffffffc1][0xffffffb4]TJ[0x4][0xfffffff1]^H[0x9][0xffffffb5][0xffffffed]r[0xffffffae]R[0xffffffa8][0xffffff94][0xffffffc0][0xffffffb7]].[0xffffff83]m[0xffffff97]K[0xffffffac]dK[0x4][0x1c][0xffffffdb]v[0xffffffb9][0xffffffc2][0xffffffd2]52%L[0xffffffb6]]J [0xffffff99][0xffffff94]0[0xffffffd8]v[0x19][0xffffffe0][0xffffffcc]N[0x9][0xffffffe3]m[0xffffff97]J[0xffffff9e]lJ[0xfffffff8]m[0xffffffbb]Tj[0xffffffe5]R[0xffffffc2]e[0xffffffdb]e[0x14][0xffffffef][0xffffff85][0xffffff94]P[0xffffffdb].[0xffffffe7][0xffffffea][0x7][0xffffff95][0x12][0xfffffff8][0xffffffb6][0xffffffcb]e[0xffffffb0][0xffffffed]r[0xffffff89][0xffffff95]l[0xffffff89][0xffffff80]c[0xffffffdb].WX[0xffffffba]F[0xffffffa6][0xffffff84][0xffffffc9][0xffffffb6]K[0x9]$[0xffffff93][0x12][0x6][0xffffffdb].[0x3][0xffffff9c][0xffffffd9])a[0xffffffbc][0xffffffed]R[0xffffffc9][0xffffff93]M[0x9][0xffffffbf]m[0xffffff97]J[0xffffffad]\J[0xffffffb8]l[0xffffffbb][0xffffff8c][0xffffffe2][0xffffffbd][0xffffff90][0x12]j[0xffffffdb][0xffffffe5][0xffffffba][0xffffffdd]N*%[0xfffffff0]m[0xffffff97][0xffffffcb]`[0xffffffdb][0xffffffe5][0x12]+[0xffffffd9][0x12][0x1][0xffffffc7][0xffffffb6]][0xffffffae][0xffffffb0]t[0xffffff8d]L[0x9][0xffffff93]m[0xffffff97][0x12]H&%[0xc][0xffffffb6]][0x6]8[0xffffffb3]S[0xffffffc2]x[0xffffffdb][0xffffffa5][0xffffff92]'[0xffffff9b][0x12]~[0xffffffdb].[0xffffff95]Z[0xffffffb9][0xffffff94]p[0xffffffd9]v[0x19][0xffffffc5]{!%[0xffffffd4][0xffffffb6][0xffffffcb]ut[0xffffffea][0x1b][0x1c][0xb][0xffffffdf]v[0xffffffb9][0xc][0xffffffb6]].[0xffffffb1][0xffffff92]-[0x11]pl[0xffffffdb][0xffffffe5][\n]"
2024-07-29 11:03:33 DEBUG wire:106 - http-outgoing-1 << "K[0xffffffd7][0xffffffc8][0xffffff94]0[0xffffffd9]v)[0xffffff81]dR[0xffffffc2]`[0xffffffdb]e[0xffffff80]3;%[0xffffff8c][0xffffffb7]]*y[0xffffffb2])[0xffffffe1][0xffffffb7][0xffffffed]R[0xffffffa9][0xffffff95]K[0x9][0xffffff97]m[0xffffff97]Q[0xffffffbc][0xffffff97]R[0xffffffa2][0xffffff98][0xffffffa5]D[0xffffffc1]S[0xffffffa2][0x18][0xffffffa4]DAS[0xffffffa2]`)Q[0xffffff9c]RbG[0xffffff91]J[0xffffff89][0x8]$[0xffffff95][0x12];[0xffffff96]DJ[0x14]8%[0xffffff8a]qJ[0x4]y[0xffffffd2])!\J[0xffffffa7]DP+[0xffffff99][0x12][0xffffffc5]%%[0xffffffca]O[0xffffffa7][0xffffff84]Z[0xffffff9c][0xffffffbd]F[0xffffffc5][0xfffffff6]J[0xffffffe0][0xffffff8b][0xffffffb3][0xffffff97][0xffffffc1][0xffffffe2][0xffffffec]%[0xffffffb6][0xffffffbb]&[0x2][0xffffff8e]-[0xffffffce]^a[0x7f]+[0xffffff99][0x12]&[0xffffff8b][0xffffffb3]%[0xffffff90]LJ[0x18],[0xffffffce][0xe]pf[0xffffffa7][0xffffff84][0xfffffff1][0xffffffe2]l%O6%[0xfffffffc][0x16]g+[0xffffffb5]r)[0xffffffe1][0xffffffb2]8;[0xffffff8a][0xfffffff7]BJ[0xffffffa8][0xffffffc5][0xffffffd9]k[0x1e][0xffffffd8]][0x9]|q[0xfffffff6]2X[0xffffff9c][0xffffffbd][0xffffffc4]v[0xffffffd7]D[0xffffffc0][0xffffffb1][0xffffffc5][0xffffffd9]+[0xffffffec]o%S[0xffffffc2]dq[0xffffffb6][0x4][0xffffff92]I[0x9][0xffffff83][0xffffffc5][0xffffffd9][0x1][0xffffffce][0xffffffec][0xffffff94]0^[0xffffff9c][0xffffffad][0xffffffe4][0xffffffc9][0xffffffa6][0xffffff84][0xffffffdf][0xffffffe2]l[0xffffffa5]V.%\[0x16]gG[0xfffffff1][0xffffffbe][0xffffff9c][0x12][0xfffffff5]v[0xffffff8b]?p[0xffffff8c][0xffffffdb][0xffffff8d][0xffffffda]v[0xfffffff9]8[0xf][0xffffff9a][0x12][0xffffffef]'`S[0xffffffe2][0xfffffff3][0xc]DJ[0xffffffbc]?[0xffffff9d]H[0xffffff89][0xffffffef]OvH[0x9][0xffffff85]"[0xffffff91][0x12][0x1a]H"%[0x14][0xffffff96][0xffffffd9])[0x11][0xffffffe1][0xffffffcc]M[0xffffff89][0xffffff88][0xffffffa8]OJHy[0xffffff92])[0xfffffff1][0xffffffc4][0xffffffa5]dJH[0xffffffb5]R)!L[0xffffffcb][0xffffffa4][0xffffff84][0x10][0xffffffef][0xffffffa5][0xffffff94][0xffffffa8]f)Q[0xfffffff1][0xffffff94][0xffffffa8][0x6])Q[0xffffffd1][0xffffff94][0xffffffa8]XJT[0xffffffa7][0xffffff94][0xffffffd8]Q[0xffffffa4]R"[0x2]I[0xffffffa5][0xffffffc4][0xffffff8e]%[0xffffff91][0x12][0x15]N[0xffffff89]j[0xffffff9c][0x12]A[0xffffff9e]tJ[0x8][0xffffff97][0xffffffd2])[0x11][0xffffffd4]J[0xffffffa6]DuI[0xffffff89][0xfffffffa][0xffffffd3])![0xffffffbe][0xffffffc1]1n[0xffffff8d][0xfffffffa][0xffffff9c][0xffffffd7][0xffffffe3]<pJ[0xfffffff0][0xffffffdf][0xffffffe0][0xfffffff8]<[0x3][0xffffff93][0x12][0xffffffd4]78[0xffffffbe]?[0xffffffd9]#%<[0xffffffbe][0xffffffc1][0xffffffa1][0xffffff81]dR[0xffffff82][0xffffffff][0x6]G[0xffffff84]3;%|[0xffffffbf][0xffffffc1]![0xffffffe5][0xffffffc9][0xffffffa6][0xffffff84][0xffffffdd]78[0xffffffa4]Z[0xffffffb9][0xffffff94]0[0xfffffff9][0x6][0xffffff87][0x10][0xffffffef][0xffffffa5][0xffffff94][0x10]?p[0xffffffa0])A[0xffffffff][0xffffffc0]q[0x18][0xfffffffc][0xffffffc0]q[0xffffffc4][0xffffffb7]p[0xffffffa9][0xffffff80]S?p[0x1c]N?pD[0x14][0xffffffa9][0xffffff94]p[0xfffffff9][0xffffff81]#bI[0xffffffa4][0x4][0xfffffffb][0x3][0xffffffc7][0xffffff8e][0xffffffa8]WJ[0xffffff98][0xfffffffd][0xffffffc0]!]J[0xffffffa7][0xffffff84][0xffffffd1][0xf][0x1c][0xffffffc1][0xffffffb4]\J[0xfffffffc][0xfffffffc][0xf][0x1c]bE[0xffffffd5]8[0xffffffd6][0xffffff82][0xffffffbe][0xffffffc1][0xfffffff1]8[0xf][0xffffff9c][0x12][0xfffffffc][0xffffff8a][0xffffffaa][0xffffffcf]30)A[0xffffffad][0xffffffa8][0xfffffffa][0xfffffffe]d[0xffffff8f][0xffffff94][0xfffffff0]XQ[0xffffffa5][0xffffff81]dR[0xffffff82]_Q[0x15][0xffffffe1][0xffffffcc]N[0x9][0xffffffdf][0x15]UR[0xffffff9e]lJ[0xffffffd8][0xffffffad][0xffffffa8][0xffffff92]j[0xffffffe5]R[0xffffffc2]"
2024-07-29 11:03:33 DEBUG wire:92 - http-outgoing-1 << "dE[0xffffff95][0x10][0xffffffef][0xffffffa5][0xffffff94][0xffffff88]o%[0xffffffd8][0xffffff94][0xffffffa0][0xffffffdf]J[0xc][0xffffff83][0xffffffb7][0x12]#[0xffffffa6]s*[0xffffffe0][0xffffffd4][[0xffffff89][0xffffffe1][0xfffffff4]V"[0xffffffa2]H[0xffffffa5][0xffffff84][0xffffffcb][[0xffffff89][0xffffff88]%[0xffffff91][0x12][0xffffffec][[0xffffff89][0x1d]Q[0xffffffaf][0xffffff94]0{+!]J[0xffffffa7][0xffffff84][0xffffffd1][[0xffffff89]`Z.%~[0xfffffffe][0xffffffad][0xffffff84][0xffffffd8]v9[0xffffffca]m6*%[0xffffffe8]m[0xffffff97][0xffffffef]'[0xffffffa0]S[0xffffff82][0xffffffdc]v[0xfffffff9][0xfffffffe]t&%[0xffffff8c][0xffffffb6]]*[0x14][0xffffff99][0xffffff94]p[0xffffffd9]v[0xffffffa9][0xffffffb0][0xffffffcc]O[0x9]v[0xffffffdb]eD[0xffffffd4])%[0xffffffcc][0xffffffb6]]]]><![CDATA[>q)[0xffffff9b][0x12]F[0xffffffdb].[0xffffff85]i[0xffffffa9][0xffffff94][0xfffffff8][0xfffffff9]m[0xffffff97][0xfffffff5]&VT[0xffffff8d]r[0xffffffff][0xffffffbf]TJ[0xffffffd0]+[0xffffffaa][0xffffffde]O@[0xffffffa7][0x4][0xffffffb9][0xffffffa2][0xffffffea][0xfffffffd][0xffffffe9]LJ[0x18][0xffffffad][0xffffffa8]R(2)[0xffffffe1][0xffffffb2][0xffffffa2]Ja[0xffffff99][0xffffff9f][0x12][0xffffffec][0xffffff8a][0xffffffaa][0xffffff88][0xffffffa8]SJ[0xffffff98][0xffffffad][0xffffffa8]z[0xffffffe2]R6%[0xffffff8c]VT[0x9][0xffffffd3]R)[0xfffffff1][0xfffffff3]+[0xffffffaa][0xffffffea]M[0xffffffac][0xffffffa8][0xffffffba][0xffffffa7][0xffffffc4][0xffffff80][0xffffffbe][0xc][0xfffffffa]8[0xf][0xffffff9c][0x12][0xfffffffc][0xffffff8a][0xffffffaa][0xffffffcf]30)A[0xffffffad][0xffffffa8][0xfffffffa][0xfffffffe]d[0xffffff8f][0xffffff94][0xfffffff0]XQ[0xffffffa5][0xffffff81]dR[0xffffff82]_Q[0x15][0xffffffe1][0xffffffcc]N[0x9][0xffffffdf][0x15]UR[0xffffff9e]lJ[0xffffffd8][0xffffffad][0xffffffa8][0xffffff92]j[0xffffffe5]R[0xffffffc2]dE[0xffffff95][0x10][0xffffffef][0xffffffeb])q[0xffffffdc]dJ[0xffffffac][0x5][0xffffffa5][0xffffffc4][0xffffffdb]y[0xffffffd8][0xffffff94]x[0xffffff9c][0x0]N[0xffffff89][0xffffffef]g@R[0xffffffe2][0xfffffff1]t$%[0xffffffbe]=[0xffffffd9]"%[0x4][0xffffff8a]HJH [0xffffff91][0xffffff94][0x10]X[0xffffffa6][0xffffffa7]D[0xffffff80]39%[0x2][0xffffffa2]F)[0xffffffa1][0xffffffe4][0xffffff89][0xffffffa6][0xffffff84]v)[0xffffff9a][0x12]J[0xffffffad]XJD[0xffffffd3]B)[0x11][0xffffffc5]{!%[0xffffffd4]^[0xffffff89]RO[0xffffffea][0xffffffad][0xffffffc4][0xffffff81][0xffffffef][0xffffff95]8[0xc][0xfffffff6]J[0x1c]b[0xfffffff8]9[0x11]pl[0xffffffaf][0xffffffc4][0x11][0xffffffc6][0xffffff9b][0xffffffc9][0xffffff94]0[0xffffffd9]+![0xffffff81]dR[0xffffffc2]`[0xffffffaf]D[0xffffff80]3;%[0xffffff8c][0xfffffff7]J(y[0xffffffb2])[0xffffffe1][0xffffffb7]WB[0xffffffa9][0xffffff95]K[0x9][0xffffff97][0xffffffbd][0x12]Q[0xffffffbc][0x17]R[0xffffffa2][0xffffffa8][0xffffff94][0xffffffe8]7[0xffffffea][0xffffffae][0xffffffc4][0xffffffdb]y[0xffffffe0][0xffffff94]([0x6])Q"[0xffffffef][0xffffff89][0xffffff80][0x17],%[0xffffff8a]SJD[0x14][0xffffff99][0xffffff94]P@2)[0x11][0xffffffb1][0xffffffcc]O[0xffffff89][0x1d][0xffffffce][0xffffffec][0xffffff94][0xffffffd8][0x11]uJ[0x9]!O6%[0xffffffa4]K[0xffffffd9][0xffffff94][0x10]j[0xffffffe5]R"[0xffffff98][0xffffff96]J[0xffffff89] [0xffffffde]K)[0x11][0xffffff87]A[0xffffffd9][0xffffff94][0xffffff80][0xffffff87]A[0x1f]'[0xffffffe0]S[0x2][0x1c][0x6]}<[0xffffff9d]J[0x9][0xffffff9f]aP[0xffffff81]"[0xffffff95][0x12]&[0xffffffc3][0xffffffa0][0x2]K"%[0xffffffd0]a[0xffffffd0][0xffffff80][0xffffffa8]WJx[\r][0xffffff83]j[0xffffff97][0xffffffd2])[0xffffffe1]3[0xc][0x1a]M[0xffffffcb][0xffffffa5][0xffffffc4]O[0xf][0xffffff83][0xffffffde][0xffffffff][0x19][0xffffffcd],%[0x1a][0xffffff9e][0x12][0xffffffcd] %[0x1a][0xffffff9a][0x12][\r]K[0xffffff89][0xffffffe6][0xffffff94][0x12];[0xffffff8a]TJD [0xffffffa9][0xffffff94][0xffffffd8][0xffffffb1]$R[0xffffffa2][0xffffffc1])[0xffffffd1][0xffffff8c]S"[0xffffffc8][0xffffff93]N[0x9][0xffffffe1]R:%[0xffffff82]Z[0xffffffc9][0xffffff94]h.)[0xffffffd1][0xfffffffe][0xe])q[0xffffffb8][0xfffffffd][0xffffffc2]q[0xfffffff0]?q[0xffffffdc][0xffffff8f][0xffffffc0][0xffffffd7][0xffffffc4][0xffffffc7]![0xffffffa8][0xffffff9c]8[0xffffffb8]_9[0xe][0xffffffab][0xffffff9f]9[0x2][0xffffff8f]TQ[0x8]*[0xffffffa9][0xffffffa4][0x8]l[0x12]Mq[0xffffffd0]?u[0x1c][0xffffffce][0xffffffbf]uD[0xffffff8d][0xffffffd2]Y[0xffffffa1][0xffffffac]JwE[0xffffff94],[0x19][0x16][0xffffffbb]s[0xffffffb9][0xffffffb2][0xffffffd8][0x15]|)-[0xffffff8a][0xffffffdd]/[0x1e][0x6]?yX[0xfffffffc][0xffffffe6][0x1][0xffffffff][0xffffffe8][0x1][0xfffffffe][0xffffffea][0xffffffe1][0xfffffff5][0xffffffb3][0xffffff87][0xffffffcd][0xffffffef][0x1e]F?|X[0xfffffffc][0xfffffff2][0xffffff81][0xffffffff][0xfffffff4]a[0xfffffffd][0xffffffdb][0xffffff87][0xffffffdf][0xffffff8f][0x1f][0xffffff8e][0xffffffbf]~x[0xfffffffd][0xfffffffc][0xffffffe1][0xfffffff3][0xfffffffb][0xffffffc7][0xffffffdf][0xffffffe3][0x7][0xffffff90]2[0xffffffdd][0xffffffd2]b[0xfffffff2]i1[0x1d][0xffffffd2]b[0xffffffb2]i1[0xffffffb9][0xffffffb4][0xffffff98]Vi[0xffffffb1][0xfffffff3][0xffffff88][0xffffffa5]E[0xffffffa4][0x12]K[0xffffff8b][0xffffff9d]M$-&[0xffffff9d][0x16][0xffffffd3]9-[0xffffff82]F[0xfffffff1][0xffffffb4][0x10]V[0xffffffc5][0xffffffd3]"H[0x16]M[0xffffff8b]i[0xffffff93][0x16][0xfffffff3][0xffffffef][0xffffff90][0x16]m[0xffffff98][0xffffffa5]E[0x1b]xZ[0xffffffdc][0xffffff8f][0xffffffc0][0xffffffa7][0xffffffc5][0xffffffc7]![0xffffffa8][0xffffffb4][0xffffffb8]?[0xffffff9e]J[0xffffff8b][0xfffffff7]G[0xffffffbb][0xffffffa4]E[0xffffffe0][0xffffff91]J[0xb]A%[0xffffff95][0x16][0xffffff81]M"-6B[0xfffffff3][0xffffffd3]b[0xffffffe3][0xffffffd4]+-[0xffffffa2]F[0xffffffe9][0xffffffb4]PV[0xffffffa5][0xffffffd3]"J[0xffffff96]L[0xffffff8b][0xffffffdd][0xffffffb9]\Z[0xffffffec][\n]"
2024-07-29 11:03:33 DEBUG wire:92 - http-outgoing-1 << "[0xffffffbe][0xffffff94][0x16][0xffffffdd][0xffffffed][0xffffffad]E[0xffffffe7][0xffffffdf]Zt[0xffffff87][0xffffffb7][0x16][0xffffff9d]}k[0xffffffd1][0xffffffb9][0xffffffb7][0x16][0xffffffdd][0xffffffea][0xffffffad]E[0xffffffe0][0xffffff91]J[0xb]A%[0xffffff95][0x16][0xffffff81]M"-:[0xfffffffd][0xffffffd6][0xffffffa2];[0xffffffbf][0xffffffb5][0xffffff88][0x1a][0xffffffa5][0xffffffd3]BY[0xffffff95]N[0xffffff8b](Y2-v[0xffffffe7]ri[0xffffffb1]+[0xfffffff8]RZL[0xffffffb7][0xffffffb7][0x16][0xffffff93][0x7f]k1[0x1d][0xffffffde]ZL[0xfffffff6][0xffffffad][0xffffffc5][0xffffffe4][0xffffffde]ZL[0xffffffab][0xffffffb7][0x16][0xffffff81]G*-[0x4][0xffffff95]TZ[0x4]6[0xffffff89][0xffffffb4][0xffffff98][0xfffffff4][[0xffffff8b][0xffffffe9][0xfffffffc][0xffffffd6]"j[0xffffff94]N[0xb]eU:-[0xffffffa2]d[0xffffffc9][0xffffffb4][0xffffffd8][0xffffff9d][0xffffffcb][0xffffffa5][0xffffffc5][0xffffffae][0xffffffe0]Kiq[0xffffffdc][0xffffffba]Y[[0xffffffdc]O[0xffffff84][0xffffffc7][0xffffffc5][0xffffffdb][0x19][0xfffffff8][0xffffffba][0xfffffff8]v[\n]"
2024-07-29 11:03:33 DEBUG wire:92 - http-outgoing-1 << "*/[0xffffffde][0xffffff9e]O[0xfffffff5][0xffffffc5][0xffffffc7][0xffffffb3]][0x2]#BI[0x15][0xffffff86]B[0xffffff93]J[0xffffff8c][0x8]([0xffffffd1][0x18];[0xffffffa6][0xfffffff9][0xffffff91][0xffffffb1][0xffffffc3][0xffffffea]U[0x19]B[0xffffffa8]tfH[0xffffffbf][0xffffffd2][0xffffff9d]!tK[0xffffff86]F[0xffffffb0]/W[0x1a]A[0xffffffc6][0xffffffd7]R[0xffffffc3]nd[0xffffffe4]0[0xffffff98][0x19]9,[0xffffff86]F[0xffffff8e]x[0xffffffa1]9[0x17]vpl[0xffffffe4][0xfffffff0][0xffffff9a][0x1b][0xffffff89]Pb[0xffffffa9]a49[0x12][0x1]ER[0x3][0xffffff9f][0x1d][0xffffffd9]a5K[\r][0xffffffbf][0xffffffe9][0x11][0xffffffe9]W<5[0xffffffbc][0xffffffe6]G[0xffffff82]}[0xffffffc1][0xffffffd4][0xfffffff8][0xffffff99][0x9][0xffffff92][0xfffffff6][0xfffffff8][0xffffffa7][0xffffff94].[0x16]{[0xfffffff7][0xffffffbe][0xffffffce][0xfffffff4][0xffffffd0][0xfffffff8]<[0xf][0xffffff95][0x19]_N[0xffffff80]E[0xffffffc6]v[0xffffff86][0xffffffe4][0xffffffc4][0xfffffff8][0xfffffff2][0xfffffff4][0xffffffe4][0xffffffc0][0xfffffff8][0xfffffff5][0xffffff93][0xffffffe1][0xffffffbc]x[0xffffff8a]br\[0xfffffffc][0x0][0xffffffc8][0xffffffe4][0xffffffb4]x[0xffffff8a]ebX<[0xffffff81]3-+[0xffffff9e] j[0x11][0x15][0xffffffcf][0xffffffe5][0x9]%[0xffffffc5][0xffffff8f]\[\n]"
2024-07-29 11:03:33 DEBUG wire:106 - http-outgoing-1 << "[0x5][0xffffffc5]s[0xffffffb5][0x2]9[0xfffffff1][0xffffffcc][0xffffffb4][0xffffffe9]1[0xfffffff1]L[0xffffffbc][0x17]Rb[0xffffffa8][0xffffff94][0x18]'[0xffffff96][0x12][0x3]O[0xffffff89]a[0xffffff90][0x12]#[0xfffffff2][0xffffff9e][0x8][0xfffffff8][0xffffffc0]Rb8[0xffffffa5]DD[0xffffff91]I[0x9][0x5]$[0xffffff93][0x12][0x11][0xffffffcb][0xfffffffc][0xffffff94][0xffffffd8][0xffffffe1][0xffffffcc]N[0xffffff89][0x1d]Q[0xffffffa7][0xffffff94][0x10][0xfffffff2]dSB[0xffffffba][0xffffff94]M[0x9][0xffffffa1]V.%[0xffffff82]i[0xffffffa9][0xffffff94][0x8][0xffffffe2][0xffffffbd][0xffffff90][0x12]S[0xffffffa4][0xffffffc4][0xffffffa8][0xffffffab]R)1[0xfffffff1][0xffffff94][0xffffff98][0x6])1#[0xffffffef][0xffffff89][0xffffff80]O,%[0xffffffa6]SJD[0x14][0xffffff99][0xffffff94]P@2)[0x11][0xffffffb1][0xffffffcc]O[0xffffff89][0x1d][0xffffffce][0xffffffec][0xffffff94][0xffffffd8][0x11]uJ[0x9]!O6%[0xffffffa4]K[0xffffffd9][0xffffff94][0x10]j[0xffffffe5]R"[0xffffff98][0xffffff96]J[0xffffff89] [0xffffffde][0xb])[0xffffffb1]TJ[0xffffff9c]}Q)[0xffffffb1][0xfffffff0][0xffffff94]X[0x6])[0xffffffb1]"[0xffffffef][0xffffff89][0xffffff80]/,%[0xffffff96]SJD[0x14][0xffffff99][0xffffff94]P@2)[0x11][0xffffffb1][0xffffffcc]O[0xffffff89][0x1d][0xffffffce][0xffffffec][0xffffff94][0xffffffd8][0x11]uJ[0x9]!O6%[0xffffffa4]K[0xffffffd9][0xffffff94][0x10]j[0xffffffe5]R"[0xffffff98][0xffffff96]J[0xffffff89] "
2024-07-29 11:03:33 DEBUG wire:92 - http-outgoing-1 << "[0xffffffde][0xffffffd7]S[0xffffffa2][0xffffffde]TJ[0xffffffac]1[0xffffffa1][0xffffff94]x;[0xf][0xffffff9b][0x12][0xffffff8f][0x13][0xffffffc0])[0xfffffff1][0xfffffffd][0xc]HJ<[0xffffff9e][0xffffff8e][0xffffffa4][0xffffffc4][0xffffffb7]'[[0xffffffa4][0xffffff84]@[0x11]I[0x9][0x9]$[0xffffff92][0x12][0x2][0xffffffcb][0xfffffff4][0xffffff94][0x8]p&[0xffffffa7]D@[0xffffffd4](%[0xffffff94]<[0xffffffd1][0xffffff94][0xffffffd0].ESB[0xffffffa9][0x15]K[0xffffff89]hZ(%[0xffffffa2]x/[0xffffffa4][0xffffffc4]!R[0xffffffe2]<&[0xfffffff5]V[0xffffffe2][0xffffffed]<pJ[0x1c][0x6])qD[0xffffffde][0x13][0x1]?[0xffffffb0][0xffffff94]8[0xffffff9c]R"[0xffffffa2][0xffffffc8][0xffffffa4][0xffffff84][0x2][0xffffff92]I[0xffffff89][0xffffff88]e~J[0xffffffec]pf[0xffffffa7][0xffffffc4][0xffffff8e][0xffffffa8]SJ[0x8]y[0xffffffb2])!][0xffffffca][0xffffffa6][0xffffff84]P+[0xffffff97][0x12][0xffffffc1][0xffffffb4]TJ[0x4][0xfffffff1]^H[0xffffff89][0xffffffa2]R[0xffffffa2][0xffffffce]N[0xffffffa5]D[0xffffffc1]S[0xffffffa2][0x18][0xffffffa4]D[0xffffff89][0xffffffbc]'[0x2]^[0xffffffb0][0xffffff94](N)[0x11]QdRB[0x1][0xffffffc9][0xffffffa4]D[0xffffffc4]2?%v8[0xffffffb3]SbG[0xffffffd4])%[0xffffff84]<[0xffffffd9][0xffffff94][0xffffff90].eSB[0xffffffa8][0xffffff95]K[0xffffff89]`Z*%[0xffffff82]x/[0xffffffa4]DU)[0xffffffd1][0xffffffb8][0xffffff94][0xffffffa8]xJT[0xffffff83][0xffffff94][0xffffffa8][0xffffff91][0xfffffff7]D[0xffffffc0]+[0xffffff96][0x12][0xffffffd5])%"[0xffffff8a]LJ( [0xffffff99][0xffffff94][0xffffff88]X[0xffffffe6][0xffffffa7][0xffffffc4][0xe]gvJ[0xffffffec][0xffffff88]:[0xffffffa5][0xffffff84][0xffffff90]'[0xffffff9b][0x12][0xffffffd2][0xffffffa5]lJ[0x8][0xffffffb5]r)[0x11]LK[0xffffffa5]D[0x10][0xffffffef][0xffffff85][0xffffff94]h*%z[0xffffffb9]Q)[0xffffffd1][0xfffffff0][0xffffff94]h[0x6])[0xffffffd1]"[0xffffffef][0xffffff89][0xffffff80]7,%[0xffffff9a]SJD[0x14][0xffffff99][0xffffff94]P@2)[0x11][0xffffffb1][0xffffffcc]O[0xffffff89][0x1d][0xffffffce][0xffffffec][0xffffff94][0xffffffd8][0x11]uJ[0x9]!O6%[0xffffffa4]K[0xffffffd9][0xffffff94][0x10]j[0xffffffe5]R"[0xffffff98][0xffffff96]J[0xffffff89] [0xffffffde][0xb])[0xffffffa1]VT[0xffffff9d]}[0x14]*%[0xfffffff0][0x15]U[0xffffffd5]`EU[0x15]{T[0x12][0x1][0xffffffc7]VT[0xffffffd5][0xffffffb0])[0xffffff85]L[0x9][0xffffff93][0x15]U[0x12]H&%[0xc]VT[0x5]8[0xffffffb3]S[0xffffffc2]xE[0xffffff95][0xffffff92]'[0xffffff9b][0x12]~+[0xffffffaa][0xffffff94]Z[0xffffffb9][0xffffff94]pYQ[0x15][0xffffffc5]{!%[0xffffffd4][0xffffff8a][0xffffffaa][0xffffffb3]/[0xffffffec][0xffffffda]%[0xffffffbe][0xffffffa2][0xffffffaa][0x1a][0xffffffac][0xffffffa8][0xffffffaa]b[0xffffff8f]J"[0xffffffe0][0xffffffd8][0xffffff8a][0xffffffaa][0x1a]6[0xffffffa5][0xffffff90])a[0xffffffb2][0xffffffa2]J[0x2][0xffffffc9][0xffffffa4][0xffffff84][0xffffffc1][0xffffff8a][0xffffffaa][0x0]gvJ[0x18][0xffffffaf][0xffffffa8]R[0xfffffff2]dS[0xffffffc2]oE[0xffffff95]R+[0xffffff97][0x12].+[0xffffffaa][0xffffffa2]x/[0xffffffa4][0xffffffc4][0xffffffa9]Rb4[0xffffffec][0xffffffad][0xffffffc4][0xffffff89][0xffffffa7][0xffffffc4]i[0xffffff90][0x12]g[0xffffffe4]=[0x11][0xfffffff0][0x13]K[0xffffff89][0xffffffd3])%"[0xffffff8a]LJ( [0xffffff99][0xffffff94][0xffffff88]X[0xffffffe6][0xffffffa7][0xffffffc4][0xe]gvJ[0xffffffec][0xffffff88]:[0xffffffa5][0xffffff84][0xffffff90]'[0xffffff9b][0x12][0xffffffd2][0xffffffa5]lJ[0x8][0xffffffb5]r)[0x11]LK[0xffffffa5]D[0x10][0xffffffef][0xffffff85][0xffffff94]P[0xffffffdb].[0xffffffcf]sa{%[0xfffffff0]m[0xffffff97][0xffffffd5]`[0xffffffdb]e[0x15]+[0xffffffd9][0x12][0x1][0xffffffc7][0xffffffb6]][0xffffffd6][0xffffffb0]t[0xffffff8d]L[0x9][0xffffff93]m[0xffffff97][0x12]H&%[0xc][0xffffffb6]][0x6]8[0xffffffb3]S[0xffffffc2]x[0xffffffdb][0xffffffa5][0xffffff92]'[0xffffff9b][0x12]~[0xffffffdb].[0xffffff95]Z[0xffffffb9][0xffffff94]p[0xffffffd9]v[0x19][0xffffffc5]{!%[0xffffffd4][0xffffffb6][0xffffffcb]yT[0xffffffec][0xffffffad][0x4][0xffffffbe][0xffffffed][0xffffffb2][0x1a]l[0xffffffbb][0xffffffac]b%["[0xffffffe0][0xffffffd8][0xffffffb6][0xffffffcb][0x1a][0xffffff96][0xffffffae][0xffffff91])a[0xffffffb2][0xffffffed]R[0x2][0xffffffc9][0xffffffa4][0xffffff84][0xffffffc1][0xffffffb6][0xffffffcb][0x0]gvJ[0x18]o[0xffffffbb]T[0xfffffff2]dS[0xffffffc2]o[0xffffffdb][0xffffffa5]R+[0xffffff97][0x12].[0xffffffdb].[0xffffffa3]x_O[0xffffff89][0xffffffa6]VT[0xffffffcd]q[0xffffffa3]R[0xffffffa2][0xffffffe1]+[0xffffffaa][0xffffff9a][0xffffffc1][0xffffff8a][0xffffffaa]&[0xfffffff6][0xffffffa8][0xffffffe4][0x1][0xffffffde][0xffffffb0][0x15]U-lJ[0x1]SB[0xffffffa0][0xffffff88][0xffffffa4][0xffffff84][0x4][0x12]I[0x9][0xffffff81]ezJ[0x4]8[0xffffff93]S" j[0xffffff94][0x12]J[0xffffff9e]hJh[0xffffff97][0xffffffa2])[0xffffffa1][0xffffffd4][0xffffff8a][0xffffffa5]D4-[0xffffff94][0x12]Q[0xffffffbc][0x17]R[0xffffffa2][0xfffffffc]RbJ[0xffffffac]~P)q?[0xf][0xffffff9c][0x12]o'[0xffffffa0]S[0xffffffe2][0xffffffdb][0x19][0xffffff98][0xffffff94]x{:[0xffffff93][0x12][0x1f]O[0xfffffff6]H[0xffffff89][0xffffff88]"[0xffffff93][0x12][\n]"
2024-07-29 11:03:33 DEBUG wire:106 - http-outgoing-1 << "H&%"[0xffffff96][0xfffffff9])[0xffffffb1][0xffffffc3][0xffffff99][0xffffff9d][0x12];[0xffffffa2]N)![0xffffffe4][0xffffffc9][0xffffffa6][0xffffff84]t)[0xffffff9b][0x12]B[0xffffffad]\J[0x4][0xffffffd3]R)[0x11][0xffffffc4]{)%[0xffffffaa]YJT<%[0xffffffaa]AJT4%*[0xffffff96][0x12][0xffffffd5])%v[0x14][0xffffffa9][0xffffff94][0xffffff88]@R)[0xffffffb1]cI[0xffffffa4]D[0xffffff85]S[0xffffffa2][0x1a][0xffffffa7]D[0xffffff90]'[0xffffff9d][0x12][0xffffffc2][0xffffffa5]tJ[0x4][0xffffffb5][0xffffff92])Q]R[0xffffffa2][0xfffffffe]tJ[0xffffffa8]m[0xffffff97][0xffffffab][0xe]j[0xffffffdb]e[0xffffffc3][0xffffffb7]]6[0xffffff83]m[0xffffff97]M[0xffffffac]dK[0x4][0x1c][0xffffffdb]v[0xffffffd9][0xffffffc2][0xffffffd2]52%L[0xffffffb6]]J [0xffffff99][0xffffff94]0[0xffffffd8]v[0x19][0xffffffe0][0xffffffcc]N[0x9][0xffffffe3]m[0xffffff97]J[0xffffff9e]lJ[0xfffffff8]m[0xffffffbb]Tj[0xffffffe5]R[0xffffffc2]e[0xffffffdb]e[0x14][0xffffffef][0xffffff85][0xffffff94]h*%[0xffffffda]yR)[0xffffffd1][0xfffffff0][0xffffff94]h[0x6])[0xffffffd1]"[0xffffffef][0xffffff89][0xffffff80]7,%[0xffffff9a]SJD[0x14][0xffffff99][0xffffff94]P@2)[0x11][0xffffffb1][0xffffffcc]O[0xffffff89][0x1d][0xffffffce][0xffffffec][0xffffff94][0xffffffd8][0x11]uJ[0x9]!O6%[0xffffffa4]K[0xffffffd9][0xffffff94][0x10]j[0xffffffe5]R"[0xffffff98][0xffffff96]J[0xffffff89] [0xffffffde][0xb])[0xffffffa1][0xffffffb6]][0xffffffae]u[0xe]*%[0xfffffff0]m[0xffffff97][0xffffffcd]`[0xffffffdb]e[0x13]+[0xffffffd9][0x12][0x1][0xffffffc7][0xffffffb6]][0xffffffb6][0xffffffb0]t[0xffffff8d]L[0x9][0xffffff93]m[0xffffff97][0x12]H&%[0xc][0xffffffb6]][0x6]8[0xffffffb3]S[0xffffffc2]x[0xffffffdb][0xffffffa5][0xffffff92]'[0xffffff9b][0x12]~[0xffffffdb].[0xffffff95]Z[0xffffffb9][0xffffff94]p[0xffffffd9]v[0x19][0xffffffc5]{!%[0xffffffc4][0xffffffb6][0xffffffcb][0xfffffff3][0xffffffc6][\r][0xffffff83]6|[0xffffffdb]e3[0xffffffd8]v[0xffffffd9][0xffffffc4]J[0xffffffb6]D[0xffffffc0][0xffffffb1]m[0xffffff97]-,]#S[0xffffffc2]d[0xffffffdb][0xffffffa5][0x4][0xffffff92]I[0x9][0xffffff83]m[0xffffff97][0x1][0xffffffce][0xffffffec][0xffffff94]0[0xffffffde]v[0xffffffa9][0xffffffe4][0xffffffc9][0xffffffa6][0xffffff84][0xffffffdf][0xffffffb6]K[0xffffffa5]V.%\[0xffffffb6]]F[0xfffffff1]^H[0x9][0xffffffb1][0xffffffed][0xfffffff2][0xffffffbc][0xfffffff5][0xffffff83]ZQ[0xffffffd5][0xfffffff0]m[0xffffff97][0xffffffcd]`[0xffffffdb]e[0x13]+[0xffffffd9][0x12][0x1][0xffffffc7][0xffffffb6]][0xffffffb6][0xffffffb0]t[0xffffff8d]L[0x9][0xffffff93]m[0xffffff97][0x12]H&%[0xc][0xffffffb6]][0x6]8[0xffffffb3]S[0xffffffc2]x[0xffffffdb][0xffffffa5][0xffffff92]'[0xffffff9b][0x12]~[0xffffffdb].[0xffffff95]Z[0xffffffb9][0xffffff94]p[0xffffffd9]v[0x19][0xffffffc5]{!%[0xffffffc4][0xffffffb6][0xffffffcb][0xfffffff3]6[0xffffffb8][0xffffff94][0xffffffc0][0xffffffb7]]6[0xffffff83]m[0xffffff97]M[0xffffffac]dK[0x4][0x1c][0xffffffdb]v[0xffffffd9][0xffffffc2][0xffffffd2]52%L[0xffffffb6]]J [0xffffff99][0xffffff94]0[0xffffffd8]v[0x19][0xffffffe0][0xffffffcc]N[0x9][0xffffffe3]m[0xffffff97]J[0xffffff9e]lJ[0xfffffff8]m[0xffffffbb]Tj[0xffffffe5]R[0xffffffc2]e[0xffffffdb]e[0x14][0xffffffef][0xffffff85][0xffffff94][0x10][0xffffffdb].[0xffffffef])1[0xffffffb0][0xffffff94][0xffffffc0][0xffffffb7]]6[0xffffff83]m[0xffffff97]M[0xffffffac]dK[0x4][0x1c][0xffffffdb]v[0xffffffd9][0xffffffc2][0xffffffd2]52%L[0xffffffb6]]J [0xffffff99][0xffffff94]0[0xffffffd8]v[0x19][0xffffffe0][0xffffffcc]N[0x9][0xffffffe3]m[0xffffff97]J[0xffffff9e]lJ[0xfffffff8]m[0xffffffbb]Tj[0xffffffe5]R[0xffffffc2]e[0xffffffdb]e[0x14][0xffffffef][0xffffffeb])[0xffffffd1]o*%[0xffffffee]1[0x1][0xffffffa5][0xffffffc4][0xffffffdb]y[0xffffffd8][0xffffff94]x[0xffffff9c][0x0]N[0xffffff89][0xffffffef]g@R[0xffffffe2][0xfffffff1]t$%[0xffffffbe]=[0xffffffd9]"%[0x4]"
2024-07-29 11:03:33 DEBUG wire:106 - http-outgoing-1 << "[0xffffff8a]HJH [0xffffff91][0xffffff94][0x10]X[0xffffffa6][0xffffffa7]D[0xffffff80]39%[0x2][0xffffffa2]F)[0xffffffa1][0xffffffe4][0xffffff89][0xffffffa6][0xffffff84]v)[0xffffff9a][0x12]J[0xffffffad]XJD[0xffffffd3]B)[0x11][0xffffffc5]{!%[0xffffffc4][0xffffffe2][0xffffffec]{J<[0xffffff8e][0xffffff89][0xffffffa4][0x4][0xffffffbe]8[0xffffffbb][0x1b],[0xffffffce][0xffffffee]b[0xffffffbb]k"[0xffffffe0][0xffffffd8][0xffffffe2][0xffffffec][0x1e][0xfffffff6][0xffffffb7][0xffffff92])a[0xffffffb2]8[[0x2][0xffffffc9][0xffffffa4][0xffffff84][0xffffffc1][0xffffffe2][0xffffffec][0x0]gvJ[0x18]/[0xffffffce]V[0xfffffff2]dS[0xffffffc2]oq[0xffffffb6]R+[0xffffff97][0x12].[0xffffff8b][0xffffffb3][0xffffffa3]x/[0xffffffa4]D[0xfffffff9][0xffffffe5][0xffffff88])[0xffffffb1][0xfffffffa][0xffffff8d]J[0xffffff89][0xfffffffb]y[0xffffffe0][0xffffff94]x;[0x1][0xffffff9d][0x12][0xffffffdf][0xffffffce][0xffffffc0][0xffffffa4][0xffffffc4][0xffffffdb][0xffffffd3][0xffffff99][0xffffff94][0xfffffff8]x[0xffffffb2]GJD[0x14][0xffffff99][0xffffff94]P@2)[0x11][0xffffffb1][0xffffffcc]O[0xffffff89][0x1d][0xffffffce][0xffffffec][0xffffff94][0xffffffd8][0x11]uJ[0x9]!O6%[0xffffffa4]K[0xffffffd9][0xffffff94][0x10]j[0xffffffe5]R"[0xffffff98][0xffffff96]J[0xffffff89] [0xffffffde][0xb])![0xffffffb6]][0xffffff9e]G-[0xffffffd4][0xffffffb6][0xffffffcb][0xffffff8e]o[0xffffffbb][0xffffffec][0x6][0xffffffdb].[0xffffffbb]X[0xffffffc9][0xffffff96][0x8]8[0xffffffb6][0xffffffed][0xffffffb2][0xffffff87][0xffffffa5]kdJ[0xffffff98]l[0xffffffbb][0xffffff94]@2)a[0xffffffb0][0xffffffed]2[0xffffffc0][0xffffff99][0xffffff9d][0x12][0xffffffc6][0xffffffdb].[0xffffff95]<[0xffffffd9][0xffffff94][0xfffffff0][0xffffffdb]v[0xffffffa9][0xffffffd4][0xffffffca][0xffffffa5][0xffffff84][0xffffffcb][0xffffffb6][0xffffffcb]([0xffffffde][0xb])[0xffffffd1]TJ[0xfffffff4][0xffffffa3]Q)[0xffffffd1][0xfffffff0][0xffffff94]h[0x6])[0xffffffd1]"[0xffffffef][0xffffff89][0xffffff80]7,%[0xffffff9a]SJD[0x14][0xffffff99][0xffffff94]P@2)[0x11][0xffffffb1][0xffffffcc]O[0xffffff89][0x1d][0xffffffce][0xffffffec][0xffffff94][0xffffffd8][0x11]uJ[0x9]!O6%[0xffffffa4]K[0xffffffd9][0xffffff94][0x10]j[0xffffffe5]R"[0xffffff98][0xffffff96]J[0xffffff89] [0xffffffde][0xb])![0xffffffb6]][0xffffff9e][0xffffffc7][0xffffff9c][0xffffff8b]J[0x9]|[0xffffffdb]e7[0xffffffd8]v[0xffffffd9][0xffffffc5]J[0xffffffb6]D[0xffffffc0][0xffffffb1]m[0xffffff97]=,]#S[0xffffffc2]d[0xffffffdb][0xffffffa5][0x4][0xffffff92]I[0x9][0xffffff83]m[0xffffff97][0x1][0xffffffce][0xffffffec][0xffffff94]0[0xffffffde]v[0xffffffa9][0xffffffe4][0xffffffc9][0xffffffa6][0xffffff84][0xffffffdf][0xffffffb6]K[0xffffffa5]V.%\[0xffffffb6]]F[0xfffffff1]^H[0x9][0xffffffb5][0xffffffed][0xffffffb2][0x1c]7[0xffffffea][0x1b][0x1c][0x1d][0xffffffdf]v[0xffffffd9][\r][0xffffffb6]]v[0xffffffb1][0xffffff92]-[0x11]pl[0xffffffdb]e[0xf]K[0xffffffd7][0xffffffc8][0xffffff94]0[0xffffffd9]v)[0xffffff81]dR[0xffffffc2]`[0xffffffdb]e[0xffffff80]3;%[0xffffff8c][0xffffffb7]]*y[0xffffffb2])[0xffffffe1][0xffffffb7][0xffffffed]R[0xffffffa9][0xffffff95]K[0x9][0xffffff97]m[0xffffff97]Q[0xffffffbc][0xffffff97]R[0xffffffa2][0xffffff98][0xffffffa5]D[0xffffffc1]S[0xffffffa2][0x18][0xffffffa4]DAS[0xffffffa2]`)Q[0xffffff9c]RbG[0xffffff91]J[0xffffff89][0x8]$[0xffffff95][0x12];[0xffffff96]DJ[0x14]8%[0xffffff8a]qJ[0x4]y[0xffffffd2])!\J[0xffffffa7]DP+[0xffffff99][0x12][0xffffffc5]%%[0xffffffca]O[0xffffffa7][0xffffff84]Z[0xffffff9c]]zmTJ[0xffffffe0][0xffffff8b][0xffffffb3][0xffffffbb][0xffffffc1][0xffffffe2][0xffffffec].[0xffffffb6][0xffffffbb]&[0x2][0xffffff8e]-[0xffffffce][0xffffffee]a[0x7f]+[0xffffff99][0x12]&[0xffffff8b][0xffffffb3]%[0xffffff90]LJ[0x18],[0xffffffce][0xe]pf[0xffffffa7][0xffffff84][0xfffffff1][0xffffffe2]l%O6%[0xfffffffc][0x16]g+[0xffffffb5]r)[0xffffffe1][0xffffffb2]8;[0xffffff8a][0xfffffff7]BJ[0xffffffa8][0xffffffc5][0xffffffd9][0xfffffff7][0xffffffff]S[0xffffffa8][0xffffff94][0xffffffc0][0x17]gw[0xffffff83][0xffffffc5][0xffffffd9]]lwM[0x4][0x1c][[0xffffff9c][0xffffffdd][0xffffffc3][0xfffffffe]V2%L[0x16]gK [0xffffff99][0xffffff94]0X[0xffffff9c][0x1d][0xffffffe0][0xffffffcc]N[0x9][0xffffffe3][0xffffffc5][0xffffffd9]J[0xffffff9e]lJ[0xfffffff8]-[0xffffffce]Vj[0xffffffe5]R[0xffffffc2]eqv[0x14][0xffffffef][0xffffff85][0xffffff94]P[0xffffff8b][0xffffffb3][0xffffffeb][0xffffff81]}d[0xffffffbc][0xffffffe3][0xffffff8b][0xffffffb3][0xffffffbb][0xffffffc1][0xffffffe2][0xffffffec].[0xffffffb6][0xffffffbb]&[0x2][0xffffff8e]-[0xffffffce][0xffffffee]a[0x7f]+[0xffffff99][0x12]&[0xffffff8b][0xffffffb3]%[0xffffff90]LJ[0x18],[0xffffffce][0xe]pf[0xffffffa7][0xffffff84][0xfffffff1][0xffffffe2]l%O6%[0xfffffffc][0x16]g+[0xffffffb5]r)[0xffffffe1][0xffffffb2]8;[0xffffff8a][0xfffffff7][0xfffffff5][0xffffff94][0x18]jqv[0xffffffad][0xffffff9d][0xffffffda]+1[0xfffffff0][0xffffffc5][0xffffffd9][0xffffffc3]`q[0xfffffff6][0x10][0xffffffdb]][0xfffffff3][0x0][0x1f][0xffffffd8][0xffffffe2][0xffffffec][0x11][0xfffffff6][0xffffffb7][0xffffff82])!PDRB[0x2][0xffffff89][0xffffffa4][0xffffff84][0xffffffc0]2=%[0x2][0xffffff9c][0xffffffc9])[0x11][0x10]5J[0x9]%O4%[0xffffffb4]K[0xffffffd1][0xffffff94]Pj[0xffffffc5]R"[0xffffff9a][0x16]J[0xffffff89]([0xffffffde][0xb])[0xffffffa1][0x16]g[0xffffffd7][0x13][0xffffffdb]v9[0xfffffff0][0xffffffc5][0xffffffd9][0xffffffc3]`q[0xfffffff6][0x10][0xffffffdb]][0x13][0x1][0xffffffc7][0x16]g[0xffffff8f][0xffffffb0][0xffffffbf][0xffffff95]L[0x9][0xffffff93][0xffffffc5][0xffffffd9][0x12]H&%[0xc][0x16]g[0x7]8[0xffffffb3]S[0xffffffc2]xq[0xffffffb6][0xffffff92]'[0xffffff9b][0x12]~[0xffffff8b][0xffffffb3][0xffffff95]Z[0xffffffb9][0xffffff94]pY[0xffffff9c][0x1d][0xffffffc5]{!%[0xffffff8a]J[0xffffff89][0xffffff89]}d[0xfffffffc][0xffffffed]<pJ[0x14][0xffffff83][0xffffff94]([0xffffff91][0xfffffff7]D[0xffffffc0][0xb][0xffffff96][0x12][0xffffffc5])%"[0xffffff8a]LJ( [0xffffff99][0xffffff94][0xfffffff8][0xffffffff][0xffffff9b][0xffffffbb][0xffffff97][0x1c]Kr([0xffffffd7][0xffffffa2][0xfffffffd]7[0xffffff98][0xffffffc2][0xffffffb5][0xffffffaf][0xffffffa4][0xffffffc1][0xffffffd4]Pj[0xffffffee][0xffffffcf]?[0xffffff91][0x11][0xffffff9e]"-[0x0][0xffffff97]'[0xffffffce]&[0xffffffb2][0xffffff97][0xffffff8d][0xffffffb8][0xffffffd6] [0xffffff88][0x5]s[0x13][0xffffffa5][0xffffffb1][0xffffffac][0xffffffa7][0xffffffc4][0x1c][0xffffffce]jJ[0xffffffcc][0x11]M[0xffffffa2][0xffffff84])O[0xffffff96][0x12][0xffffffb6]KYJ[0xffffff98]j[0xffffffe5](!MKQB[0xffffff8a]w[0xffffff81][0x12]n8[0xfffffffb][0xffffffe8][0xffffffd8]%[0xffffffe3]7>[0xffffff9c]}[0x7][0xc]g[0xffffffdf]f[0xffffffdd][0xffffffb5]0[0xffffffe0][0xffffffd8]p[0xfffffff6]-[0xfffffffb][0xffffffad]$%B[0xffffff86][0xffffffb3]m [0x19]J[0x4][0xc]gK8[0xffffffab])[0x11]<[0xffffff9c][0xffffffed][0xffffffca][0xffffff93][0xffffffa5]D[0xffffffde]p[0xffffffb6][0xffffffab]V[0xffffff8e][0x12])[0xffffffc3][0xffffffd9]Z[0xffffffbc][0xb][0xffffff94]8[0x1d]%[0xffffffc6][0xffffff86][0xfffffffd][0xffffff81][0xffffffe3][0xffffffc4])q[0x6]P[0xffffffe2][0xffffffd4][0xffffffbc][0x17][0x6][0xfffffffc][0xffffffc4](q&QB[0xffffffa3][0xffffffc8]P[0xffffffc2][0x5][0xffffff92][0xffffffa1][0xffffff84][0xffffffc6][0xffffffb2][0xffffff9e][0x12]s8[0xffffffab])1G4[0xffffff89][0x12][0xffffffa6]<YJ[0xffffffd8].e)a[0xffffffaa][0xffffff95][0xffffffa3][0xffffff84]4-E[0x9])[0xffffffde][0x5]J[0xffffffb8][0xffffffe1][0xffffffec]c[0xffffffdc][0xffffffd4][0x9][0xffffff8e][0x1b][0x1f][0xffffffce][0xffffffbe][0x3][0xffffff86][0xffffffb3]o[0xffffffb3][0xffffffee]Z[0x18]pl8[0xfffffffb][0xffffff96][0xfffffffd]V[0xffffff92][0x12]![0xffffffc3][0xffffffd9]6[0xffffff90][0xc]%[0x2][0xffffff86][0xffffffb3]%[0xffffff9c][0xffffffd5][0xffffff94][0x8][0x1e][0xffffffce]v[0xffffffe5][0xffffffc9]R"o8[0xffffffdb]U+G[0xffffff89][0xffffff94][0xffffffe1]l-[0xffffffde][0x5]J[0xffffffb8][0xffffffe1][0xffffffec]s{a[0x7f][0xffffffe0][0xffffffc0][0xffffff87][0xffffffb3][0xffffffef][0xffffff80][0xffffffe1][0xffffffec][0xffffffdb][0xffffffac][0xffffffbb][0x16][0x6][0x1c][0x1b][0xffffffce][0xffffffbe]e[0xffffffbf][0xffffff95][0xffffffa4]D[0xffffffc8]p[0xffffffb6][\r]$C[0xffffff89][0xffffff80][0xffffffe1]l[0x9]g5%[0xffffff82][0xffffff87][0xffffffb3]]y[0xffffffb2][0xffffff94][0xffffffc8][0x1b][0xffffffce]v[0xffffffd5][0xffffffca]Q"e8[[0xffffff8b]w[0xffffff89][0x12]{[0x18]%[0xffffffe0][0xffffffe1][0xffffffec];`8[0xfffffffb]6[0xffffffeb][0xffffffae][0xffffffa5][0x1][0xffffff87][0xffffff86][0xffffffb3]o[0xffffffd9]oe)[0x11]1[0xffffff9c]m[0x3]IQ[0x2][0x1f][0xffffffce][0xffffff96]p[0xffffffd6]S"v8[0xffffffdb][0xffffff95]'M[0xffffff89][0xffffffb4][0xffffffe1]lW[0xffffffad]$%2[0xffffff86][0xffffffb3][0xffffffb5]x[0x17]([0xffffffe1][0xffffff86][0xffffffb3][0xffffffcf][0xffffffeb][0xffffffa4][0xffffffd6].o|8[0xfffffffb][0xe][0x18][0xffffffce][0xffffffbe][0xffffffcd][0xffffffba]ka[0xffffffc0][0xffffffb1][0xffffffe1][0xffffffec][[0xfffffff6][IJ[0xffffff84][0xc]g[0xffffffdb]@2[0xffffff94][0x8][0x18][0xffffffce][0xffffff96]pVS"x8[0xffffffdb][0xffffff95]'K[0xffffff89][0xffffffbc][0xffffffe1]lW[0xffffffad][0x1c]%R[0xffffff86][0xffffffb3][0xffffffb5]x[0xffffff97](a[0xffffffde]J[0xffffffa0][0xffffff94][0xffffffa0][0xffffffdf]J[0xffffffb4][0xffffff80][0xffffffb7][0x12]M[0xffffffe9]\[0x1a]p[0xffffffea][0xffffffad]DKz+[0xffffffa1]Q[0xffffffa4]([0xffffff91][0xfffffff2]VBcIP[0xffffff82]"
2024-07-29 11:03:33 DEBUG wire:92 - http-outgoing-1 << "}+1G4[0xffffff8b][0x12]ao%l[0xffffff97][0xffffffd2][0xffffff94][0x8]z+!M[0xffffffcb]Q[0xffffffe2][0xffffffbf]x+[0xffffffd1][0xffffffc3]([0xffffffd1]qJ[0xfffffff4][0x0]Jt[0xffffff94][0x12][0x1d][0xffffffa3]DO[0xffffffa2][0xffffffc4][0x1c]E[0xffffff8a][0x12][0x1a]H[0xffffff8a][0x12]s,[0x9]Jt[0xffffff98][0x12]=[0xffffff98][0x12]R[0xffffff9e]4%L[0xffffff97][0xffffffd2][0xffffff94][0xffffff90]j%)[0xffffffd1]S([0xffffffd1][0xffffffff][0x3]J[0xffffffec]#[0xffffffcc][0x12][0xfffffffb][0xffffffc0]1[0xfffffff1][0xfffffff6][0x8][0xffffffbc]&~=[0x4][0xffffffc5][0xffffff89][0xffffffb7][0xffffff9f][0xffffffa7]<[0xfffffff1][0xfffffff9][0xffffffd3])[0xffffffa0][0xffffff90]<R[0xffffffa2]0[0xffffffa9][0xffffffa4]H![0xffffffd9]$L1%[0xffffffb4][0x1e][0x15]SN[0xffffffb3]T[0xffffffa1]5J[0xffffffb3][0xffffffc2][0xffffffb5]*[0xffffffed][\n]"
2024-07-29 11:03:33 DEBUG wire:92 - http-outgoing-1 << "-Y[0x12][0x16]s[0xffffffe7]r[0xffffffb2][0xffffff98]+x[0xffffff89][0x16]g[0x1a]-N[0xffffff9e][0x16]g[0x2]-N[0xffffff96][0x16]'G[0xffffff8b]3[0xffffff8a][0x16][0xffffff92]G[0xffffff8a][0x16]&[0xffffff95][0x14]-$[0xffffff9b][0x4]-N[0xffffff9a][0x16]g2-[0xffffffb4]FiZ[0xffffffb8]V[0xffffffa5]i[0xffffffa1]%K[0xffffffd2]b[0xffffffee]\[0xffffff8e][0x16]s[0x5]/[0xffffffd1][0xffffffe2]N[0xfffffffb].[0xfffffff3][0xffffffe6]?[0xffffffcc]|{[0x4][0xffffff9e][0x16][0xffffffbf][0x1e][0xffffff82][0xffffffa2][0xffffffc5][0xffffffcd]}[0xffffff9b]yG}[0xffffff9c])y[0xffffffa4]haRI[0xffffffd1]B[0xffffffb2]I[0xffffffd0][0xffffffe2][0xffffffa6]?[0xffffffd0][0xffffffbc][0xffffff93][0xffffffbf][0xffffffd0][0xffffffd4][0x1a][0xffffffa5]i[0xffffffe1]Z[0xffffff95][0xffffffa6][0xffffff85][0xffffff96],I[0xffffff8b][0xffffffb9]s9Z[0xffffffcc][0x15][0xffffffbc]D[0xffffff8b][0xffffff96][0xfffffff6]qE[0xffffffe3][0xffffffbf][0xffffffae]h[0x9][0xffffff9f]W4[0xfffffff6][0xfffffffb][0xffffff8a][0xffffffc6]}`[0xffffffd1][0xffffffa2][0xffffffbe][0xffffffb0][0xffffff90]<R[0xffffffb4]0[0xffffffa9][0xffffffa4]h![0xffffffd9]$h[0xffffffd1][0xffffffe8][0xffffffaf],Z[0xfffffff2]g[0x16]Z[0xffffffa3]4-\[0xffffffab][0xffffffd2][0xffffffb4][0xffffffd0][0xffffff92]%i1w.G[0xffffff8b][0xffffffb9][0xffffff82][0xffffff97]h1[0xffffffb6]0Z[0xffffff8c][\r][0xffffffa7][0xffffffc5][0xffffffdb]#[0xfffffff0][0xffffffb4][0xfffffff8][0xfffffff5][0x10][0x14]-[0xffffffde]~[0xffffff9e][0xffffffa2][0xffffffc5][0xffffffe7]O[0xffffffa7][0xffffffd0]B[0xfffffff2]H[0xffffffd1][0xffffffc2][0xffffffa4][0xffffff92][0xffffffa2][0xffffff85]d[0xffffff93][0xffffffa0][0xffffffc5][0xffffff94][0xffffffd0]zZL9[0xffffffcd][0xffffffa2][0xffffff85][0xffffffd6](M[0xb][0xffffffd7][0xffffffaa]4-[0xffffffb4]dIZ[0xffffffcc][0xffffff9d][0xffffffcb][0xffffffd1]b[0xffffffae][0xffffffe0]%Zl[0xffffffd7][0x15]f[0xffffff8b][0xffffffb7]'[0xffffffc2]q[0xfffffff1][0xfffffffe][0xc][0xffffffbc].[0xfffffffe]y[\n]"
2024-07-29 11:03:33 DEBUG wire:92 - http-outgoing-1 << "[0xffffff8a][0x17][0xffffffef][0xffffffbf]O[0xfffffff9][0xffffffe2][0xffffffd7]o[0xffffffa7][0x0]CCI[0x9][0xffffffc3]E[0xffffff93]"[0xffffff86][0x6][0xffffff94]0[0xffffffc6][0x1c][0xffffffd3]zd[0xffffffcc]a[0xffffffcd]R[0xffffff86])T[0xffffff9a][0x19][0xffffffb6]_ig[0xffffff98][0xffffffba]%[0xffffffa1]![0xffffffed][0xffffffcb]IC[0xffffffca]x[0xffffff89][0x1a][0xfffffffb]+[0xffffffed]5[0xffffffc6][0xffffffdb][0x13][0xffffffe1][0xffffffd4]x[0x7f][0x6][0xffffff9e][0x1a][0xffffffff]<[0x5]E[0xffffff8d][0xfffffff7][0xffffffdf][0xffffffa7][0xffffffa8][0xfffffff1][0xffffffeb][0xffffffb7]S[0xffffffa8][0xffffffa1][0xffffffa1][0xffffffa4][0xffffffa8][0xffffffe1][0xffffffa2]IQC[0x3]JPc[0xffffff8e]i=5[0xffffffe6][0xffffffb0]fQ[0xffffffc3][0x14]*M[\r][0xffffffdb][0xffffffaf]45L[0xffffffdd][0xffffff92][0xffffffd4][0xffffff90][0xfffffff6][0xffffffe5][0xffffffa8]!e[0xffffffbc]H[0xffffff8d][0x16]G[0xffffff8d][0x16]@[0xffffff8d][0x16]A[0xffffff8d][0x6]S[0xffffffa3][0xffffff81][0xffffffd4]hY[0xffffffd4][0xffffff98]C[0xffffffc9]QC[0xffffffa3][0xffffffc9]Qc[0xe](C[0xffffff8d][0xffffff86]S[0xffffffa3]ESC[\n]"
2024-07-29 11:03:33 DEBUG wire:106 - http-outgoing-1 << "[0xffffff95][0xffffffa7][0xffffff86][0xffffffe9]W[0xffffff9e][0x1a]R[0xffffffb7],5Z[0xe]5[0xffffffda]:5[0xffffffae][0xffffffcf][0x7f][0xffffffa5][0xffffff9b][0xffffffa1][0xffffffef][0xffffffeb][0xffffffb8][0xffffffb6]rh[0xfffffffc]y[0x1e][0xffffff8a][0x19]_[0xffffff9e][0x0]C[0xffffffc6][0xfffffff4][0xc][0xffffffc5][0xffffffc4][0xfffffff8][0xfffffff2][0xffffffeb][0xffffffc5][0xffffffc0][0xfffffff8][0xfffffff7]/[0xffffffc3][0xffffffbc]x[0xffffff8c]b1.[0xfffffffe][0x12][0xffffffc8]bZ<[0xffffffc6][0xffffffb2][0x10][0x16][0xf][0xffffffe1],c[0xffffffc5]CD#P[0xfffffff1]\[0xffffff9e][0x10])[0xfffffffe][0xffffffd6][0xffffffa5][0x10]([0xffffff9e][0xffffffab][0x15][0xffffffe0][0xffffffc4]S[0xffffffd3][0xffffff96]c[0xffffffe2][0xffffffa9]x[0xffffff97]([0xffffffb1][0xffffff87]Q[0x2][0x1b][0xfffffffa][0xfffffffe][0xfffffff2][0x4]<%[0xffffff90][0xffffffa1][0xffffffef]/[0xffffffbf]NQ"a[0xffffffe8][0xfffffffb]1[0xffffff8a][0x14]%[0xfffffff0][0xffffffa1][0xffffffef][0xffffffc7]X[0x12][0xffffff94][0xffffff80][0xffffff86][0xffffffbe][0x1f]"[0xffffff9a]E[0xffffff89][0xffffff94][0xffffffa1][0xffffffef][0xffffffbf]u)M[0xffffff89][0xffffff84][0xffffffa1][0xffffffef][0xffffffa7][0xffffffa6][0xffffffe5]([0xfffffff1][0xffffff83][0xffffffa1][0xffffffef]_[0xffffffff][0xffffffc6]po%[0xffffffae][0x3][0xffffffa3][0xffffffc4][0xffffffc0][0xffffffdf]J[0xffffff8c][0xffffff80][0xffffffb7][0x12]C[0xffffffe9]\[0x18][0xfffffff0][0xffffff81][0xffffffbd][0xffffff95][0x18]Io%4[0xffffff8a][0xc]%\ [0x19]Jh,[0xffffffeb])1[0xffffff87][0xffffffb3][0xffffff9a][0x12]sD[0xffffff93](a[0xffffffca][0xffffff93][0xffffffa5][0xffffff84][0xffffffed]R[0xffffff96][0x12][0xffffffa6]Z9JH[0xffffffd3]R[0xffffff94][0xffffff90][0xffffffe2][0xfffffffd]>%[0xffffffda][0xffffffcb]Qb[0xffffffb4][0x1]Q[0xffffffe2][0xfffffffd]yXJ|<[0x1]L[0xffffff89][0xffffffdf][0xffffffcf][0xffffff80]P[0xffffffe2][0xffffffe3][0xffffffd7][0x11]J[0xfffffffc][0xfffffff3][0xffffffcb][0x11][0xffffff94]0QD(a[0x3][0xffffff89]P[0xffffffc2][0xffffffc4][0xffffffb2][0xffffff9c][0x12][0x12][0xffffffce]bJHD[0xffffff83]([0xffffffe1][0xffffffca][0x13][0xffffffa5][0xffffff84][0xffffffef]R[0xffffff94][0x12][0xffffffae]Z1Jh[0xffffffd3]B[0xffffff94][0xffffffd0][0xffffffe2]][0xffffffa0][0xffffffc4]f(qow[0xffffffa7]([0xffffffb1][0xffffffe1][0xffffff94][0xffffffd8][0x2]([0xffffffb1]i[0xffffffde][0xb][0x3][0xffffffbe]a[0xffffff94][0xffffffd8][0xffffff92]([0xffffffa1]Qd([0xffffffe1][0x2][0xffffffc9]PBcYO[0xffffff89]9[0xffffff9c][0xffffffd5][0xffffff94][0xffffff98]#[0xffffff9a]D[0x9]S[0xffffff9e],%l[0xffffff97][0xffffffb2][0xffffff94]0[0xffffffd5][0xffffffca]QB[0xffffff9a][0xffffff96][0xffffffa2][0xffffff84][0x14][0xffffffef][0x2]%vG[0xffffff89][0xfffffffb]<)J[0xffffffec]8%[0xfffffff6][0x0]J[0xffffffec][0xffffff9a][0xfffffff7][0xffffffc2][0xffffff80][0xffffffef][0x18]%[0xfffffff6]$Jh[0x14][0x19]J[0xffffffb8]@2[0xffffff94][0xffffffd0]X[0xffffffd6]Sb[0xe]g5%[0xffffffe6][0xffffff88]&Q[0xffffffc2][0xffffff94]'K[0x9][0xffffffdb][0xffffffa5],%L[0xffffffb5]r[0xffffff94][0xffffff90][0xffffffa6][0xffffffa5](![0xffffffc5][0xffffffbb]@[0xffffff89][0xffffffc3]Q[0xffffffa2][0xffffff9f]7E[0xffffff89][0x3][0xffffffa7][0xffffffc4][0x11]@[0xffffff89]C[0xfffffff3]^[0x18][0xfffffff0][0x3][0xffffffa3][0xffffffc4][0xffffff91]D[0x9][0xffffff8d]"C[0x9][0x17]H[0xffffff86][0x12][0x1a][0xffffffcb]zJ[0xffffffcc][0xffffffe1][0xffffffac][0xffffffa6][0xffffffc4][0x1c][0xffffffd1]$J[0xffffff98][0xfffffff2]d)a[0xffffffbb][0xffffff94][0xffffffa5][0xffffff84][0xffffffa9]V[0xffffff8e][0x12][0xffffffd2][0xffffffb4][0x14]%[0xffffffa4]x[0x17](q[0x1a]J[0xffffffb4][0xfffffffd][0xfffffff5][0xffffffa2](q[0xffffffe2][0xffffff94]8[0x3](qj[0xffffffde][0xb][0x3]~b[0xffffff94]8[0xffffff93]([0xffffffa1]Qd([0xffffffe1][0x2][0xffffffc9]PBcYO[0xffffff89]9[0xffffff9c][0xffffffd5][0xffffff94][0xffffff98]#[0xffffff9a]D[0x9]S[0xffffff9e],%l[0xffffff97][0xffffffb2][0xffffff94]0[0xffffffd5][0xffffffca]QB[0xffffff9a][0xffffff96][0xffffffa2][0xffffff84][0x14][0xffffffef][0x2]%.K[0xffffff89][0x1b]{+q[0xffffffe1][0xffffff94][0xffffffb8][0x2](qi[0xffffffde][0xb][0x3]~a[0xffffff94][0xffffffb8][0xffffff92]([0xffffffa1]Qd([0xffffffe1][0x2][0xffffffc9]PBcYO[0xffffff89]9[0xffffff9c][0xffffffd5][0xffffff94][0xffffff98]#[0xffffff9a]D[0x9]S[0xffffff9e],%l[0xffffff97][0xffffffb2][0xffffff94]0[0xffffffd5][0xffffffca]QB[0xffffff9a][0xffffff96][0xffffffa2][0xffffff84][0x14][0xffffffef][0x2]%nG[0xffffff89]c[0xffffffc7]Np[0xffffffdc]8%[0xffffffee][0x0]J[0xffffffdc][0xffffff9a][0xfffffff7][0xffffffc2][0xffffff80][0xffffffdf][0x18]%[0xffffffee]$Jh[0x14][0x19]J[0xffffffb8]@2[0xffffff94][0xffffffd0]X[0xffffffd6]Sb[0xe]g5%[0xffffffe6][0xffffff88]&Q[0xffffffc2][0xffffff94]'K[0x9][0xffffffdb][0xffffffa5],%L[0xffffffb5]r[0xffffff94][0xffffff90][0xffffffa6][0xffffffa5](![0xffffffc5][0xffffffbb]@[0xffffff89]f)[0xffffffd1]v[0xffffff8a][0x12][\r][0xffffffa7]D[0xb][0xffffffa0]D[0xffffffd3][0xffffffbc][0x17][0x6][0xffffffbc]a[0xffffff94]hI[0xffffff94][0xffffffd0](2[0xffffff94]p[0xffffff81]d([0xffffffa1][0xffffffb1][0xffffffac][0xffffffa7][0xffffffc4][0x1c][0xffffffce]jJ[0xffffffcc][0x11]M[0xffffffa2][0xffffff84])O[0xffffff96][0x12][0xffffffb6]KYJ[0xffffff98]j[0xffffffe5](!MKQB[0xffffff8a]w[0xffffff81][0x12]n8[0xffffffbb][0xffffff9d][0x7]F[0x9]|8[0xffffffbb][0x5][0xc]g7[0xffffffb3][0xffffffee]Z[0x18]pl8"
2024-07-29 11:03:33 DEBUG wire:92 - http-outgoing-1 << "[0xffffffbb][0xffffffc9]~+I[0xffffff89][0xffffff90][0xffffffe1]l[0x1b]H[0xffffff86][0x12][0x1][0xffffffc3][0xffffffd9][0x12][0xffffffce]jJ[0x4][0xf]g[0xffffffbb][0xfffffff2]d)[0xffffff91]7[0xffffff9c][0xffffffed][0xffffffaa][0xffffff95][0xffffffa3]D[0xffffffca]p[0xffffffb6][0x16][0xffffffef][0x2]%[0xffffffdc][0xffffffda]e[0xffffffbb]>[0x1e][0x13][0xffffffa1][0x4][0xffffffbe]v[0xffffffd9][0x2][0xffffffd6].[0xffffff9b][0xffffff99]d+[0xc]8[0xffffffb6]v[0xffffffd9]dt[0xffffff8d][0xffffffa4]D[0xffffffc8][0xffffffda][0xffffffa5][\r]$C[0xffffff89][0xffffff80][0xffffffb5]K[0x9]g5%[0xffffff82][0xffffffd7].]y[0xffffffb2][0xffffff94][0xffffffc8][[0xffffffbb]t[0xffffffd5][0xffffffca]Q"e[0xffffffed]R[0xffffff8b]w[0xffffff89][0x12]G[0x18]%[0xe][0xffffff9c][0x12]G[0x0]%[0xe][0xffffff94][0x12][0x7]F[0xffffff89]#[0xffffff89][0x12]s[0x14])Jh )J[0xffffffcc][0xffffffb1]$(q[0xffffffc0][0xffffff94]8[0xffffff82])![0xffffffe5]IS[0xffffffc2]t)M[0x9][0xffffffa9]V[0xffffff92][0x12]G[\n]"
2024-07-29 11:03:33 DEBUG wire:92 - http-outgoing-1 << "%[0xffffff8e][0xffffff9f]R[0xffffffa2][0xffffffbb][0xffffffb5][0xffffffcb]~[0xffffff8e][0x3][0xffffffa2]D[0xffffffc7][0xffffffd7].{[0xffffffc0][0xffffffda]e7[0xffffff93]lu[0x1][0xffffffef][0xffffffd8][0xffffffda]e[0xffffff97][0xffffffd1]5[0xffffff90][0x12]&[0xffffff8a][0x8]%l [0x11]J[0xffffff98]X[0xffffff96]SB[0xffffffc2]YL[0x9][0xffffff89]h[0x10]%\y[0xffffffa2][0xffffff94][0xfffffff0]][0xffffff8a]R[0xffffffc2]U+F[0x9]mZ[0xffffff88][0x12]Z[0xffffffbc][0xb][0xffffff94]pk[0xffffff97][0xfffffffd][0xffffffee][0x18]%[0xfffffff0][0xffffffb5][0xffffffcb][0x1e][0xffffffb0]v[0xffffffd9][0xffffffcd]$[a[0xffffffc0][0xffffffb1][0xffffffb5][0xffffffcb].[0xffffffa3]k$%B[0xffffffd6].m [0x19]J[0x4][0xffffffac]]J8[0xffffffab])[0x11][0xffffffbc]v[0xffffffe9][0xffffffca][0xffffff93][0xffffffa5]D[0xffffffde][0xffffffda][0xffffffa5][0xffffffab]V[0xffffff8e][0x12])k[0xffffff97]Z[0xffffffbc][0xb][0xffffff94]pk[0xffffff97]}[0xffffffbc][0xffffffa8][0xffffff9b]A;[0xffffffbe]v[0xffffffd9][0x3][0xffffffd6].[0xffffffbb][0xffffff99]d+[0xc]8[0xffffffb6]v[0xffffffd9]et[0xffffff8d][0xffffffa4]D[0xffffffc8][0xffffffda][0xffffffa5][\r]$C[0xffffff89][0xffffff80][0xffffffb5]K[0x9]g5%[0xffffff82][0xffffffd7].]y[0xffffffb2][0xffffff94][0xffffffc8][[0xffffffbb]t[0xffffffd5][0xffffffca]Q"e[0xffffffed]R[0xffffff8b]w[0xffffff81][0x12]n[0xffffffed]r[0xffffffec]'[0xfffffff6]V[0x2]_[0xffffffbb][0xffffffec][0x1]k[0xffffff97][0xffffffdd]L[0xffffffb2][0x15][0x6][0x1c][[0xffffffbb][0xffffffec]2[0xffffffba]FR"d[0xffffffed][0xffffffd2][0x6][0xffffff92][0xffffffa1]D[0xffffffc0][0xffffffda][0xffffffa5][0xffffff84][0xffffffb3][0xffffff9a][0x12][0xffffffc1]k[0xffffff97][0xffffffae]<YJ[0xffffffe4][0xffffffad]][0xffffffba]j[0xffffffe5]([0xffffff91][0xffffffb2]v[0xffffffa9][0xffffffc5][0xffffffbb]@[0xffffff89][0xffffffcb]Q[0xffffffe2][0xffffffba][0xffffffa9][0xffffff89][0xffffffaa][0xfffffff7][0xffffffe7][0xffffff81])q[0x5]P[0xffffffe2][0xffffffd2][0xffffffbc][0x17][0x6][0xfffffffc][0xffffffc2](q%QB[0xffffffa3][0xffffffc8]P[0xffffffc2][0x5][0xffffff92][0xffffffa1][0xffffff84][0xffffffc6][0xffffffb2][0xffffff9e][0x12]s8[0xffffffab])1G4[0xffffff89][0x12][0xffffffa6]<YJ[0xffffffd8].e)a[0xffffffaa][0xffffff95][0xffffffa3][0xffffff84]4-E[0x9])[0xffffffde][0x5]J[0xffffffb8][0xffffffb5][0xffffffcb]1F[0xffffffa3]([0xffffff81][0xffffffaf]][0xfffffff6][0xffffff80][0xffffffb5][0xffffffcb]n&[0xffffffd9][\n]"
2024-07-29 11:03:33 DEBUG wire:92 - http-outgoing-1 << "[0x3][0xffffff8e][0xffffffad]]v[0x19]]#)[0x11][0xffffffb2]vi[0x3][0xffffffc9]P"`[0xffffffed]R[0xffffffc2]YM[0xffffff89][0xffffffe0][0xffffffb5]KW[0xffffff9e],%[0xfffffff2][0xffffffd6].][0xffffffb5]r[0xffffff94]HY[0xffffffbb][0xffffffd4][0xffffffe2]][0xffffffa0][0xffffff84]Y[0xffffffbb][0xffffffec][0xffffffaf][0xffffffed][0xffffffc0][0xfffffffe][0xffffffc0][0xffffff81][0xffffffaf]][0xfffffff6][0xffffff80][0xffffffb5][0xffffffcb]n&[0xffffffd9][\n]"
2024-07-29 11:03:33 DEBUG wire:106 - http-outgoing-1 << "[0x3][0xffffff8e][0xffffffad]]v[0x19]]#)[0x11][0xffffffb2]vi[0x3][0xffffffc9]P"`[0xffffffed]R[0xffffffc2]YM[0xffffff89][0xffffffe0][0xffffffb5]KW[0xffffff9e],%[0xfffffff2][0xffffffd6].][0xffffffb5]r[0xffffff94]HY[0xffffffbb][0xffffffd4][0xffffffe2]][0xffffffa0][0xffffff84]Y[0xffffffbb][0xffffffec][0xffffffaf][0xfffffff3][0xffffffec][0x14]%[0xfffffff0][0xffffffb5][0xffffffcb][0x1e][0xffffffb0]v[0xffffffd9][0xffffffcd]$[a[0xffffffc0][0xffffffb1][0xffffffb5][0xffffffcb].[0xffffffa3]k$%B[0xffffffd6].m [0x19]J[0x4][0xffffffac]]J8[0xffffffab])[0x11][0xffffffbc]v[0xffffffe9][0xffffffca][0xffffff93][0xffffffa5]D[0xffffffde][0xffffffda][0xffffffa5][0xffffffab]V[0xffffff8e][0x12])k[0xffffff97]Z[0xffffffbc][0xb][0xffffff94]0k[0xffffff97][0xfffffffd]u[0xffffffed][0xffffffd8][0x9][0xe]|[0xffffffed][0xffffffb2][0x7][0xffffffac]]v3[0xffffffc9]V[0x18]pl[0xffffffed][0xffffffb2][0xffffffcb][0xffffffe8][0x1a]I[0xffffff89][0xffffff90][0xffffffb5]K[0x1b]H[0xffffff86][0x12][0x1]k[0xffffff97][0x12][0xffffffce]jJ[0x4][0xffffffaf]][0xffffffba][0xfffffff2]d)[0xffffff91][0xffffffb7]v[0xffffffe9][0xffffffaa][0xffffff95][0xffffffa3]D[0xffffffca][0xffffffda][0xffffffa5][0x16][0xffffffef][0xfffffff7])1^[0xffffff96][0x12][0xfffffff7][0xe]Q[0xffffffe2][0xfffffffd]yXJ|<[0x1]L[0xffffff89][0xffffffdf][0xffffffcf][0xffffff80]P[0xffffffe2][0xffffffe3][0xffffffd7][0x11]J[0xfffffffc][0xfffffff3][0xffffffcb][0x11][0xffffff94]0QD(a[0x3][0xffffff89]P[0xffffffc2][0xffffffc4][0xffffffb2][0xffffff9c][0x12][0x12][0xffffffce]bJHD[0xffffff83]([0xffffffe1][0xffffffca][0x13][0xffffffa5][0xffffff84][0xffffffef]R[0xffffff94][0x12][0xffffffae]Z1Jh[0xffffffd3]B[0xffffff94][0xffffffd0][0xffffffe2]][0xffffffa0][0xffffff84]Y[0xffffffbb]|[0xffffffa3][0xffffffc4]8)J[0xffffffe0]k[0xffffff97]#`[0xffffffed]r[0xffffff98]I[0xffffffb6][0xffffffc2][0xffffff80]ck[0xffffff97]CF[0xffffffd7]HJ[0xffffff84][0xffffffac]][0xffffffda]@2[0xffffff94][0x8]X[0xffffffbb][0xffffff94]pVS"x[0xffffffed][0xffffffd2][0xffffff95]'K[0xffffff89][0xffffffbc][0xffffffb5]KW[0xffffffad][0x1c]%R[0xffffffd6].[0xffffffb5]x[0x17](a[0xffffffd6].[0xfffffffb][0xffffffeb][0xffffffc6]>[0xffffffbb][0x1c][0xfffffff8][0xffffffda][0xffffffe5][0x8]X[0xffffffbb][0x1c]f[0xffffff92][0xffffffad]0[0xffffffe0][0xffffffd8][0xffffffda][0xffffffe5][0xffffff90][0xffffffd1]5[0xffffff92][0x12]!k[0xffffff97]6[0xffffff90][0xc]%[0x2][0xffffffd6].%[0xffffff9c][0xffffffd5][0xffffff94][0x8]^[0xffffffbb]t[0xffffffe5][0xffffffc9]R"o[0xffffffed][0xffffffd2]U+G[0xffffff89][0xffffff94][0xffffffb5]K-[0xffffffde][0x5]J[0xffffff98][0xffffffb5][0xffffffcb]7J`[0xffffff87]A[0x7][0xffffffbe]v9[0x2][0xffffffd6].[0xffffff87][0xffffff99]d+[0xc]8[0xffffffb6]v9dt[0xffffff8d][0xffffffa4]D[0xffffffc8][0xffffffda][0xffffffa5][\r]$C[0xffffff89][0xffffff80][0xffffffb5]K[0x9]g5%[0xffffff82][0xffffffd7].]y[0xffffffb2][0xffffff94][0xffffffc8][[0xffffffbb]t[0xffffffd5][0xffffffca]Q"e[0xffffffed]R[0xffffff8b]w[0xffffff81][0x12]f[0xffffffed][0xffffffb2][0xffffffbf][0xffffffc6][0xffffff89]Q[0x2]_[0xffffffbb][0x1c][0x1]k[0xffffff97][0xffffffc3]L[0xffffffb2][0x15][0x6][0x1c][[0xffffffbb][0x1c]2[0xffffffba]FR"d[0xffffffed][0xffffffd2][0x6][0xffffff92][0xffffffa1]D[0xffffffc0][0xffffffda][0xffffffa5][0xffffff84][0xffffffb3][0xffffff9a][0x12][0xffffffc1]k[0xffffff97][0xffffffae]<YJ[0xffffffe4][0xffffffad]][0xffffffba]j[0xffffffe5]([0xffffff91][0xffffffb2]v[0xffffffa9][0xffffffc5][0xffffffbb]@[0xffffff89][0xffffffcb]Pb[0xffffffdb]^7E[0xffffff89][0xb][0xffffffa7][0xffffffc4][0x15]@[0xffffff89]K[0xfffffff3]^[0x18][0xfffffff0][0xb][0xffffffa3][0xffffffc4][0xffffff95]D[0x9][0xffffff8d]"C[0x9][0x17]H[0xffffff86][0x12][0x1a][0xffffffcb]zJ[0xffffffcc][0xffffffe1][0xffffffac][0xffffffa6][0xffffffc4][0x1c][0xffffffd1]$J[0xffffff98][0xfffffff2]d)a[0xffffffbb][0xffffff94][0xffffffa5][0xffffff84][0xffffffa9]V[0xffffff8e][0x12][0xffffffd2][0xffffffb4][0x14]%[0xffffffa4]x[0x17](a[0xffffffd6].[0xfffffffb]v[\r][0xffffffea]0[0xffffffe8][0xffffffc0][0xffffffd7].G[0xffffffc0][0xffffffda][0xffffffe5]0[0xffffff93]l[0xffffff85][0x1][0xffffffc7][0xffffffd6].[0xffffff87][0xffffff8c][0xffffffae][0xffffff91][0xffffff94][0x8]Y[0xffffffbb][0xffffffb4][0xffffff81]d([0x11][0xffffffb0]v)[0xffffffe1][0xffffffac][0xffffffa6]D[0xfffffff0][0xffffffda][0xffffffa5]+O[0xffffff96][0x12]yk[0xffffff97][0xffffffae]Z9J[0xffffffa4][0xffffffac]]j[0xfffffff1].Q[0xffffffe2][0x8][0xffffffa3][0xffffffc4][0xffffff81]S[0xffffffe2][0x8][0xffffffa0][0xffffffc4][0xffffff81]R[0xffffffe2][0xffffffc0](q$Qb[0xffffff8e]"E[0x9][\r]$E[0xffffff89]9[0xffffff96][0x4]%[0xe][0xffffff98][0x12]G0%[0xffffffa4]<iJ[0xffffff98].[0xffffffa5])![0xffffffd5]JR[0xffffffe2]H[0xffffffa1][0xffffffc4][0xfffffff1]cJ[0xffffffb8][0xffffffe1][0xffffffec][0xffffffad]][0xffffffd8][0x1f]8[0xfffffff0][0xffffffe1][0xffffffec][0x11]0[0xffffff9c]=[0xffffffcc][0xffffffba]ka[0xffffffc0][0xffffffb1][0xffffffe1][0xffffffec]![0xfffffffb][0xffffffad]$%B[0xffffff86][0xffffffb3]m [0x19]J[0x4][0xc]gK8[0xffffffab])[0x11]<[0xffffff9c][0xffffffed][0xffffffca][0xffffff93][0xffffffa5]D[0xffffffde]p[0xffffffb6][0xffffffab]V[0xffffff8e][0x12])[0xffffffc3][0xffffffd9]Z[0xffffffbc][0xb][0xffffff94]p[0xffffffc3][0xffffffd9][0xfffffffb][0xffffffbe]c[0xffffff87]A[0xfffffff1][0xffffffe1][0xffffffec][0x11]0[0xffffff9c]=[0xffffffcc][0xffffffba]ka[0xffffffc0][0xffffffb1][0xffffffe1][0xffffffec]![0xfffffffb][0xffffffad]$%B[0xffffff86][0xffffffb3]m [0x19]J[0x4][0xc]gK8[0xffffffab])"
2024-07-29 11:03:33 DEBUG wire:92 - http-outgoing-1 << "[0x11]<[0xffffff9c][0xffffffed][0xffffffca][0xffffff93][0xffffffa5]D[0xffffffde]p[0xffffffb6][0xffffffab]V[0xffffff8e][0x12])[0xffffffc3][0xffffffd9]Z[0xffffffbc][0xb][0xffffff94]p[0xffffffc3][0xffffffd9][0xfffffffb][0xffffffb9]ao%[0xfffffff0][0xffffffe1][0xffffffec][0x11]0[0xffffff9c]=[0xffffffcc][0xffffffba]ka[0xffffffc0][0xffffffb1][0xffffffe1][0xffffffec]![0xfffffffb][0xffffffad]$%B[0xffffff86][0xffffffb3]m [0x19]J[0x4][0xc]gK8[0xffffffab])[0x11]<[0xffffff9c][0xffffffed][0xffffffca][0xffffff93][0xffffffa5]D[0xffffffde]p[0xffffffb6][0xffffffab]V[0xffffff8e][0x12])[0xffffffc3][0xffffffd9]Z[0xffffffbc][0xffffffdf][0xffffffa6][0xffffffc4][0xfffffff9]r[0xffffffc3][0xffffffd9]{[0xffffffef];C[0xffffff89][0xffffff8f][0xffffffe7]A)[0xfffffff1][0xfffffff9][0x4],%[0xfffffffe]<[0x3]A[0xffffff89][0xffffffcf]_'([0xfffffff1][0xfffffffb][0xffffff97][0x13]([0xffffffe1][0xffffffa2]HP[0xffffffc2][0x7][0xffffff92][0xffffffa0][0xffffff84][0xffffff8b]e5%4[0xffffff9c][0xffffffb5][0xffffff94][0xffffffd0][0xffffff88][0xffffffe6]P[0xffffffc2][0xffffff96]'I[0xffffff89][0xffffff87].%)a[0xffffffab][0xffffff95][0xffffffa2][0xffffff84]iZ[0xffffff86][0x12][0xffffffa6]x[0x17]([0xffffffe1][0xffffff86][0xffffffb3][0xffffff8f][0xffffffd7][0xe][0xffffffed]J|<[0xf]L[0x9]~8[0xfffffffb][0xffffffcf]30[0xffffff94][0xffffffa0][0xffffff86][0xffffffb3][0x7f][0xffffffff]r[0x6]%2[0xffffff86][0xffffffb3]} [0x19]J[0xfffffff0][0xffffffc3][0xffffffd9][0x1a][0xffffffce]jJ[0xffffffe4][0xe]g[0xffffffdb][0xfffffff2]d)[0x11]7[0xffffff9c]m[0xffffffab][0xffffff95][0xffffffa3]D[0xffffffc8]p[0xffffffb6])[0xffffffde][0x5]J[0xffffffb8][0xffffffe1][0xffffffec][0xffffffe3]l[0xffffffd0][0x9][0xffffff8e][0xffffff8f][0xffffffe7][0xffffff81])[0xffffffc1][0xf]g[0xffffffff]y[0x6][0xffffff86][0x12][0xffffffd4]p[0xfffffff6][0xffffffef]_[0xffffffce][0xffffffa0]D[0xffffffc6]p[0xffffffb6][0xf]$C[0x9]~8[[0xffffffc3]YM[0xffffff89][0xffffffdc][0xffffffe1]l[[0xffffff9e],%[0xffffffe2][0xffffff86][0xffffffb3]m[0xffffffb5]r[0xffffff94][0x8][0x19][0xffffffce]6[0xffffffc5][0xffffffbb]@[0x9]7[0xffffff9c]}\[0xffffffed][0xffffffa4](A[0xf]g[0x7f]>[0x1]M[0x9]r8[0xfffffffb][0xfffffff3][0xffffffd7][0x19]J[0x4][\r]g[0xffffffbb](2[0xffffff94]H[0x19][0xffffffce]v[0xffffffb1][0xffffffac][0xffffffa7][0x4];[0xffffff9c][0xffffffad][0x11]M[0xffffffa2]D[0xffffffd8]p[0xfffffff6]C[0xffffff97][0xffffffb2][0xffffff94][0x8][0x1a][0xffffffce]6MKQ[0xffffffe2][0xffffffe7][0xffffffc3][0xffffffd9][0xffffffe7][0xffffffcb][\r]g[0x1f][0xfffffff7]kP[0xffffff94][0xffffffa0][0xffffff87][0xffffffb3]?[0xffffff9f][0xffffff80][0xffffffa6][0x4]9[0xffffff9c][0xfffffffd][0xfffffff9][0xffffffeb][0xc]%[0xffffff82][0xffffff86][0xffffffb3]][0x14][0x19]J[0xffffffa4][0xc]g[0xffffffbb]X[0xffffffd6]S[0xffffff82][0x1d][0xffffffce][0xffffffd6][0xffffff88]&Q"l8[0xfffffffb][0xffffffa1]KYJ[0x4][\r]g[0xffffff9b][0xffffffa6][0xffffffa5]([0xfffffff1][0xfffffff3][0xffffffe1][0xffffffec][0xfffffff3]uYJl/[0xffffff8a][0x12][0x17]N[0xffffff89]+[0xffffff80][0x12][0xffffff97][0xffffffe6][0xffffffbd]0[0xffffffe0][0x17]F[0xffffff89]+[0xffffff89][0x12][0x1a]E[0xffffff86][0x12].[0xffffff90][0xc]%4[0xffffff96][0xfffffff5][0xffffff94][0xffffff98][0xffffffc3]YM[0xffffff89]9[0xffffffa2]I[0xffffff94]0[0xffffffe5][0xffffffc9]R[0xffffffc2]v)K[0x9]S[0xffffffad][0x1c]%[0xffffffa4]i)JH[0xfffffff1].P[0xffffffc2][\r]g[0x1f][0xfffffff7][0xffffffc0](A[0xf]g[0x7f]>[0x1]M[0x9]r8[0xfffffffb][0xfffffff3][0xffffffd7][0x19]J[0x4][\r]g[0xffffffbb](2[0xffffff94]H[0x19][0xffffffce]v[0xffffffb1][0xffffffac][0xffffffa7][0x4];[0xffffff9c][0xffffffad][0x11]M[0xffffffa2]D[0xffffffd8]p[0xfffffff6]C[0xffffff97][0xffffffb2][0xffffff94][0x8][0x1a][0xffffffce]6MKQ[0xffffffe2][0xffffffe7][0xffffffc3][0xffffffd9][0xffffffe7][0xffffffcb][0xffffffad]][0x1e]}[0xffffff83]&[0xffffffaa]>[0xffffff9e][0x7][0xffffffa6][0x4][0xffffffbf]v[0xfffffff9][0xffffffe7][0x19][0x18]JPk[0xffffff97][0xffffffbf][0x7f]9[0xffffff83][0x12][0x19]k[0xffffff97]>[0xffffff90][0xc]%[0xfffffff8][0xffffffb5]K[\r]g5%r[0xffffffd7].my[0xffffffb2][0xffffff94][0xffffff88][[0xffffffbb][0xffffffb4][0xffffffd5][0xffffffca]Q"d[0xffffffed][0xffffffd2][0x14][0xffffffef][0x2]%[0xffffffdc][0xffffffda][0xffffffe5][0xffffffb9][0xffffff9d][0xffffffd8][[0x9]z[0xffffffed][0xfffffff2][0xfffffff3][0x9]hJ[0xffffff90]k[0xffffff97][0xffffff9f][0xffffffbf][0xffffffce]P"h[0xffffffed][0xffffffd2]E[0xffffff91][0xffffffa1]D[0xffffffca][0xffffffda][0xffffffa5][0xffffff8b]e=%[0xffffffd8][0xffffffb5]K[0xffffff8d]h[0x12]%[0xffffffc2][0xffffffd6].[0x1f][0xffffffba][0xffffff94][0xffffffa5]D[0xffffffd0][0xffffffda][0xffffffa5]iZ[0xffffff8a][0x12]?_[0xffffffbb]<_n[0xffffffed][0xfffffff2]<_[0xffffffd8]aPz[0xffffffed][0xfffffff2][0xfffffff3][0x9]hJ[0xffffff90]k[0xffffff97][0xffffff9f][0xffffffbf][0xffffffce]P"h[0xffffffed][0xffffffd2]E[0xffffff91][0xffffffa1]D[0xffffffca][0xffffffda][0xffffffa5][0xffffff8b]e=%[0xffffffd8][0xffffffb5]K[0xffffff8d]h[0x12]%[0xffffffc2][0xffffffd6].[0x1f][0xffffffba][0xffffff94][0xffffffa5]D[0xffffffd0][0xffffffda][0xffffffa5]iZ[0xffffff8a][0x12][0xffffffff][0xffffffc1][0xffffffda][0xffffffe5][0xffffffe6][0xffffffd6].[0xffffffcf]vw[0xffffff88][0x12][0x1b][0xffffffbe]v[0xffffffb9][0x5][0xffffffac]]nf[0xffffff92][0xffffffad].[0xffffffe0][0x1b][0xffffffb6]v[0xffffffb9][0xffffffc9][0xffffffe8][0x1a]H[0x9][0x13]E[0xffffff84][0x12]6[0xffffff90][0x8]%L,[0xffffffcb])![0xffffffe1],[0xffffffa6][0xffffff84]D4[0xffffff88][0x12][0xffffffae]<QJ[0xfffffff8].E)[0xffffffe1][0xffffffaa][0x15][0xffffffa3][0xffffff84]6-D[0x9]-[0xffffffde][0x5]Jl[0xffffffe6][0xffffff92][0xfffffff1][0xffffffeb]uQ[0x7f][0xffffffe0]x[0x7f][0x1e][0xffffff98][0x12][0x1b]~[0xffffffc9][0xfffffff8][0xffffff9f]g`([0xffffffb1]A[0xffffff97][0xffffff8c][0xffffffff][0xfffffffe][0xffffffe5][0xc]Jh[0x14][0x19]J[0xffffffb8]@2[0xffffff94][0xffffffd0]X[0xffffffd6]Sb[0xe]g5%[0xffffffe6][0xffffff88]&Q[0xffffffc2][0xffffff94]'K[0x9][0xffffffdb][0xffffffa5],%L[0xffffffb5]r[0xffffff94][0xffffff90][0xffffffa6][0xffffffa5](![0xffffffc5][0xffffffbb]@[0x9][0xffffffb7]vy[0xffffff9d][0x1b]5[0xffffff9c][0xffffffbd][0xffffffe1]k[0xffffff97][[0xffffffc0][0xffffffda][0xffffffe5]f&[0xffffffd9][\n]"
2024-07-29 11:03:33 DEBUG wire:92 - http-outgoing-1 << "[0x3][0xffffff8e][0xffffffad]]n2[0xffffffba]FR"d[0xffffffed][0xffffffd2][0x6][0xffffff92][0xffffffa1]D[0xffffffc0][0xffffffda][0xffffffa5][0xffffff84][0xffffffb3][0xffffff9a][0x12][0xffffffc1]k[0xffffff97][0xffffffae]<YJ[0xffffffe4][0xffffffad]][0xffffffba]j[0xffffffe5]([0xffffff91][0xffffffb2]v[0xffffffa9][0xffffffc5][0xffffffbb]@[0x9][0xffffffb7]vy[0xffffffb5]s[0xffffffa7]([0xffffff81][0xffffffaf]]n[0x1]k[0xffffff97][0xffffff9b][0xffffff99]d+[0xc]8[0xffffffb6]v[0xffffffb9][0xffffffc9][0xffffffe8][0x1a]I[0xffffff89][0xffffff90][0xffffffb5]K[0x1b]H[0xffffff86][0x12][0x1]k[0xffffff97][0x12][0xffffffce]jJ[0x4][0xffffffaf]][0xffffffba][0xfffffff2]d)[0xffffff91][0xffffffb7]v[0xffffffe9][0xffffffaa][0xffffff95][0xffffffa3]D[0xffffffca][0xffffffda][0xffffffa5][0x16][0xffffffef][0x2]%[0xffffffdc][0xffffffda][0xffffffe5][0xfffffffd][0xffffffba]0J[0xffffffe0]k[0xffffff97][[0xffffffc0][0xffffffda][0xffffffe5]f&[0xffffffd9][\n]"
2024-07-29 11:03:33 DEBUG wire:106 - http-outgoing-1 << "[0x3][0xffffff8e][0xffffffad]]n2[0xffffffba]FR"d[0xffffffed][0xffffffd2][0x6][0xffffff92][0xffffffa1]D[0xffffffc0][0xffffffda][0xffffffa5][0xffffff84][0xffffffb3][0xffffff9a][0x12][0xffffffc1]k[0xffffff97][0xffffffae]<YJ[0xffffffe4][0xffffffad]][0xffffffba]j[0xffffffe5]([0xffffff91][0xffffffb2]v[0xffffffa9][0xffffffc5][0xffffffbb]@[0xffffff89][0xffffffcb]Q[0xffffffe2][0xffffffdc][0xffffffb1][0xffffffcf]./[0xffffff9c][0x12]W[0x0]%.[0xffffffcd]{a[0xffffffc0]/[0xffffff8c][0x12]W[0x12]%4[0xffffff8a][0xc]%\ [0x19]Jh,[0xffffffeb])1[0xffffff87][0xffffffb3][0xffffff9a][0x12]sD[0xffffff93](a[0xffffffca][0xffffff93][0xffffffa5][0xffffff84][0xffffffed]R[0xffffff96][0x12][0xffffffa6]Z9JH[0xffffffd3]R[0xffffff94][0xffffff90][0xffffffe2]][0xffffffa0][0xffffff84][[0xffffffbb][0xffffffbc][0xffffffdb]yR[0xffffff94][0xffffffc0][0xffffffd7].[0xffffffb7][0xffffff80][0xffffffb5][0xffffffcb][0xffffffcd]L[0xffffffb2][0x15][0x6][0x1c][[0xffffffbb][0xffffffdc]dt[0xffffff8d][0xffffffa4]D[0xffffffc8][0xffffffda][0xffffffa5][\r]$C[0xffffff89][0xffffff80][0xffffffb5]K[0x9]g5%[0xffffff82][0xffffffd7].]y[0xffffffb2][0xffffff94][0xffffffc8][[0xffffffbb]t[0xffffffd5][0xffffffca]Q"e[0xffffffed]R[0xffffff8b]w[0xffffff81][0x12]n[0xffffffed][0xfffffff2][0x1e][0x17][0xfffffff6][0xffffffd9]%[0xffffffbe]v[0xffffffb9][0x5][0xffffffac]]nf[0xffffff92][0xffffffad]0[0xffffffe0][0xffffffd8][0xffffffda][0xffffffe5]&[0xffffffa3]k$%B[0xffffffd6].m [0x19]J[0x4][0xffffffac]]J8[0xffffffab])[0x11][0xffffffbc]v[0xffffffe9][0xffffffca][0xffffff93][0xffffffa5]D[0xffffffde][0xffffffda][0xffffffa5][0xffffffab]V[0xffffff8e][0x12])k[0xffffff97]Z[0xffffffbc][0xb][0xffffff94]pk[0xffffff97][0xffffffed][0xffffffb5]ao%[0xfffffff0][0xffffffb5][0xffffffcb]-`[0xffffffed]r3[0xffffff93]l[0xffffff85][0x1][0xffffffc7][0xffffffd6].7[0x19]]#)[0x11][0xffffffb2]vi[0x3][0xffffffc9]P"`[0xffffffed]R[0xffffffc2]YM[0xffffff89][0xffffffe0][0xffffffb5]KW[0xffffff9e],%[0xfffffff2][0xffffffd6].][0xffffffb5]r[0xffffff94]HY[0xffffffbb][0xffffffd4][0xffffffe2]][0xffffffa0][0xffffff84][[0xffffffbb]l[0xffffffe0][0xffffffae][0x4][0xffffffbe]v[0xffffffb9][0x5][0xffffffac]]nf[0xffffff92][0xffffffad]0[0xffffffe0][0xffffffd8][0xffffffda][0xffffffe5]&[0xffffffa3]k$%B[0xffffffd6].m [0x19]J[0x4][0xffffffac]]J8[0xffffffab])[0x11][0xffffffbc]"
2024-07-29 11:03:33 DEBUG wire:92 - http-outgoing-1 << "v[0xffffffe9][0xffffffca][0xffffff93][0xffffffa5]D[0xffffffde][0xffffffda][0xffffffa5][0xffffffab]V[0xffffff8e][0x12])k[0xffffff97]Z[0xffffffbc][0xffffffdf][0xffffffa7][0xffffffc4][0xffffffee][0xffffffd6].[0xffffffdb][0xfffffff6][0xffffffa2]([0xffffffb1][0xffffffe3]k[0xffffff97]{[0xffffffc0][0xffffffda][0xffffffe5]n&[0xffffffd9][0xffffffea][0x2][0xffffffbe]ck[0xffffff97][0xffffffbb][0xffffff8c][0xffffffae][0xffffff81][0xffffff94]0QD(a[0x3][0xffffff89]P[0xffffffc2][0xffffffc4][0xffffffb2][0xffffff9c][0x12][0x12][0xffffffce]bJHD[0xffffff83]([0xffffffe1][0xffffffca][0x13][0xffffffa5][0xffffff84][0xffffffef]R[0xffffff94][0x12][0xffffffae]Z1Jh[0xffffffd3]B[0xffffff94][0xffffffd0][0xffffffe2]][0xffffffa2][0xffffff84][0xffffffae]][0xffffffb2][0xffffff94][0xffffff80][0xffffffd7].?[0xffffff9e][0xffffff80][0xffffffa7][0x4][0xffffffb8]v[0xfffffff9][0xfffffff1][0xffffffeb][0x14]%r[0xffffffd6].M[0x14])J[0xffffff84][0xffffffac]][0xffffff9a]X[0x12][0xffffff94]@[0xffffffd7].%[0xffffffa2]Y[0xffffff94][0xffffffc8]Z[0xffffffbb][0xfffffff4]]JS"g[0xffffffed]R[0xffffff9b][0xffffff96][0xffffffa3][0xffffffc4][0xffffff8f][0xffffffd7].[0xfffffff7][0xffffffcd][0xffffffbd][0xffffff95][0xffffffd8][0xfffffff7][0xffffff8b][0xffffffa2][0xffffffc4][0xffffff86][0xffffffbf][0xffffff95][0xffffffd8][0x2][0xffffffde]JlJ[0xffffffe7][0xffffffc2][0xffffff80]o[0xffffffd8][[0xffffff89]-[0xffffffe9][0xffffffad][0xffffff84]F[0xffffff91][0xffffffa1][0xffffff84][0xb]$C[0x9][0xffffff8d]e=%[0xffffffe6]pVSb[0xffffff8e]h[0x12]%Ly[0xffffffb2][0xffffff94][0xffffffb0]][0xffffffca]R[0xffffffc2]T+G[0x9]iZ[0xffffff8a][0x12]R[0xffffffbc][0xb][0xffffff94]p[0xffffffc3][0xffffffd9][0xffffffad]][0xffffffd4][0xffffffcd][0xffffffa0];>[0xffffff9c][0xffffffbd][0x7][0xc]g[0xffffffef]f[0xffffffdd][0xffffffb5]0[0xffffffe0][0xffffffd8]p[0xfffffff6].[0xfffffffb][0xffffffad]$%B[0xffffff86][0xffffffb3]m [0x19]J[0x4][0xc]gK8[0xffffffab])[0x11]<[0xffffff9c][0xffffffed][0xffffffca][0xffffff93][0xffffffa5]D[0xffffffde]p[0xffffffb6][0xffffffab]V[0xffffff8e][0x12])[0xffffffc3][0xffffffd9]Z[0xffffffbc]K[0xffffff94]0[0x7f][0xffffffe0]@)A[0xffffffff][0xffffff81]c[0xf][0xfffffff8][0x3][0xffffffc7][0xffffffae]o[0xffffffe1]J[0x3]N[0xfffffffd][0xffffff81]cO[0xfffffffa][0x3][0xffffff87]F[0xffffff91][0xffffffa2]D[0xffffffca][0x1f]84[0xffffff96][0x4]%[0xffffffd8]?p[0xffffffcc][0x11][0xffffffcd][0xffffffa2]D[0xffffffd8][0x1f]8l[0xffffff97][0xffffffd2][0xffffff94][0x8][0xfffffffa][0x3][0xffffff87]4-G[0xffffff89][0xffffff9f][0xffffffff][0xffffff81]c[0xffffffff][0xffffff9f]3[0xffffff8c][0x12]'N[0xffffff89]3[0xffffff80][0x12]'J[0xffffff89][0x13][0xffffffa3][0xffffffc4][0xffffff99]D[0xffffff89]9[0xffffff8a][0x14]%4[0xffffff90][0x14]%[0xffffffe6]X[0x12][0xffffff94]8aJ[0xffffff9c][0xffffffc1][0xffffff94][0xffffff90][0xfffffff2][0xffffffa4])a[0xffffffba][0xffffff94][0xffffffa6][0xffffff84]T+I[0xffffff89]3[0xffffff85][0x12][0xffffffe7][0x7f]@[0xffffff89]-[0xffffffcd][0x12][0x1b][0xffffff8f][0xffffff89]-A[0x13][0x1b][0xffffffcb][0xffffff89][0xffffff8d][0xfffffff3][0xffffffc4][0x16][0x5][\n]"
2024-07-29 11:03:33 DEBUG wire:92 - http-outgoing-1 << "[0xffffffc9]#%[\n]"
2024-07-29 11:03:33 DEBUG wire:106 - http-outgoing-1 << "[0xffffff93]J[0xffffff8a][0x14][0xffffff92]M[0xffffffc2][0x14][0x1b][0xffffff8d][0xffffff8a]-Y[0x15]Z[0xffffffa3]4+\[0xffffffab][0xffffffd2][0xffffffae][0xffffffd0][0xffffff92]%a1w.'[0xffffff8b][0xffffffb9][0xffffff82][0xffffff97]h[0xffffffb1][0xffffffdf]a[0xffffffb4][0xffffffd8]o[0xffffff9c][0x16]o[0xffffff8f][0xffffffc0][0xffffffd3][0xffffffe2][0xffffffd7]CP[0xffffffb4]x[0xfffffffb]y[0xffffff8a][0x16][0xffffff9f]?[0xffffff9d]B[0xb][0xffffffc9]#E[0xb][0xffffff93]J[0xffffff8a][0x16][0xffffff92]M[0xffffff82][0x16]SB[0xffffffeb]i1[0xffffffe5]4[0xffffff8b][0x16]Z[0xffffffa3]4-\[0xffffffab][0xffffffd2][0xffffffb4][0xffffffd0][0xffffff92]%i1w.G[0xffffff8b][0xffffffb9][0xffffff82][0xffffff97]hqna[0xffffffb4]87[0xffffff9c][0x16]o[0xffffff8f][0xffffffc0][0xffffffd3][0xffffffe2][0xffffffd7]CP[0xffffffb4]x[0xfffffffb]y[0xffffff8a][0x16][0xffffff9f]?[0xffffff9d]B[0xb][0xffffffc9]#E[0xb][0xffffff93]J[0xffffff8a][0x16][0xffffff92]M[0xffffff82][0x16]SB[0xffffffeb]i1[0xffffffe5]4[0xffffff8b][0x16]Z[0xffffffa3]4-\[0xffffffab][0xffffffd2][0xffffffb4][0xffffffd0][0xffffff92]%i1w.G[0xffffff8b][0xffffffb9][0xffffff82][0xffffff97]hq[0xffffffa7][0x1d][0xfffffff9][0xffffffb8][0xfffffff9]3[0x1f]o[0xffffff8f][0xffffffc0][0xffffffd3][0xffffffe2][0xffffffd7]CP[0xffffffb4][0xffffffb8][0xffffffb9]c[0x1f]w[0xffffffd4][0xffffffb9][0xf][0xffffffc9]#E[0xb][0xffffff93]J[0xffffff8a][0x16][0xffffff92]M[0xffffff82][0x16]7}[0xfffffff6][0xffffffe3]N>[0xfffffffc][0xffffffa1]5J[0xffffffd3][0xffffffc2][0xffffffb5]*M[0xb]-Y[0xffffff92][0x16]s[0xffffffe7]r[0xffffffb4][0xffffff98]+x[0xffffff89][0x16]-[0xffffffed][0xf]"[0xffffff8d][0xffffffff][0xffffff83]HK[0xfffffff8][0xffffff83]Hc[0xffffffff] [0xffffffd2][0xffffffb8]?[0xffffff88][0xffffffb4][0xffffffa8]?[0xffffff88]H[0x1e])Z[0xffffff98]TR[0xffffffb4][0xffffff90]l[0x12][0xffffffb4]h[0xfffffff4][0x1f]DZ[0xfffffff2][0x1f]D[0xffffffb4]FiZ[0xffffffb8]V[0xffffffa5]i[0xffffffa1]%K[0xffffffd2]b[0xffffffee]\[0xffffff8e][0x16]s[0x5][0xffffffaf][0xffffffd1][0xffffffa2][0xffffffa7][0xffffffd1][0xffffffa2][0xfffffff3][0xffffffb4][0xffffffe8][0x9][0xffffffb4][0xffffffe8],-:G[0xffffff8b][0x1e]E[0xffffff8b]9[0xffffff8f][0x18]-4[0xffffff95][0x18]-[0xffffffe6]l"[0xffffffb4][0xffffffe8]4-z2-[0xffffffa4]FqZ[0xffffff98]V[0xffffffc5]i!%[0xffffff8b][0xffffffd2][0xffffffa2][0xffffffc7][0xffffffd0][0xffffffa2][0xffffffff][0x7][0xffffffb4][0xffffffd8][0xffffffe2]>[0xffffffb6][0xffffffd8][0x2][0xffffffbe][0xffffffb6][0xffffffd8]">[0xffffffb7][0xffffffd8][0xfffffff4]O[0xffffff81][0xffffffa5]Q[0xffffffdf][0xffffffc0][0xf].[0xffffffb6][0xffffffac]/.4[0xffffff94][0xffffff94]0\4)bh@[0x9]c[0xffffffcc]1[0xffffffad]G[0xffffffc6][0x1c][0xffffffd6],e[0xffffff98]B[0xffffffa5][0xffffff99]a[0xfffffffb][0xffffff95]v[0xffffff86][0xffffffa9][[0x12][0x1a][0xffffffd2][0xffffffbe][0xffffff9c]4[0xffffffa4][0xffffff8c][0xffffffbf]C[0xffffff8d][0xfffffffb][0xfffffff3]_9[0xffffffcc][0xffffffda]f?[0xffffffb7]Q[0xe][0xffffff8d]?[0xffffffcf]C1[0xffffffe3][0xffffffcb][0x13]`[0xffffffc8][0xffffff98][0xffffff9e][0xffffffa1][0xffffff98][0x18]_~[0xffffffbd][0x18][0x18][0xffffffff][0xfffffffe]e[0xffffff98][0x17][0xffffff8f]Q,[0xffffffc6][0xffffffc5]_[0x2]YL[0xffffff8b][0xffffffc7]X[0x16][0xffffffc2][0xffffffe2]![0xffffff9c]e[0xffffffac]x[0xffffff88]h[0x4]*[0xffffff9e][0xffffffcb][0x13]"[0xffffffc5][0xffffffdf][0xffffffba][0x14][0x2][0xffffffc5]s[0xffffffb5][0x2][0xffffff9c]xj[0xffffffda]rL<[0x15][0xffffffef][0x12]%[0xfffffff6]0J[0xffffffec]8%[0xfffffff6][0x0]J[0xffffffec](%v[0xffffff8c][0x12]{[0x12]%[0xffffffe6](R[0xffffff94][0xffffffd0]@R[0xffffff94][0xffffff98]cIPb[0xffffff87])[0xffffffb1][0x7]SB[0xffffffca][0xffffff93][0xffffffa6][0xffffff84][0xffffffe9]R[0xffffff9a][0x12]R[0xffffffad]$%[0xfffffff6][0x14]J[0xffffffec]?[0xffffffa6][0xffffffc4][0xffffffe9][0xffffffde]J[0xffffffdc][0xfffffff7]NQ[0xffffffe2][0xffffffc4][0xffffffdf]J[0xffffff9c][0x1]o%N[0xffffffa5]sa[0xffffffc0]O[0xffffffec][0xffffffad][0xffffffc4][0xffffff99][0xfffffff4]VB[0xffffffa3][0xffffffc8]P[0xffffffc2][0x5][0xffffff92][0xffffffa1][0xffffff84][0xffffffc6][0xffffffb2][0xffffff9e][0x12]s8[0xffffffab])1G4[0xffffff89][0x12][0xffffffa6]<YJ[0xffffffd8].e)a[0xffffffaa][0xffffff95][0xffffffa3][0xffffff84]4-E[0x9])[0xffffffde][0xffffffef]S[0xffffffe2][0xffffffb8][0xffffff95][0x12]c[0xffffffdb]_[0x14]%[0xffffffde][0xffffff9f][0xffffff87][0xffffffa5][0xffffffc4][0xffffffc7][0x13][0xffffffc0][0xffffff94][0xfffffff8][0xfffffffd][0xc][0x8]%>~[0x1d][0xffffffa1][0xffffffc4]?[0xffffffbf][0x1c]A[0x9][0x13]E[0xffffff84][0x12]6[0xffffff90][0x8]%L,[0xffffffcb])![0xffffffe1],[0xffffffa6][0xffffff84]D4[0xffffff88][0x12][0xffffffae]<QJ[0xfffffff8].E)[0xffffffe1][0xffffffaa][0x15][0xffffffa3][0xffffff84]6-D[0x9]-[0xffffffde][0x5]J4G[0xffffff89][0xfffffff3][0xffffffea][0x14]%[0x1a]N[0xffffff89][0x16]@[0xffffff89][0xffffffa6]y/[0xc]x[0xffffffc3]([0xffffffd1][0xffffff92]([0xffffffa1]Qd([0xffffffe1][0x2][0xffffffc9]PBcYO[0xffffff89]9[0xffffff9c][0xffffffd5][0xffffff94][0xffffff98]#[0xffffff9a]D[0x9]S[0xffffff9e],%l[0xffffff97][0xffffffb2][0xffffff94]0[0xffffffd5][0xffffffca]QB[0xffffff9a][0xffffff96][0xffffffa2][0xffffff84][0x14][0xffffffef][0x12]%[0xffffffe4][[0x9][0xffffff98][0x12][0xfffffff0][0xffffffb7][0x12][0x1f]O[0xffffffc0]S[0x2][0xfffffffc]V[0xffffffe2][0xffffffe3][0xffffffd7])J[0xffffffe4]|+a[0xffffffa2]HQ"[0xffffffe4][[0x9][0x13]K[0xffffff82][0x12][0xffffffe8][0xffffffb7][0x12][0x12][0xffffffd1],Jd}+[0xffffffe1][0xffffffbb][0xffffff94][0xffffffa6]D[0xffffffce][0xffffffb7][0x12][0xffffffda][0xffffffb4][0x1c]%~[0xfffffffc][0xffffffad][0xffffffc4][0xffffffd1][0xffffffdd][[0xffffff89][0xffffffbe]5[0xffffff8a][0x12][0x1d][0x7f]+[0xffffffd1][0x3][0xffffffde]Jt[0xffffffa5]sa[0xffffffc0];[0xfffffff6]V[0xffffffa2]'[0xffffffbd][0xffffff95][0xffffffd0](2[0xffffff94]p[0xffffff81]d([0xffffffa1][0xffffffb1][0xffffffac][0xffffffa7][0xffffffc4][0x1c][0xffffffce]jJ[0xffffffcc][0x11]M[0xffffffa2][0xffffff84])O[0xffffff96][0x12][0xffffffb6]KYJ[0xffffff98]j[0xffffffe5](!MKQB[0xffffff8a]w[0xffffff89][0x12][0xffffffe6][0xffffffad][0x4]J[0x9][0xfffffffa][0xffffffad]D[0xf]x+[0xffffffd1][0xffffff95][0xffffffce][0xffffffa5][0x1][0xffffffa7][0xffffffde]J[0xfffffff4][0xffffffa4][0xffffffb7][0x12][0x1a]E[0xffffff8a][0x12])o%4[0xffffff96][0x4]%[0xffffffd8][0xffffffb7][0x12]s"
2024-07-29 11:03:33 DEBUG wire:92 - http-outgoing-1 << "D[0xffffffb3]([0x11][0xfffffff6]V[0xffffffc2]v)M[0xffffff89][0xffffffa0][0xffffffb7][0x12][0xffffffd2][0xffffffb4][0x1c]%~[0xfffffffe]Vb[0xffffff98][0xffffffb7][0x12][0xfffffffb][0xfffffff6]q[0xffffffcf][0x7]B[0xffffff89][0xffffff81][0xffffffbf][0xffffff95][0x18][0x1]o%[0xffffff86][0xffffffd2][0xffffffb9]0[0xffffffe0][0x3]{+1[0xffffff92][0xffffffde]Jh[0x14][0x19]J[0xffffffb8]@2[0xffffff94][0xffffffd0]X[0xffffffd6]Sb[0xe]g5%[0xffffffe6][0xffffff88]&Q[0xffffffc2][0xffffff94]'K[0x9][0xffffffdb][0xffffffa5],%L[0xffffffb5]r[0xffffff94][0xffffff90][0xffffffa6][0xffffffa5](![0xffffffc5][0xfffffffb]}J[0xffffff9c]/G[0xffffff89][0xffffffa3]S'8[0xffffffde][0xffffff9f][0xffffff87][0xffffffa5][0xffffffc4][0xffffffc7][0x13][0xffffffc0][0xffffff94][0xfffffff8][0xfffffffd][0xc][0x8]%>~[0x1d][0xffffffa1][0xffffffc4]?[0xffffffbf][0x1c]A[0x9][0x13]E[0xffffff84][0x12]6[0xffffff90][0x8]%L,[0xffffffcb])![0xffffffe1],[0xffffffa6][0xffffff84]D4[0xffffff88][0x12][0xffffffae]<QJ[0xfffffff8].E)[0xffffffe1][0xffffffaa][0x15][0xffffffa3][0xffffff84]6-D[0x9]-[0xffffffde][0x5]Jl[0xffffff8e][0x12][0xffffffed][0xffffffa2][0xfffffffe][0xffffffc0][0xfffffff1][0xfffffffe]<0%[0xffffffb6][0x0]Jl[0xffffff9a][0xfffffff7][0xffffffc2][0xffffff80]o[0x18]%[0xffffffb6]$Jh[0x14][0x19]J[0xffffffb8]@2[0xffffff94][0xffffffd0]X[0xffffffd6]Sb[0xe]g5%[0xffffffe6][0xffffff88]&Q[0xffffffc2][0xffffff94]'K[0x9][0xffffffdb][0xffffffa5],%L[0xffffffb5]r[0xffffff94][0xffffff90][0xffffffa6][0xffffffa5](![0xffffffc5][0xffffffbb]@[0xffffff89][0xffffffdd]Qb\[0x17]E[0xffffff89][0x1d][0xffffffa7][0xffffffc4][0x1e]@[0xffffff89]][0xfffffff3]^[0x18][0xfffffff0][0x1d][0xffffffa3][0xffffffc4][0xffffff9e]D[0x9][0xffffff8d]"C[0x9][0x17]H[0xffffff86][0x12][0x1a][0xffffffcb]zJ[0xffffffcc][0xffffffe1][0xffffffac][0xffffffa6][0xffffffc4][0x1c][0xffffffd1]$J[0xffffff98][0xfffffff2]d)a[0xffffffbb][0xffffff94][0xffffffa5][0xffffff84][0xffffffa9]V[0xffffff8e][0x12][0xffffffd2][0xffffffb4][0x14]%[0xffffffa4]x[0x17](a[0xffffffee][0xffffffe0][0x18][0xffffffc7][0xffffffb1][0xffffff9f][0x14]%[0xfffffff0];8[0xffffffce][0xffffff80];8N3[0x14]_[0x18]p[0xffffffec][0xe][0xffffff8e]S[0xffffffa6][0xffffffe0]IJ[0xffffff84][0xffffffdc][0xffffffc1]a[0x3][0xffffffc9]P"[0xffffffe0][0xe][0xe][0x9]g5%[0xffffff82][0xffffffef][0xffffffe0]p[0xffffffe5][0xffffffc9]R"[0xffffffef][0xe][0xe]W[0xffffffad][0x1c]%R[0xffffffee][0xffffffe0][0xffffffd0][0xffffffe2]][0xffffffa0][0xffffff84][0x19][0xffffffce]~[0xffffffa3][0xffffffc4][0xffffffb8])J[0xffffffe0][0xffffffc3][0xffffffd9]g[0xffffffc0]p[0xfffffff6]i[0xffffffd6]][0xb][0x3][0xffffff8e][\r]g[0xffffff9f][0xffffffb2][0xffffffdf]JR"d8[0xffffffdb][0x6][0xffffff92][0xffffffa1]D[0xffffffc0]p[0xffffffb6][0xffffff84][0xffffffb3][0xffffff9a][0x12][0xffffffc1][0xffffffc3][0xffffffd9][0xffffffae]<YJ[0xffffffe4][\r]g[0xffffffbb]j[0xffffffe5]([0xffffff91]2[0xffffff9c][0xffffffad][0xffffffc5][0xffffffbb]@[0xffffff89][0xffffffcb]Q[0xffffffe2]<[0xffffffea][0xffffffaf] [0xffffffff][0xfffffff3]<0%[0xffffffae][0x0]J\[0xffffff9a][0xfffffff7][0xffffffc2][0xffffff80]_[0x18]%[0xffffffae]$Jh[0x14][0x19]J[0xffffffb8]@2[0xffffff94][0xffffffd0]X[0xffffffd6]Sb[0xe]g5%[0xffffffe6][0xffffff88]&Q[0xffffffc2][0xffffff94]'K[0x9][0xffffffdb][0xffffffa5],%L[0xffffffb5]r[0xffffff94][0xffffff90][0xffffffa6][0xffffffa5](![0xffffffc5][0xffffffbb]@[0xffffff89][0xffffffdb]R[0xffffffa2]Q[0xffffff87]A[0xffffffdf][0xffffff9f][0x7][0xffffffa6][0xffffffc4][0x1d]@[0xffffff89][[0xfffffff3]^[0x18][0xfffffff0][0x1b][0xffffffa3][0xffffffc4][0xffffff9d]D[0x9][0xffffff8d]"C[0x9][0x17]H[0xffffff86][0x12][0x1a][0xffffffcb]zJ[0xffffffcc][0xffffffe1][0xffffffac][0xffffffa6][0xffffffc4][0x1c][0xffffffd1]$J[0xffffff98][0xfffffff2]d)a[0xffffffbb][0xffffff94][0xffffffa5][0xffffff84][0xffffffa9]V[0xffffff8e][0x12][0xffffffd2][0xffffffb4][0x14]%[0xffffffa4]x[0x17]([0xffffffe1][0xffffffee][0xffffffe0]8[0xffffffce][0xffffff81]Q[0x2][0xffffffbf][0xffffff83][0xffffffe3][0xc][0xffffffb8][0xffffff83][0xffffffe3]4C[0xfffffff1][0xffffff85][0x1][0xffffffc7][0xffffffee][0xffffffe0]8e[\n]"
2024-07-29 11:03:33 DEBUG wire:106 - http-outgoing-1 << "[0xffffff9e][0xffffffa4]D[0xffffffc8][0x1d][0x1c]6[0xffffff90][0xc]%[0x2][0xffffffee][0xffffffe0][0xffffff90]pVS"[0xfffffff8][0xe][0xe]W[0xffffff9e],%[0xfffffff2][0xffffffee][0xffffffe0]p[0xffffffd5][0xffffffca]Q"[0xffffffe5][0xe][0xe]-[0xffffffde][0x5]J[0xffffffb8][0xffffffe1][0xffffffec][0xffffffe3][0xffffffde][0x6]E[0x9]|8[0xfffffffb][0xc][0x18][0xffffffce]>[0xffffffcd][0xffffffba]ka[0xffffffc0][0xffffffb1][0xffffffe1][0xffffffec]S[0xfffffff6][IJ[0xffffff84][0xc]g[0xffffffdb]@2[0xffffff94][0x8][0x18][0xffffffce][0xffffff96]pVS"x8[0xffffffdb][0xffffff95]'K[0xffffff89][0xffffffbc][0xffffffe1]lW[0xffffffad][0x1c]%R[0xffffff86][0xffffffb3][0xffffffb5]x[0x17]([0xffffffe1][0xffffffd6].[0xffffff8f][0xffffffde][0xffffffb1][0xffffffcf].[0xfffffff1][0xffffffb5][0xffffffcb]3`[0xffffffed][0xfffffff2]4[0xffffff93]l[0xffffff85][0x1][0xffffffc7][0xffffffd6].O[0x19]]#)[0x11][0xffffffb2]vi[0x3][0xffffffc9]P"`[0xffffffed]R[0xffffffc2]YM[0xffffff89][0xffffffe0][0xffffffb5]KW[0xffffff9e],%[0xfffffff2][0xffffffd6].][0xffffffb5]r[0xffffff94]HY[0xffffffbb][0xffffffd4][0xffffffe2][0xfffffffd]>%[0xffffffae][0xffffffdb]P[0xffffffe2][0xffffffea][0xffffff9d][0xffffff9a][0xffffffa8]z[0x7f][0x1e][0xffffff96][0x12][0x1f]O[0x0]S[0xffffffe2][0xfffffff7]3 [0xffffff94][0xfffffff8][0xfffffff8]u[0xffffff84][0x12][0xffffffff][0xfffffffc]r[0x4]%L[0x14][0x11]J[0xffffffd8]@"[0xffffff94]0[0xffffffb1],[0xffffffa7][0xffffff84][0xffffff84][0xffffffb3][0xffffff98][0x12][0x12][0xffffffd1] J[0xffffffb8][0xfffffff2]D)[0xffffffe1][0xffffffbb][0x14][0xffffffa5][0xffffff84][0xffffffab]V[0xffffff8c][0x12][0xffffffda][0xffffffb4][0x10]%[0xffffffb4]x[0x17]([0xffffffe1][0xffffffbe][0xffffff95][0xffffffb8]_[0x7][0xfffffff5][0xffffffad][0xffffffc4][0xffffff85][0x7f]+q[0x5]|+q[0xffffff99]?[0xffffffe8][0x15][0x6][0x1c][0xfffffffb]V[0xffffffe2][0xffffff92]?[0xffffffd9][0xffffff91][0xffffff94][0x8][0xfffffff9]V[0xffffffc2][0x6][0xffffff92][0xffffffa1]D[0xffffffc0][0xffffffb7][0x12][0x12][0xffffffce]jJ[0x4][0x7f]+[0xffffffe1][0xffffffca][0xffffff93][0xffffffa5]D[0xffffffde][0xffffffb7][0x12][0xffffffae]Z9J[0xffffffa4]|+[0xffffffa1][0xffffffc5][0xffffffbb]@[0x9][0xfffffff7][0xffffffad][0xffffffc4][0xffffffdb][0xffffffff][0xffffffa6][0xffffffbe][0xffffff95][0xffffffb8][0xfffffff0]o%[0xffffffae][0xffffff80]o%.[0xfffffff3][0x7][0xffffffbd][0xffffffc2][0xffffff80]c[0xffffffdf]J\[0xfffffff2]';[0xffffff92][0x12]![0xffffffdf]J[0xffffffd8]@2[0xffffff94][0x8][0xfffffff8]VB[0xffffffc2]YM[0xffffff89][0xffffffe0]o%\y[0xffffffb2][0xffffff94][0xffffffc8][0xfffffffb]V[0xffffffc2]U+G[0xffffff89][0xffffff94]o%[0xffffffb4]x[0xffffffbf]O[0xffffff89][0xffffffdb]][0xffffffe7]u_[0xffffff9d][0x1a][0xffffffce][0xffffffbe][0xfffffff1][0xffffffeb][0xffffffbc][0xffffffee][0xffffff80][0xffffffeb][0xffffffbc]ns[0xffffffe7]L][0xffffffc0]o[0xffffffec]:[0xffffffaf][n[0xffffff95][0x1])a[0xffffffa2][0xffffff88]P[0xffffffc2][0x6][0x12][0xffffffa1][0xffffff84][0xffffff89]e9%$[0xffffff9c][0xffffffc5][0xffffff94][0xffffff90][0xffffff88][0x6]Q[0xffffffc2][0xffffff95]'J[0x9][0xffffffdf][0xffffffa5](%\[0xffffffb5]b[0xffffff94][0xffffffd0][0xffffffa6][0xffffff85]([0xffffffa1][0xffffffc5][0xffffffbb]@[0x9]w[0xffffff9d][0xffffffd7]}c[0xffffffc3][0xffffffd9]7~[0xffffff9d][0xffffffd7][0x1d]p[0xffffff9d][0xffffffd7]m[0xffffffee][0xffffff9c])[0xc]8v[0xffffff9d][0xffffffd7]-[0xffffffb7][0xffffffca][0xffffff90][0xffffff94][0x8][0xffffffb9][0xffffffce][0xffffffcb][0x6][0xffffff92][0xffffffa1]D[0xffffffc0]u^[0x12][0xffffffce]jJ[0x4]_[0xffffffe7][0xffffffe5][0xffffffca][0xffffff93][0xffffffa5]D[0xffffffde]u^[0xffffffae]Z9J[0xffffffa4]\[0xffffffe7][0xffffffa5][0xffffffc5][0xffffffbb]@[0x9]w[0xffffff9d][0xffffffd7]}[0xffffffb7][0xffffff9d][0xffffffa2][0x4]~[0xffffff9d][0xffffffd7][0x1d]p[0xffffff9d][0xffffffd7]m[0xffffffee][0xffffff9c])[0xc]8v[0xffffff9d][0xffffffd7]-[0xffffffb7][0xffffffca][0xffffff90][0xffffff94][0x8][0xffffffb9][0xffffffce][0xffffffcb][0x6][0xffffff92][0xffffffa1]D[0xffffffc0]u^[0x12][0xffffffce]jJ[0x4]_[0xffffffe7][0xffffffe5][0xffffffca][0xffffff93][0xffffffa5]D[0xffffffde]u^[0xffffffae]Z9J[0xffffffa4]\[0xffffffe7][0xffffffa5][0xffffffc5][0xffffffbb]@[0x9]w[0xffffff9d][0xffffffd7][0xffffffdd][0x1a][0xfffffff6][0x7][0xe][0xfffffffc]:[0xffffffaf];[0xffffffe0]:[0xffffffaf][0xffffffdb][0xffffffdc]9S[0x18]p[0xffffffec]:[0xffffffaf][n[0xffffff95]!)[0x11]r[0xffffff9d][0xffffff97][\r]$C[0xffffff89][0xffffff80][0xffffffeb][0xffffffbc]$[0xffffff9c][0xffffffd5][0xffffff94][0x8][0xffffffbe][0xffffffce][0xffffffcb][0xffffff95]'K[0xffffff89][0xffffffbc][0xffffffeb][0xffffffbc]\[0xffffffb5]r[0xffffff94]H[0xffffffb9][0xffffffce]K[0xffffff8b]w[0xffffff81][0x12][0xffffffee]:[0xffffffaf][0xffffffb6][0x1f][0x18]%[0xfffffff0][0xffffffeb][0xffffffbc][0xffffffee][0xffffff80][0xffffffeb][0xffffffbc]ns[0xffffffe7]La[0xffffffc0][0xffffffb1][0xffffffeb][0xffffffbc]n[0xffffffb9]U[0xffffff86][0xffffffa4]D[0xffffffc8]u^6[0xffffff90][0xc]%[0x2][0xffffffae][0xfffffff3][0xffffff92]pVS"[0xfffffff8]:/W[0xffffff9e],%[0xfffffff2][0xffffffae][0xfffffff3]r[0xffffffd5][0xffffffca]Q"[0xffffffe5]:/-[0xffffffde][0x5]J[0xffffffb8][0xffffffeb][0xffffffbc][0xffffffda][0xffffffc9]Q[0x2][0xffffffbf][0xffffffce][0xffffffeb][0xe][0xffffffb8][0xffffffce][0xffffffeb]6w[0xffffffce][0x14][0x6][0x1c][0xffffffbb][0xffffffce][0xffffffeb][0xffffff96][eHJ[0xffffff84]\[0xffffffe7]e[0x3][0xffffffc9]P"[0xffffffe0]:/[0x9]g5%[0xffffff82][0xffffffaf][0xfffffff3]r[0xffffffe5][0xffffffc9]R"[0xffffffef]:/W[0xffffffad][0x1c]%"
2024-07-29 11:03:33 DEBUG wire:106 - http-outgoing-1 << "R[0xffffffae][0xfffffff3][0xffffffd2][0xffffffe2]][0xffffffa2][0xffffffc4][0x1e]F[0xffffff89][0x1d][0xffffffa7][0xffffffc4][0x1e]@[0xffffff89][0x1d][0xffffffa5][0xffffffc4][0xffffff8e]QbO[0xffffffa2][0xffffffc4][0x1c]E[0xffffff8a][0x12][0x1a]H[0xffffff8a][0x12]s,[0x9]J[0xffffffec]0%[0xfffffff6]`JHy[0xffffffd2][0xffffff94]0]JSB[0xffffffaa][0xffffff95][0xffffffa4][0xffffffc4][0xffffff9e]B[0xffffff89][0xfffffffd][0xffffffc7][0xffffff94][0xffffffb8][0xffffffdd][[0xffffff89][0xfffffffe][0xfffffff1][0xffffff98][0x8]%n[0xfffffffc][0xffffffad][0xffffffc4][0x1d][0xfffffff0]V[0xffffffe2]V:[0x17][0x6][0xfffffffc][0xffffffc6][0xffffffde]J[0xffffffdc]Io%4[0xffffff8a][0xc]%\ [0x19]Jh,[0xffffffeb])1[0xffffff87][0xffffffb3][0xffffff9a][0x12]sD[0xffffff93](a[0xffffffca][0xffffff93][0xffffffa5][0xffffff84][0xffffffed]R[0xffffff96][0x12][0xffffffa6]Z9JH[0xffffffd3]R[0xffffff94][0xffffff90][0xffffffe2]][0xffffffa0][0xffffff84][[0xffffffbb][0xffffffec][0xffffffaf][0x13];[0xffffffc1][0xffffff81][0xffffffaf]][0xffffffde][0x1]k[0xffffff97][0xffffffb7][0xffffff99]d+[0xc]8[0xffffffb6]vy[0xffffffcb][0xffffffe8][0x1a]I[0xffffff89][0xffffff90][0xffffffb5]K[0x1b]H[0xffffff86][0x12][0x1]k[0xffffff97][0x12][0xffffffce]jJ[0x4][0xffffffaf]][0xffffffba][0xfffffff2]d)[0xffffff91][0xffffffb7]v[0xffffffe9][0xffffffaa][0xffffff95][0xffffffa3]D[0xffffffca][0xffffffda][0xffffffa5][0x16][0xffffffef][0x12]%[0xfffffff4][0xf][0x1c],%[0xffffffe8]?p[0xffffffb4][0xffffff80]?p4}[0xb]W[0x1a]p[0xffffffea][0xf][0x1c]-[0xffffffe9][0xf][0x1c][0x1a]E[0xffffff8a][0x12])[0x7f][0xffffffe0][0xffffffd0]X[0x12][0xffffff94]`[0xffffffff][0xffffffc0]1G4[0xffffff8b][0x12]a[0x7f][0xffffffe0][0xffffffb0]]JS"[0xffffffe8][0xf][0x1c][0xffffffd2][0xffffffb4][0x1c]%~[0xfffffffe][0x7][0xe]7[0xffffff9c][0xffffffdd][0xffffffcf][0xffffff83][0xffffffba][0x19][0xfffffff4][0xffffffc6][0xffffff87][0xffffffb3][0xffffffef][0xffffff80][0xffffffe1][0xffffffec][0xffffffdb][0xffffffac][0xffffffbb][0x16][0x6][0x1c][0x1b][0xffffffce][0xffffffbe]e[0xffffffbf][0xffffff95][0xffffffa4]D[0xffffffc8]p[0xffffffb6][\r]$C[0xffffff89][0xffffff80][0xffffffe1]l[0x9]g5%[0xffffff82][0xffffff87][0xffffffb3]]y[0xffffffb2][0xffffff94][0xffffffc8][0x1b][0xffffffce]v[0xffffffd5][0xffffffca]Q"e8[[0xffffff8b]w[0xffffff89][0x12][0xffffffe6][0xffffffad][0x4]J[0x9][0xfffffffa][0xffffffad]D[0xf]x+[0xffffffd1][0xffffff95][0xffffffce][0xffffffa5][0x1][0xffffffa7][0xffffffde]J[0xfffffff4][0xffffffa4][0xffffffb7][0x12][0x1a]E[0xffffff8a][0x12])o%4[0xffffff96][0x4]%[0xffffffd8][0xffffffb7][0x12]sD[0xffffffb3]([0x11][0xfffffff6]V[0xffffffc2]v)M[0xffffff89][0xffffffa0][0xffffffb7][0x12][0xffffffd2][0xffffffb4][0x1c]%~[0xfffffffe]Vb[0xffffffb8][0xffffffb7][0x12][0xffffffd7][0xffffffdd])J[0xc][0xfffffffc][0xffffffad][0xffffffc4]p[0xffffff92].[0xffffffce][0xfffffffb]P:[0x17][0x6]|`o%F[0xffffffd2][[0x9][0xffffff8d]"C[0x9][0x17]H[0xffffff86][0x12][0x1a][0xffffffcb]zJ[0xffffffcc][0xffffffe1][0xffffffac][0xffffffa6][0xffffffc4][0x1c][0xffffffd1]$J[0xffffff98][0xfffffff2]d)a[0xffffffbb][0xffffff94][0xffffffa5][0xffffff84][0xffffffa9]V[0xffffff8e][0x12][0xffffffd2][0xffffffb4][0x14]%[0xffffffa4]x[0xffffff97](a[0xffffffde]J[0xffffffa0][0xffffff94][0xffffffa0][0xffffffdf]J[0xffffff8c][0xffffff80][0xffffffb7][0x12]C[0xffffffe9]\[0x1a]p[0xffffffea][0xffffffad][0xffffffc4]Hz+[0xffffffa1]Q[0xffffffa4]([0xffffff91][0xfffffff2]VBcIP[0xffffff82]}+1G4[0xffffff8b][0x12]ao%l[0xffffff97][0xffffffd2][0xffffff94][0x8]z+!M[0xffffffcb]Q[0xffffffe2][0xffffffc7]o%[0xffffff9a][0xffffffbb][0x19]t[0xffffffbc][0xfffffff6][0x17]D[0xffffff89][0xffffff86][0xffffffdf][0xc][0xffffffda][0x2]n[0x6]m[0xffffffe6][0xfffffffa][0xffffffba][0xffffffba][0xffffff80]7[0xffffffec]f[0xffffffd0]&[0x17][0xffffffd4][0xffffff81][0xffffff94]0QD(a[0x3][0xffffff89]P[0xffffffc2][0xffffffc4][0xffffffb2][0xffffff9c][0x12][0x12][0xffffffce]bJHD[0xffffff83]([0xffffffe1][0xffffffca][0x13][0xffffffa5][0xffffff84][0xffffffef]R[0xffffff94][0x12][0xffffffae]Z1Jh[0xffffffd3]B[0xffffff94][0xffffffd0][0xffffffe2]][0xffffffa0][0xffffff84][0xffffffbb][0x19]tl[0xffffffdb][0xffffffa0]([0xffffff81][0xffffffdf][0xc][0xffffffda][0x2]n[0x6]m[0xffffffe6][0xfffffffa][0xffffffba][0xffffffc2][0xffffff80]c7[0xffffff83]6[0xffffffb9][0xffffffa0][0xffffff8e][0xffffffa4]D[0xffffffc8][0xffffffcd][0xffffffa0]6[0xffffff90][0xc]%[0x2]n[0x6][0xffffff95]pVS"[0xfffffff8]fPW[0xffffff9e],%[0xfffffff2]n[0x6]u[0xffffffd5][0xffffffca]Q"[0xffffffe5]fP-[0xffffffde][0x5]J[0xffffffb8][0xffffff9b]A[0xffffffc7][0xffffffdb][0xffffffff][0xffffffa7]([0xffffff81][0xffffffdf][0xc][0xffffffda][0x2]n[0x6]m[0xffffffe6][0xfffffffa][0xffffffba][0xffffffc2][0xffffff80]c7[0xffffff83]6[0xffffffb9][0xffffffa0][0xffffff8e][0xffffffa4]D[0xffffffc8][0xffffffcd][0xffffffa0]6[0xffffff90][0xc]%[0x2]n[0x6][0xffffff95]pVS"[0xfffffff8]fPW[0xffffff9e],%[0xfffffff2]n[0x6]u[0xffffffd5][0xffffffca]Q"[0xffffffe5]fP-[0xffffffde][0x5]J[0xffffffb8][0xffffff9b]AG[0xffffffe3][0xffffffde]J[0xffffffe0]7[0xffffff83][0xffffffb6][0xffffff80][0xffffff9b]A[0xffffff9b][0xffffffb9][0xffffffbe][0xffffffae]0[0xffffffe0][0xffffffd8][0xffffffcd][0xffffffa0]M.[0xffffffa8]#)[0x11]r3[0xffffffa8][\r]$C[0xffffff89][0xffffff80][0xffffff9b]A%[0xffffff9c][0xffffffd5][0xffffff94][0x8][0xffffffbe][0x19][0xffffffd4][0xffffff95]'K[0xffffff89][0xffffffbc][0xffffff9b]A][0xffffffb5]r[0xffffff94]H[0xffffffb9][0x19]T[0xffffff8b]w[0xffffff81][0x12][0xffffffee]f[0xffffffd0][0xffffffd1][0x1a]F[0x9][0xfffffffc]f[0xffffffd0][0x16]p3h3[0xffffffd7][0xffffffd7][0x15][0x6][0x1c][0xffffffbb][0x19][0xffffffb4][0xffffffc9][0x5]u$%Bn[0x6][0xffffffb5][0xffffff81]d([0x11]p3[0xffffffa8][0xffffff84][0xffffffb3][0xffffff9a][0x12][0xffffffc1]7[0xffffff83][0xffffffba][0xfffffff2]d)[0xffffff91]w3[0xffffffa8][0xffffffab]V[0xffffff8e][0x12])7[0xffffff83]j[0xfffffff1].P[0xffffffc2][0xffffffdd][0xc]:[0xfffffffa][0xffffffeb][0xffffffa0]([0xffffff81][0xffffffdf][0xc][0xffffffda][0x2]n[0x6]m[0xffffffe6][0xfffffffa][0xffffffba][0xffffffc2][0xffffff80]c7[0xffffff83]6[0xffffffb9][0xffffffa0][0xffffff8e][0xffffffa4]D[0xffffffc8][0xffffffcd][0xffffffa0]6[0xffffff90][0xc]%[0x2]n[0x6][0xffffff95]pVS"[0xfffffff8]fPW[0xffffff9e],%[0xfffffff2]n[0x6]u[0xffffffd5][0xffffffca]Q"[0xffffffe5]fP-[0xffffffde][0x5]J[0xffffffb8];8[0xffffffde],[0xffffff81][0xffffffbd][0xffffff95][0xffffffc0][0xffffffef][0xffffffe0]h[0x1]wp43[0x14]_[0x18]p[0xffffffec][0xe][0xffffff8e]&S[0xfffffff0]$%B[0xffffffee][0xffffffe0][0xffffffb0][0xffffff81]d([0x11]p[0x7][0xffffff87][0xffffff84][0xffffffb3][0xffffff9a][0x12][0xffffffc1]wp[0xffffffb8][0xfffffff2]d)[0xffffff91]w[0x7][0xffffff87][0xffffffab]V[0xffffff8e][0x12])wph[0xfffffff1].Q[0xffffffe2][0x8][0xffffffa3][0xffffffc4][0xffffff81]S[0xffffffe2][0x8][0xffffffa0][0xffffffc4][0xffffff81]R[0xffffffe2][0xffffffc0](q$Qb[0xffffff8e]"E[0x9][\r]$E[0xffffff89]9[0xffffff96][0x4]%[0xe][0xffffff98][0x12]G0%[0xffffffa4]<iJ[0xffffff98].[0xffffffa5])![0xffffffd5]JR[0xffffffe2]H[0xffffffa1][0xffffffc4][0xfffffff1]cJ[0xffffffe8][0x1d][0x1c][0xffffffc7][0xffffffeb]ul[0xffffffd8][0x1f]8[0xfffffff0];8Z[0xffffffc0][0x1d][0x1c][0xffffffcd][0xc][0xffffffc5][0x17][0x6][0x1c][0xffffffbb][0xffffff83][0xffffffa3][0xffffffc9][0x14]<I[0xffffff89][0xffffff90];8l [0x19]J[0x4][0xffffffdc][0xffffffc1]![0xffffffe1][0xffffffac][0xffffffa6]D[0xfffffff0][0x1d][0x1c][0xffffffae]<YJ[0xffffffe4][0xffffffdd][0xffffffc1][0xffffffe1][0xffffffaa][0xffffff95][0xffffffa3]D[0xffffffca][0x1d][0x1c]Z[0xffffffbc]K[0xffffff94][0xffffff98][0xffffffd7].iJ[0xffffffc0]k[0xffffff97]-[0xffffffe0][0xe][0xffffff8e]f[0xffffff86][0xffffffe2]K[0x3][0xe][0xffffffad]]6[0xffffff99][0xffffff82]g)[0x11][0xffffffb1]vi[0x3]IQ[0x2]_[0xffffffbb][0xffffff94]p[0xffffffd6]S"v[0xffffffed][0xffffffd2][0xffffff95]'M[0xffffff89][0xffffffb4][0xffffffb5]KW[0xffffffad]$%2[0xffffffd6].[0xffffffb5]x[0xffffff97]([0xffffffd1][0xffffffc2]([0xffffffd1]pJ[0xffffffb4][0x0]J4[0xffffff94][0x12][\r][0xffffffa3]DK[0xffffffa2][0xffffffc4][0x1c]E[0xffffff8a][0x12][0x1a]H[0xffffff8a][0x12]s,[0x9]J4[0xffffff98][0x12]-[0xffffff98][0x12]R[0xffffff9e]4%L[0xffffff97][0xffffffd2][0xffffff94][0xffffff90]j%)[0xffffffd1]R([0xffffffd1][0xfffffffe][0x3]Jli[0xffffff96][0xffffffd8]xLl[0x9][0xffffff9a][0xffffffd8]XNl[0xffffff9c]'[0xffffffb6](PH[0x1e])Q[0xffffff98]TR[0xffffffa4][0xffffff90]l[0x12][0xffffffa6][0xffffffd8]hTl[0xffffffc9][0xffffffaa][0xffffffd0][0x1a][0xffffffa5]Y[0xffffffe1]Z[0xffffff95]v[0xffffff85][0xffffff96],[0x9][0xffffff8b][0xffffffb9]s9Y[0xffffffcc][0x15][0xffffffbc]D[0xffffff8b][0xfffffffd][0xe][0xffffffa3][0xffffffc5]~[0xffffffe3][0xffffffb4]x{[0x4][0xffffff9e][0x16][0xffffffbf][0x1e][0xffffff82][0xffffffa2][0xffffffc5][0xffffffdb][0xffffffcf]S[0xffffffb4][0xfffffff8][0xfffffffc][0xffffffe9][0x14]ZH[0x1e])Z[0xffffff98]TR[0xffffffb4][0xffffff90]l[0x12][0xffffffb4][0xffffff98][0x12]ZO[0xffffff8b])[0xffffffa7]Y[0xffffffb4][0xffffffd0][0x1a][0xffffffa5]i[0xffffffe1]Z[0xffffff95][0xffffffa6][0xffffff85][0xffffff96],I[0xffffff8b][0xffffffb9]s9Z[0xffffffcc][0x15][0xffffffbc]D[0xffffff8b]#[0xffffff8d][0x16][0x7]O[0xffffff8b]#[0xffffff81][0x16][0x7]K[0xffffff8b][0xffffff83][0xffffffa3][0xffffffc5][0x11]E[0xb][0xffffffc9]#E[0xb][0xffffff93]"
2024-07-29 11:03:33 DEBUG wire:106 - http-outgoing-1 << "J[0xffffff8a][0x16][0xffffff92]M[0xffffff82][0x16][0x7]M[0xffffff8b]#[0xffffff99][0x16]Z[0xffffffa3]4-\[0xffffffab][0xffffffd2][0xffffffb4][0xffffffd0][0xffffff92]%i1w.G[0xffffff8b][0xffffffb9][0xffffff82][0xffffff97]hq]a[0xffffffb4][0xffffffb8].[0xffffff9c][0x16]o[0xffffff8f][0xffffffc0][0xffffffd3][0xffffffe2][0xffffffd7]CP[0xffffffb4]x[0xfffffffb]y[0xffffff8a][0x16][0xffffff9f]?[0xffffff9d]B[0xb][0xffffffc9]#E[0xb][0xffffff93]J[0xffffff8a][0x16][0xffffff92]M[0xffffff82][0x16]SB[0xffffffeb]i1[0xffffffe5]4[0xffffff8b][0x16]Z[0xffffffa3]4-\[0xffffffab][0xffffffd2][0xffffffb4][0xffffffd0][0xffffff92]%i1w.G[0xffffff8b][0xffffffb9][0xffffff82][0xffffff97]hqoa[0xffffffb4][0xffffffb8]7[0xffffff9c][0x16]o[0xffffff8f][0xffffffc0][0xffffffd3][0xffffffe2][0xffffffd7]CP[0xffffffb4]x[0xfffffffb]y[0xffffff8a][0x16][0xffffff9f]?[0xffffff9d]B[0xb][0xffffffc9]#E[0xb][0xffffff93]J[0xffffff8a][0x16][0xffffff92]M[0xffffff82][0x16]SB[0xffffffeb]i1[0xffffffe5]4[0xffffff8b][0x16]Z[0xffffffa3]4-\[0xffffffab][0xffffffd2][0xffffffb4][0xffffffd0][0xffffff92]%i1w.G[0xffffff8b][0xffffffb9][0xffffff82][0xffffffd7]h[0xffffff91]v[0xffffffba][0xfffffff4][0xffffffe6][0xffffff8f][0xffffff97][0xffffffde][0x9][0xffffffe7]Ko[0xfffffff6][0xffffff80][0xffffffe9][0xffffffcd][0xffffff9d]0[0xffffffbd][0xffffffa3][0xffffff8e][0xffffff98]J[0x1e]1Z[0xffffffe4][0x1c]2[0xffffff95]l"[0xffffffb4][0xffffffa0][0xffffff8f][0xffffff99][0xffffffde][0xffffffc9][0xffffffe7]L[0xffffffb5]FqZ[0x4][0xffffff9e]4[0xffffffd5][0xffffff92]Ei[0x11]s[0xffffffd6]t[0xffffffae][0xffffffe0]5Z[0xffffffcc]s[0xffffff9a]8-[0xffffffe8]=[0xffffffcd][0xffffff8f]G[0x8][0xffffffa0][0x5][0xffffffb9][0xffffffa8][0xfffffff9][0xfffffff1][0xfffffff3][0x18]-[0xffffff82]65M[0x1e]1Z[0xffffffa4][0xffffffac]j[0xffffff9a]l"[0xffffffb4]`w5%[0xffffffa7]a[0xffffffb4][0x8][[0xffffffd6][0xfffffff4][0xffffffad][0xffffff8a][0xffffffd3]"h[S;[0x17][0xffffffa4][0xffffffc5][0x7f][0xffffffb1][0xffffffae][0xffffffb9][0xffffffc5][0x1d][0x11][0xffffffd9][0x2][0xffffffce][0xffffff88]l[0x11][0xffffff87]D6[0xfffffffd][0xffffff80][0xffffffb9]4[0xffffffea][0x1b]xLd[0xffffffcb]:'[0xffffffa2][0xffffffa1][0xffffffa4][0xffffff84][0xffffffe1][0xffffffa2]I[0x11]C[0x3]J[0x18]c[0xffffff8e]i=2[0xffffffe6][0xffffffb0]f)[0xffffffc3][0x14]*[0xffffffcd][0xc][0xffffffdb][0xffffffaf][0xffffffb4]3L[0xffffffdd][0xffffff92][0xffffffd0][0xffffff90][0xfffffff6][0xffffffe5][0xffffffa4]!e[0xffffffbc]H[0xffffff8d][0xffffffb8][0xffffffa1][0xffffff8b]=`[0xffffffe9]b[0xffffff8f][0xffffff98][0xffffffba][0xffffffd8][0xffffffe1][0xffffffad][0xffffff8b][0x1d][0x1c][0xffffffbb][0xffffffd8][0xffffffb3][0xffffffd6].$[0xffffff94][0x1c]5[0xffffff82][0xfffffff6].$[0xffffffa0][0xc]5[0xfffffff0][0xffffffc5][0xffffff8b]=z[0xfffffff2]B[0xb][0xffffff95][0xffffffa7]F[0xffffffe2][0xffffffe8][0xffffff85][0xffffffd6]-K[0xffffff8d][0xffffff9c][0xffffffd9][0xffffff8b][0xffffffb9][0xffffff8c][0xffffffd7][0xffffffa8][0xffffffd1][0xffffffd3]>[0xffffffc6]x{"[0xffffff9e][0x1a]=[0xffffffe1]s[0xffffff8c][0x7f][0xffffff9e][0x2][0xffffffa3]F[0xffffffe7]>[0xffffffc8][0xfffffff8][0xfffffff5][0xffffffdb]1[0xffffffd4][0xffffff90]Pb[0xffffffd4]0[0xffffffd1][0xffffffc4][0xffffffa8]![0x1]E[0xffffffa8][0xffffffd1][0xffffffe9][0xffffffaf]2[0xffffffe6][0xffffffb0][0xffffff86]QC[0xb][0x15][0xffffffa7][0xffffff86][0xffffffeb]W[0xffffff9c][0x1a]Z[0xffffffb7](5[0xffffffe6][0xfffffff6][0x5][0xffffffa9]1[0xffffff97][0xfffffff1]w[0xffffffa8][0xffffffd1]>[0xfffffffe][0xffffff95]~[0xffffff98][0xffffffeb][0xffffffc9][0xfffffff6]W[0xffffffeb][0xffffffe5][0xffffffd0][0xfffffff8][0xfffffff3]<[0x14]3[0xffffffbe]<[0x1][0xffffff86][0xffffff8c][0xffffffe9][0x19][0xffffff8a][0xffffff89][0xfffffff1][0xffffffe5][0xffffffd7][0xffffff8b][0xffffff81][0xfffffff1][0xffffffef]_[0xffffff86]y[0xfffffff1][0x18][0xffffffc5]b\[0xfffffffc]%[0xffffff90][0xffffffc5][0xffffffb4]x[0xffffff8c]e!,[0x1e][0xffffffc2]Y[0xffffffc6][0xffffff8a][0xffffff87][0xffffff88]F[0xffffffa0][0xffffffe2][0xffffffb9]<!R[0xfffffffc][0xffffffad]K!P<W+[0xffffffc0][0xffffff89][0xffffffa7][0xffffffa6]-[0xffffffc7][0xffffffc4]S[0xfffffff1].P[0xffffffe2]t[0xffffff94]8[0xffffffae][0xffffff93][0xffffffa2][0xffffffc4][0xffffff89]S[0xffffffe2][0xc][0xffffffa0][0xffffffc4][0xffffffa9]y/[0xc][0xfffffff8][0xffffff89]Q[0xffffffe2]L[0xffffffa2][0xffffff84]F[0xffffff91][0xffffffa1][0xffffff84][0xb]$C[0x9][0xffffff8d]e=%[0xffffffe6]pVSb[0xffffff8e]h[0x12]%Ly[0xffffffb2][0xffffff94][0xffffffb0]][0xffffffca]R[0xffffffc2]T+G[0x9]iZ[0xffffff8a][0x12]R[0xffffffbc][0xb][0xffffff94][0xffffffb8][0x1c]%[0xffffffae]}[0xffffffa3](q[0xffffffe1][0xffffff94][0xffffffb8][0x2](qi[0xffffffde][0xb][0x3]~a[0xffffff94][0xffffffb8][0xffffff92]([0xffffffa1]Qd([0xffffffe1][0x2][0xffffffc9]PBcYO[0xffffff89]9[0xffffff9c][0xffffffd5][0xffffff94][0xffffff98]#[0xffffff9a]D[0x9]S[0xffffff9e],%l[0xffffff97][0xffffffb2][0xffffff94]0[0xffffffd5][0xffffffca]QB[0xffffff9a][0xffffff96][0xffffffa2][0xffffff84][0x14][0xffffffef][0x2]%nG[0xffffff89][0xfffffff1][0xffffffb1][0xffffffd0][0xffffff89]P[0xffffffe2][0xffffffc6])q[0x7]P[0xffffffe2][0xffffffd6][0xffffffbc][0x17][0x6][0xfffffffc][0xffffffc6](q'QB[0xffffffa3][0xffffffc8]P[0xffffffc2][0x5][0xffffff92][0xffffffa1][0xffffff84][0xffffffc6][0xffffffb2][0xffffff9e][0x12]s8[0xffffffab])1G4[0xffffff89][0x12][0xffffffa6]<YJ[0xffffffd8].e)a[0xffffffaa][0xffffff95][0xffffffa3][0xffffff84]4-E[0x9])[0xffffffde][0x5]J4C[0xffffff89][0xfffffff7][0xffffffff](J4[0xffffff9c][0x12]-[0xffffff80][0x12]M[0xfffffff3]^[0x18][0xfffffff0][0xffffff86]Q[0xffffffa2]%QB[0xffffffa3][0xffffffc8]P[0xffffffc2][0x5][0xffffff92][0xffffffa1][0xffffff84][0xffffffc6][0xffffffb2][0xffffff9e][0x12]s8[0xffffffab])1G4[0xffffff89][0x12][0xffffffa6]<YJ[0xffffffd8].e)a[0xffffffaa][0xffffff95][0xffffffa3][0xffffff84]4-E[0x9])[0xffffffde][0x5]JtK[0xffffff89]~R[0xffffff94][0xffffffe8]8%z[0x0]%[0xffffffba][0xffffffe6][0xffffffbd]0[0xffffffe0][0x1d][0xffffffa3]DO[0xffffffa2][0xffffff84]F[0xffffff91][0xffffffa1][0xffffff84][0xb]$C[0x9][0xffffff8d]e=%[0xffffffe6]pVSb[0xffffff8e]h[0x12]%Ly[0xffffffb2][0xffffff94][0xffffffb0]][0xffffffca]R[0xffffffc2]T+G[0x9]iZ[0xffffff8a][0x12]R[0xffffffbc][0xb][0xffffff94][0x18][0xffffff8e][0x12][0x1b][0xfffffff7]Vb[0xffffffe0][0xffffff94][0x18][0x1][0xffffff94][0x18][0xffffff9a][0xfffffff7][0xffffffc2][0xffffff80][0xf][0xffffff8c][0x12]#[0xffffff89][0x12][0x1a]E[0xffffff86][0x12].[0xffffff90][0xc]%4[0xffffff96][0xfffffff5][0xffffff94][0xffffff98][0xffffffc3]YM[0xffffff89]9[0xffffffa2]I[0xffffff94]0[0xffffffe5][0xffffffc9]R[0xffffffc2]v)K[0x9]S[0xffffffad][0x1c]%[0xffffffa4]i)JH[0xfffffff1]~[0xffffff9f][0x12][0xffffffe3]e)[0xffffffd1][0x6]D[0xffffff89][0xfffffff7][0xffffffe7]a)[0xfffffff1][0xfffffff1][0x4]0%~?[0x3]B[0xffffff89][0xffffff8f]_G([0xfffffff1][0xffffffcf]/GP[0xffffffc2]D[0x11][0xffffffa1][0xffffff84][\r]$B[0x9][0x13][0xffffffcb]rJH8[0xffffff8b])![0x11][\r][0xffffffa2][0xffffff84]+O[0xffffff94][0x12][0xffffffbe]KQJ[0xffffffb8]j[0xffffffc5]([0xffffffa1]M[0xb]QB[0xffffff8b]w[0xffffff81][0x12][0xffffff9b][0xffffffa3][0xffffffc4][0xffffffde][0xffffffa9][0xffffffb7][0x12][0xffffffef][0xffffffcf][0x3]Sb[0xb][0xffffffa0][0xffffffc4][0xffffffa6]y/[0xc][0xfffffff8][0xffffff86]QbK[0xffffffa2][0xffffff84]F[0xffffff91][0xffffffa1][0xffffff84][0xb]$C[0x9][0xffffff8d]e=%[0xffffffe6]pVSb[0xffffff8e]h[0x12]%Ly[0xffffffb2][0xffffff94][0xffffffb0]][0xffffffca]R[0xffffffc2]T+G[0x9]iZ[0xffffff8a][0x12]R[0xffffffbc][0xb][0xffffff94][0xffffffd8][0x1d]%[0xffffffae][0x13]{+[0xffffffb1][0xffffffe3][0xffffff94][0xffffffd8][0x3]([0xffffffb1]k[0xffffffde][0xb][0x3][0xffffffbe]c[0xffffff94][0xffffffd8][0xffffff93]([0xffffffa1]Qd([0xffffffe1][0x2][0xffffffc9]PBcYO[0xffffff89]9[0xffffff9c][0xffffffd5][0xffffff94][0xffffff98]#[0xffffff9a]D[0x9]S[0xffffff9e],%l[0xffffff97][0xffffffb2][0xffffff94]0[0xffffffd5][0xffffffca]QB[0xffffff9a][0xffffff96][0xffffffa2][0xffffff84][0x14][0xffffffef][0x2]%[0xffffffdc][0xffffffda][0xffffffe5][0xffffffd1]6[0xffffff8c][0x12][0xfffffff8][0xffffffda][0xffffffe5][0x8]X[0xffffffbb][0x1c]f[0xffffff92][0xffffffad]0[0xffffffe0][0xffffffd8][0xffffffda][0xffffffe5][0xffffff90][0xffffffd1]5[0xffffff92][0x12]!k[0xffffff97]6[0xffffff90][0xc]%[0x2][0xffffffd6].%[0xffffff9c][0xffffffd5][0xffffff94][0x8]^[0xffffffbb]t[0xffffffe5][0xffffffc9]R"o[0xffffffed][0xffffffd2]U+G[0xffffff89][0xffffff94][0xffffffb5]K-[0xffffffde]%J[0xffffffec]a[0xffffff94][0xffffffc0][0xffffffee][0xffffffe7][0xfffffff8][0xfffffff2][0x4]<%[0xffffff90][0xffffffbb]9[0xffffffbe][0xfffffffc]:E[0xffffff89][0xffffff84]{9[0x1e][0xffffffa3]HQ[0x2][0xffffffbf][0xffffff93][0xffffffe3]1[0xffffff96][0x4]%[0xffffffa0][0xfffffffb]8[0x1e]"[0xffffff9a]E[0xffffff89][0xffffff94][0xffffffbb]8[0xfffffffe][0xffffffd6][0xffffffa5]4%[0x12][0xffffffee][0xffffffe1]xjZ[0xffffff8e][0x12]?[0xffffffbe][0xffffff83]c[0xffffffb8][0xffffffe1][0xffffffec]s[0x7f]Qk[0xffffff97][0x3][0x1f][0xffffffce][0x1e][0x1][0xffffffc3][0xffffffd9][0xffffffc3][0xffffffac][0xffffffbb][0x16][0x6][0x1c][0x1b][0xffffffce][0x1e][0xffffffb2][0xffffffdf]JR"d8[0xffffffdb][0x6][0xffffff92][0xffffffa1]D[0xffffffc0]p[0xffffffb6][0xffffff84][0xffffffb3][0xffffff9a][0x12][0xffffffc1][0xffffffc3][0xffffffd9][0xffffffae]<YJ[0xffffffe4][\r]g[0xffffffbb]j[0xffffffe5]([0xffffff91]2[0xffffff9c][0xffffffad][0xffffffc5][0xffffffbb]@[0x9]7[0xffffff9c]}[0x1e]w[0xffffffa3]([0xffffff81][0xf]g[0xffffff8f][0xffffff80][0xffffffe1]"
2024-07-29 11:03:33 DEBUG wire:106 - http-outgoing-1 << "[0xffffffec]a[0xffffffd6]][0xb][0x3][0xffffff8e][\r]g[0xf][0xffffffd9]o%)[0x11]2[0xffffff9c]m[0x3][0xffffffc9]P"`8[[0xffffffc2]YM[0xffffff89][0xffffffe0][0xffffffe1]lW[0xffffff9e],%[0xfffffff2][0xffffff86][0xffffffb3]][0xffffffb5]r[0xffffff94]H[0x19][0xffffffce][0xffffffd6][0xffffffe2]][0xffffffa0][0xffffff84][0x1b][0xffffffce]>[0xffffffdb]N[\r]g[0xf]|8{[0x4][0xc]g[0xf][0xffffffb3][0xffffffee]Z[0x18]pl8{[0xffffffc8]~+I[0xffffff89][0xffffff90][0xffffffe1]l[0x1b]H[0xffffff86][0x12][0x1][0xffffffc3][0xffffffd9][0x12][0xffffffce]jJ[0x4][0xf]g[0xffffffbb][0xfffffff2]d)[0xffffff91]7[0xffffff9c][0xffffffed][0xffffffaa][0xffffff95][0xffffffa3]D[0xffffffca]p[0xffffffb6][0x16][0xffffffef][0x2]%[0xffffff9a][0xffffffa1][0xffffffc4][0xfffffff5][0xffffffea][0xffffffd8][0x1f]8[0x1a]N[0xffffff89][0x16]@[0xffffff89][0xffffffa6]y/[0xc]x[0xffffffc3]([0xffffffd1][0xffffff92]([0xffffffa1]Qd([0xffffffe1][0x2][0xffffffc9]PBcYO[0xffffff89]9[0xffffff9c][0xffffffd5][0xffffff94][0xffffff98]#[0xffffff9a]D[0x9]S[0xffffff9e],%l[0xffffff97][0xffffffb2][0xffffff94]0[0xffffffd5][0xffffffca]QB[0xffffff9a][0xffffff96][0xffffffa2][0xffffff84][0x14][0xffffffef][0x2]%[0xfffffffa][0xffffffff][0x1c]J[0xffffff89]c[0xffffffeb][0x14]%[0xffffffde][0xffffff9e][0x7][0xffffffa6][0xffffffc4][0xfffffffb][0x13][0xffffffd0][0xffffff94][0xfffffff8][0xffffffe7][0x19][0x18]J[0xffffffbc][0xffffffff]:C[0xffffff89]_[0xffffffbf][0xffffff9c]A[0x9][0xffffff8d]"C[0x9][0x17]H[0xffffff86][0x12][0x1a][0xffffffcb]zJ[0xffffffcc][0xffffffe1][0xffffffac][0xffffffa6][0xffffffc4][0x1c][0xffffffd1]$J[0xffffff98][0xfffffff2]d)a[0xffffffbb][0xffffff94][0xffffffa5][0xffffff84][0xffffffa9]V[0xffffff8e][0x12][0xffffffd2][0xffffffb4][0x14]%[0xffffffa4]x[0x17](1[0xffffffcc][0x9][0xffffff8e][0xffffffeb]n;E[0xffffff89][0xffffff81][0xffffff9f][0xffffffe0][0x18][0x1]'8[0xffffff86]~f\[0x18][0xfffffff0][0xffffff81][0xffffff9d][0xffffffe0][0x18]I'84[0xffffff8a][0xc]%\ [0x19]Jh,[0xffffffeb])1[0xffffff87][0xffffffb3][0xffffff9a][0x12]sD[0xffffff93](a[0xffffffca][0xffffff93][0xffffffa5][0xffffff84][0xffffffed]R[0xffffff96][0x12][0xffffffa6]Z9JH[0xffffffd3]R[0xffffff94][0xffffff90][0xffffffe2]][0xffffffa2][0xffffffc4][0x19]F[0xffffff89][0x13][0xffffffa7][0xffffffc4][0x19]@[0xffffff89][0x13][0xffffffa5][0xffffffc4][0xffffff89]Q[0xffffffe2]L[0xffffffa2][0xffffffc4][0x1c]E[0xffffff8a][0x12][0x1a]H[0xffffff8a][0x12]s,[0x9]J[0xffffff9c]0%[0xffffffce]`JHy[0xffffffd2][0xffffff94]0]JSB[0xffffffaa][0xffffff95][0xffffffa4][0xffffffc4][0xffffff99]B[0xffffff89][0xfffffff3][0xffffff87][0xffffff94][0xffffffb8]^[0xffffffee][0xe][0xffffff8e][0xfffffffb]u@[0xffffffbb][0x12][0x1f][0xffffffcf][0xffffff83]R[0xffffffe2][0xfffffff3][0x9]XJ[0xfffffffc]y[0x6][0xffffff82][0x12][0xffffff9f][0xffffffbf]NP[0xffffffe2][0xfffffff7]/'P[0xffffffc2]E[0xffffff91][0xffffffa0][0xffffff84][0xf]$A[0x9][0x17][0xffffffcb]jJh8k)[0xffffffa1][0x11][0xffffffcd][0xffffffa1][0xffffff84]-O[0xffffff92][0x12][0xf]]JR[0xffffffc2]V+E[0x9][0xffffffd3][0xffffffb4][0xc]%L[0xfffffff1].P[0xffffffc2][0xffffffdd][0xffffffc1]q[0xffffffbf][0x6]t[0x7][0xffffffc7][0xffffffc7][0xfffffff3][0xffffffc0][0xffffff94][0xffffffe0][0xffffffef][0xffffffe0][0xfffffff8][0xfffffff3][0xc][0xc]%[0xffffffa8];8~[0xffffffff]r[0x6]%2[0xffffffee][0xffffffe0][0xfffffff0][0xffffff81]d([0xffffffc1][0xffffffdf][0xffffffc1][0xffffffa1][0xffffffe1][0xffffffac][0xffffffa6]D[0xffffffee][0x1d][0x1c][0xffffffb6]<YJ[0xffffffc4][0xffffffdd][0xffffffc1]a[0xffffffab][0xffffff95][0xffffffa3]D[0xffffffc8][0x1d][0x1c][0xffffffa6]x[0x17]([0xffffffd1][0x1c]%[0x1a][0xfffffff5][0xffffffd9][0xffffffe5][0xffffffc7][0xfffffff3][0xffffffc0][0xffffff94]h[0x1][0xffffff94]h[0xffffff9a][0xfffffff7][0xffffffc2][0xffffff80]7[0xffffff8c][0x12]-[0xffffff89][0x12][0x1a]E[0xffffff86][0x12].[0xffffff90][0xc]%4[0xffffff96][0xfffffff5][0xffffff94][0xffffff98][0xffffffc3]YM[0xffffff89]9[0xffffffa2]I[0xffffff94]0[0xffffffe5][0xffffffc9]R[0xffffffc2]v)K[0x9]S[0xffffffad][0x1c]%[0xffffffa4]i)JH[0xfffffff1].P[0xffffffa2][0x1b]J[0xffffffb4][0xffffffed][0xffffffc6][0xffffffde]Jt[0xffffff9c][0x12]=[0xffffff80][0x12]][0xfffffff3]^[0x18][0xfffffff0][0xffffff8e]Q[0xffffffa2]'QB[0xffffffa3][0xffffffc8]P[0xffffffc2][0x5][0xffffff92][0xffffffa1][0xffffff84][0xffffffc6][0xffffffb2][0xffffff9e][0x12]s8[0xffffffab])1G4[0xffffff89][0x12][0xffffffa6]<YJ[0xffffffd8].e)a[0xffffffaa][0xffffff95][0xffffffa3][0xffffff84]4-E[0x9])[0xffffffde][0x5]J[0xc]G[0xffffff89][0xffffffe3][0xffffff86]>[0xffffffbb][0xfffffffc]x[0x1e][0xffffff98][0x12]#[0xffffff80][0x12]C[0xfffffff3]^[0x18][0xfffffff0][0xffffff81]Qb$QB[0xffffffa3][0xffffffc8]P[0xffffffc2][0x5][0xffffff92][0xffffffa1][0xffffff84][0xffffffc6][0xffffffb2][0xffffff9e][0x12]s8[0xffffffab])1G4[0xffffff89][0x12][0xffffffa6]<YJ[0xffffffd8].e)a[0xffffffaa][0xffffff95][0xffffffa3][0xffffff84]4-E[0x9])[0xffffffde][0xffffffef]Sbs[0xffffff9f]][0xffffffb6]~Po%6[0xfffffffc][0xffffffb3][0xffffffcb]-[0xffffffe0][0xffffffb3][0xffffffcb][0xffffffcd]|[0x1b]T[0x17][0xfffffff0][\r][0xfffffffb][0xffffffec]r[0xffffff93][0xffffffaf][0x7f]@J[0xffffff98]("[0xffffff94][0xffffffb0][0xffffff81]D(abYN[0x9][0x9]g1%$[0xffffffa2]A[0xffffff94]p[0xffffffe5][0xffffff89]R[0xffffffc2]w)J[0x9]W[0xffffffad][0x18]%[0xffffffb4]i!Jh[0xfffffff1].Q[0xffffffe2][0xc][0xffffffa3][0x4]{[0x18][0xfffffff4][0xfffffff3][0x9]xJp[0xffffff87]A?[0x7f][0xffffff9d][0xffffffa2]D[0xffffffcc]aP[0x17]E[0xffffff8a][0x12][0x19][0xffffff87]A],[0x9]J[0xffffff90][0xffffff87]A5[0xffffffa2]Y[0xffffff94][0xffffff88]:[0xc][0xfffffffa][0xffffffd0][0xffffffa5]4%b[0xe][0xffffff83][0xffffff9a][0xffffffa6][0xffffffe5]([0xfffffff1][0xffffffe3][0xffffffc3][0xffffffa0][0xffffff9b];[0xffffffc1][0xffffffd1][0x6][0xfffffff6][0xffffffad][0xffffffc4][0xffffff86][0xffffff9f][0xffffffe0][0xffffffd8][0x2]Npl[0xffffffe6]3[0xffffffe3][0xffffffc2][0xffffff80]c'86[0xfffffff9][0xffffff90][0xffffff98][0xffffffa4]D[0xffffffc8][0x9][0xe][0x1b]H[0xffffff86][0x12][0x1]'8$[0xffffff9c][0xffffffd5][0xffffff94][0x8]>[0xffffffc1][0xffffffe1][0xffffffca][0xffffff93][0xffffffa5]D[0xffffffde][0x9][0xe]W[0xffffffad][0x1c]%RNph[0xfffffff1].Pb7[0xffffff94][0xffffffe8][0xffffffe7]F}+[0xfffffff1][0xfffffffe]<0%[0xfffffff6][0x0]J[0xffffffec][0xffffff9a][0xfffffff7][0xffffffc2][0xffffff80][0xffffffef][0x18]%[0xfffffff6]$Jh[0x14][0x19]J[0xffffffb8]@2[0xffffff94][0xffffffd0]X[0xffffffd6]Sb[0xe]g5%[0xffffffe6][0xffffff88]&Q[0xffffffc2][0xffffff94]'K[0x9][0xffffffdb][0xffffffa5],%L[0xffffffb5]r[0xffffff94][0xffffff90][0xffffffa6][0xffffffa5](![0xffffffc5][0xffffffbb]@[0x9]w[0xffffffc9][0xfffffff8]x[0xffffffbd][0xffffffa8][0xffffffc3][0xffffffa0][0x1b]}[0xffffffc9][0xfffffff8][0xffffffe7][0x13][0xffffffd0][0xffffff94] /[0x19][0xffffffff][0xfffffffc]u[0xffffff86][0x12]A[0xffffff97][0xffffff8c][0xffffffbb](2[0xffffff94]H[0xffffffb9]d[0xffffffdc][0xffffffc5][0xffffffb2][0xffffff9e][0x12][0xffffffec]%[0xffffffe3][0x1a][0xffffffd1]$J[0xffffff84]]2[0xfffffffe][0xffffffd0][0xffffffa5],%[0xffffff82].[0x19]7MKQ[0xffffffe2][0xffffffe7][0xffffff97][0xffffff8c]_[0xffffff9b][0xffffffbb]d|[0xffffffbc]n[0xffffff8c][0x12][0xfffffff4]%[0xffffffe3][0xffffff9f]O@S[0xffffff82][0xffffffbc]d[0xfffffffc][0xfffffff3][0xffffffd7][0x19]J[0x4]]2[0xffffffee][0xffffffa2][0xffffffc8]P"[0xffffffe5][0xffffff92]q[0x17][0xffffffcb]zJ[0xffffffb0][0xffffff97][0xffffff8c]kD[0xffffff93]([0x11]v[0xffffffc9][0xfffffff8]C[0xffffff97][0xffffffb2][0xffffff94][0x8][0xffffffba]d[0xffffffdc]4-E[0xffffff89][0xffffff9f]_2~m[0xffffffcd]Qb;[0x1b]E[0xffffff89][0xffffff86]S[0xffffffa2][0x5]P[0xffffffa2]i[0xffffffde][0xb][0x3][0xffffffde]0J[0xffffffb4]$Jh[0x14][0x19]J[0xffffffb8]@2[0xffffff94][0xffffffd0]X[0xffffffd6]Sb[0xe]g5%[0xffffffe6][0xffffff88]&Q[0xffffffc2][0xffffff94]'K[0x9][0xffffffdb][0xffffffa5],%L[0xffffffb5]r[0xffffff94][0xffffff90][0xffffffa6][0xffffffa5](![0xffffffc5][0xffffffbb]@[0xffffff89]nn[0x6][0x1d][0xfffffffb]8)Jt[0xfffffff8]f[0xffffffd0][0xffffffcf]'[0xffffffa0])[0xffffffd1][0xfffffff5][0xfffffffa][0xffffffba][0xffffffc2][0xffffff80]w[0xffffffe8]f[0xffffffd0][0xffffffdf][0xffffffbf][0xffffff9c]A[0x9][0xffffff8d]"C[0x9][0x17]H[0xffffff86][0x12][0x1a][0xffffffcb]zJ[0xffffffcc][0xffffffe1][0xffffffac][0xffffffa6][0xffffffc4][0x1c][0xffffffd1]$J[0xffffff98][0xfffffff2]d)a[0xffffffbb][0xffffff94][0xffffffa5][0xffffff84][0xffffffa9]V[0xffffff8e][0x12][0xffffffd2][0xffffffb4][0x14]%[0xffffffa4]x[0x17]([0xffffffe1]&[0xffffffaa]F;7[0xffffff8a][0x12][0xfffffff8]D[0xffffffd5][0x16]0Q[0xffffffb5][0xffffff99][0x1d][0xffffff95][0xffffffc2][0xffffff80]c[0x13]U[0xffffff9b],[0xffffffa5][0xffffff90][0xffffff94][0x8][0xffffff99][0xffffffa8][0xffffffb2][0xffffff81]d([0x11]0Q%[0xffffffe1][0xffffffac][0xffffffa6]D[0xfffffff0]D[0xffffff95]+O[0xffffff96][0x12]y[0x13]U[0xffffffae]Z9J[0xffffffa4]LTi[0xfffffff1]~[0xffffff9f][0x12][0xffffffbb][0xffffff9b][0xffffffa8][0x1a][0xffffffbd]S[0xffffff87]Aw|[0xffffffa2]j[0xf][0xffffff98][0xffffffa8][0xffffffda][0xffffffcd][0xffffff8e]J][0xffffffc0]wl[0xffffffa2]j[0xffffff97][0xffffffa5][0x14][0xffffff90][0x12]&[0xffffff8a][0x8]%l [0x11]J[0xffffff98]X[0xffffff96]SB[0xffffffc2]Y"
2024-07-29 11:03:33 DEBUG wire:92 - http-outgoing-1 << "L[0x9][0xffffff89]h[0x10]%\y[0xffffffa2][0xffffff94][0xfffffff0]][0xffffff8a]R[0xffffffc2]U+F[0x9]mZ[0xffffff88][0x12]Z[0xffffffbc][0xb][0xffffff94]0[0xffffffbb][0x12][0xffffffdb]k[0xffffffbb][0xffffffa9]o%v|Wb[0xf][0xffffffd8][0xffffff95][0xffffffd8][0xffffffcd][0xffffffe1][0xffffffe7][0xffffffc2][0xffffff80]c[0xffffffbb][0x12][0xffffffbb][0x1c]o&)[0x11][0xffffffb2]+a[0x3][0xffffffc9]P"`WB[0xffffffc2]YM[0xffffff89][0xffffffe0]][0x9]W[0xffffff9e],%[0xfffffff2]v%\[0xffffffb5]r[0xffffff94]H[0xffffffd9][0xffffff95][0xffffffd0][0xffffffe2]][0xffffffa0][0xffffff84][0xffffffd9][0xffffff95][0xffffffd8]^W?)J[0xffffffe0][0xffffffbb][0x12]{[0xffffffc0][0xffffffae][0xffffffc4]n[0xe]?[0x17][0x6][0x1c][0xffffffdb][0xffffff95][0xffffffd8][0xffffffe5]x3I[0xffffff89][0xffffff90]][0x9][0x1b]H[0xffffff86][0x12][0x1][0xffffffbb][0x12][0x12][0xffffffce]jJ[0x4][0xffffffef]J[0xffffffb8][0xfffffff2]d)[0xffffff91][0xffffffb7]+[0xffffffe1][0xffffffaa][0xffffff95][0xffffffa3]D[0xffffffca][0xffffffae][0xffffff84][0x16][0xffffffef][0x2]%[0xe]G[0xffffff89]1[0xffffffb0]?p[0x1c]8%[0xffffff8e][0x0]J[0x1c][0xffffff9a][0xfffffff7][0xffffffc2][0xffffff80][0x1f][0x18]%[0xffffff8e]$Jh[0x14][0x19]J[0xffffffb8]@2[0xffffff94][0xffffffd0]X[0xffffffd6]Sb[0xe]g5%[0xffffffe6][0xffffff88]&Q[0xffffffc2][0xffffff94]'K[0x9][0xffffffdb][0xffffffa5],%L[0xffffffb5]r[0xffffff94][0xffffff90][0xffffffa6][0xffffffa5](![0xffffffc5][0xffffffbb]D[0xffffff89]3[0xffffff8c][0x12][0xfffffff0][0x1d][0x1c][0x1f]O[0xffffffc0]S[0x2][0xffffffbc][0xffffff83][0xffffffe3][0xffffffe3][0xffffffd7])J[0xffffffe4][0xffffffdc][0xffffffc1]a[0xffffffa2]HQ"[0xffffffe4][0xe][0xe][0x13]K[0xffffff82][0x12][0xffffffe8][0x1d][0x1c][0x12][0xffffffd1],Jd[0xffffffdd][0xffffffc1][0xffffffe1][0xffffffbb][0xffffff94][0xffffffa6]D[0xffffffce][0x1d][0x1c][0xffffffda][0xffffffb4][0x1c]%~|[0x7][0xffffffc7]~[0xffffff9a][0xffffffb7][0x12][0xffffffdb][0xffffffbe]c[0xffffff94]8[0xfffffff1][0xffffffb7][0x12]g[0xffffffc0][[0xffffff89]S[0xffffffe9]\[0x18][0xfffffff0][0x13]{+q&[0xffffffbd][0xffffff95][0xffffffd0](2[0xffffff94]p[0xffffff81]d([0xffffffa1][0xffffffb1][0xffffffac][0xffffffa7][0xffffffc4][0x1c][0xffffffce]jJ[0xffffffcc][0x11]M[0xffffffa2][0xffffff84])O[0xffffff96][0x12][0xffffffb6]KYJ[0xffffff98]j[0xffffffe5](!MKQB[0xffffff8a]w[0xffffff81][0x12]f[0xffffffed]r[0xffffffdb][0xffffffc6]qR[0xffffff94][0xffffffc0][0xffffffd7].[0xfffffff7][0xffffff80][0xffffffb5][0xffffffcb][0xffffffdd]L[0xffffffb2][0x15][0x6][0x1c][[0xffffffbb][0xffffffdc]et[0xffffff8d][0xffffffa4]D[0xffffffc8][0xffffffda][0xffffffa5][\r]$C[0xffffff89][0xffffff80][0xffffffb5]K[0x9]g5%[0xffffff82][0xffffffd7].]y[0xffffffb2][0xffffff94][0xffffffc8][[0xffffffbb]t[0xffffffd5][0xffffffca]Q"e[0xffffffed]R[0xffffff8b][0xfffffff7][0xfffffffb][0xffffff94]8[0xffffffdc][0x9][0xffffff8e][0xfffffffd]j[0xffffffd4][0x9][0xffffff8e][0x3]?[0xffffffc1]q[0x4][0xffffff9c][0xffffffe0]8[0xffffffcc]g[0xffffffc6]u[0x1]?[0xffffffb0][0x13][0x1c][0xffffff87]|H[0xc]R[0xffffffc2]D[0x11][0xffffffa1][0xffffff84][\r]$B[0x9][0x13][0xffffffcb]rJH8[0xffffff8b])![0x11][\r][0xffffffa2][0xffffff84]+O[0xffffff94][0x12][0xffffffbe]KQJ[0xffffffb8]j[0xffffffc5]([0xffffffa1]M[0xb]QB[0xffffff8b]w[0xffffff81][0x12][0xffffffee][0x4][0xffffffc7][0xffffffde][0xe][0xffffff8c][0x12][0xfffffff8][0x9][0xffffff8e]#[0xffffffe0][0x4][0xffffffc7]a>3.[0xc]8v[0xffffff82][0xffffffe3][0xffffff90][0xf][0xffffff89]IJ[0xffffff84][0xffffff9c][0xffffffe0][0xffffffb0][0xffffff81]d([0x11]p[0xffffff82]C[0xffffffc2]YM[0xffffff89][0xffffffe0][0x13][0x1c][0xffffffae]<YJ[0xffffffe4][0xffffff9d][0xffffffe0]p[0xffffffd5][0xffffffca]Q"[0xffffffe5][0x4][0xffffff87][0x16][0xffffffef][0x2]%[0xffffffdc][0x9][0xffffff8e]c[0xffffffbb][0xffffffa9][0xffffffb5][0xffffffcb][0x3]?[0xffffffc1]q[0x4][0xffffff9c][0xffffffe0]8[0xffffffcc]g[0xffffffc6][0xffffff85][0x1][0xffffffc7]Np[0x1c][0xfffffff2]!1I[0xffffff89][0xffffff90][0x13][0x1c]6[0xffffff90][0xc]%[0x2]NpH8[0xffffffab])[0x11]|[0xffffff82][0xffffffc3][0xffffff95]'K[0xffffff89][0xffffffbc][0x13][0x1c][0xffffffae]Z9J[0xffffffa4][0xffffff9c][0xffffffe0][0xffffffd0][0xffffffe2]][0xffffffa2][0xffffffc4][0x1e]F[0x9][0xfffffff8][0xe][0xffffff8e][0xffffff8f]'[0xffffffe0])[0x1][0xffffffde][0xffffffc1][0xfffffff1][0xfffffff1][0xffffffeb][0x14]%r[0xffffffee][0xffffffe0]0Q[0xffffffa4]([0x11]r[0x7][0xffffff87][0xffffff89]%A[0x9][0xfffffff4][0xe][0xe][0xffffff89]h[0x16]%[0xffffffb2][0xffffffee][0xffffffe0][0xfffffff0]]JS"[0xffffffe7][0xe][0xe]mZ[0xffffff8e][0x12]?[0xffffffbe][0xffffff83][0xffffffe3]p[0xffffff87]AYJ[0xffffffc0][0xffffff87]A[0xffffff8f][0xffffff80][0xffffffc3][0xffffffa0][0xffffff87]9[0xffffffb1]T[0x1a]p[0xffffffe8]0[0xffffffe8]!g[0xffffff92]XJD[0x1c][0x6][0xffffffb5][0xffffff81][0xffffffa4]([0xffffff81][0x1f][0x6][0xffffff95]p[0xffffffd6]S"[0xfffffff6]0[0xffffffa8]+O[0xffffff9a][0x12]i[0xffffff87]A][0xffffffb5][0xffffff92][0xffffff94][0xffffffc8]8[0xc][0xffffffaa][0xffffffc5][0xffffffbb]D[0xffffff89][0xffffffad][0xffffff85]Ybk8&[0xffffffde][0x1e][0xffffff81][0xffffffd7][0xffffffc4][0xffffffaf][0xffffff87][0xffffffa0]8[0xfffffff1][0xfffffff6][0xfffffff3][0xffffff94]'>[0x7f]:[0x5][0x14][0xffffff92]GJ[0x14]&[0xffffff95][0x14])$[0xffffff9b][0xffffff84])[0xffffffa6][0xffffff84][0xffffffd6][0xffffffa3]b[0xffffffca]i[0xffffff96]*[0xffffffb4]FiV[0xffffffb8]V[0xffffffa5]][0xffffffa1]%K[0xffffffc2]b[0xffffffee]\N[0x16]s[0x5]/[0xffffffd1]b[0xffffffbf][0xffffffc3]h[0xffffffb1][0xffffffdf]8-[0xffffffde][0x1e][0xffffff81][0xffffffa7][0xffffffc5][0xffffffaf][0xffffff87][0xffffffa0]h[0xfffffff1][0xfffffff6][0xfffffff3][0x14]->[0x7f]:[0xffffff85][0x16][0xffffff92]G[0xffffff8a][0x16]&[0xffffff95][0x14]-$[0xffffff9b][0x4]-[0xffffffa6][0xffffff84][0xffffffd6][0xffffffd3]b[0xffffffca]i[0x16]-[0xffffffb4]FiZ[0xffffffb8]V[0xffffffa5]i[0xffffffa1]%K[0xffffffd2]b[0xffffffee]\[0xffffff8e][0x16]s[0x5]/[0xffffffd1][0xffffffe2]<[0xffffffc2]hq[0x1e]8-[0xffffffde][0x1e][0xffffff81][0xffffffa7][0xffffffc5][0xffffffaf][0xffffff87][0xffffffa0]h[0xfffffff1][0xfffffff6][0xfffffff3][0x14]->[0x7f]:[0xffffff85][0x16][0xffffff92]G[0xffffff8a][0x16]&[0xffffff95][0x14]-$[0xffffff9b][0x4]-[0xffffffa6][0xffffff84][0xffffffd6][0xffffffd3]b[0xffffffca]i[0x16]-[0xffffffb4]FiZ[0xffffffb8]V[0xffffffa5]i[0xffffffa1]%K[0xffffffd2]b[0xffffffee]\[0xffffff8e][0x16]s[0x5]/[0xffffffd1][0xffffffe2]J[0xfffffffb][0xffffff83][0xffffffc8][0xffffffc5][0xffffffff]A[0xffffffe4]J[0xfffffff8][0xffffff83][0xffffffc8][0xffffffc5][0xfffffffe]A[0xffffffe4][0xffffffe2][0xfffffffe] rE[0xfffffffd]AD[0xfffffff2]H[0xffffffd1][0xffffffc2][0xffffffa4][0xffffff92][0xffffffa2][0xffffff85]d[0xffffff93][0xffffffa0][0xffffffc5]E[0xffffffff]A[0xffffffe4]J[0xfffffffe][0xffffff83][0xffffff88][0xffffffd6](M[0xb][0xffffffd7][0xffffffaa]4-[0xffffffb4]dIZ[0xffffffcc][0xffffff9d][0xffffffcb][0xffffffd1]b[0xffffffae][0xffffffe0]%Z[0xffffffb4][0xffffffb4]# [0xffffff8d]?[0x3][0xffffffd2][0x12][0xe][0xffffff81]4[0xfffffff6][0x14]H[0xffffffe3][0xffffff8e][0xffffff81][0xffffffb4][0xffffffa8]s [0xffffff92]G[0xffffff8a][0x16]&[0xffffff95][0x14]-$[0xffffff9b][0x4]-[0x1a]}[0x16][0xffffffa4]%[0x1f][0x6][0xffffffd1][0x1a][0xffffffa5]i[0xffffffe1]Z[0xffffff95][0xffffffa6][0xffffff85][0xffffff96],I[0xffffff8b][0xffffffb9]s9Z[0xffffffcc][0x15][0xfffffffc][0x1d]Z[0xfffffff4][0xffffffcf][0x7f][0xffffffc4][0xffffffdd][0xffffffe9]q[0xffffffb4][0xffffffeb].[0xffffff97][0xffffffc5][0xffffff9f][0xffffffe7][0xffffffa1]`[0xfffffff1][0xffffffe5][0x9]0WL[0xffffffcf]P[0xffffffcc][0xffffff8a]/[0xffffffbf]^[0xffffffac][0xffffff8a][0x7f][0xffffffff]2[0xffffff8c][0xffffff8a][0xffffffc7]([0x16][0xffffff9b][0xffffffe2]/[0xffffff81],&[0xffffffc5]c,[0xb]E[0xfffffff1][0x10][0xffffffce]2P<D4[0xffffffc2][0x13][0xffffffcf][0xffffffe5][0x9]q[0xffffffe2]o][\n]"
2024-07-29 11:03:33 DEBUG wire:106 - http-outgoing-1 << "i[0xffffffe2][0xffffffb9]Z[0x1]L<5m[0xffffffb9]%[0xffffff9e][0xffffff8a]w[0xffffff81][0x12][0xffffffdd]P[0xffffffe2]z[0xffffffbd].[0xffffff8a][0x12][0x1d][0xffffffa7]D[0xf][0xffffffa0]D[0xffffffd7][0xffffffbc][0x17][0x6][0xffffffbc]c[0xffffff94][0xffffffe8]I[0xffffff94][0xffffffd0](2[0xffffff94]p[0xffffff81]d([0xffffffa1][0xffffffb1][0xffffffac][0xffffffa7][0xffffffc4][0x1c][0xffffffce]jJ[0xffffffcc][0x11]M[0xffffffa2][0xffffff84])O[0xffffff96][0x12][0xffffffb6]KYJ[0xffffff98]j[0xffffffe5](!MKQB[0xffffff8a]w[0xffffff81][0x12][0xffffffc3]Qb[0x3].-[0xffffffff][0xfffffff3]<0%F[0x0]%[0xffffff86][0xffffffe6][0xffffffbd]0[0xffffffe0][0x3][0xffffffa3][0xffffffc4]H[0xffffffa2][0xffffff84]F[0xffffff91][0xffffffa1][0xffffff84][0xb]$C[0x9][0xffffff8d]e=%[0xffffffe6]pVSb[0xffffff8e]h[0x12]%Ly[0xffffffb2][0xffffff94][0xffffffb0]][0xffffffca]R[0xffffffc2]T+G[0x9]iZ[0xffffff8a][0x12]R[0xffffffbc][0xffffffdf][0xffffffa7][0xffffffc4][0xfffffff9]r[0xffffff94][0xffffffb8]>N[0xffffff81][0x10][0xffffff94]x[0x7f][0x1e][0xffffff96][0x12][0x1f]O[0x0]S[0xffffffe2][0xfffffff7]3 [0xffffff94][0xfffffff8][0xfffffff8]u[0xffffff84][0x12][0xffffffff][0xfffffffc]r[0x4]%L[0x14][0x11]J[0xffffffd8]@"[0xffffff94]0[0xffffffb1],[0xffffffa7][0xffffff84][0xffffff84][0xffffffb3][0xffffff98][0x12][0x12][0xffffffd1] J[0xffffffb8][0xfffffff2]D)[0xffffffe1][0xffffffbb][0x14][0xffffffa5][0xffffff84][0xffffffab]V[0xffffff8c][0x12][0xffffffda][0xffffffb4][0x10]%[0xffffffb4]x[0x17]("
2024-07-29 11:03:33 DEBUG wire:106 - http-outgoing-1 << "[0xffffffe1]n[0x1a][0xffffffbd][0xffffffee]m[0xffffffa7]([0x1][0xffffffde]4[0xfffffffa][0xffffffe5][0x9]hJ@7[0xffffff8d]~[0xfffffff9]u[0xffffff86][0x12][0x19]7[0xffffff8d]>F[0xffffff91][0xffffffa1]D[0xffffffc0]M[0xffffffa3][0xffffff8f][0xffffffb1][0xffffffac][0xffffffa7][0x4]v[0xffffffd3][0xffffffe8]CD[0xffffff93]([0xffffff91]s[0xffffffd3][0xffffffe8][0xffffffdf][0xffffffba][0xffffff94][0xffffffa5]D[0xffffffc6]M[0xffffffa3]OMKQ[0xffffffe2]G7[0xffffff8d][0xfffffffe][0xfffffffa]7[0xffffffdc]M[0xffffffa3]W[0x1b][0xffffffd8][[0x9][0xfffffff0][0xffffffa6][0xffffffd1]/O@S[0x2][0xffffffba]i[0xfffffff4][0xffffffcb][0xffffffaf]3[0xffffff94][0xffffffc8][0xffffffb8]i[0xfffffff4]1[0xffffff8a][0xc]%[0x2]n[0x1a]}[0xffffff8c]e=%[0xffffffb0][0xffffff9b]F[0x1f]"[0xffffff9a]D[0xffffff89][0xffffff9c][0xffffff9b]F[0xffffffff][0xffffffd6][0xffffffa5],%2n[0x1a]}jZ[0xffffff8a][0x12]?[0xffffffba]i[0xfffffff4][0xffffffd7][0xffffffbf][0xffffffe1]n[0x1a][0xffffffbd][0xfffffff7][0x17]u[0xffffff82][0xffffffe3][0x4]o[0x1a][0xfffffffd][0xfffffff2][0x4]4%[0xffffffa0][0xffffff9b]F[0xffffffbf][0xfffffffc]:C[0xffffff89][0xffffff8c][0xffffff9b]F[0x1f][0xffffffa3][0xffffffc8]P"[0xffffffe0][0xffffffa6][0xffffffd1][0xffffffc7]X[0xffffffd6]S[0x2][0xffffffbb]i[0xfffffff4]![0xffffffa2]I[0xffffff94][0xffffffc8][0xffffffb9]i[0xfffffff4]o][0xffffffca]R"[0xffffffe3][0xffffffa6][0xffffffd1][0xffffffa7][0xffffffa6][0xffffffa5]([0xfffffff1][0xffffffa3][0xffffff9b]F[0x7f][0xfffffffd][0x1b][0xffffffee]0[0xffffffe8]}n[0xffffffd4]g[0xffffff97]'~[0x18][0xfffffff4][0xc]8[0xc]z[0xffffff9a][0x13]K[0xffffff85][0x1][0xffffffc7][0xe][0xffffff83][0xffffff9e]r&[0xffffff89][0xffffffa4]D[0xffffffc8]aP[0x1b]H[0xffffff86][0x12][0x1][0xffffff87]A%[0xffffff9c][0xffffffd5][0xffffff94][0x8]>[0xc][0xffffffea][0xffffffca][0xffffff93][0xffffffa5]D[0xffffffde]aPW[0xffffffad][0x1c]%R[0xe][0xffffff83]j[0xfffffff1].P[0xffffffa2][0x1b]J[0xffffffb4][0xffffffe3][0xffffffc0]([0xffffffd1]qJ[0xfffffff4][0x0]Jt[0xffffffcd]{a[0xffffffc0];F[0xffffff89][0xffffff9e]D[0x9][0xffffff8d]"C[0x9][0x17]H[0xffffff86][0x12][0x1a][0xffffffcb]zJ[0xffffffcc][0xffffffe1][0xffffffac][0xffffffa6][0xffffffc4][0x1c][0xffffffd1]$J[0xffffff98][0xfffffff2]d)a[0xffffffbb][0xffffff94][0xffffffa5][0xffffff84][0xffffffa9]V[0xffffff8e][0x12][0xffffffd2][0xffffffb4][0x14]%[0xffffffa4]x[0xffffffbf]O[0xffffff89][0xffffffcb][0xffffff9d][0xffffffe0]h}P[0xffffff9f]]^[0xfffffff8][0x9][0xffffff8e]+[0xffffffe0][0x4][0xffffffc7]e>3[0xffffffae][0xb][0xfffffff8][0xffffff85][0xffffff9d][0xffffffe0][0xffffffb8][0xffffffe4]Cb[0xffffff90][0x12]&[0xffffff8a][0x8]%l [0x11]J[0xffffff98]X[0xffffff96]SB[0xffffffc2]YL[0x9][0xffffff89]h[0x10]%\y[0xffffffa2][0xffffff94][0xfffffff0]][0xffffff8a]R[0xffffffc2]U+F[0x9]mZ[0xffffff88][0x12]Z[0xffffffbc][0xb][0xffffff94]p'8[0xfffffffa]~4[0xffffff8a][0x12][0xfffffff8][0x9][0xffffff8e]+[0xffffffe0][0x4][0xffffffc7]e>3.[0xc]8v[0xffffff82][0xffffffe3][0xffffff92][0xf][0xffffff89]IJ[0xffffff84][0xffffff9c][0xffffffe0][0xffffffb0][0xffffff81]d([0x11]p[0xffffff82]C[0xffffffc2]YM[0xffffff89][0xffffffe0][0x13][0x1c][0xffffffae]<YJ[0xffffffe4][0xffffff9d][0xffffffe0]p[0xffffffd5][0xffffffca]Q"[0xffffffe5][0x4][0xffffff87][0x16][0xffffffef][0x2]%[0xffffffdc][0x9][0xffffff8e][0xffffffbe][0xffffff8f]AQ[0x2]?[0xffffffc1]q[0x5][0xffffff9c][0xffffffe0][0xffffffb8][0xffffffcc]g[0xffffffc6][0xffffff85][0x1][0xffffffc7]Np\[0xfffffff2]!1I[0xffffff89][0xffffff90][0x13][0x1c]6[0xffffff90][0xc]%[0x2]NpH8[0xffffffab])[0x11]|[0xffffff82][0xffffffc3][0xffffff95]'K[0xffffff89][0xffffffbc][0x13][0x1c][0xffffffae]Z9J[0xffffffa4][0xffffff9c][0xffffffe0][0xffffffd0][0xffffffe2]][0xffffffa0][0xffffff84];[0xffffffc1][0xffffffd1][0xffffff8f][0x17][0xfffffff6][0x7][0xe][0xfffffffc][0x4][0xffffffc7][0x15]p[0xffffff82][0xffffffe3]2[0xffffff9f][0x19][0x17][0x6][0x1c];[0xffffffc1]q[0xffffffc9][0xffffff87][0xffffffc4]$%BNp[0xffffffd8]@2[0xffffff94][0x8]8[0xffffffc1]![0xffffffe1][0xffffffac][0xffffffa6]D[0xfffffff0][0x9][0xe]W[0xffffff9e],%[0xfffffff2]Np[0xffffffb8]j[0xffffffe5]([0xffffff91]r[0xffffff82]C[0xffffff8b]w[0xffffff81][0x12][0xffffffee][0x4]G?[0xe][0xffffff8c][0x12][0xfffffff8][0x9][0xffffff8e]+[0xffffffe0][0x4][0xffffffc7]e>3.[0xc]8v[0xffffff82][0xffffffe3][0xffffff92][0xf][0xffffff89]IJ[0xffffff84][0xffffff9c][0xffffffe0][0xffffffb0][0xffffff81]d([0x11]p[0xffffff82]C[0xffffffc2]YM[0xffffff89][0xffffffe0][0x13][0x1c][0xffffffae]<YJ[0xffffffe4][0xffffff9d][0xffffffe0]p[0xffffffd5][0xffffffca]Q"[0xffffffe5][0x4][0xffffff87][0x16][0xffffffef][0x2]%.K[0x9][0xffffffee][0xf][0x1c][0x17]N[0xffffff89]+[0xffffff80][0x12][0xffffff97][0xffffffe6][0xffffffbd]0[0xffffffe0][0x17]F[0xffffff89]+[0xffffff89][0x12][0x1a]E[0xffffff86][0x12].[0xffffff90][0xc]%4[0xffffff96][0xfffffff5][0xffffff94][0xffffff98][0xffffffc3]YM[0xffffff89]9[0xffffffa2]I[0xffffff94]0[0xffffffe5][0xffffffc9]R[0xffffffc2]v)K[0x9]S[0xffffffad][0x1c]%[0xffffffa4]i)JH[0xfffffff1].Qb[0xf][0xffffffa3][0xffffffc4][0xffffff8e]Sb[0xf][0xffffffa0][0xffffffc4][0xffffff8e]Rb[0xffffffc7]([0xffffffb1]'Qb[0xffffff8e]"E[0x9][\r]$E[0xffffff89]9[0xffffff96][0x4]%v[0xffffff98][0x12]{0%[0xffffffa4]<iJ[0xffffff98].[0xffffffa5])![0xffffffd5]JRbO[0xffffffa1][0xffffffc4][0xfffffffe]cJ[0xffffffdc][0xffffff8e][0x12][0xffffffd7][0xffffffd9])J[0xffffffdc]8%[0xffffffee][0x0]J[0xffffffdc][0xffffff9a][0xfffffff7][0xffffffc2][0xffffff80][0xffffffdf][0x18]%[0xffffffee]$Jh[0x14][0x19]J[0xffffffb8]@2[0xffffff94][0xffffffd0]X[0xffffffd6]Sb[0xe]g5%[0xffffffe6][0xffffff88]&Q[0xffffffc2][0xffffff94]'K[0x9][0xffffffdb][0xffffffa5],%L[0xffffffb5]r[0xffffff94][0xffffff90][0xffffffa6][0xffffffa5](![0xffffffc5][0xffffffbb]@[0x9]w[0xffffffc9][0xfffffff8][0xffffffb8][0xf][0xffffff8c][0x12][0xfffffff8]%[0xffffffe3]W[0xffffffc0]%[0xffffffe3][0xffffff97][0xffffffb9][0x9][0xffffffb7]0[0xffffffe0][0xffffffd8]%[0xffffffe3][0xffffff97][0xffffffdc]uKR"[0xffffffe4][0xffffff92]q[0x1b]H[0xffffff86][0x12][0x1][0xffffff97][0xffffff8c]K8[0xffffffab])[0x11]|[0xffffffc9][0xffffffb8]+O[0xffffff96][0x12]y[0xffffff97][0xffffff8c][0xffffffbb]j[0xffffffe5]([0xffffff91]r[0xffffffc9][0xffffffb8][0x16][0xffffffef][0xfffffff7])q[0xffffffbb][0xffffff89][0xffffffaa][0xffffffd1]vj[0xffffffed][0xfffffff2][0xffffffc6]'[0xffffffaa][0xffffffee][0xffffff80][0xffffff89][0xffffffaa][0xffffffdb][0xffffffec][0xffffffa8][0xffffffd4][0x5][0xfffffffc][0xffffffc6]&[0xffffffaa]nYJ[0x1])a[0xffffffa2][0xffffff88]P[0xffffffc2][0x6][0x12][0xffffffa1][0xffffff84][0xffffff89]e9%$[0xffffff9c][0xffffffc5][0xffffff94][0xffffff90][0xffffff88][0x6]Q[0xffffffc2][0xffffff95]'J[0x9][0xffffffdf][0xffffffa5](%\[0xffffffb5]b[0xffffff94][0xffffffd0][0xffffffa6][0xffffff85]([0xffffffa1][0xffffffc5][0xffffffbb]@[0x9][0xffffffb3]+[0xffffffb1][0xffffffbf][0xffffffb8][0xffffffe1][0xffffffec][0x1b][0xffffffdf][0xffffff95][0xffffffb8][0x3]v%ns[0xfffffff8][0xffffffb9]0[0xffffffe0][0xffffffd8][0xffffffae][0xffffffc4]-[0xffffffc7][0xffffff9b]IJ[0xffffff84][0xffffffec]J[0xffffffd8]@2[0xffffff94][0x8][0xffffffd8][0xffffff95][0xffffff90]pVS"xW[0xffffffc2][0xffffff95]'K[0xffffff89][0xffffffbc]][0x9]W[0xffffffad][0x1c]%Rv%[0xffffffb4]x[0x17](a[0xe][0xffffff83][0xffffffee][0xffffffaf]ql[0x14]%[0xfffffff0][0xffffffc3][0xffffffa0]w[0xffffffc0]a[0xffffffd0][0xffffffdb][0xffffff9c]X*[0xc]8v[0x18][0xfffffff4][0xffffff96]3I$%B[0xe][0xffffff83][0xffffffda]@2[0xffffff94][0x8]8[0xc]*[0xffffffe1][0xffffffac][0xffffffa6]D[0xfffffff0]aPW[0xffffff9e],%[0xfffffff2][0xe][0xffffff83][0xffffffba]j[0xffffffe5]([0xffffff91]r[0x18]T[0xffffff8b]w[0xffffff81][0x12][0xffffffe6]0[0xffffffe8][0xffffffbe][0xffffffed][0x3][0xffffffa3][0x4]~[0x18][0xfffffff4][0xe]8[0xc]z[0xffffff9b][0x13]K[0xffffff85][0x1][0xffffffc7][0xe][0xffffff83][0xffffffde]r&[0xffffff89][0xffffffa4]D[0xffffffc8]aP[0x1b]H[0xffffff86][0x12][0x1][0xffffff87]A%[0xffffff9c][0xffffffd5][0xffffff94][0x8]>[0xc][0xffffffea][0xffffffca][0xffffff93][0xffffffa5]D[0xffffffde]aPW[0xffffffad][0x1c]%R[0xe][0xffffff83]j[0xfffffff1].P[0xffffffa2]9J[0x1c][0xffffff83][0xfffffffa][0xffffffec][0xfffffff2][0xfffffffd]y`J[0xffffffb4][0x0]J4[0xffffffcd]{a[0xffffffc0][0x1b]F[0xffffff89][0xffffff96]D[0x9][0xffffff8d]"C[0x9][0x17]H[0xffffff86][0x12][0x1a][0xffffffcb]zJ[0xffffffcc][0xffffffe1][0xffffffac][0xffffffa6][0xffffffc4][0x1c][0xffffffd1]$J[0xffffff98][0xfffffff2]d)a[0xffffffbb][0xffffff94][0xffffffa5][0xffffff84][0xffffffa9]V[0xffffff8e][0x12][0xffffffd2][0xffffffb4][0x14]%[0xffffffa4]x[0x17]([0xffffffd1][0x1d]%N[0xffffffec]:[0xffffffaf][0xfffffff7][0xffffffe7][0xffffff81])[0xffffffd1][0x3]([0xffffffd1]5[0xffffffef][0xffffff85][0x1][0xffffffef][0x18]%z[0x12]%4[0xffffff8a][0xc]%\ [0x19]Jh,[0xffffffeb])1[0xffffff87][0xffffffb3][0xffffff9a][0x12]sD[0xffffff93](a[0xffffffca][0xffffff93][0xffffffa5][0xffffff84][0xffffffed]R[0xffffff96][0x12][0xffffffa6]Z9JH[0xffffffd3]R[0xffffff94][0xffffff90][0xffffffe2][0xfffffffd]>%[0xffffff9a]9[0xffffffc1][0xffffffb1]o[0xfffffff7]uB[0xffffff94]h[0xfffffff8][0x9][0xffffff8e][0x16]p[0xffffff82][0xffffffa3][0xffffff99][0xffffffcf][0xffffff8c][0xffffffeb][0x2][0xffffffde][0xffffffb0][0x13][0x1c]M>$[0x6])a[0xffffffa2][0xffffff88]P[0xffffffc2][0x6][0x12][0xffffffa1][0xffffff84]"
2024-07-29 11:03:33 DEBUG wire:106 - http-outgoing-1 << "[0xffffff89]e9%$[0xffffff9c][0xffffffc5][0xffffff94][0xffffff90][0xffffff88][0x6]Q[0xffffffc2][0xffffff95]'J[0x9][0xffffffdf][0xffffffa5](%\[0xffffffb5]b[0xffffff94][0xffffffd0][0xffffffa6][0xffffff85]([0xffffffa1][0xffffffc5][0xffffffbb]@[0x9]s[0xffffffc9][0xfffffff8][0xffffffbe][0xffffff8d][0xffffff8b]z+[0xffffffd1][0xfffffff0]K[0xffffffc6][[0xffffffc0]%[0xffffffe3][0xffffffcd][0xffffffdc][0xffffff84][[0x18]p[0xffffffec][0xffffff92][0xfffffff1]&w[0xffffffdd][0xffffff92][0xffffff94][0x8][0xffffffb9]d[0xffffffdc][0x6][0xffffff92][0xffffffa1]D[0xffffffc0]%[0xffffffe3][0x12][0xffffffce]jJ[0x4]_2[0xffffffee][0xffffffca][0xffffff93][0xffffffa5]D[0xffffffde]%[0xffffffe3][0xffffffae]Z9J[0xffffffa4]\2[0xffffffae][0xffffffc5][0xffffffbb]@[0x9]w[0x18]t[0xffffffdf].[0xffffffea][0xffffffb3][0xffffffcb][0xffffff86][0x1f][0x6]m[0x1][0xffffff87]A[0xffffff9b]9[0xffffffb1]T[0x18]p[0xffffffec]0h[0xffffff93]3I$%B[0xe][0xffffff83][0xffffffda]@2[0xffffff94][0x8]8[0xc]*[0xffffffe1][0xffffffac][0xffffffa6]D[0xfffffff0]aPW[0xffffff9e],%[0xfffffff2][0xe][0xffffff83][0xffffffba]j[0xffffffe5]([0xffffff91]r[0x18]T[0xffffff8b]w[0xffffff81][0x12][0xffffffe6][0xffffff92][0xfffffff1]}[0xffffffbf][0xffffffb0][0xffffff89][0xffffffaa][0xffffff86]_2[0xffffffde][0x2].[0x19]o[0xffffffe6]&[0xffffffdc][0xffffffc2][0xffffff80]c[0xffffff97][0xffffff8c]7[0xffffffb9][0xffffffeb][0xffffff96][0xffffffa4]D[0xffffffc8]%[0xffffffe3]6[0xffffff90][0xc]%[0x2].[0x19][0xffffff97]pVS"[0xfffffff8][0xffffff92]qW[0xffffff9e],%[0xfffffff2].[0x19]w[0xffffffd5][0xffffffca]Q"[0xffffffe5][0xffffff92]q-[0xffffffde][0x5]J[0xffffffb8]][0xffffff89][0xffffffbd]awp4|W[0xffffffa2][0x5][0xffffffec]J4s[0xfffffff8][0xffffffb9]0[0xffffffe0][0xffffffd8][0xffffffae]D[0xffffff93][0xffffffe3][0xffffffcd]$%Bv%l [0x19]J[0x4][0xffffffec]JH8[0xffffffab])[0x11][0xffffffbc]+[0xffffffe1][0xffffffca][0xffffff93][0xffffffa5]D[0xffffffde][0xffffffae][0xffffff84][0xffffffab]V[0xffffff8e][0x12])[0xffffffbb][0x12]Z[0xffffffbc][0xb][0xffffff94]p[0xffffffbb][0x12][0xffffffc7]vbo%[0xfffffff0]][0xffffff89][0x16][0xffffffb0]+[0xffffffd1][0xffffffcc][0xffffffe1][0xffffffe7][0xffffffc2][0xffffff80]c[0xffffffbb][0x12]M[0xffffff8e]7[0xffffff93][0xffffff94][0x8][0xffffffd9][0xffffff95][0xffffffb0][0xffffff81]d([0x11][0xffffffb0]+![0xffffffe1][0xffffffac][0xffffffa6]D[0xfffffff0][0xffffffae][0xffffff84]+O[0xffffff96][0x12]y[0xffffffbb][0x12][0xffffffae]Z9J[0xffffffa4][0xffffffec]Jh[0xfffffff1].P[0xffffffe2]v[0xffffff94]86[0xffffffec][0xffffffb3][0xffffffcb][0x1b][0xffffffa7][0xffffffc4][0x1d]@[0xffffff89][[0xfffffff3]^[0x18][0xfffffff0][0x1b][0xffffffa3][0xffffffc4][0xffffff9d]D[0x9][0xffffff8d]"C[0x9][0x17]H[0xffffff86][0x12][0x1a][0xffffffcb]zJ[0xffffffcc][0xffffffe1][0xffffffac][0xffffffa6][0xffffffc4][0x1c][0xffffffd1]$J[0xffffff98][0xfffffff2]d)a[0xffffffbb][0xffffff94][0xffffffa5][0xffffff84][0xffffffa9]V[0xffffff8e][0x12][0xffffffd2][0xffffffb4][0x14]%[0xffffffa4]x[0x17]([0xffffffe1]&[0xffffffaa][0xffffff8e]k[0xffffffc3]>[0xffffffbb][0xffffffc4]'[0xffffffaa]Z[0xffffffc0]DU3;*[0xffffff85][0x1][0xffffffc7]&[0xffffffaa][0xffffff9a],[0xffffffa5][0xffffff90][0xffffff94][0x8][0xffffff99][0xffffffa8][0xffffffb2][0xffffff81]d([0x11]0Q%[0xffffffe1][0xffffffac][0xffffffa6]D[0xfffffff0]D[0xffffff95]+O[0xffffff96][0x12]y[0x13]U[0xffffffae]Z9J[0xffffffa4]LTi[0xfffffff1].P[0xffffffa2];J[0xffffffdc][0x1d][0xfffffffb][0x3]G[0xffffffc7])[0xffffffd1][0x3]([0xffffffd1]5[0xffffffef][0xffffff85][0x1][0xffffffef][0x18]%z[0x12]%4[0xffffff8a][0xc]%\ [0x19]Jh,[0xffffffeb])1[0xffffff87][0xffffffb3][0xffffff9a][0x12]sD[0xffffff93](a[0xffffffca][0xffffff93][0xffffffa5][0xffffff84][0xffffffed]R[0xffffff96][0x12][0xffffffa6]Z9JH[0xffffffd3]R[0xffffff94][0xffffff90][0xffffffe2]][0xffffffa0][0xffffffc4]p[0xffffff94][0xffffffe8][0xffffffdb][0xffffffa0](1pJ[0xc][0x17][0xffffffff][0xffffffe2][0xffffffbc][0xf][0xffffffcd]{a[0xffffffc0][0x7]F[0xffffff89][0xffffff91]D[0x9][0xffffff8d]"C[0x9][0x17]H[0xffffff86][0x12][0x1a][0xffffffcb]zJ[0xffffffcc][0xffffffe1][0xffffffac][0xffffffa6][0xffffffc4][0x1c][0xffffffd1]$J[0xffffff98][0xfffffff2]d)a[0xffffffbb][0xffffff94][0xffffffa5][0xffffff84][0xffffffa9]V[0xffffff8e][0x12][0xffffffd2][0xffffffb4][0x14]%[0xffffffa4]x[0xffffffbf]O[0xffffff89][0xffffffee][0xffffffd6].[0xffffff8f][0xffffffde]n[0xffffff88][0x12][0x1d]_[0xffffffbb][0xffffffec][0x1]k[0xffffff97][0xffffffdd]L[0xffffffb2][0xffffffd5][0x5][0xffffffbc]ck[0xffffff97]]F[0xffffffd7]@J[0xffffff98]("[0xffffff94][0xffffffb0][0xffffff81]D(abYN[0x9][0x9]g1%$[0xffffffa2]A[0xffffff94]p[0xffffffe5][0xffffff89]R[0xffffffc2]w)J[0x9]W[0xffffffad][0x18]%[0xffffffb4]i!Jh[0xfffffff1].P[0xffffffc2][0xffffffad]][0x1e]c[0xffffffa7][0xffffffbe][0xffffff95][0xffffffe8][0xfffffff8][0xffffffda]e[0xf]X[0xffffffbb][0xffffffec]f[0xffffff92][0xffffffad]0[0xffffffe0][0xffffffd8][0xffffffda]e[0xffffff97][0xffffffd1]5[0xffffff92][0x12]!k[0xffffff97]6[0xffffff90][0xc]%[0x2][0xffffffd6].%[0xffffff9c][0xffffffd5][0xffffff94][0x8]^[0xffffffbb]t[0xffffffe5][0xffffffc9]R"o[0xffffffed][0xffffffd2]U+G[0xffffff89][0xffffff94][0xffffffb5]K-[0xffffffde][0x5]J[0xffffffb8][0xffffffb5][0xffffffcb]c`wpt|[0xffffffed][0xffffffb2][0x7][0xffffffac]]v3[0xffffffc9]V[0x18]pl[0xffffffed][0xffffffb2][0xffffffcb][0xffffffe8][0x1a]I[0xffffff89][0xffffff90][0xffffffb5]K[0x1b]H[0xffffff86][0x12][0x1]k[0xffffff97][0x12][0xffffffce]jJ[0x4][0xffffffaf]][0xffffffba][0xfffffff2]d)[0xffffff91][0xffffffb7]v[0xffffffe9][0xffffffaa][0xffffff95][0xffffffa3]D[0xffffffca][0xffffffda][0xffffffa5][0x16][0xffffffef][0x2]%[0xffffffdc][0xffffffda][0xffffffe5]1[0x6][0xfffffff6][0x7][0xe]|[0xffffffed][0xffffffb2][0x7][0xffffffac]]v3[0xffffffc9]V[0x18]pl[0xffffffed][0xffffffb2][0xffffffcb][0xffffffe8][0x1a]I[0xffffff89][0xffffff90][0xffffffb5]K[0x1b]H[0xffffff86][0x12][0x1]k[0xffffff97][0x12][0xffffffce]jJ[0x4][0xffffffaf]][0xffffffba][0xfffffff2]d)[0xffffff91][0xffffffb7]v[0xffffffe9][0xffffffaa][0xffffff95][0xffffffa3]D[0xffffffca][0xffffffda][0xffffffa5][0x16][0xffffffef][0x2]%[0xffffffdc]D[0xffffffd5]yro%[0xfffffff0][0xffffff89][0xffffffaa][0x1e]0Q[0xffffffd5][0xffffffcd][0xffffff8e]Ja[0xffffffc0][0xffffffb1][0xffffff89][0xffffffaa].K)$%B&[0xffffffaa]l [0x19]J[0x4]LTI8[0xffffffab])[0x11]<Q[0xffffffe5][0xffffffca][0xffffff93][0xffffffa5]D[0xffffffde]D[0xffffff95][0xffffffab]V[0xffffff8e][0x12])[0x13]UZ[0xffffffbc][0xb][0xffffff94]p[0xffffffbb][0x12][0xffffffd7][0xffffffdb][0x7f][0x14]%[0xfffffff0]][0xffffff89][0x1e][0xffffffb0]+[0xffffffd1][0xffffffcd][0xffffffe1][0xffffffe7][0xffffffc2][0xffffff80]c[0xffffffbb][0x12]][0xffffff8e]7[0xffffff93][0xffffff94][0x8][0xffffffd9][0xffffff95][0xffffffb0][0xffffff81]d([0x11][0xffffffb0]+![0xffffffe1][0xffffffac][0xffffffa6]D[0xfffffff0][0xffffffae][0xffffff84]+O[0xffffff96][0x12]y[0xffffffbb][0x12][0xffffffae]Z9J[0xffffffa4][0xffffffec]Jh[0xfffffff1].P[0xffffffa2];J[0xffffff9c]'[0xfffffff6]V[0xffffffa2][0xffffffe3][0xffffff94][0xffffffe8][0x1][0xffffff94][0xffffffe8][0xffffff9a][0xfffffff7][0xffffffc2][0xffffff80]w[0xffffff8c][0x12]=[0xffffff89][0x12][0x1a]E[0xffffff86][0x12].[0xffffff90][0xc]%4[0xffffff96][0xfffffff5][0xffffff94][0xffffff98][0xffffffc3]YM[0xffffff89]9[0xffffffa2]I[0xffffff94]0[0xffffffe5][0xffffffc9]R[0xffffffc2]v)K[0x9]S[0xffffffad][0x1c]%[0xffffffa4]i)JH[0xfffffff1].P[0xffffffc2][0xffffffed]J\m;(J[0xffffffe0][0xffffffbb][0x12]=`W[0xffffffa2][0xffffff9b][0xffffffc3][0xffffffcf][0xffffff85][0x1][0xffffffc7]v%[0xffffffba][0x1c]o&)[0x11][0xffffffb2]+a[0x3][0xffffffc9]P"`WB[0xffffffc2]YM[0xffffff89][0xffffffe0]][0x9]W[0xffffff9e],%[0xfffffff2]v%\[0xffffffb5]r[0xffffff94]H[0xffffffd9][0xffffff95][0xffffffd0][0xffffffe2][0xfffffffd]>%[0xffffff86];[0xc]z[0xffffff9f][0xffffff9d][0xffffffa2][0xffffffc4][0xffffffc0][0xf][0xffffff83][0xffffff8e][0xffffff80][0xffffffc3][0xffffffa0][0xffffffc3][0xffffff9c]X[0xffffffaa][0xb][0xfffffff8][0xffffffc0][0xe][0xffffff83][0xe]9[0xffffff93][0x4]R[0xffffffc2]D[0x11][0xffffffa1][0xffffff84][\r]$B[0x9][0x13][0xffffffcb]rJH8[0xffffff8b])![0x11][\r][0xffffffa2][0xffffff84]+O[0xffffff94][0x12][0xffffffbe]KQJ[0xffffffb8]j[0xffffffc5]([0xffffffa1]M[0xb]QB[0xffffff8b]w[0xffffff81][0x12][0xffffffee]0[0xffffffe8][0xffffffdd][0xe][0xffffffea][[0xffffff89][0xffffff81][0x1f][0x6][0x1d][0x1][0xffffff87]A[0xffffff87]9[0xffffffb1]T[0x18]p[0xffffffec]0[0xffffffe8][0xffffff90]3I$%B[0xe][0xffffff83][0xffffffda]@2[0xffffff94][0x8]8[0xc]*[0xffffffe1][0xffffffac][0xffffffa6]D[0xfffffff0]aPW[0xffffff9e],%[0xfffffff2][0xe][0xffffff83][0xffffffba]j[0xffffffe5]([0xffffff91]r[0x18]T[0xffffff8b]w[0xffffff81][0x12][0xffffffa7][0xffffffa1]D[0xffffffdb][0xffffffee][0xffffff8b][0xffffffa2][0xffffffc4][0xffffff89]S[0xffffffe2]t[0xfffffff1]/[0xffffffce][0xfffffffb][0xffffffa9]y/[0xc][0xfffffff8][0xffffff89]Q[0xffffffe2]L[0xffffffa2][0xffffff84]F[0xffffff91][0xffffffa1][0xffffff84][0xb]$C[0x9][0xffffff8d]e=%[0xffffffe6]pVSb[0xffffff8e]h[0x12]%Ly[0xffffffb2][0xffffff94][0xffffffb0]][0xffffffca]R[0xffffffc2]T+G[0x9]iZ[0xffffff8a][0x12]R[0xffffffbc][0xb][0xffffff94]p[0xffffff87]A[0xffffffdb][0xfffffffe][0xffffffc2]([0xffffff81][0x1f][0x6][0x1d][0x1][0xffffff87]A[0xffffff87]9[0xffffffb1]T[0x18]p"
2024-07-29 11:03:33 DEBUG wire:106 - http-outgoing-1 << "[0xffffffec]0[0xffffffe8][0xffffff90]3I$%B[0xe][0xffffff83][0xffffffda]@2[0xffffff94][0x8]8[0xc]*[0xffffffe1][0xffffffac][0xffffffa6]D[0xfffffff0]aPW[0xffffff9e],%[0xfffffff2][0xe][0xffffff83][0xffffffba]j[0xffffffe5]([0xffffff91]r[0x18]T[0xffffff8b]w[0xffffff81][0x12][0xffffffb7][0xffffffa5][0xffffffc4][0xffffff85]Q[0xffffffe2][0xffffffc6])q[0xffffffbb][0xfffffff8][0x17][0xffffffe7][0xfffffffd][0xffffffd6][0xffffffbc][0x17][0x6][0xfffffffc][0xffffffc6](q'QB[0xffffffa3][0xffffffc8]P[0xffffffc2][0x5][0xffffff92][0xffffffa1][0xffffff84][0xffffffc6][0xffffffb2][0xffffff9e][0x12]s8[0xffffffab])1G4[0xffffff89][0x12][0xffffffa6]<YJ[0xffffffd8].e)a[0xffffffaa][0xffffff95][0xffffffa3][0xffffff84]4-E[0x9])[0xffffffde][0x5]J[0xffffffb8]][0xffffff89]v[0xffffffbc][0xffffffa8][0xffffffb5][0xffffffcb][0xffffff81][0xffffffef]J[0xffffff8c][0xffffff80]][0xffffff89]a[0xe]?[0x17][0x6][0x1c][0xffffffdb][0xffffff95][0x18]r[0xffffffbc][0xffffff99][0xffffffa4]D[0xffffffc8][0xffffffae][0xffffff84][\r]$C[0xffffff89][0xffffff80]][0x9][0x9]g5%[0xffffff82]w%\y[0xffffffb2][0xffffff94][0xffffffc8][0xffffffdb][0xffffff95]p[0xffffffd5][0xffffffca]Q"eWB[0xffffff8b]w[0xffffff81][0x12][0xffffffee]0h[0x1b];[0xfffffff6][0xffffffd9]%~[0x18]t[0x4][0x1c][0x6][0x1d][0xffffffe6][0xffffffc4]Ra[0xffffffc0][0xffffffb1][0xffffffc3][0xffffffa0]C[0xffffffce]$[0xffffff91][0xffffff94][0x8]9[0xc]j[0x3][0xffffffc9]P"[0xffffffe0]0[0xffffffa8][0xffffff84][0xffffffb3][0xffffff9a][0x12][0xffffffc1][0xffffff87]A]y[0xffffffb2][0xffffff94][0xffffffc8];[0xc][0xffffffea][0xffffffaa][0xffffff95][0xffffffa3]D[0xffffffca]aP-[0xffffffde]oS[0xffffffe2]~[0xffffffb9]K[0xffffffc6][0xfffffffb]FQ[0xffffffe2][0xffffffe3]yPJ|>[0x1]K[0xffffff89]?[0xffffffcf]@P[0xffffffe2][0xfffffff3][0xffffffd7][0x9]J[0xfffffffc][0xfffffffe][0xffffffe5][0x4]J[0xffffffb8]([0x12][0xffffff94][0xfffffff0][0xffffff81]$([0xffffffe1]bYM[0x9][\r]g-%4[0xffffffa2]9[0xffffff94][0xffffffb0][0xffffffe5]IR[0xffffffe2][0xffffffa1]KIJ[0xffffffd8]j[0xffffffa5](a[0xffffff9a][0xffffff96][0xffffffa1][0xffffff84])[0xffffffde][0x5]J[0xffffffb8]][0xffffff89]~[0xffffff8d]NQ[0xffffff82][0xffffffde][0xffffff95][0xfffffff8]|[0x2][0xffffff9a][0x12][0xffffffe4][0xffffffae][0xffffffc4][0xffffffe7][0xffffffaf]3[0xffffff94][0x8][0xffffffda][0xffffff95]pQd([0xffffff91][0xffffffb2]+[0xffffffe1]bYO[0x9]vWB#[0xffffff9a]D[0xffffff89][0xffffffb0]][0xffffff89][0xffffff87].e)[0x11][0xffffffb4]+a[0xffffff9a][0xffffff96][0xffffffa2][0xffffffc4][0xffffffcf]w%[0xffffffde][0xffffffff][0xffffff8d]=[0xffffff8c][0x12];N[0xffffff89]=[0xffffff80][0x12];J[0xffffff89][0x1d][0xffffffa3][0xffffffc4][0xffffff9e]D[0xffffff89]9[0xffffff8a][0x14]%4[0xffffff90][0x14]%[0xffffffe6]X[0x12][0xffffff94][0xffffffd8]aJ[0xffffffec][0xffffffc1][0xffffff94][0xffffff90][0xfffffff2][0xffffffa4])a[0xffffffba][0xffffff94][0xffffffa6][0xffffff84]T+I[0xffffff89]=[0xffffff85][0x12][0xfffffffb][0xffffff8f])[0xffffffe1]&[0xffffffaa]z[0xffffffdf]O[0xffffff8a][0x12][0xfffffff4]D[0xffffffd5][0xffffffe7][0x13][0xffffffd0][0xffffff94] '[0xffffffaa]>[0x7f][0xffffff9d][0xffffffa1]D[0xffffffd0]D[0xffffff95][0xffffff8b]"C[0xffffff89][0xffffff94][0xffffff89]*[0x17][0xffffffcb]zJ[0xffffffb0][0x13]U[0x1a][0xffffffd1]$J[0xffffff84]MT=t)K[0xffffff89][0xffffffa0][0xffffff89]*[0xffffffd3][0xffffffb4][0x14]%~>Q[0xfffffff5][0xfffffffe]o[0xffffff98][0xffffffb7][0x12](%[0xffffffe8][0xffffffb7][0x12]{[0xffffffc0][[0xffffff89]][0xffffffe9]\[0x1a]p[0xffffffea][0xffffffad][0xffffffc4][0xffffff9e][0xfffffff4]VB[0xffffffa3]HQ"[0xffffffe5][0xffffffad][0xffffff84][0xffffffc6][0xffffff92][0xffffffa0][0x4][0xfffffffb]Vb[0xffffff8e]h[0x16]%[0xffffffc2][0xffffffde]J[0xffffffd8].[0xffffffa5])[0x11][0xfffffff4]VB[0xffffff9a][0xffffff96][0xffffffa3][0xffffffc4][0xffffffcf][0xffffffdf]J[0x1c][0xffffffe6][0xffffffad][0xffffffc4][0xffffffd8][0xffffffdb][0xffffff8b][0xffffffa2][0xffffffc4][0xffffff81][0xffffffbf][0xffffff95]8[0x2][0xffffffde]J[0x1c]J[0xffffffe7][0xffffffc2][0xffffff80][0x1f][0xffffffd8][[0xffffff89]#[0xffffffe9][0xffffffad][0xffffff84]F[0xffffff91][0xffffffa1][0xffffff84][0xb]$C[0x9][0xffffff8d]e=%[0xffffffe6]pVSb[0xffffff8e]h[0x12]%Ly[0xffffffb2][0xffffff94][0xffffffb0]][0xffffffca]R[0xffffffc2]T+G[0x9]iZ[0xffffff8a][0x12]R[0xffffffbc][0xb][0xffffff94]p[0xffffffc3][0xffffffd9][0xffffffe3][0xffffffbc]7[0xffffff8a][0x12][0xfffffff4]p[0xfffffff6][0xffffffe7][0x13][0xffffffd0][0xffffff94] [0xffffff87][0xffffffb3]?[0x7f][0xffffff9d][0xffffffa1]D[0xffffffd0]p[0xffffffb6][0xffffff8b]"C[0xffffff89][0xffffff94][0xffffffe1]l[0x17][0xffffffcb]zJ[0xffffffb0][0xffffffc3][0xffffffd9][0x1a][0xffffffd1]$J[0xffffff84][\r]g?t)K[0xffffff89][0xffffffa0][0xffffffe1]l[0xffffffd3][0xffffffb4][0x14]%~>[0xffffff9c]}[0xffffffbf][0xffffffdc]p[0xfffffff6][0xffffffb8][0x7][0xffffffb4]v[0xfffffff9][0xfffffff1]<0%[0xfffffff8][0xffffffe1][0xffffffec]?[0xffffffcf][0xffffffc0]P[0xffffff82][0x1a][0xffffffce][0xfffffffe][0xfffffffd][0xffffffcb][0x19][0xffffff94][0xffffffc8][0x18][0xffffffce][0xfffffff6][0xffffff81]d([0xffffffc1][0xf]gk8[0xffffffab])[0xffffff91];[0xffffff9c]m[0xffffffcb][0xffffff93][0xffffffa5]D[0xffffffdc]p[0xffffffb6][0xffffffad]V[0xffffff8e][0x12]![0xffffffc3][0xffffffd9][0xffffffa6]x[0xffffff97]([0xffffffa1][0xffffffdf]J[0xffffffb0][0xffffff94][0xffffffa0][0xffffffbf][0xffffff95][0xffffffb8][0x2][0xffffffbe][0xffffff95][0xffffffb8][0xfffffff4][0xf]z[0xffffffa5][0x1][0xffffffa7][0xffffffbe][0xffffff95][0xffffffb8][0xffffff92][0xffffffbe][0xffffff95][0xffffffd0](R[0xffffff94]H[0xfffffff9]VBcIP[0xffffff82][0xfffffffd]Vb[0xffffff8e]h[0x16]%[0xffffffc2][0xffffffbe][0xffffff95][0xffffffb0]]JS"[0xffffffe8][[0x9]iZ[0xffffff8e][0x12]?[0xffffffff]V[0xffffffc2][0xffffffdc][0xffffffc1]q[0xffffffbc]vj8[0xfffffffb][0xffffffe3]y`J[0xfffffff0]wp[0xfffffffc]y[0x6][0xffffff86][0x12][0xffffffd4][0x1d][0x1c][0xffffffbf][0x7f]9[0xffffff83][0x12][0x19]wp[0xfffffff8]@2[0xffffff94][0xffffffe0][0xffffffef][0xffffffe0][0xffffffd0]pVS"[0xfffffff7][0xe][0xe][[0xffffff9e],%[0xffffffe2][0xffffffee][0xffffffe0][0xffffffb0][0xffffffd5][0xffffffca]Q"[0xffffffe4][0xe][0xe]S[0xffffffbc][0xb][0xffffff94]0wp[0x1c][0xffffffaf][0xffffffab][0xffffff9f][0x14]%[0xffffffe8];8>[0xffffff9f][0xffffff80][0xffffffa6][0x4]y[0x7][0xffffffc7][0xffffffe7][0xffffffaf]3[0xffffff94][0x8][0xffffffba][0xffffff83][0xffffffc3]E[0xffffff91][0xffffffa1]D[0xffffffca][0x1d][0x1c].[0xffffff96][0xfffffff5][0xffffff94]`[0xffffffef][0xffffffe0][0xffffffd0][0xffffff88]&Q"[0xffffffec][0xe][0xffffff8e][0xffffff87].e)[0x11]t[0x7][0xffffff87]iZ[0xffffff8a][0x12]?[0xffffffbf][0xffffff83][0xffffffe3]~uG[0xffffff89][0xfffffff6][0x1a][0x14]%:N[0xffffff89][0x1e]@[0xffffff89][0xffffffae]y/[0xc]x[0xffffffc7]([0xffffffd1][0xffffff93]([0xffffffa1]Qd([0xffffffe1][0x2][0xffffffc9]PBcYO[0xffffff89]9[0xffffff9c][0xffffffd5][0xffffff94][0xffffff98]#[0xffffff9a]D[0x9]S[0xffffff9e],%l[0xffffff97][0xffffffb2][0xffffff94]0[0xffffffd5][0xffffffca]QB[0xffffff9a][0xffffff96][0xffffffa2][0xffffff84][0x14][0xffffffef][0x2]%[0xffffffcc]u^o[0xffffff94][0xffffffb8][0x1a]E[0x9][0xfffffffa]:[0xffffffaf][0xffffffcf]'[0xffffffa0])A^[0xffffffe7][0xfffffff5][0xfffffff9][0xffffffeb][0xc]%[0xffffff82][0xffffffae][0xfffffff3]rQd([0xffffff91]r[0xffffff9d][0xffffff97][0xffffff8b]e=%[0xffffffd8][0xffffffeb][0xffffffbc]4[0xffffffa2]I[0xffffff94][0x8][0xffffffbb][0xffffffce][0xffffffeb][0xffffffa1]KYJ[0x4]][0xffffffe7]e[0xffffff9a][0xffffff96][0xffffffa2][0xffffffc4][0x7f]p[0xffffff9d][0xffffffd7]f[0xffffffae][0xfffffff3]:^[0xfffffffd]u@[0xffffff94][0xffffffd8][0xfffffff0][0xffffffeb][0xffffffbc][0xffffffb6][0xffffff80][0xffffffeb][0xffffffbc]6s[0xffffffe7]L][0xffffffc0]7[0xffffffec]:[0xffffffaf]Mn[0xffffff95][0x1])a[0xffffffa2][0xffffff88]P[0xffffffc2][0x6][0x12][0xffffffa1][0xffffff84][0xffffff89]e9%$[0xffffff9c][0xffffffc5][0xffffff94][0xffffff90][0xffffff88][0x6]Q[0xffffffc2][0xffffff95]'J[0x9][0xffffffdf][0xffffffa5](%\[0xffffffb5]b[0xffffff94][0xffffffd0][0xffffffa6][0xffffff85]([0xffffffa1][0xffffffc5][0xffffffbb]@[0x9]s[0xffffff9d][0xffffffd7][0x1b]%nj[0xffffffa2]j[0xffffffc3][0xffffffaf][0xfffffff3][0xffffffda][0x2][0xffffffae][0xfffffff3][0xffffffda][0xffffffcc][0xffffff9d]3[0xffffff85][0x1][0xffffffc7][0xffffffae][0xfffffff3][0xffffffda][0xffffffe4]V[0x19][0xffffff92][0x12]![0xffffffd7]y[0xffffffd9]@2[0xffffff94][0x8][0xffffffb8][0xffffffce]K[0xffffffc2]YM[0xffffff89][0xffffffe0][0xffffffeb][0xffffffbc]\y[0xffffffb2][0xffffff94][0xffffffc8][0xffffffbb][0xffffffce][0xffffffcb]U+G[0xffffff89][0xffffff94][0xffffffeb][0xffffffbc][0xffffffb4]x[0x17](a[0xffffffee][0xffffffe0]8[0xffffffb6][0xffffffd7][0xffffff8b][0xfffffffa][0x3][0xffffffc7][0xffffff86][0xffffffdf][0xffffffc1][0xffffffb1][0x5][0xffffffdc][0xffffffc1][0xffffffb1][0xffffff99][0xffffffa1][0xfffffff8][0xffffffc2][0xffffff80]cwpl2[0x5]OR"[0xffffffe4][0xe][0xe][0x1b]H[0xffffff86][0x12][0x1]wpH8[0xffffffab])[0x11]|[0x7][0xffffff87]+O[0xffffff96][0x12]ywp[0xffffffb8]j[0xffffffe5]([0xffffff91]r[0x7][0xffffff87][0x16][0xffffffef][0x2]%[0xffffffcc]p[0xfffffff6][0xffffffb1][0xffffff9d][0xffffff9d][0xffffffba][0x19]t[0xffffffc3][0xffffff87][0xffffffb3][0xffffffb7][0xffffff80][0xffffffe1][0xffffffec][0xffffffcd][0xffffffac][0xffffffbb][0x16][0x6][0x1c][0x1b][0xffffffce][0xffffffde]d[0xffffffbf][0xffffff95][0xffffffa4]D[0xffffffc8]p[0xffffffb6][\r]$C[0xffffff89][0xffffff80][0xffffffe1]l[0x9]g5%[0xffffff82][0xffffff87][0xffffffb3]]y[0xffffffb2][0xffffff94][0xffffffc8][0x1b][0xffffffce]v[0xffffffd5][0xffffffca]Q"e8[[0xffffff8b]w[0xffffff89][0x12]W[0x18]%.[0xffffff9c][0x12]W[0x0]%.[0xffffff94][0x12][0x17]"
2024-07-29 11:03:33 DEBUG wire:92 - http-outgoing-1 << "F[0xffffff89]+[0xffffff89][0x12]s[0x14])Jh )J[0xffffffcc][0xffffffb1]$(q[0xffffffc1][0xffffff94][0xffffffb8][0xffffff82])![0xffffffe5]IS[0xffffffc2]t)M[0x9][0xffffffa9]V[0xffffff92][0x12]W[\n]"
2024-07-29 11:03:33 DEBUG wire:92 - http-outgoing-1 << "%[0xffffffae]uJ[0xffffff8c][0xffffffcf][0x7f][0xffffffc3][0xffffffdc][0xffffffc1]q[0xffffffec]/[0xffffffe0]0[0xffffffe8][0xffffff9f][0xffffffe7][0xffffffa1]([0xfffffff1][0xffffffe5][0x9]0JL[0xffffffcf]PL[0xffffff89]/[0xffffffbf]^L[0xffffff89][0x7f][0xffffffff]2L[0xffffff89][0xffffffc7]([0x16]S[0xffffffe2]/[0xffffff81],[0xffffffa6][0xffffffc4]c,[0xb])[0xfffffff1][0x10][0xffffffce]2J<D4[0xffffff82][0x12][0xffffffcf][0xffffffe5][0x9]Q[0xffffffe2]o][\n]"
2024-07-29 11:03:33 DEBUG wire:92 - http-outgoing-1 << "Q[0xffffffe2][0xffffffb9]Z[0x1]J<5m9%[0xffffff9e][0xffffff8a]w[0xffffff89][0x12]G[0x18]%[0xe][0xffffff9c][0x12]G[0x0]%[0xe][0xffffff94][0x12][0x7]F[0xffffff89]#[0xffffff89][0x12]s[0x14])Jh )J[0xffffffcc][0xffffffb1]$(q[0xffffffc0][0xffffff94]8[0xffffff82])![0xffffffe5]IS[0xffffffc2]t)M[0x9][0xffffffa9]V[0xffffff92][0x12]G[\n]"
2024-07-29 11:03:33 DEBUG wire:106 - http-outgoing-1 << "%[0xffffff8e][0x1f]S[0xffffffc2]\[0xffffffe7]u[0xffffffec][0xfffffffb][0xffffffa8][0x1f][0xffffffce][0xfffffffe][0xfffffff3]<0%[0xffffffd0][0xffffffeb][0xffffffbc][0xffffffa6]g`([0x1]\[0xffffffe7][0xfffffff5][0xffffffef]_[0xffffffce][0xffffffa0][0x4]~[0xffffff9d][0xffffffd7]_[0x2][0xffffffc9]P[0x2][0xffffffbd][0xffffffce][0xffffffeb]![0xffffff9c][0xffffffd5][0xffffff94][0xffffff88][0xffffffbc][0xffffffce][0xffffffeb][0xffffffb9]<YJ$][0xffffffe7][0xfffffff5]\[0xffffffad][0x1c]%[0xfffffff8][0xffffffeb][0xffffffbc][0xffffff9e][0xffffff8a]w[0xffffff81][0x12][0xffffffee][0xe][0xffffff8e][0xffffffbd]m[0xfffffff5][0xffffffbb][0x12][0x7f][0xffffff9e][0x7][0xffffffa6][0x4]z[0x7][0xffffffc7][0xfffffff4][0xc][0xc]%[0xffffff80];8[0xfffffffe][0xfffffffd][0xffffffcb][0x19][0xffffff94][0xffffffc0][0xffffffef][0xffffffe0][0xfffffff8]K [0x19]J[0xffffffa0]wp<[0xffffff84][0xffffffb3][0xffffff9a][0x12][0xffffff91]wp<[0xffffff97]'K[0xffffff89][0xffffffa4];8[0xffffff9e][0xffffffab][0xffffff95][0xffffffa3][0x4][0x7f][0x7][0xffffffc7]S[0xfffffff1].P[0xffffffc2][0xffffffdd][0xffffffc1][0xffffffb1][0xf][0xffffff8e][0x12][0xffffffe0][0x1d][0x1c]_[0xffffff9e][0xffffff80][0xffffffa6][0x4]t[0x7][0xffffffc7][0xffffff97]_g([0xffffff91]q[0x7][0xffffffc7]c[0x14][0x19]J[0x4][0xffffffdc][0xffffffc1][0xfffffff1][0x18][0xffffffcb]zJ`wp<D4[0xffffff89][0x12]9wp[0xfffffffc][0xffffffad]KYJd[0xffffffdc][0xffffffc1][0xfffffff1][0xffffffd4][0xffffffb4][0x14]%~t[0x7][0xffffffc7][0xffffffaf][0x7f][0xffffffa3][0x1b]J[0xffffffbc]a[0xffffffa2][0xfffffffe][0x4][0xffffffc7][0xffffff9f][0xffffffe7][0xffffff81])[0xffffffd1][0x3]([0xffffffd1]5[0xffffffef][0xffffff85][0x1][0xffffffef][0x18]%z[0x12]%4[0xffffff8a][0xc]%\ [0x19]Jh,[0xffffffeb])1[0xffffff87][0xffffffb3][0xffffff9a][0x12]sD[0xffffff93](a[0xffffffca][0xffffff93][0xffffffa5][0xffffff84][0xffffffed]R[0xffffff96][0x12][0xffffffa6]Z9JH[0xffffffd3]R[0xffffff94][0xffffff90][0xffffffe2]][0xffffffa0][0xffffffc4]p[0xffffff94][0xffffffb8]8J[0xc][0xffffff9c][0x12]#[0xffffff80][0x12]C[0xfffffff3]^[0x18][0xfffffff0][0xffffff81]Qb$QB[0xffffffa3][0xffffffc8]P[0xffffffc2][0x5][0xffffff92][0xffffffa1][0xffffff84][0xffffffc6][0xffffffb2][0xffffff9e][0x12]s8[0xffffffab])1G4[0xffffff89][0x12][0xffffffa6]<YJ[0xffffffd8].e)a[0xffffffaa][0xffffff95][0xffffffa3][0xffffff84]4-E[0x9])[0xffffffde][0xffffffef]Sbwwp[0x1c][0xffffffc4]p[0xfffffff6][0xffffff9f][0xffffffe7]a)[0xffffffb1][0xffffffa3]wpL[0xffffffcf][0xffffff80]Pb[0x7][0xffffffee][0xffffffe0][0xfffffff8][0xfffffff7]/GP[0xffffffc2]D[0x11][0xffffffa1][0xffffff84][\r]$B[0x9][0x13][0xffffffcb]rJH8[0xffffff8b])![0x11][\r][0xffffffa2][0xffffff84]+O[0xffffff94][0x12][0xffffffbe]KQJ[0xffffffb8]j[0xffffffc5]([0xffffffa1]M[0xb]QB[0xffffff8b]w[0xffffff81][0x12]n8[0xfffffffb][0x18]m[0xffffffa3]([0x1][0xe]g[0x7f]y[0x2][0xffffff9a][0x12][0xffffffd0]p[0xfffffff6][0xffffff97]_g([0xffffff91]1[0xffffff9c][0xfffffffd][0x18]E[0xffffff86][0x12][0x1][0xffffffc3][0xffffffd9][0xffffff8f][0xffffffb1][0xffffffac][0xffffffa7][0x4]6[0xffffff9c][0xfffffffd][0x10][0xffffffd1]$J[0xffffffe4][0xc]g[0xffffffff][0xffffffad]KYJd[0xc]g?5-E[0xffffff89][0x1f][\r]g[0xffffffff][0xfffffffa]7[0xffffffdc]p[0xfffffff6]1[0xffffffc6]EQ[0x2][0x1c][0xffffffce][0xfffffffe][0xfffffff2][0x4]4%[0xffffffa0][0xffffffe1][0xffffffec]/[0xffffffbf][0xffffffce]P"c8[0xfffffffb]1[0xffffff8a][0xc]%[0x2][0xffffff86][0xffffffb3][0x1f]cYO[0x9]l8[0xfffffffb]![0xffffffa2]I[0xffffff94][0xffffffc8][0x19][0xffffffce][0xfffffffe][[0xffffff97][0xffffffb2][0xffffff94][0xffffffc8][0x18][0xffffffce]~jZ[0xffffff8a][0x12][0xffffffdf][0x1b][0xffffffce][0xfffffffe][0xffffffdf][0xffffffff][0xfffffffb][0x7f][0xffffffff][0x1f][0xffffff83][0xffffff91][0xffffff8a][0xffffff92]Q[0xffffffcd][0x17][0x0]"
2024-07-29 11:03:33 DEBUG InternalHttpClient:256 - ep-0000000002 releasing valid endpoint
2024-07-29 11:03:33 DEBUG PoolingHttpClientConnectionManager:389 - ep-0000000002 releasing endpoint
2024-07-29 11:03:33 DEBUG PoolingHttpClientConnectionManager:408 - ep-0000000002 connection http-outgoing-1 can be kept alive for 3 MINUTES
2024-07-29 11:03:33 DEBUG PoolingHttpClientConnectionManager:421 - ep-0000000002 connection released [route: {s}->https://googlechromelabs.github.io:443][total available: 2; route allocated: 1 of 5; total allocated: 2 of 25]
2024-07-29 11:03:33 INFO  WebDriverManager:1220 - Using chromedriver 127.0.6533.72 (resolved driver for Chrome 127)
2024-07-29 11:03:33 DEBUG ResolutionCache:119 - Storing resolution chrome=127 in cache (valid until 12:03:33 29/07/2024 IST)
2024-07-29 11:03:33 DEBUG ResolutionCache:119 - Storing resolution chrome127=127.0.6533.72 in cache (valid until 11:03:33 30/07/2024 IST)
2024-07-29 11:03:33 DEBUG WebDriverManager:1179 - Driver chromedriver 127.0.6533.72 found in cache
2024-07-29 11:03:33 INFO  WebDriverManager:1282 - Exporting webdriver.chrome.driver as C:\Users\shann\.cache\selenium\chromedriver\win64\127.0.6533.72\chromedriver.exe
2024-07-29 11:03:35 INFO  Reusables:26 - openBrowser method executed
  Given User launches browser "browser"                             # com.example.stepDefinations.stepDefination.user_launches_browser(java.lang.String)
2024-07-29 11:03:35 INFO  Reusables:75 - navigateToURL method called
2024-07-29 11:03:38 INFO  Reusables:77 - navigateToURL method executed
  When User enters "TestURL" into the browser and lands on the page # com.example.stepDefinations.stepDefination.user_enters_into_the_browser_and_lands_on_the_page(java.lang.String)
2024-07-29 11:03:38 INFO  Reusables:48 - visibleWaitCondition method called
2024-07-29 11:03:38 INFO  Reusables:51 - visibleWaitCondition method executed
2024-07-29 11:03:38 INFO  Reusables:48 - visibleWaitCondition method called
2024-07-29 11:03:38 INFO  Reusables:51 - visibleWaitCondition method executed
  Then User check for the home and books field                      # com.example.stepDefinations.stepDefination.user_check_for_the_username_and_password_field()
2024-07-29 11:03:39 INFO  Reusables:33 - Scenario Name --> Testcase 1
]]></system-out>
    <system-err><![CDATA[Jul 29, 2024 11:03:35 AM org.openqa.selenium.devtools.CdpVersionFinder findNearestMatch
WARNING: Unable to find an exact match for CDP version 127, returning the closest version; found: 126; Please update to a Selenium version that supports CDP version 127
]]></system-err>
  </testcase>
</testsuite>