<?xml version="1.0" encoding="UTF-8"?>
<!-- Generated by org.testng.reporters.JUnitReportReporter -->
<testsuite hostname="Shannon" failures="0" tests="1" name="com.example.runner.testNGtestRunner" time="8.331" errors="0" timestamp="2024-07-29T11:03:41 IST" skipped="0">
  <testcase classname="com.example.runner.testNGtestRunner" name="runScenario" time="8.331"/>
</testsuite> <!-- com.example.runner.testNGtestRunner -->
